{"target": -15.631749320799889, "params": {"C": 12.466765729774593, "epsilon": 6.806337474226525, "gamma": 0.3732256643051251}, "datetime": {"datetime": "2021-07-20 18:42:34", "elapsed": 248.080676, "delta": 1.094523}}
{"target": -21.269984883822094, "params": {"C": 26.104449482872965, "epsilon": 9.04211389705742, "gamma": 1.0201030770687138}, "datetime": {"datetime": "2021-07-20 18:42:35", "elapsed": 249.507924, "delta": 1.427248}}
{"target": -33.180029435560094, "params": {"C": 20.655166733668302, "epsilon": 9.695492666757675, "gamma": 9.161979382894655}, "datetime": {"datetime": "2021-07-20 18:42:36", "elapsed": 250.506929, "delta": 0.999005}}
{"target": -26.457935818280003, "params": {"C": 28.989061708680307, "epsilon": 5.609860500763148, "gamma": 2.3045392334937405}, "datetime": {"datetime": "2021-07-20 18:42:37", "elapsed": 251.489709, "delta": 0.98278}}
{"target": -16.477660218248765, "params": {"C": 8.17995368896235, "epsilon": 7.630220799335665, "gamma": 0.4234722467937771}, "datetime": {"datetime": "2021-07-20 18:42:39", "elapsed": 253.015987, "delta": 1.526278}}
{"target": -20.864559396289277, "params": {"C": 8.15404088860455, "epsilon": 7.570920676712031, "gamma": 0.8682237964450397}, "datetime": {"datetime": "2021-07-20 18:42:40", "elapsed": 254.358732, "delta": 1.342745}}
{"target": -20.336730086867945, "params": {"C": 12.94807809634777, "epsilon": 1.8698295091928985, "gamma": 0.8386603630219869}, "datetime": {"datetime": "2021-07-20 18:42:41", "elapsed": 255.431544, "delta": 1.072812}}
{"target": -32.613138461277984, "params": {"C": 29.25411280691867, "epsilon": 4.72260523103874, "gamma": 6.991529506369943}, "datetime": {"datetime": "2021-07-20 18:42:42", "elapsed": 256.429543, "delta": 0.997999}}
{"target": -22.111289792712824, "params": {"C": 0.5970462799710581, "epsilon": 0.35627549108727496, "gamma": 0.3385390416149101}, "datetime": {"datetime": "2021-07-20 18:42:44", "elapsed": 257.698232, "delta": 1.268689}}
{"target": -19.093739369705794, "params": {"C": 26.072187517732633, "epsilon": 9.267349109407101, "gamma": 0.694377263564666}, "datetime": {"datetime": "2021-07-20 18:42:45", "elapsed": 259.046342, "delta": 1.34811}}
{"target": -24.105007623862722, "params": {"C": 9.371593992658589, "epsilon": 8.035606377887824, "gamma": 1.5216310632111187}, "datetime": {"datetime": "2021-07-20 18:42:46", "elapsed": 259.912345, "delta": 0.866003}}
{"target": -16.130080702191226, "params": {"C": 26.035941166977143, "epsilon": 8.796709116179203, "gamma": 0.3999202547667432}, "datetime": {"datetime": "2021-07-20 18:42:47", "elapsed": 261.168072, "delta": 1.255727}}
{"target": -28.870997828144418, "params": {"C": 14.207421542129207, "epsilon": 6.645197086804232, "gamma": 3.521974977668948}, "datetime": {"datetime": "2021-07-20 18:42:48", "elapsed": 262.061071, "delta": 0.892999}}
{"target": -18.109880767441346, "params": {"C": 26.166900133503162, "epsilon": 9.159134006963672, "gamma": 0.5722266366957158}, "datetime": {"datetime": "2021-07-20 18:42:49", "elapsed": 263.340198, "delta": 1.279127}}
{"target": -19.41387332469001, "params": {"C": 26.246985562956745, "epsilon": 8.940070019262619, "gamma": 0.7373164926134449}, "datetime": {"datetime": "2021-07-20 18:42:51", "elapsed": 264.561199, "delta": 1.221001}}
{"target": -16.34367415280958, "params": {"C": 8.120024060682123, "epsilon": 7.644443928017639, "gamma": 0.41559043491495445}, "datetime": {"datetime": "2021-07-20 18:42:52", "elapsed": 265.850369, "delta": 1.28917}}
{"target": -20.993523948747516, "params": {"C": 12.81644800392247, "epsilon": 1.9871903946585077, "gamma": 0.932272532305883}, "datetime": {"datetime": "2021-07-20 18:42:53", "elapsed": 267.05652, "delta": 1.206151}}
{"target": -19.983176402755873, "params": {"C": 8.237005964355752, "epsilon": 7.435378027034915, "gamma": 0.7662048271179781}, "datetime": {"datetime": "2021-07-20 18:42:54", "elapsed": 268.297158, "delta": 1.240638}}
{"target": -15.489926772057016, "params": {"C": 8.302964339541003, "epsilon": 7.666072111260483, "gamma": 0.363702031254479}, "datetime": {"datetime": "2021-07-20 18:42:56", "elapsed": 269.749453, "delta": 1.452295}}
{"target": -33.495418135256195, "params": {"C": 7.510269333486269, "epsilon": 2.352087995358222, "gamma": 8.153848092568458}, "datetime": {"datetime": "2021-07-20 18:42:57", "elapsed": 270.869451, "delta": 1.119998}}
{"target": -17.34251228485476, "params": {"C": 12.520476064688577, "epsilon": 7.1417833340154075, "gamma": 0.5198231816420918}, "datetime": {"datetime": "2021-07-20 18:42:58", "elapsed": 272.196665, "delta": 1.327214}}
{"target": -18.60787839487176, "params": {"C": 25.968501090213895, "epsilon": 8.820084188788828, "gamma": 0.6276747809865416}, "datetime": {"datetime": "2021-07-20 18:43:00", "elapsed": 273.779046, "delta": 1.582381}}
{"target": -31.64448775059282, "params": {"C": 3.4991344539713283, "epsilon": 6.592040051343919, "gamma": 5.414320988802886}, "datetime": {"datetime": "2021-07-20 18:43:01", "elapsed": 274.667049, "delta": 0.888003}}
{"target": -32.664406898792315, "params": {"C": 18.751230782424823, "epsilon": 1.2948270399593125, "gamma": 6.696091600820398}, "datetime": {"datetime": "2021-07-20 18:43:02", "elapsed": 275.609651, "delta": 0.942602}}
{"target": -17.597814202296718, "params": {"C": 26.036840562113664, "epsilon": 9.02348793623512, "gamma": 0.5262580090988138}, "datetime": {"datetime": "2021-07-20 18:43:03", "elapsed": 277.01225, "delta": 1.402599}}
{"target": -31.652328277326646, "params": {"C": 14.26431696891361, "epsilon": 4.66118383085163, "gamma": 5.6056030417826666}, "datetime": {"datetime": "2021-07-20 18:43:04", "elapsed": 277.959249, "delta": 0.946999}}
{"target": -17.47615351606632, "params": {"C": 12.64020106788656, "epsilon": 7.317041719008611, "gamma": 0.5336213687932203}, "datetime": {"datetime": "2021-07-20 18:43:05", "elapsed": 279.371045, "delta": 1.411796}}
{"target": -31.49279222222887, "params": {"C": 3.823507218473065, "epsilon": 0.6595083423533645, "gamma": 4.373375477009241}, "datetime": {"datetime": "2021-07-20 18:43:06", "elapsed": 280.285042, "delta": 0.913997}}
{"target": -20.982132017496706, "params": {"C": 9.248416001973322, "epsilon": 1.359838057384211, "gamma": 0.8723487446882068}, "datetime": {"datetime": "2021-07-20 18:43:08", "elapsed": 281.687851, "delta": 1.402809}}
{"target": -34.128999873142426, "params": {"C": 4.0583979385649185, "epsilon": 0.5721952095820246, "gamma": 9.029311559691624}, "datetime": {"datetime": "2021-07-20 18:43:09", "elapsed": 282.744853, "delta": 1.057002}}
{"target": -30.294202402018605, "params": {"C": 2.1121303493833805, "epsilon": 9.748711637378642, "gamma": 4.045928291376052}, "datetime": {"datetime": "2021-07-20 18:43:10", "elapsed": 283.671722, "delta": 0.926869}}
{"target": -32.428194406542545, "params": {"C": 7.8062838787354, "epsilon": 2.1664958546738324, "gamma": 6.147711760420635}, "datetime": {"datetime": "2021-07-20 18:43:11", "elapsed": 284.908714, "delta": 1.236992}}
{"target": -19.246475852170093, "params": {"C": 26.062254342746346, "epsilon": 8.859944466951127, "gamma": 0.7146357671448087}, "datetime": {"datetime": "2021-07-20 18:43:12", "elapsed": 286.489126, "delta": 1.580412}}
{"target": -17.68865582705439, "params": {"C": 26.179452052600247, "epsilon": 9.027122794326512, "gamma": 0.5343836062879377}, "datetime": {"datetime": "2021-07-20 18:43:14", "elapsed": 288.061986, "delta": 1.57286}}
{"target": -24.35346167393512, "params": {"C": 1.537066393423191, "epsilon": 3.0271308474479572, "gamma": 1.0085398597916282}, "datetime": {"datetime": "2021-07-20 18:43:15", "elapsed": 289.058817, "delta": 0.996831}}
{"target": -20.84758150226473, "params": {"C": 8.388331757107697, "epsilon": 7.4252948193184976, "gamma": 0.8700343896559034}, "datetime": {"datetime": "2021-07-20 18:43:17", "elapsed": 290.712821, "delta": 1.654004}}
{"target": -16.612895784872162, "params": {"C": 26.296018022288745, "epsilon": 9.092926734826072, "gamma": 0.4395538368757596}, "datetime": {"datetime": "2021-07-20 18:43:18", "elapsed": 292.245816, "delta": 1.532995}}
{"target": -13.90211406264837, "params": {"C": 12.85115932018193, "epsilon": 6.884028984922316, "gamma": 0.26680002431574945}, "datetime": {"datetime": "2021-07-20 18:43:20", "elapsed": 293.596407, "delta": 1.350591}}
{"target": -31.02964169359721, "params": {"C": 4.796858232774011, "epsilon": 9.067760279891253, "gamma": 5.182163013573429}, "datetime": {"datetime": "2021-07-20 18:43:21", "elapsed": 294.526404, "delta": 0.929997}}
{"target": -13.939545491572398, "params": {"C": 12.934791860903264, "epsilon": 6.918563480544406, "gamma": 0.26953666945192545}, "datetime": {"datetime": "2021-07-20 18:43:22", "elapsed": 295.930029, "delta": 1.403625}}
{"target": -19.486199953867043, "params": {"C": 12.995769918490245, "epsilon": 1.9976754920153175, "gamma": 0.7309076016974404}, "datetime": {"datetime": "2021-07-20 18:43:23", "elapsed": 297.386359, "delta": 1.45633}}
{"target": -18.563684198771796, "params": {"C": 26.498916737552573, "epsilon": 8.754923389449383, "gamma": 0.6219553611613933}, "datetime": {"datetime": "2021-07-20 18:43:25", "elapsed": 298.889914, "delta": 1.503555}}
{"target": -22.465700166850084, "params": {"C": 25.93657240280657, "epsilon": 8.869923006090627, "gamma": 1.2405631655047227}, "datetime": {"datetime": "2021-07-20 18:43:26", "elapsed": 300.123385, "delta": 1.233471}}
{"target": -22.598408124841196, "params": {"C": 26.142426336419472, "epsilon": 8.910878021012152, "gamma": 1.2664519244999204}, "datetime": {"datetime": "2021-07-20 18:43:28", "elapsed": 301.534833, "delta": 1.411448}}
{"target": -40.10454898891485, "params": {"C": 12.995611920859155, "epsilon": 6.993904678575281, "gamma": 0.2363242075234096}, "datetime": {"datetime": "2021-07-20 18:43:38", "elapsed": 312.016319, "delta": 10.481486}}
{"target": -31.33817607467805, "params": {"C": 19.81140113068968, "epsilon": 0.27333165736916487, "gamma": 4.9725327445984755}, "datetime": {"datetime": "2021-07-20 18:43:39", "elapsed": 313.119321, "delta": 1.103002}}
{"target": -33.025457095417416, "params": {"C": 6.184283763148807, "epsilon": 6.225988837426856, "gamma": 8.037475432800587}, "datetime": {"datetime": "2021-07-20 18:43:40", "elapsed": 314.470011, "delta": 1.35069}}
{"target": -17.65209325731266, "params": {"C": 12.583185942360938, "epsilon": 7.112243996705473, "gamma": 0.5507612451949322}, "datetime": {"datetime": "2021-07-20 18:43:42", "elapsed": 316.498857, "delta": 2.028846}}
{"target": -20.263642019495727, "params": {"C": 13.124855381668423, "epsilon": 1.951283822430279, "gamma": 0.8309853367470457}, "datetime": {"datetime": "2021-07-20 18:43:44", "elapsed": 317.742772, "delta": 1.243915}}
{"target": -23.05958310331652, "params": {"C": 1.9060803297011328, "epsilon": 5.119105782202493, "gamma": 0.9241999541296818}, "datetime": {"datetime": "2021-07-20 18:43:45", "elapsed": 319.330681, "delta": 1.587909}}
{"target": -31.045411082497747, "params": {"C": 5.059726813548003, "epsilon": 3.7373678532119095, "gamma": 4.571080172971248}, "datetime": {"datetime": "2021-07-20 18:43:46", "elapsed": 320.228685, "delta": 0.898004}}
{"target": -21.307653457610574, "params": {"C": 13.154721370786875, "epsilon": 2.254086954470311, "gamma": 0.9905000190295908}, "datetime": {"datetime": "2021-07-20 18:43:48", "elapsed": 321.603338, "delta": 1.374653}}
{"target": -32.72252178248976, "params": {"C": 3.521031654425233, "epsilon": 7.763301673246705, "gamma": 7.681438522528653}, "datetime": {"datetime": "2021-07-20 18:43:49", "elapsed": 322.796343, "delta": 1.193005}}
{"target": -21.101022187856284, "params": {"C": 9.296749864839589, "epsilon": 1.429974674593137, "gamma": 0.8902829523535294}, "datetime": {"datetime": "2021-07-20 18:43:50", "elapsed": 324.366641, "delta": 1.570298}}
{"target": -18.42339542537664, "params": {"C": 25.904580684949387, "epsilon": 8.831214246191056, "gamma": 0.6041997872089525}, "datetime": {"datetime": "2021-07-20 18:43:52", "elapsed": 325.873986, "delta": 1.507345}}
{"target": -15.843822781716387, "params": {"C": 12.623596934036964, "epsilon": 6.885562321691953, "gamma": 0.38664807224902353}, "datetime": {"datetime": "2021-07-20 18:43:53", "elapsed": 327.248987, "delta": 1.375001}}
{"target": -32.79478481235161, "params": {"C": 6.95063024659032, "epsilon": 3.1783666348267974, "gamma": 6.847045896643955}, "datetime": {"datetime": "2021-07-20 18:43:54", "elapsed": 328.353445, "delta": 1.104458}}
{"target": -33.55980867474149, "params": {"C": 16.367295207867688, "epsilon": 4.601429873377775, "gamma": 9.267535621004594}, "datetime": {"datetime": "2021-07-20 18:43:56", "elapsed": 329.679919, "delta": 1.326474}}
{"target": -12.767891435638376, "params": {"C": 12.766688592126371, "epsilon": 6.829903360441637, "gamma": 0.18008603523718258}, "datetime": {"datetime": "2021-07-20 18:43:57", "elapsed": 331.249925, "delta": 1.570006}}
{"target": -37.36390637748532, "params": {"C": 26.19256676694559, "epsilon": 8.780196380085084, "gamma": 0.2968637891704822}, "datetime": {"datetime": "2021-07-20 18:44:08", "elapsed": 342.30284, "delta": 11.052915}}
{"target": -18.297635217430503, "params": {"C": 26.244839103955467, "epsilon": 9.025156540430835, "gamma": 0.5889133505560207}, "datetime": {"datetime": "2021-07-20 18:44:10", "elapsed": 344.090105, "delta": 1.787265}}
{"target": -21.58096557340217, "params": {"C": 13.078635459176004, "epsilon": 2.0294898814506985, "gamma": 1.0328315553849656}, "datetime": {"datetime": "2021-07-20 18:44:12", "elapsed": 345.900429, "delta": 1.810324}}
{"target": -32.79597320302036, "params": {"C": 4.0082723888055805, "epsilon": 8.12642926013782, "gamma": 8.042245529782809}, "datetime": {"datetime": "2021-07-20 18:44:13", "elapsed": 346.908425, "delta": 1.007996}}
{"target": -17.848500306341894, "params": {"C": 26.13840551854304, "epsilon": 8.875455652803257, "gamma": 0.5481087831929067}, "datetime": {"datetime": "2021-07-20 18:44:15", "elapsed": 348.723526, "delta": 1.815101}}
{"target": -24.156346638598357, "params": {"C": 6.1249429967084446, "epsilon": 9.040983114246853, "gamma": 1.4737069562305964}, "datetime": {"datetime": "2021-07-20 18:44:16", "elapsed": 349.753731, "delta": 1.030205}}
{"target": -21.734560968074852, "params": {"C": 13.194804443427527, "epsilon": 2.214967608544675, "gamma": 1.062161466408935}, "datetime": {"datetime": "2021-07-20 18:44:18", "elapsed": 351.89789, "delta": 2.144159}}
{"target": -19.55407391855566, "params": {"C": 8.368177101353353, "epsilon": 7.464873710044661, "gamma": 0.7139118116037455}, "datetime": {"datetime": "2021-07-20 18:44:20", "elapsed": 353.823076, "delta": 1.925186}}
{"target": -30.79223857889435, "params": {"C": 16.35585086945325, "epsilon": 0.8743518857306021, "gamma": 4.538914469808111}, "datetime": {"datetime": "2021-07-20 18:44:21", "elapsed": 354.822084, "delta": 0.999008}}
{"target": -22.503251169641388, "params": {"C": 29.4155220969108, "epsilon": 4.74572179756479, "gamma": 1.2244264614427678}, "datetime": {"datetime": "2021-07-20 18:44:22", "elapsed": 356.063068, "delta": 1.240984}}
{"target": -15.779961228366338, "params": {"C": 12.520912216324058, "epsilon": 7.0531535767234255, "gamma": 0.38261456197222066}, "datetime": {"datetime": "2021-07-20 18:44:24", "elapsed": 357.888772, "delta": 1.825704}}
{"target": -14.037969811016174, "params": {"C": 12.847542166542176, "epsilon": 6.8798731959107915, "gamma": 0.27737891692180466}, "datetime": {"datetime": "2021-07-20 18:44:25", "elapsed": 359.5024, "delta": 1.613628}}
{"target": -18.742748508087644, "params": {"C": 8.057968731439143, "epsilon": 7.960767092260877, "gamma": 0.6223670808751202}, "datetime": {"datetime": "2021-07-20 18:44:27", "elapsed": 361.436161, "delta": 1.933761}}
{"target": -17.879765038535478, "params": {"C": 8.05228791731038, "epsilon": 7.533127516612604, "gamma": 0.5278353472959406}, "datetime": {"datetime": "2021-07-20 18:44:29", "elapsed": 362.976996, "delta": 1.540835}}
{"target": -18.46983097976821, "params": {"C": 8.286248786529464, "epsilon": 7.538910424365114, "gamma": 0.5934059386584268}, "datetime": {"datetime": "2021-07-20 18:44:31", "elapsed": 364.667168, "delta": 1.690172}}
{"target": -18.275804636794458, "params": {"C": 8.362266877121742, "epsilon": 7.689611790781297, "gamma": 0.5739923266446239}, "datetime": {"datetime": "2021-07-20 18:44:32", "elapsed": 366.501863, "delta": 1.834695}}
{"target": -33.39651152207901, "params": {"C": 22.69821151616888, "epsilon": 2.6098608245704527, "gamma": 8.395274650756786}, "datetime": {"datetime": "2021-07-20 18:44:34", "elapsed": 367.565861, "delta": 1.063998}}
{"target": -20.783873869964495, "params": {"C": 8.063881469392735, "epsilon": 7.487288717782457, "gamma": 0.8554282058661412}, "datetime": {"datetime": "2021-07-20 18:44:35", "elapsed": 369.203628, "delta": 1.637767}}
{"target": -19.80153809365217, "params": {"C": 12.461543628316251, "epsilon": 7.239317185838563, "gamma": 0.7814047417845561}, "datetime": {"datetime": "2021-07-20 18:44:37", "elapsed": 371.203495, "delta": 1.999867}}
{"target": -17.07538863060896, "params": {"C": 12.568433748560922, "epsilon": 7.038905381637015, "gamma": 0.4936687798679396}, "datetime": {"datetime": "2021-07-20 18:44:39", "elapsed": 372.740311, "delta": 1.536816}}
{"target": -18.30498336404201, "params": {"C": 25.985012368017248, "epsilon": 8.865073932735791, "gamma": 0.5900185705819387}, "datetime": {"datetime": "2021-07-20 18:44:41", "elapsed": 374.775682, "delta": 2.035371}}
{"target": -17.979095037753883, "params": {"C": 29.68147672806325, "epsilon": 9.341795061264628, "gamma": 0.5522173043704639}, "datetime": {"datetime": "2021-07-20 18:44:42", "elapsed": 375.811679, "delta": 1.035997}}
{"target": -17.981313974092807, "params": {"C": 26.108522623417322, "epsilon": 9.274273178473056, "gamma": 0.5601746081683252}, "datetime": {"datetime": "2021-07-20 18:44:43", "elapsed": 377.316028, "delta": 1.504349}}
{"target": -17.919538364213405, "params": {"C": 26.49394646139546, "epsilon": 8.575882717204676, "gamma": 0.5531720287621548}, "datetime": {"datetime": "2021-07-20 18:44:45", "elapsed": 379.446596, "delta": 2.130568}}
{"target": -14.80128395970152, "params": {"C": 11.981193869276877, "epsilon": 1.8287426922820875, "gamma": 0.31780316735718317}, "datetime": {"datetime": "2021-07-20 18:44:47", "elapsed": 380.789869, "delta": 1.343273}}
{"target": -17.497116194192664, "params": {"C": 12.3902952445694, "epsilon": 6.950146719514601, "gamma": 0.5317344778413712}, "datetime": {"datetime": "2021-07-20 18:44:49", "elapsed": 382.83143, "delta": 2.041561}}
{"target": -17.762672465402446, "params": {"C": 12.640089308704983, "epsilon": 7.362859561898546, "gamma": 0.5636841521507635}, "datetime": {"datetime": "2021-07-20 18:44:51", "elapsed": 384.802454, "delta": 1.971024}}
{"target": -18.9457866264544, "params": {"C": 12.645535262936924, "epsilon": 7.352978672352289, "gamma": 0.6854803170049925}, "datetime": {"datetime": "2021-07-20 18:44:52", "elapsed": 386.505773, "delta": 1.703319}}
{"target": -19.189050986922563, "params": {"C": 26.165061226213457, "epsilon": 9.116511215108224, "gamma": 0.7070473837293032}, "datetime": {"datetime": "2021-07-20 18:44:54", "elapsed": 388.474986, "delta": 1.969213}}
{"target": -17.607874694857223, "params": {"C": 26.168086715380458, "epsilon": 8.94764225467242, "gamma": 0.5271972876439599}, "datetime": {"datetime": "2021-07-20 18:44:57", "elapsed": 391.007184, "delta": 2.532198}}
{"target": -23.965891835126772, "params": {"C": 12.40281224614569, "epsilon": 3.1690029404387148, "gamma": 1.4964427364093227}, "datetime": {"datetime": "2021-07-20 18:44:58", "elapsed": 392.002192, "delta": 0.995008}}
{"target": -16.77554237393949, "params": {"C": 8.003429670397175, "epsilon": 7.816001040700821, "gamma": 0.44737610524490895}, "datetime": {"datetime": "2021-07-20 18:45:00", "elapsed": 393.799059, "delta": 1.796867}}
{"target": -14.443415533924409, "params": {"C": 12.895427838835182, "epsilon": 6.991458285960222, "gamma": 0.3007999485735222}, "datetime": {"datetime": "2021-07-20 18:45:01", "elapsed": 395.42355, "delta": 1.624491}}
{"target": -27.583727083194393, "params": {"C": 18.99071868774286, "epsilon": 8.356764373280285, "gamma": 2.8786051794823786}, "datetime": {"datetime": "2021-07-20 18:45:03", "elapsed": 396.791779, "delta": 1.368229}}
{"target": -32.71974909455738, "params": {"C": 17.082420850657048, "epsilon": 4.578054177352443, "gamma": 7.180640170481803}, "datetime": {"datetime": "2021-07-20 18:45:04", "elapsed": 397.907781, "delta": 1.116002}}
{"target": -16.711774232906, "params": {"C": 8.192822893397246, "epsilon": 7.525135572797615, "gamma": 0.44079993183657373}, "datetime": {"datetime": "2021-07-20 18:45:06", "elapsed": 399.559706, "delta": 1.651925}}
{"target": -20.139037450361002, "params": {"C": 26.439568800425462, "epsilon": 8.766940730513065, "gamma": 0.8421640173610886}, "datetime": {"datetime": "2021-07-20 18:45:07", "elapsed": 401.187906, "delta": 1.6282}}
{"target": -14.825397610134253, "params": {"C": 8.298699137541107, "epsilon": 7.600870981783275, "gamma": 0.3227742466249167}, "datetime": {"datetime": "2021-07-20 18:45:09", "elapsed": 403.018423, "delta": 1.830517}}
{"target": -20.943901136753958, "params": {"C": 29.26580268570713, "epsilon": 2.7860519857752064, "gamma": 0.9496905132786565}, "datetime": {"datetime": "2021-07-20 18:45:10", "elapsed": 404.346027, "delta": 1.327604}}
{"target": -67.95777811789561, "params": {"C": 15.960786425104653, "epsilon": 3.360451779229976, "gamma": 0.04894288556457853}, "datetime": {"datetime": "2021-07-20 18:45:21", "elapsed": 414.936314, "delta": 10.590287}}
{"target": -32.46246297401294, "params": {"C": 11.499338792450901, "epsilon": 7.462610959110601, "gamma": 7.0445812450261585}, "datetime": {"datetime": "2021-07-20 18:45:22", "elapsed": 416.054317, "delta": 1.118003}}
