{"target": -17.888429043250127, "params": {"C": 26.372087812591555, "epsilon": 8.665227166007382, "gamma": 0.8022270027739319}, "datetime": {"datetime": "2021-07-20 18:42:03", "elapsed": 229.07274, "delta": 1.260527}}
{"target": -19.269898318494917, "params": {"C": 26.104449482872965, "epsilon": 9.04211389705742, "gamma": 1.0201030770687138}, "datetime": {"datetime": "2021-07-20 18:42:04", "elapsed": 230.768354, "delta": 1.695614}}
{"target": -16.13497052597566, "params": {"C": 8.34780614101814, "epsilon": 7.370366698938974, "gamma": 0.572777495777333}, "datetime": {"datetime": "2021-07-20 18:42:06", "elapsed": 232.154576, "delta": 1.386222}}
{"target": -24.827279816052965, "params": {"C": 28.989061708680307, "epsilon": 5.609860500763148, "gamma": 2.3045392334937405}, "datetime": {"datetime": "2021-07-20 18:42:07", "elapsed": 233.400802, "delta": 1.246226}}
{"target": -14.656065222282564, "params": {"C": 8.17995368896235, "epsilon": 7.630220799335665, "gamma": 0.4234722467937771}, "datetime": {"datetime": "2021-07-20 18:42:09", "elapsed": 235.04134, "delta": 1.640538}}
{"target": -17.501235525150896, "params": {"C": 13.159356560124278, "epsilon": 1.6829272694601833, "gamma": 0.7476614909952304}, "datetime": {"datetime": "2021-07-20 18:42:10", "elapsed": 236.316075, "delta": 1.274735}}
{"target": -18.259043504052862, "params": {"C": 12.94807809634777, "epsilon": 1.8698295091928985, "gamma": 0.8386603630219869}, "datetime": {"datetime": "2021-07-20 18:42:11", "elapsed": 237.528812, "delta": 1.212737}}
{"target": -31.88465065784999, "params": {"C": 29.25411280691867, "epsilon": 4.72260523103874, "gamma": 6.991529506369943}, "datetime": {"datetime": "2021-07-20 18:42:12", "elapsed": 238.730812, "delta": 1.202}}
{"target": -17.840159002670095, "params": {"C": 13.078381005984383, "epsilon": 1.6532743560453513, "gamma": 0.7885988079812505}, "datetime": {"datetime": "2021-07-20 18:42:14", "elapsed": 240.042813, "delta": 1.312001}}
{"target": -18.565431159800152, "params": {"C": 0.8346094507484492, "epsilon": 0.3408186037094575, "gamma": 0.32031793331837266}, "datetime": {"datetime": "2021-07-20 18:42:15", "elapsed": 241.475857, "delta": 1.433044}}
{"target": -22.336194571839027, "params": {"C": 9.371593992658589, "epsilon": 8.035606377887824, "gamma": 1.5216310632111187}, "datetime": {"datetime": "2021-07-20 18:42:16", "elapsed": 242.407857, "delta": 0.932}}
{"target": -39.174530338118615, "params": {"C": 26.035941166977143, "epsilon": 8.796709116179203, "gamma": 0.3999202547667432}, "datetime": {"datetime": "2021-07-20 18:42:26", "elapsed": 252.587383, "delta": 10.179526}}
{"target": -20.49814630704289, "params": {"C": 17.955943194939465, "epsilon": 1.0933456948644633, "gamma": 1.19289279677117}, "datetime": {"datetime": "2021-07-20 18:42:28", "elapsed": 253.821653, "delta": 1.23427}}
{"target": -16.135300905045906, "params": {"C": 26.166900133503162, "epsilon": 9.159134006963672, "gamma": 0.5722266366957158}, "datetime": {"datetime": "2021-07-20 18:42:29", "elapsed": 255.262262, "delta": 1.440609}}
{"target": -17.377405335464296, "params": {"C": 26.246985562956745, "epsilon": 8.940070019262619, "gamma": 0.7373164926134449}, "datetime": {"datetime": "2021-07-20 18:42:30", "elapsed": 256.521943, "delta": 1.259681}}
{"target": -14.564114975896143, "params": {"C": 8.120024060682123, "epsilon": 7.644443928017639, "gamma": 0.41559043491495445}, "datetime": {"datetime": "2021-07-20 18:42:32", "elapsed": 257.849265, "delta": 1.327322}}
{"target": -18.987647458048052, "params": {"C": 12.81644800392247, "epsilon": 1.9871903946585077, "gamma": 0.932272532305883}, "datetime": {"datetime": "2021-07-20 18:42:33", "elapsed": 258.926267, "delta": 1.077002}}
{"target": -17.89727822076182, "params": {"C": 8.237005964355752, "epsilon": 7.435378027034915, "gamma": 0.7662048271179781}, "datetime": {"datetime": "2021-07-20 18:42:34", "elapsed": 260.187646, "delta": 1.261379}}
{"target": -18.94656745955936, "params": {"C": 9.136283825514976, "epsilon": 1.0431723225493934, "gamma": 0.8780459455868611}, "datetime": {"datetime": "2021-07-20 18:42:35", "elapsed": 261.502897, "delta": 1.315251}}
{"target": -32.95093296335138, "params": {"C": 7.510269333486269, "epsilon": 2.352087995358222, "gamma": 8.153848092568458}, "datetime": {"datetime": "2021-07-20 18:42:36", "elapsed": 262.389897, "delta": 0.887}}
{"target": -16.522693692636672, "params": {"C": 26.04139340560492, "epsilon": 8.88354201756331, "gamma": 0.6355522561622465}, "datetime": {"datetime": "2021-07-20 18:42:38", "elapsed": 263.798674, "delta": 1.408777}}
{"target": -17.480931832892693, "params": {"C": 8.4393886404229, "epsilon": 7.318453795227645, "gamma": 0.7181574576979511}, "datetime": {"datetime": "2021-07-20 18:42:39", "elapsed": 265.239958, "delta": 1.441284}}
{"target": -19.338439930135433, "params": {"C": 26.024946096043386, "epsilon": 8.978799542792848, "gamma": 1.0340718347025009}, "datetime": {"datetime": "2021-07-20 18:42:40", "elapsed": 266.516705, "delta": 1.276747}}
{"target": -31.90593868918576, "params": {"C": 18.751230782424823, "epsilon": 1.2948270399593125, "gamma": 6.696091600820398}, "datetime": {"datetime": "2021-07-20 18:42:41", "elapsed": 267.537514, "delta": 1.020809}}
{"target": -15.89213853498894, "params": {"C": 26.036840562113664, "epsilon": 9.02348793623512, "gamma": 0.5262580090988138}, "datetime": {"datetime": "2021-07-20 18:42:43", "elapsed": 268.82551, "delta": 1.287996}}
{"target": -20.65083497236619, "params": {"C": 7.491241308809637, "epsilon": 8.446988365641381, "gamma": 1.1556778907884107}, "datetime": {"datetime": "2021-07-20 18:42:44", "elapsed": 270.060203, "delta": 1.234693}}
{"target": -20.921079139008107, "params": {"C": 20.885464761643174, "epsilon": 3.0834714414041664, "gamma": 1.2851915420151772}, "datetime": {"datetime": "2021-07-20 18:42:45", "elapsed": 271.481313, "delta": 1.42111}}
{"target": -30.54651071398981, "params": {"C": 3.823507218473065, "epsilon": 0.6595083423533645, "gamma": 4.373375477009241}, "datetime": {"datetime": "2021-07-20 18:42:46", "elapsed": 272.416317, "delta": 0.935004}}
{"target": -18.002543015619114, "params": {"C": 8.82762792158864, "epsilon": 1.391182707292366, "gamma": 0.7519841231077661}, "datetime": {"datetime": "2021-07-20 18:42:47", "elapsed": 273.746041, "delta": 1.329724}}
{"target": -33.74922372589766, "params": {"C": 4.0583979385649185, "epsilon": 0.5721952095820246, "gamma": 9.029311559691624}, "datetime": {"datetime": "2021-07-20 18:42:48", "elapsed": 274.696043, "delta": 0.950002}}
{"target": -29.340772961814977, "params": {"C": 2.1121303493833805, "epsilon": 9.748711637378642, "gamma": 4.045928291376052}, "datetime": {"datetime": "2021-07-20 18:42:49", "elapsed": 275.684172, "delta": 0.988129}}
{"target": -31.64786827009175, "params": {"C": 7.8062838787354, "epsilon": 2.1664958546738324, "gamma": 6.147711760420635}, "datetime": {"datetime": "2021-07-20 18:42:50", "elapsed": 276.786169, "delta": 1.101997}}
{"target": -17.18145601235438, "params": {"C": 26.062254342746346, "epsilon": 8.859944466951127, "gamma": 0.7146357671448087}, "datetime": {"datetime": "2021-07-20 18:42:52", "elapsed": 278.128335, "delta": 1.342166}}
{"target": -12.574061076043117, "params": {"C": 1.312844553163316, "epsilon": 4.142585884553801, "gamma": 0.054682535747352046}, "datetime": {"datetime": "2021-07-20 18:42:53", "elapsed": 279.444498, "delta": 1.316163}}
{"target": -22.234420163371738, "params": {"C": 1.537066393423191, "epsilon": 3.0271308474479572, "gamma": 1.0085398597916282}, "datetime": {"datetime": "2021-07-20 18:42:54", "elapsed": 280.588131, "delta": 1.143633}}
{"target": -17.699066615273477, "params": {"C": 8.312371245701046, "epsilon": 7.686926035781202, "gamma": 0.7461041735326299}, "datetime": {"datetime": "2021-07-20 18:42:56", "elapsed": 282.010426, "delta": 1.422295}}
{"target": -17.44039687303846, "params": {"C": 8.806239679598605, "epsilon": 1.2799992688728214, "gamma": 0.6831974039051342}, "datetime": {"datetime": "2021-07-20 18:42:57", "elapsed": 283.270631, "delta": 1.260205}}
{"target": -17.741954832255704, "params": {"C": 8.244383294783546, "epsilon": 7.737662430797491, "gamma": 0.7505445478460533}, "datetime": {"datetime": "2021-07-20 18:42:58", "elapsed": 284.570636, "delta": 1.300005}}
{"target": -94.61413675033347, "params": {"C": 12.60358456693517, "epsilon": 7.117950268675777, "gamma": 0.027305557862264324}, "datetime": {"datetime": "2021-07-20 18:43:08", "elapsed": 294.763824, "delta": 10.193188}}
{"target": -32.56027129541849, "params": {"C": 22.51941722017782, "epsilon": 5.832350401967692, "gamma": 8.298351981225586}, "datetime": {"datetime": "2021-07-20 18:43:09", "elapsed": 295.757685, "delta": 0.993861}}
{"target": -17.352646020171676, "params": {"C": 12.995769918490245, "epsilon": 1.9976754920153175, "gamma": 0.7309076016974404}, "datetime": {"datetime": "2021-07-20 18:43:11", "elapsed": 297.382096, "delta": 1.624411}}
{"target": -17.923463321222115, "params": {"C": 26.374687606638627, "epsilon": 8.68662838969121, "gamma": 0.809045487261931}, "datetime": {"datetime": "2021-07-20 18:43:13", "elapsed": 299.109096, "delta": 1.727}}
{"target": -18.842573850835556, "params": {"C": 9.22015758602773, "epsilon": 1.5950318609323082, "gamma": 0.8682192232168218}, "datetime": {"datetime": "2021-07-20 18:43:14", "elapsed": 300.705639, "delta": 1.596543}}
{"target": -18.431731998764512, "params": {"C": 2.6608759142189977, "epsilon": 9.106431883315933, "gamma": 0.7599322520062203}, "datetime": {"datetime": "2021-07-20 18:43:16", "elapsed": 302.283788, "delta": 1.578149}}
{"target": -21.016356665793957, "params": {"C": 20.921503514118267, "epsilon": 3.069582900940572, "gamma": 1.30479952668678}, "datetime": {"datetime": "2021-07-20 18:43:18", "elapsed": 304.172793, "delta": 1.889005}}
{"target": -30.341195827061807, "params": {"C": 19.81140113068968, "epsilon": 0.27333165736916487, "gamma": 4.9725327445984755}, "datetime": {"datetime": "2021-07-20 18:43:19", "elapsed": 305.104791, "delta": 0.931998}}
{"target": -32.5109539186385, "params": {"C": 6.184283763148807, "epsilon": 6.225988837426856, "gamma": 8.037475432800587}, "datetime": {"datetime": "2021-07-20 18:43:20", "elapsed": 306.169374, "delta": 1.064583}}
{"target": -17.549413025419643, "params": {"C": 26.043117634661623, "epsilon": 8.955823773011574, "gamma": 0.7565305037256865}, "datetime": {"datetime": "2021-07-20 18:43:22", "elapsed": 308.001003, "delta": 1.831629}}
{"target": -18.17975839675591, "params": {"C": 13.124855381668423, "epsilon": 1.951283822430279, "gamma": 0.8309853367470457}, "datetime": {"datetime": "2021-07-20 18:43:23", "elapsed": 309.610326, "delta": 1.609323}}
{"target": -17.328557279615303, "params": {"C": 9.033507345900848, "epsilon": 1.6345990912546071, "gamma": 0.6758264670461127}, "datetime": {"datetime": "2021-07-20 18:43:25", "elapsed": 311.258877, "delta": 1.648551}}
{"target": -30.156513576441707, "params": {"C": 5.059726813548003, "epsilon": 3.7373678532119095, "gamma": 4.571080172971248}, "datetime": {"datetime": "2021-07-20 18:43:26", "elapsed": 312.351357, "delta": 1.09248}}
{"target": -18.992252239783777, "params": {"C": 9.226357759938338, "epsilon": 1.1134064853380703, "gamma": 0.8862526427387893}, "datetime": {"datetime": "2021-07-20 18:43:28", "elapsed": 313.907802, "delta": 1.556445}}
{"target": -32.25767212311384, "params": {"C": 3.521031654425233, "epsilon": 7.763301673246705, "gamma": 7.681438522528653}, "datetime": {"datetime": "2021-07-20 18:43:29", "elapsed": 314.999807, "delta": 1.092005}}
{"target": -18.447578993151936, "params": {"C": 9.134244951053029, "epsilon": 0.932884745215079, "gamma": 0.8100607400611578}, "datetime": {"datetime": "2021-07-20 18:43:30", "elapsed": 316.49488, "delta": 1.495073}}
{"target": -17.927049117058793, "params": {"C": 8.394489113484301, "epsilon": 7.648818568785302, "gamma": 0.7739545624124636}, "datetime": {"datetime": "2021-07-20 18:43:32", "elapsed": 318.576341, "delta": 2.081461}}
{"target": -18.875294644101334, "params": {"C": 2.5348610286045368, "epsilon": 9.225427976680177, "gamma": 0.8067040593203604}, "datetime": {"datetime": "2021-07-20 18:43:34", "elapsed": 320.094203, "delta": 1.517862}}
{"target": -32.12417562288012, "params": {"C": 6.95063024659032, "epsilon": 3.1783666348267974, "gamma": 6.847045896643955}, "datetime": {"datetime": "2021-07-20 18:43:35", "elapsed": 321.010813, "delta": 0.91661}}
{"target": -33.08070084926903, "params": {"C": 16.367295207867688, "epsilon": 4.601429873377775, "gamma": 9.267535621004594}, "datetime": {"datetime": "2021-07-20 18:43:36", "elapsed": 321.963082, "delta": 0.952269}}
{"target": -16.1335362655074, "params": {"C": 26.291937635288956, "epsilon": 9.30459535394078, "gamma": 0.5721551067235984}, "datetime": {"datetime": "2021-07-20 18:43:37", "elapsed": 323.611108, "delta": 1.648026}}
{"target": -16.350183638882122, "params": {"C": 26.4792834626188, "epsilon": 9.160622423453418, "gamma": 0.6104223792826348}, "datetime": {"datetime": "2021-07-20 18:43:39", "elapsed": 325.272296, "delta": 1.661188}}
{"target": -17.97340157291137, "params": {"C": 8.755281563242123, "epsilon": 1.476409267365477, "gamma": 0.7477404227059582}, "datetime": {"datetime": "2021-07-20 18:43:41", "elapsed": 326.861984, "delta": 1.589688}}
{"target": -15.588793874367118, "params": {"C": 26.488078065610942, "epsilon": 9.137226878696682, "gamma": 0.4853933075272873}, "datetime": {"datetime": "2021-07-20 18:43:42", "elapsed": 328.672825, "delta": 1.810841}}
{"target": -32.35894477042004, "params": {"C": 4.0082723888055805, "epsilon": 8.12642926013782, "gamma": 8.042245529782809}, "datetime": {"datetime": "2021-07-20 18:43:44", "elapsed": 329.820743, "delta": 1.147918}}
{"target": -16.01022331988402, "params": {"C": 26.13840551854304, "epsilon": 8.875455652803257, "gamma": 0.5481087831929067}, "datetime": {"datetime": "2021-07-20 18:43:45", "elapsed": 331.539437, "delta": 1.718694}}
{"target": -22.405152688871887, "params": {"C": 6.1249429967084446, "epsilon": 9.040983114246853, "gamma": 1.4737069562305964}, "datetime": {"datetime": "2021-07-20 18:43:46", "elapsed": 332.513651, "delta": 0.974214}}
{"target": -19.782605373270783, "params": {"C": 13.194804443427527, "epsilon": 2.214967608544675, "gamma": 1.062161466408935}, "datetime": {"datetime": "2021-07-20 18:43:48", "elapsed": 334.758314, "delta": 2.244663}}
{"target": -17.447659985754623, "params": {"C": 8.368177101353353, "epsilon": 7.464873710044661, "gamma": 0.7139118116037455}, "datetime": {"datetime": "2021-07-20 18:43:50", "elapsed": 336.644613, "delta": 1.886299}}
{"target": -29.71280068515716, "params": {"C": 16.35585086945325, "epsilon": 0.8743518857306021, "gamma": 4.538914469808111}, "datetime": {"datetime": "2021-07-20 18:43:51", "elapsed": 337.780958, "delta": 1.136345}}
{"target": -20.60156738275831, "params": {"C": 29.4155220969108, "epsilon": 4.74572179756479, "gamma": 1.2244264614427678}, "datetime": {"datetime": "2021-07-20 18:43:52", "elapsed": 338.756959, "delta": 0.976001}}
{"target": -19.131664711720067, "params": {"C": 9.162537339954374, "epsilon": 1.1229760827335558, "gamma": 0.9053846666025472}, "datetime": {"datetime": "2021-07-20 18:43:54", "elapsed": 340.512815, "delta": 1.755856}}
{"target": -20.49205632854944, "params": {"C": 18.06766512393502, "epsilon": 1.142271808539162, "gamma": 1.1916492457508319}, "datetime": {"datetime": "2021-07-20 18:43:56", "elapsed": 342.265889, "delta": 1.753074}}
{"target": -20.61727782727434, "params": {"C": 7.655756030415074, "epsilon": 8.236587247792919, "gamma": 1.1496958223297258}, "datetime": {"datetime": "2021-07-20 18:43:58", "elapsed": 344.415192, "delta": 2.149303}}
{"target": -18.74222660105811, "params": {"C": 9.181676510375741, "epsilon": 0.991171507826125, "gamma": 0.8509641598955827}, "datetime": {"datetime": "2021-07-20 18:44:00", "elapsed": 346.2492, "delta": 1.834008}}
{"target": -16.343842760430558, "params": {"C": 8.286248786529464, "epsilon": 7.538910424365114, "gamma": 0.5934059386584268}, "datetime": {"datetime": "2021-07-20 18:44:02", "elapsed": 347.901686, "delta": 1.652486}}
{"target": -16.132267961286317, "params": {"C": 8.362266877121742, "epsilon": 7.689611790781297, "gamma": 0.5739923266446239}, "datetime": {"datetime": "2021-07-20 18:44:03", "elapsed": 349.629686, "delta": 1.728}}
{"target": -32.83432965025707, "params": {"C": 22.69821151616888, "epsilon": 2.6098608245704527, "gamma": 8.395274650756786}, "datetime": {"datetime": "2021-07-20 18:44:04", "elapsed": 350.657535, "delta": 1.027849}}
{"target": -20.724445198910875, "params": {"C": 17.96557981875176, "epsilon": 1.1785271914416875, "gamma": 1.2372205277448776}, "datetime": {"datetime": "2021-07-20 18:44:06", "elapsed": 352.529637, "delta": 1.872102}}
{"target": -17.538120829443006, "params": {"C": 9.12497155029826, "epsilon": 1.0138427677003836, "gamma": 0.6979637314220357}, "datetime": {"datetime": "2021-07-20 18:44:08", "elapsed": 354.483808, "delta": 1.954171}}
{"target": -19.165972466266027, "params": {"C": 13.156744019125378, "epsilon": 2.177091248720863, "gamma": 0.963562572191116}, "datetime": {"datetime": "2021-07-20 18:44:10", "elapsed": 356.357077, "delta": 1.873269}}
{"target": -16.244137439485918, "params": {"C": 25.985012368017248, "epsilon": 8.865073932735791, "gamma": 0.5900185705819387}, "datetime": {"datetime": "2021-07-20 18:44:12", "elapsed": 358.231401, "delta": 1.874324}}
{"target": -16.059477139196375, "params": {"C": 29.68147672806325, "epsilon": 9.341795061264628, "gamma": 0.5522173043704639}, "datetime": {"datetime": "2021-07-20 18:44:13", "elapsed": 359.261398, "delta": 1.029997}}
{"target": -16.73502607199674, "params": {"C": 8.39281945308429, "epsilon": 7.756106681178301, "gamma": 0.6340896513048337}, "datetime": {"datetime": "2021-07-20 18:44:15", "elapsed": 361.131498, "delta": 1.8701}}
{"target": -18.309829917306537, "params": {"C": 9.226724543254761, "epsilon": 1.5760588974424348, "gamma": 0.7974605331973267}, "datetime": {"datetime": "2021-07-20 18:44:17", "elapsed": 363.219703, "delta": 2.088205}}
{"target": -13.741680537564394, "params": {"C": 11.981193869276877, "epsilon": 1.8287426922820875, "gamma": 0.31780316735718317}, "datetime": {"datetime": "2021-07-20 18:44:18", "elapsed": 364.421869, "delta": 1.202166}}
{"target": -17.817495654236758, "params": {"C": 26.43672558545504, "epsilon": 9.301940815107486, "gamma": 0.792884372443831}, "datetime": {"datetime": "2021-07-20 18:44:20", "elapsed": 366.513095, "delta": 2.091226}}
{"target": -16.038131966124734, "params": {"C": 29.765822488912818, "epsilon": 9.314281993962666, "gamma": 0.5489656334420334}, "datetime": {"datetime": "2021-07-20 18:44:22", "elapsed": 368.380038, "delta": 1.866943}}
{"target": -14.629422756840022, "params": {"C": 9.029865189178047, "epsilon": 1.5191235783021553, "gamma": 0.403432824210767}, "datetime": {"datetime": "2021-07-20 18:44:24", "elapsed": 370.137742, "delta": 1.757704}}
{"target": -31.718696438893385, "params": {"C": 27.128291044215665, "epsilon": 0.5479843838456887, "gamma": 6.3890215562657495}, "datetime": {"datetime": "2021-07-20 18:44:25", "elapsed": 371.430375, "delta": 1.292633}}
{"target": -18.306745006323457, "params": {"C": 9.195273003854616, "epsilon": 1.0031949462052057, "gamma": 0.7932893253540056}, "datetime": {"datetime": "2021-07-20 18:44:28", "elapsed": 373.941126, "delta": 2.510751}}
{"target": -22.077200533675324, "params": {"C": 12.40281224614569, "epsilon": 3.1690029404387148, "gamma": 1.4964427364093227}, "datetime": {"datetime": "2021-07-20 18:44:29", "elapsed": 375.185965, "delta": 1.244839}}
{"target": -20.802879665836073, "params": {"C": 27.09004719521761, "epsilon": 0.6177919148240623, "gamma": 1.2447905009943168}, "datetime": {"datetime": "2021-07-20 18:44:31", "elapsed": 376.941144, "delta": 1.755179}}
{"target": -19.90219691714464, "params": {"C": 9.214031233362558, "epsilon": 1.1735201746223298, "gamma": 1.0166799518118161}, "datetime": {"datetime": "2021-07-20 18:44:33", "elapsed": 378.869828, "delta": 1.928684}}
{"target": -26.231284293261865, "params": {"C": 18.99071868774286, "epsilon": 8.356764373280285, "gamma": 2.8786051794823786}, "datetime": {"datetime": "2021-07-20 18:44:34", "elapsed": 379.873834, "delta": 1.004006}}
{"target": -32.02276597481665, "params": {"C": 17.082420850657048, "epsilon": 4.578054177352443, "gamma": 7.180640170481803}, "datetime": {"datetime": "2021-07-20 18:44:35", "elapsed": 381.199598, "delta": 1.325764}}
{"target": -16.791808746064156, "params": {"C": 8.455664534381757, "epsilon": 7.738092755054781, "gamma": 0.6443174191937238}, "datetime": {"datetime": "2021-07-20 18:44:37", "elapsed": 383.265469, "delta": 2.065871}}
{"target": -32.34450223667613, "params": {"C": 5.962835217274088, "epsilon": 6.509068527661625, "gamma": 7.7614170035644525}, "datetime": {"datetime": "2021-07-20 18:44:38", "elapsed": 384.638283, "delta": 1.372814}}
{"target": -18.185798845508845, "params": {"C": 13.000303248917737, "epsilon": 1.7210122151644551, "gamma": 0.8295642014088538}, "datetime": {"datetime": "2021-07-20 18:44:40", "elapsed": 386.448993, "delta": 1.81071}}
{"target": -19.00028120488063, "params": {"C": 29.26580268570713, "epsilon": 2.7860519857752064, "gamma": 0.9496905132786565}, "datetime": {"datetime": "2021-07-20 18:44:41", "elapsed": 387.60265, "delta": 1.153657}}
{"target": -10.592988179107122, "params": {"C": 15.960786425104653, "epsilon": 3.360451779229976, "gamma": 0.04894288556457853}, "datetime": {"datetime": "2021-07-20 18:44:43", "elapsed": 388.799001, "delta": 1.196351}}
{"target": -31.753814824170632, "params": {"C": 11.499338792450901, "epsilon": 7.462610959110601, "gamma": 7.0445812450261585}, "datetime": {"datetime": "2021-07-20 18:44:44", "elapsed": 390.083, "delta": 1.283999}}
{"target": -19.059324546756837, "params": {"C": 8.47069530587117, "epsilon": 7.51053201663797, "gamma": 0.9202931235672286}, "datetime": {"datetime": "2021-07-20 18:44:46", "elapsed": 392.695833, "delta": 2.612833}}
