{"target": -89.7735138019864, "params": {"C": 18.422914940270662, "epsilon": 7.010960260731099, "gamma": 0.06917209325157138}, "datetime": {"datetime": "2021-07-20 19:42:16", "elapsed": 1569.754882, "delta": 13.585922}}
{"target": -69.63984820257055, "params": {"C": 11.545097689370287, "epsilon": 9.276642383473948, "gamma": 0.12842040275805727}, "datetime": {"datetime": "2021-07-20 19:42:25", "elapsed": 1578.171187, "delta": 8.416305}}
{"target": -14.547056708597614, "params": {"C": 12.71369100718011, "epsilon": 4.3479548714266265, "gamma": 0.4191572739682652}, "datetime": {"datetime": "2021-07-20 19:42:25", "elapsed": 1578.923304, "delta": 0.752117}}
{"target": -37.38374793410989, "params": {"C": 14.60625679730082, "epsilon": 25.005068869670797, "gamma": 0.4888721639101516}, "datetime": {"datetime": "2021-07-20 19:42:34", "elapsed": 1587.411074, "delta": 8.48777}}
{"target": -46.95143059984043, "params": {"C": 25.457769298031195, "epsilon": 4.437505960078219, "gamma": 0.23806820964380335}, "datetime": {"datetime": "2021-07-20 19:42:42", "elapsed": 1595.967695, "delta": 8.556621}}
{"target": -41.58426669611484, "params": {"C": 1.4888506766665963, "epsilon": 16.75898256703142, "gamma": 0.2957834134276234}, "datetime": {"datetime": "2021-07-20 19:42:51", "elapsed": 1604.765528, "delta": 8.797833}}
{"target": -45.18124520430708, "params": {"C": 10.681798612559303, "epsilon": 13.793683224520116, "gamma": 0.2795269478047064}, "datetime": {"datetime": "2021-07-20 19:43:00", "elapsed": 1613.290166, "delta": 8.524638}}
{"target": -92.66117338766749, "params": {"C": 10.560014722179583, "epsilon": 6.982329634926727, "gamma": 0.06636635747930097}, "datetime": {"datetime": "2021-07-20 19:43:13", "elapsed": 1626.499159, "delta": 13.208993}}
{"target": -37.521430037899314, "params": {"C": 17.63871574414016, "epsilon": 15.973446045312055, "gamma": 0.3977617675780175}, "datetime": {"datetime": "2021-07-20 19:43:21", "elapsed": 1634.880553, "delta": 8.381394}}
{"target": -46.720313468540304, "params": {"C": 10.019273694552892, "epsilon": 8.170975585669057, "gamma": 0.24300546521211455}, "datetime": {"datetime": "2021-07-20 19:43:30", "elapsed": 1643.276853, "delta": 8.3963}}
{"target": -61.91939166829864, "params": {"C": 23.187732099450944, "epsilon": 6.8243495407314185, "gamma": 0.1448994372802068}, "datetime": {"datetime": "2021-07-20 19:43:38", "elapsed": 1651.651457, "delta": 8.374604}}
{"target": -46.226303362013894, "params": {"C": 27.7593842493186, "epsilon": 22.257097866516332, "gamma": 0.26903951867186926}, "datetime": {"datetime": "2021-07-20 19:43:47", "elapsed": 1660.181122, "delta": 8.529665}}
{"target": -39.424975163824136, "params": {"C": 6.217979722415203, "epsilon": 12.88300477643186, "gamma": 0.38449155578351174}, "datetime": {"datetime": "2021-07-20 19:43:55", "elapsed": 1668.985867, "delta": 8.804745}}
{"target": -44.09057128452694, "params": {"C": 20.016802657879328, "epsilon": 26.385300562363927, "gamma": 0.3010079500054265}, "datetime": {"datetime": "2021-07-20 19:44:04", "elapsed": 1677.544532, "delta": 8.558665}}
{"target": -69.21090904495023, "params": {"C": 28.630730978657933, "epsilon": 14.366679639060667, "gamma": 0.13639313492859348}, "datetime": {"datetime": "2021-07-20 19:44:13", "elapsed": 1686.158021, "delta": 8.613489}}
{"target": -102.05736765855771, "params": {"C": 0.4264066457909837, "epsilon": 22.381269626318616, "gamma": 0.04434387006614173}, "datetime": {"datetime": "2021-07-20 19:44:27", "elapsed": 1700.078641, "delta": 13.92062}}
{"target": -13.620090631647452, "params": {"C": 12.910620271828034, "epsilon": 1.553916801184389, "gamma": 0.28569416220106914}, "datetime": {"datetime": "2021-07-20 19:44:27", "elapsed": 1700.880209, "delta": 0.801568}}
{"target": -41.3471652932971, "params": {"C": 9.097119303598157, "epsilon": 23.167793856981792, "gamma": 0.34020296774129627}, "datetime": {"datetime": "2021-07-20 19:44:36", "elapsed": 1709.444049, "delta": 8.56384}}
{"target": -53.93397998181351, "params": {"C": 10.17591437534367, "epsilon": 9.479454300479812, "gamma": 0.18220586032720007}, "datetime": {"datetime": "2021-07-20 19:44:44", "elapsed": 1717.964106, "delta": 8.520057}}
{"target": -13.020163348251524, "params": {"C": 1.5073551846330802, "epsilon": 2.7653204894839973, "gamma": 0.12356128975117757}, "datetime": {"datetime": "2021-07-20 19:44:45", "elapsed": 1718.791347, "delta": 0.827241}}
{"target": -42.91143387287812, "params": {"C": 25.94507823369498, "epsilon": 20.179718701977862, "gamma": 0.2902528842396761}, "datetime": {"datetime": "2021-07-20 19:44:54", "elapsed": 1727.2513, "delta": 8.459953}}
{"target": -14.194380890219064, "params": {"C": 1.504158783453924, "epsilon": 4.563444929226839, "gamma": 0.21103869756859492}, "datetime": {"datetime": "2021-07-20 19:44:54", "elapsed": 1728.048921, "delta": 0.797621}}
{"target": -13.668991026845099, "params": {"C": 15.436854557722459, "epsilon": 2.037294949851776, "gamma": 0.2851277840746207}, "datetime": {"datetime": "2021-07-20 19:44:55", "elapsed": 1728.859239, "delta": 0.810318}}
{"target": -93.92832907687398, "params": {"C": 9.855576913289747, "epsilon": 12.547364861186647, "gamma": 0.036500347125161176}, "datetime": {"datetime": "2021-07-20 19:45:08", "elapsed": 1741.94371, "delta": 13.084471}}
{"target": -12.725015635877929, "params": {"C": 3.854262612106613, "epsilon": 1.0892169482393494, "gamma": 0.16639025197122348}, "datetime": {"datetime": "2021-07-20 19:45:09", "elapsed": 1742.782489, "delta": 0.838779}}
{"target": -11.858359274668928, "params": {"C": 4.086446152537309, "epsilon": 0.2699996302054394, "gamma": 0.09205247741289595}, "datetime": {"datetime": "2021-07-20 19:45:10", "elapsed": 1743.616207, "delta": 0.833718}}
{"target": -83.29901993717077, "params": {"C": 26.912865308883646, "epsilon": 24.745610065818447, "gamma": 0.019648988704537157}, "datetime": {"datetime": "2021-07-20 19:45:17", "elapsed": 1751.029917, "delta": 7.41371}}
{"target": -38.8869842972713, "params": {"C": 20.655166733668302, "epsilon": 29.085868375982248, "gamma": 0.45818235302997357}, "datetime": {"datetime": "2021-07-20 19:45:26", "elapsed": 1759.42154, "delta": 8.391623}}
{"target": -75.10516263533722, "params": {"C": 28.989061708680307, "epsilon": 16.820792434222906, "gamma": 0.11599266767801442}, "datetime": {"datetime": "2021-07-20 19:45:34", "elapsed": 1768.017715, "delta": 8.596175}}
{"target": -13.700911653204182, "params": {"C": 24.8690504880242, "epsilon": 3.486883496388717, "gamma": 0.25675902292644776}, "datetime": {"datetime": "2021-07-20 19:45:35", "elapsed": 1768.881105, "delta": 0.86339}}
{"target": -47.551502016072895, "params": {"C": 7.036800751258995, "epsilon": 6.454819614354964, "gamma": 0.23909758801610942}, "datetime": {"datetime": "2021-07-20 19:45:44", "elapsed": 1777.299327, "delta": 8.418222}}
{"target": -13.657353851344004, "params": {"C": 27.438808250783215, "epsilon": 1.208256513481757, "gamma": 0.23577828048496666}, "datetime": {"datetime": "2021-07-20 19:45:45", "elapsed": 1778.151753, "delta": 0.852426}}
{"target": -40.836721417549356, "params": {"C": 29.25411280691867, "epsilon": 14.157250338223404, "gamma": 0.3498758211260714}, "datetime": {"datetime": "2021-07-20 19:45:53", "elapsed": 1786.342695, "delta": 8.190942}}
{"target": -81.08124136133407, "params": {"C": 23.30839370856923, "epsilon": 7.631046027752719, "gamma": 0.018907826698659543}, "datetime": {"datetime": "2021-07-20 19:46:01", "elapsed": 1794.375763, "delta": 8.033068}}
{"target": -40.99083281684257, "params": {"C": 6.087664815532834, "epsilon": 15.06205074654719, "gamma": 0.31519187865355447}, "datetime": {"datetime": "2021-07-20 19:46:09", "elapsed": 1802.869119, "delta": 8.493356}}
{"target": -88.32257837876396, "params": {"C": 9.371593992658589, "epsilon": 24.102886413699284, "gamma": 0.07692515930582788}, "datetime": {"datetime": "2021-07-20 19:46:23", "elapsed": 1816.444371, "delta": 13.575252}}
{"target": -77.27199972567249, "params": {"C": 22.08309840769147, "epsilon": 29.325743781735515, "gamma": 0.017801012975414587}, "datetime": {"datetime": "2021-07-20 19:46:36", "elapsed": 1829.160495, "delta": 12.716124}}
{"target": -60.64320133076434, "params": {"C": 14.207421542129207, "epsilon": 19.928874938264155, "gamma": 0.17674331881886868}, "datetime": {"datetime": "2021-07-20 19:46:44", "elapsed": 1837.825701, "delta": 8.665206}}
{"target": -14.7008722544406, "params": {"C": 2.9243238193759877, "epsilon": 3.3974479159782778, "gamma": 0.3226488815569499}, "datetime": {"datetime": "2021-07-20 19:46:45", "elapsed": 1838.635701, "delta": 0.81}}
{"target": -36.65070955474932, "params": {"C": 24.954900261169264, "epsilon": 15.605283114523743, "gamma": 0.4243459223290864}, "datetime": {"datetime": "2021-07-20 19:46:54", "elapsed": 1847.315282, "delta": 8.679581}}
{"target": -37.789538543092974, "params": {"C": 2.2317822198552655, "epsilon": 21.615736955964948, "gamma": 0.42877515749379636}, "datetime": {"datetime": "2021-07-20 19:47:03", "elapsed": 1856.226473, "delta": 8.911191}}
{"target": -13.755760559855911, "params": {"C": 4.88990454571579, "epsilon": 2.9681523045519125, "gamma": 0.2513778283272798}, "datetime": {"datetime": "2021-07-20 19:47:04", "elapsed": 1857.144633, "delta": 0.91816}}
{"target": -57.780088054791875, "params": {"C": 18.785744129739285, "epsilon": 24.288262980159953, "gamma": 0.19012330767198782}, "datetime": {"datetime": "2021-07-20 19:47:13", "elapsed": 1866.290386, "delta": 9.145753}}
{"target": -13.935840018736231, "params": {"C": 17.830591615461213, "epsilon": 0.41986356822534454, "gamma": 0.3026387604345358}, "datetime": {"datetime": "2021-07-20 19:47:14", "elapsed": 1867.146502, "delta": 0.856116}}
{"target": -14.467672547223955, "params": {"C": 7.510269333486269, "epsilon": 7.040952850930239, "gamma": 0.40787609858015184}, "datetime": {"datetime": "2021-07-20 19:47:15", "elapsed": 1868.376099, "delta": 1.229597}}
{"target": -53.10164769171411, "params": {"C": 26.007040192265904, "epsilon": 10.368013445235883, "gamma": 0.00774971533498468}, "datetime": {"datetime": "2021-07-20 19:47:24", "elapsed": 1877.102939, "delta": 8.72684}}
{"target": -37.04888898661709, "params": {"C": 5.56265553143979, "epsilon": 12.905348112920379, "gamma": 0.4800117526390682}, "datetime": {"datetime": "2021-07-20 19:47:33", "elapsed": 1886.696426, "delta": 9.593487}}
{"target": -44.49790577881889, "params": {"C": 3.4991344539713283, "epsilon": 19.769297411391808, "gamma": 0.27117232906455463}, "datetime": {"datetime": "2021-07-20 19:47:43", "elapsed": 1896.252336, "delta": 9.55591}}
{"target": -14.102920571579238, "params": {"C": 18.751230782424823, "epsilon": 3.8670533461841616, "gamma": 0.33513332221416}, "datetime": {"datetime": "2021-07-20 19:47:44", "elapsed": 1897.169222, "delta": 0.916886}}
{"target": -93.26208687913152, "params": {"C": 8.30721973531872, "epsilon": 11.118522080071317, "gamma": 0.03328840227032728}, "datetime": {"datetime": "2021-07-20 19:47:58", "elapsed": 1912.031686, "delta": 14.862464}}
{"target": -42.613560394514835, "params": {"C": 14.26431696891361, "epsilon": 13.972863171895932, "gamma": 0.28071739895894465}, "datetime": {"datetime": "2021-07-20 19:48:08", "elapsed": 1921.722981, "delta": 9.691295}}
{"target": -52.79062547143653, "params": {"C": 15.827978786795697, "epsilon": 24.91836375979165, "gamma": 0.22950437558922845}, "datetime": {"datetime": "2021-07-20 19:48:18", "elapsed": 1931.792057, "delta": 10.069076}}
{"target": -13.450991008572519, "params": {"C": 3.823507218473065, "epsilon": 1.959825344061802, "gamma": 0.21922862858904701}, "datetime": {"datetime": "2021-07-20 19:48:19", "elapsed": 1932.811061, "delta": 1.019004}}
{"target": -88.43537436209927, "params": {"C": 15.358946297371853, "epsilon": 12.083651158420292, "gamma": 0.09118959567062919}, "datetime": {"datetime": "2021-07-20 19:48:35", "elapsed": 1948.345591, "delta": 15.53453}}
{"target": -15.635033689589237, "params": {"C": 4.0583979385649185, "epsilon": 1.697711144681173, "gamma": 0.4515621624502366}, "datetime": {"datetime": "2021-07-20 19:48:36", "elapsed": 1949.199493, "delta": 0.853902}}
{"target": -58.08042555067765, "params": {"C": 2.1121303493833805, "epsilon": 29.245631832330883, "gamma": 0.20288885062817127}, "datetime": {"datetime": "2021-07-20 19:48:46", "elapsed": 1959.652185, "delta": 10.452692}}
{"target": -13.773346782155368, "params": {"C": 7.8062838787354, "epsilon": 6.483804873039864, "gamma": 0.307768894533935}, "datetime": {"datetime": "2021-07-20 19:48:47", "elapsed": 1960.724187, "delta": 1.072002}}
{"target": -82.91294020759562, "params": {"C": 24.203752722993706, "epsilon": 10.959275769487167, "gamma": 0.09464368073704343}, "datetime": {"datetime": "2021-07-20 19:49:04", "elapsed": 1977.091418, "delta": 16.367231}}
{"target": -71.38539368105491, "params": {"C": 22.999611197957766, "epsilon": 22.67885906515353, "gamma": 0.1194892296838937}, "datetime": {"datetime": "2021-07-20 19:49:14", "elapsed": 1987.389135, "delta": 10.297717}}
{"target": -99.3997341915158, "params": {"C": 1.537066393423191, "epsilon": 9.067432844340765, "gamma": 0.05132165222012445}, "datetime": {"datetime": "2021-07-20 19:49:29", "elapsed": 2002.608043, "delta": 15.218908}}
{"target": -73.10629426310723, "params": {"C": 19.111895238825742, "epsilon": 10.119355305390751, "gamma": 0.12235257815348786}, "datetime": {"datetime": "2021-07-20 19:49:39", "elapsed": 2012.24779, "delta": 9.639747}}
{"target": -15.643411706473632, "params": {"C": 1.3994525141131482, "epsilon": 3.6554316261861977, "gamma": 0.28178321035460696}, "datetime": {"datetime": "2021-07-20 19:49:40", "elapsed": 2013.168562, "delta": 0.920772}}
{"target": -58.11123677227765, "params": {"C": 0.6690906537714214, "epsilon": 16.71667542485771, "gamma": 0.1830170320183754}, "datetime": {"datetime": "2021-07-20 19:49:50", "elapsed": 2023.372736, "delta": 10.204174}}
{"target": -48.03424396863964, "params": {"C": 4.796858232774011, "epsilon": 27.201414493887754, "gamma": 0.2595875302526166}, "datetime": {"datetime": "2021-07-20 19:50:00", "elapsed": 2033.224544, "delta": 9.851808}}
{"target": -37.620577317880105, "params": {"C": 22.51941722017782, "epsilon": 17.48870756306417, "gamma": 0.415086914732304}, "datetime": {"datetime": "2021-07-20 19:50:09", "elapsed": 2042.423945, "delta": 9.199401}}
{"target": -91.49346913654783, "params": {"C": 12.708010582533605, "epsilon": 23.071353831797516, "gamma": 0.08162203019417329}, "datetime": {"datetime": "2021-07-20 19:50:24", "elapsed": 2057.71677, "delta": 15.292825}}
{"target": -95.73033774260219, "params": {"C": 26.336689838435348, "epsilon": 25.426904079964043, "gamma": 0.03400656889827258}, "datetime": {"datetime": "2021-07-20 19:50:38", "elapsed": 2071.844411, "delta": 14.127641}}
{"target": -11.67574982860606, "params": {"C": 26.173710467589245, "epsilon": 4.460183751861012, "gamma": 0.010156885622867103}, "datetime": {"datetime": "2021-07-20 19:50:39", "elapsed": 2072.832036, "delta": 0.987625}}
{"target": -45.295069642237024, "params": {"C": 10.968042057155285, "epsilon": 16.79130974588431, "gamma": 0.25406014143164063}, "datetime": {"datetime": "2021-07-20 19:50:48", "elapsed": 2081.988465, "delta": 9.156429}}
{"target": -100.16585744134683, "params": {"C": 14.829656614575661, "epsilon": 19.634349436887746, "gamma": 0.04499337911036712}, "datetime": {"datetime": "2021-07-20 19:51:02", "elapsed": 2095.810607, "delta": 13.822142}}
{"target": -13.604952069554734, "params": {"C": 19.81140113068968, "epsilon": 0.800522162612738, "gamma": 0.24912687522421617}, "datetime": {"datetime": "2021-07-20 19:51:03", "elapsed": 2096.728356, "delta": 0.917749}}
{"target": -37.029774943609944, "params": {"C": 6.184283763148807, "epsilon": 18.670410934377518, "gamma": 0.4020690447871971}, "datetime": {"datetime": "2021-07-20 19:51:12", "elapsed": 2105.459951, "delta": 8.731595}}
{"target": -95.76342476883418, "params": {"C": 15.728154186217303, "epsilon": 4.860422179684798, "gamma": 0.07065483500389061}, "datetime": {"datetime": "2021-07-20 19:51:25", "elapsed": 2119.025697, "delta": 13.565746}}
{"target": -85.9157781246324, "params": {"C": 7.1201074683845675, "epsilon": 26.817877369010553, "gamma": 0.0998333122092483}, "datetime": {"datetime": "2021-07-20 19:51:40", "elapsed": 2133.198912, "delta": 14.173215}}
{"target": -18.224191501112987, "params": {"C": 0.8465829285220401, "epsilon": 6.713351188075285, "gamma": 0.40697243971615543}, "datetime": {"datetime": "2021-07-20 19:51:41", "elapsed": 2134.128508, "delta": 0.929596}}
{"target": -49.30550347098895, "params": {"C": 5.059726813548003, "epsilon": 11.199565757540055, "gamma": 0.22909419157318103}, "datetime": {"datetime": "2021-07-20 19:51:49", "elapsed": 2142.821579, "delta": 8.693071}}
{"target": -15.298785937838216, "params": {"C": 4.424157282979038, "epsilon": 2.8050426428194384, "gamma": 0.43023566406224983}, "datetime": {"datetime": "2021-07-20 19:51:50", "elapsed": 2143.72658, "delta": 0.905001}}
{"target": -38.94837866877118, "params": {"C": 3.521031654425233, "epsilon": 23.285427145212083, "gamma": 0.3843026253004328}, "datetime": {"datetime": "2021-07-20 19:51:59", "elapsed": 2152.506119, "delta": 8.779539}}
{"target": -44.47260485764284, "params": {"C": 5.6649253270539095, "epsilon": 19.62413638529971, "gamma": 0.27719987495719345}, "datetime": {"datetime": "2021-07-20 19:52:08", "elapsed": 2161.286006, "delta": 8.779887}}
{"target": -74.94002340037343, "params": {"C": 25.619536132022045, "epsilon": 18.325318910724853, "gamma": 0.111207390460332}, "datetime": {"datetime": "2021-07-20 19:52:17", "elapsed": 2170.737711, "delta": 9.451705}}
{"target": -45.53769163592191, "params": {"C": 10.11086820693382, "epsilon": 9.877524528644528, "gamma": 0.2735617357991427}, "datetime": {"datetime": "2021-07-20 19:52:26", "elapsed": 2179.906002, "delta": 9.168291}}
{"target": -40.2325752550116, "params": {"C": 6.95063024659032, "epsilon": 9.521442980826391, "gamma": 0.3426660169027024}, "datetime": {"datetime": "2021-07-20 19:52:36", "elapsed": 2189.093478, "delta": 9.187476}}
{"target": -38.037146739937015, "params": {"C": 16.367295207867688, "epsilon": 13.793481671931877, "gamma": 0.46344966198474913}, "datetime": {"datetime": "2021-07-20 19:52:45", "elapsed": 2198.325425, "delta": 9.231947}}
{"target": -88.4695436579783, "params": {"C": 5.270570726477295, "epsilon": 5.213123366649415, "gamma": 0.08521314402515465}, "datetime": {"datetime": "2021-07-20 19:52:59", "elapsed": 2212.35307, "delta": 14.027645}}
{"target": -64.96215440570984, "params": {"C": 15.432196061598432, "epsilon": 20.73898763852949, "gamma": 0.1646685633561874}, "datetime": {"datetime": "2021-07-20 19:53:08", "elapsed": 2221.23983, "delta": 8.88676}}
{"target": -94.67036941353095, "params": {"C": 21.24714555366858, "epsilon": 20.542288902863806, "gamma": 0.05255823188425448}, "datetime": {"datetime": "2021-07-20 19:53:21", "elapsed": 2234.639909, "delta": 13.400079}}
{"target": -65.84622809296702, "params": {"C": 27.061802145001934, "epsilon": 16.251431425638835, "gamma": 0.1515250551913835}, "datetime": {"datetime": "2021-07-20 19:53:30", "elapsed": 2243.30483, "delta": 8.664921}}
{"target": -39.9380521264439, "params": {"C": 4.0082723888055805, "epsilon": 24.375536888041367, "gamma": 0.40230707500691226}, "datetime": {"datetime": "2021-07-20 19:53:39", "elapsed": 2252.167544, "delta": 8.862714}}
{"target": -83.818648514151, "params": {"C": 1.901328582800403, "epsilon": 26.582244462246813, "gamma": 0.08767332195344417}, "datetime": {"datetime": "2021-07-20 19:53:53", "elapsed": 2266.272332, "delta": 14.104788}}
{"target": -89.12366240824574, "params": {"C": 6.1249429967084446, "epsilon": 27.121029389015327, "gamma": 0.0745337224531313}, "datetime": {"datetime": "2021-07-20 19:54:02", "elapsed": 2276.034852, "delta": 9.76252}}
{"target": -51.04918070683856, "params": {"C": 24.452437251382616, "epsilon": 16.096004133149222, "gamma": 0.20921988508789044}, "datetime": {"datetime": "2021-07-20 19:54:11", "elapsed": 2284.693753, "delta": 8.658901}}
{"target": -16.729196972645514, "params": {"C": 7.129282444477919, "epsilon": 5.747022066680156, "gamma": 0.0014190153890838199}, "datetime": {"datetime": "2021-07-20 19:54:12", "elapsed": 2285.720716, "delta": 1.026963}}
{"target": -13.332884208653592, "params": {"C": 16.35585086945325, "epsilon": 2.6047860913974725, "gamma": 0.2274891069344941}, "datetime": {"datetime": "2021-07-20 19:54:13", "elapsed": 2286.674062, "delta": 0.953346}}
{"target": -94.41254472402683, "params": {"C": 29.4155220969108, "epsilon": 14.22664631721402, "gamma": 0.06209450137100782}, "datetime": {"datetime": "2021-07-20 19:54:27", "elapsed": 2300.199278, "delta": 13.525216}}
{"target": -51.883585476460595, "params": {"C": 2.7359385353540486, "epsilon": 24.337278042385808, "gamma": 0.22865991829028628}, "datetime": {"datetime": "2021-07-20 19:54:36", "elapsed": 2309.236268, "delta": 9.03699}}
{"target": -101.4810023773246, "params": {"C": 29.31078204352988, "epsilon": 14.483742624362133, "gamma": 0.06401897944146769}, "datetime": {"datetime": "2021-07-20 19:54:49", "elapsed": 2322.576568, "delta": 13.3403}}
{"target": -40.45728654924382, "params": {"C": 17.696971557806805, "epsilon": 26.992320615774123, "gamma": 0.3794902839386891}, "datetime": {"datetime": "2021-07-20 19:54:58", "elapsed": 2331.29178, "delta": 8.715212}}
{"target": -45.856228761806896, "params": {"C": 24.913698380393914, "epsilon": 5.008969312781282, "gamma": 0.27795205282597635}, "datetime": {"datetime": "2021-07-20 19:55:06", "elapsed": 2339.882013, "delta": 8.590233}}
{"target": -12.524474998834048, "params": {"C": 6.985745450079102, "epsilon": 3.04321933792643, "gamma": 0.1492105773181577}, "datetime": {"datetime": "2021-07-20 19:55:07", "elapsed": 2340.865999, "delta": 0.983986}}
{"target": -41.89838176867202, "params": {"C": 27.19927204495954, "epsilon": 25.14974379713409, "gamma": 0.3746522463109573}, "datetime": {"datetime": "2021-07-20 19:55:16", "elapsed": 2349.594923, "delta": 8.728924}}
