{"target": -10.70212003090875, "params": {"C": 15.629201291287366, "epsilon": 4.283286744510355, "gamma": 0.02682796258600925}, "datetime": {"datetime": "2021-07-20 22:28:27", "elapsed": 1702.627852, "delta": 1.124999}}
{"target": -98.83490169706064, "params": {"C": 23.70282875866493, "epsilon": 29.085868375982248, "gamma": 0.05664788401041872}, "datetime": {"datetime": "2021-07-20 22:28:42", "elapsed": 1717.197307, "delta": 14.569455}}
{"target": -10.557379238989634, "params": {"C": 22.161639032371994, "epsilon": 3.40946040138609, "gamma": 0.03289359099019862}, "datetime": {"datetime": "2021-07-20 22:28:43", "elapsed": 1718.230311, "delta": 1.033004}}
{"target": -10.558974799401435, "params": {"C": 13.760082332796598, "epsilon": 1.7306664088206023, "gamma": 0.04076308442867615}, "datetime": {"datetime": "2021-07-20 22:28:44", "elapsed": 1719.401192, "delta": 1.170881}}
{"target": -85.38225994391819, "params": {"C": 20.48400595288529, "epsilon": 4.8455099170112605, "gamma": 0.023760871284486472}, "datetime": {"datetime": "2021-07-20 22:28:53", "elapsed": 1728.240952, "delta": 8.83976}}
{"target": -10.646596520539608, "params": {"C": 15.994439763191526, "epsilon": 1.8381035532109071, "gamma": 0.04727592081355567}, "datetime": {"datetime": "2021-07-20 22:28:54", "elapsed": 1729.354389, "delta": 1.113437}}
{"target": -10.506178593835537, "params": {"C": 18.619597341703148, "epsilon": 1.0747716647978467, "gamma": 0.030719862926998354}, "datetime": {"datetime": "2021-07-20 22:28:55", "elapsed": 1730.483143, "delta": 1.128754}}
{"target": -10.660020939239006, "params": {"C": 15.835788746163004, "epsilon": 1.919078917490487, "gamma": 0.04893383864002983}, "datetime": {"datetime": "2021-07-20 22:28:56", "elapsed": 1731.570338, "delta": 1.087195}}
{"target": -10.808264881913946, "params": {"C": 15.920859799530202, "epsilon": 1.964172577010081, "gamma": 0.058975864909728615}, "datetime": {"datetime": "2021-07-20 22:28:57", "elapsed": 1732.609338, "delta": 1.039}}
{"target": -10.42768114453416, "params": {"C": 22.187230179151772, "epsilon": 3.468109979689879, "gamma": 0.027479459037100952}, "datetime": {"datetime": "2021-07-20 22:28:58", "elapsed": 1733.696769, "delta": 1.087431}}
{"target": -84.05329421704087, "params": {"C": 24.51225985097549, "epsilon": 29.325743781735515, "gamma": 0.021346774587207584}, "datetime": {"datetime": "2021-07-20 22:29:12", "elapsed": 1747.111087, "delta": 13.414318}}
{"target": -10.698844781332523, "params": {"C": 17.042157931674836, "epsilon": 0.2919164229759673, "gamma": 0.042686089053419224}, "datetime": {"datetime": "2021-07-20 22:29:13", "elapsed": 1748.190094, "delta": 1.079007}}
{"target": -10.75972906167922, "params": {"C": 15.945334211527577, "epsilon": 1.9823844427187072, "gamma": 0.05672171241054484}, "datetime": {"datetime": "2021-07-20 22:29:14", "elapsed": 1749.250889, "delta": 1.060795}}
{"target": -89.28200849341756, "params": {"C": 22.824065112542428, "epsilon": 2.969224289534665, "gamma": 0.05981238737444988}, "datetime": {"datetime": "2021-07-20 22:29:23", "elapsed": 1758.64831, "delta": 9.397421}}
{"target": -10.711482994270709, "params": {"C": 15.920373043775935, "epsilon": 1.9551149489347004, "gamma": 0.053530777873848245}, "datetime": {"datetime": "2021-07-20 22:29:24", "elapsed": 1759.719293, "delta": 1.070983}}
{"target": -10.488760812627214, "params": {"C": 14.766201309675507, "epsilon": 2.9681523045519125, "gamma": 0.040070367000182745}, "datetime": {"datetime": "2021-07-20 22:29:25", "elapsed": 1760.725906, "delta": 1.006613}}
{"target": -10.544994542792336, "params": {"C": 22.236014014816348, "epsilon": 3.440131545758706, "gamma": 0.03227441202017241}, "datetime": {"datetime": "2021-07-20 22:29:26", "elapsed": 1761.791083, "delta": 1.065177}}
{"target": -10.38712464322964, "params": {"C": 17.193333115116648, "epsilon": 4.350162923691551, "gamma": 0.030665499456766325}, "datetime": {"datetime": "2021-07-20 22:29:27", "elapsed": 1762.888083, "delta": 1.097}}
{"target": -101.41208863641876, "params": {"C": 16.251569812246302, "epsilon": 7.040952850930239, "gamma": 0.05261531852345906}, "datetime": {"datetime": "2021-07-20 22:29:41", "elapsed": 1776.480372, "delta": 13.592289}}
{"target": -93.34411208910967, "params": {"C": 15.612711642245118, "epsilon": 4.275257133208158, "gamma": 0.04108551232422587}, "datetime": {"datetime": "2021-07-20 22:29:50", "elapsed": 1785.830344, "delta": 9.349972}}
{"target": -10.771500484687383, "params": {"C": 17.021371174976068, "epsilon": 0.20055211518333005, "gamma": 0.05076615341020378}, "datetime": {"datetime": "2021-07-20 22:29:51", "elapsed": 1786.969348, "delta": 1.139004}}
{"target": -10.705495676197451, "params": {"C": 16.027634792089614, "epsilon": 1.8430714908807009, "gamma": 0.029047735764526447}, "datetime": {"datetime": "2021-07-20 22:29:53", "elapsed": 1788.442255, "delta": 1.472907}}
{"target": -10.925637712982642, "params": {"C": 13.906551028081367, "epsilon": 1.786988880100221, "gamma": 0.027383378995973512}, "datetime": {"datetime": "2021-07-20 22:29:54", "elapsed": 1789.551253, "delta": 1.108998}}
{"target": -11.155206960270885, "params": {"C": 16.0097699680883, "epsilon": 1.8761290338387064, "gamma": 0.021331601455118195}, "datetime": {"datetime": "2021-07-20 22:29:55", "elapsed": 1790.560899, "delta": 1.009646}}
{"target": -93.29257945256423, "params": {"C": 22.878656855219603, "epsilon": 2.932450389196444, "gamma": 0.04774697915985392}, "datetime": {"datetime": "2021-07-20 22:30:04", "elapsed": 1799.399737, "delta": 8.838838}}
{"target": -10.544290870980774, "params": {"C": 13.880919914638854, "epsilon": 1.7727516189529005, "gamma": 0.04024044998263339}, "datetime": {"datetime": "2021-07-20 22:30:05", "elapsed": 1800.571386, "delta": 1.171649}}
{"target": -10.456808811798261, "params": {"C": 14.161707993132449, "epsilon": 1.959825344061802, "gamma": 0.03749327684080537}, "datetime": {"datetime": "2021-07-20 22:30:06", "elapsed": 1801.567223, "delta": 0.995837}}
{"target": -95.68585606329384, "params": {"C": 20.700636447326495, "epsilon": 12.083651158420292, "gamma": 0.027229626907465262}, "datetime": {"datetime": "2021-07-20 22:30:16", "elapsed": 1811.192972, "delta": 9.625749}}
{"target": -10.596187937472799, "params": {"C": 15.898702890410366, "epsilon": 1.9136693328199177, "gamma": 0.04510425823862068}, "datetime": {"datetime": "2021-07-20 22:30:17", "elapsed": 1812.53497, "delta": 1.341998}}
{"target": -96.56485850746543, "params": {"C": 13.1916043994504, "epsilon": 29.245631832330883, "gamma": 0.036183475000254206}, "datetime": {"datetime": "2021-07-20 22:30:33", "elapsed": 1828.328343, "delta": 15.793373}}
{"target": -101.1562540441636, "params": {"C": 16.41936732039019, "epsilon": 6.483804873039864, "gamma": 0.044590692948612023}, "datetime": {"datetime": "2021-07-20 22:30:40", "elapsed": 1835.552498, "delta": 7.224155}}
{"target": -11.20507757231196, "params": {"C": 13.706257133248444, "epsilon": 1.789108685088571, "gamma": 0.02248376728652593}, "datetime": {"datetime": "2021-07-20 22:30:41", "elapsed": 1836.813499, "delta": 1.261001}}
{"target": -87.97724285101212, "params": {"C": 25.031790275601267, "epsilon": 22.67885906515353, "gamma": 0.029498134643999495}, "datetime": {"datetime": "2021-07-20 22:30:57", "elapsed": 1852.531111, "delta": 15.717612}}
{"target": -92.2764646574518, "params": {"C": 12.865626164994806, "epsilon": 9.067432844340765, "gamma": 0.024033799777164286}, "datetime": {"datetime": "2021-07-20 22:31:07", "elapsed": 1862.875562, "delta": 10.344451}}
{"target": -10.950149168388739, "params": {"C": 17.2163309620632, "epsilon": 4.437627975578559, "gamma": 0.02152671131617207}, "datetime": {"datetime": "2021-07-20 22:31:09", "elapsed": 1864.417705, "delta": 1.542143}}
{"target": -10.562177644645077, "params": {"C": 15.821996563303717, "epsilon": 1.8935525810197793, "gamma": 0.03978722749066894}, "datetime": {"datetime": "2021-07-20 22:31:10", "elapsed": 1865.897392, "delta": 1.479687}}
{"target": -10.60136591756046, "params": {"C": 16.002526277938298, "epsilon": 1.8690098936905362, "gamma": 0.04203021706807196}, "datetime": {"datetime": "2021-07-20 22:31:12", "elapsed": 1867.253429, "delta": 1.356037}}
{"target": -100.14077542320446, "params": {"C": 14.713457484400074, "epsilon": 27.201414493887754, "gamma": 0.0407284593388871}, "datetime": {"datetime": "2021-07-20 22:31:25", "elapsed": 1880.763764, "delta": 13.510335}}
{"target": -94.20107226450834, "params": {"C": 24.759589621307867, "epsilon": 17.48870756306417, "gamma": 0.05319333985830092}, "datetime": {"datetime": "2021-07-20 22:31:38", "elapsed": 1893.846404, "delta": 13.08264}}
{"target": -10.567902046708308, "params": {"C": 13.726003827656323, "epsilon": 1.7661164937822376, "gamma": 0.03362656982342621}, "datetime": {"datetime": "2021-07-20 22:31:39", "elapsed": 1894.995081, "delta": 1.148677}}
{"target": -10.647486447128525, "params": {"C": 15.83444601207484, "epsilon": 1.9153630042509222, "gamma": 0.04800375324156264}, "datetime": {"datetime": "2021-07-20 22:31:41", "elapsed": 1896.154389, "delta": 1.159308}}
{"target": -10.741544532050447, "params": {"C": 26.831046280394037, "epsilon": 4.460183751861012, "gamma": 0.020734018887604577}, "datetime": {"datetime": "2021-07-20 22:31:42", "elapsed": 1897.212388, "delta": 1.057999}}
{"target": -10.455033628197341, "params": {"C": 13.701933470409204, "epsilon": 1.742392119437273, "gamma": 0.03599416812866196}, "datetime": {"datetime": "2021-07-20 22:31:43", "elapsed": 1898.273616, "delta": 1.061228}}
{"target": -10.644826721527101, "params": {"C": 13.704696934535981, "epsilon": 1.71724305996849, "gamma": 0.048998104162103345}, "datetime": {"datetime": "2021-07-20 22:31:44", "elapsed": 1899.574614, "delta": 1.300998}}
{"target": -10.594412993679772, "params": {"C": 22.243861374613008, "epsilon": 3.412058510860449, "gamma": 0.03847978507772762}, "datetime": {"datetime": "2021-07-20 22:31:45", "elapsed": 1900.919569, "delta": 1.344955}}
{"target": -92.61110344511457, "params": {"C": 15.49992744159819, "epsilon": 18.670410934377518, "gamma": 0.052149823229434636}, "datetime": {"datetime": "2021-07-20 22:32:00", "elapsed": 1915.099331, "delta": 14.179762}}
{"target": -10.70883762339585, "params": {"C": 17.033097579017397, "epsilon": 0.27939321026565145, "gamma": 0.04059914916197775}, "datetime": {"datetime": "2021-07-20 22:32:01", "elapsed": 1916.376806, "delta": 1.277475}}
{"target": -10.596891894736556, "params": {"C": 15.813057469753259, "epsilon": 1.9175318776759014, "gamma": 0.030821533093327334}, "datetime": {"datetime": "2021-07-20 22:32:02", "elapsed": 1917.543823, "delta": 1.167017}}
{"target": -92.07542443216961, "params": {"C": 15.64478441622097, "epsilon": 4.416581170873117, "gamma": 0.050201494470311636}, "datetime": {"datetime": "2021-07-20 22:32:16", "elapsed": 1931.260635, "delta": 13.716812}}
{"target": -11.318444263172504, "params": {"C": 14.170129342508927, "epsilon": 1.0901729857155986, "gamma": 0.02026352843073839}, "datetime": {"datetime": "2021-07-20 22:32:17", "elapsed": 1932.912903, "delta": 1.652268}}
{"target": -10.502757317080905, "params": {"C": 14.15859107907638, "epsilon": 1.082773129359941, "gamma": 0.036998963569918455}, "datetime": {"datetime": "2021-07-20 22:32:19", "elapsed": 1934.277073, "delta": 1.36417}}
{"target": -94.91310585397385, "params": {"C": 13.990248020181026, "epsilon": 23.285427145212083, "gamma": 0.05072566134672808}, "datetime": {"datetime": "2021-07-20 22:32:34", "elapsed": 1949.353198, "delta": 15.076125}}
{"target": -100.84373121279586, "params": {"C": 15.205526194061903, "epsilon": 19.62413638529971, "gamma": 0.04214027053765078}, "datetime": {"datetime": "2021-07-20 22:32:48", "elapsed": 1963.880213, "delta": 14.527015}}
{"target": -10.476515676546812, "params": {"C": 15.882761174756446, "epsilon": 1.8925823965527937, "gamma": 0.03682253693184463}, "datetime": {"datetime": "2021-07-20 22:32:50", "elapsed": 1965.119821, "delta": 1.239608}}
{"target": -92.7987441389732, "params": {"C": 17.18971177838156, "epsilon": 4.33921694799878, "gamma": 0.038508213230803195}, "datetime": {"datetime": "2021-07-20 22:32:58", "elapsed": 1973.910906, "delta": 8.791085}}
{"target": -97.47382562161523, "params": {"C": 15.93433525148501, "epsilon": 9.521442980826391, "gamma": 0.04738805746715048}, "datetime": {"datetime": "2021-07-20 22:33:12", "elapsed": 1987.63497, "delta": 13.724064}}
{"target": -98.67929381445319, "params": {"C": 21.272224692689253, "epsilon": 13.793481671931877, "gamma": 0.05707011318515022}, "datetime": {"datetime": "2021-07-20 22:33:26", "elapsed": 2001.145866, "delta": 13.510896}}
{"target": -10.847610641519081, "params": {"C": 13.668521918348057, "epsilon": 1.7256563762682666, "gamma": 0.05985321210732926}, "datetime": {"datetime": "2021-07-20 22:33:27", "elapsed": 2002.300526, "delta": 1.15466}}
{"target": -10.697150213191057, "params": {"C": 13.847003289605222, "epsilon": 1.729709738155211, "gamma": 0.05196936143974992}, "datetime": {"datetime": "2021-07-20 22:33:28", "elapsed": 2003.502641, "delta": 1.202115}}
{"target": -10.899286391337009, "params": {"C": 16.957311989833816, "epsilon": 4.41216355638545, "gamma": 0.0229905915967398}, "datetime": {"datetime": "2021-07-20 22:33:29", "elapsed": 2004.909792, "delta": 1.407151}}
{"target": -10.511720426636977, "params": {"C": 16.587242051728314, "epsilon": 3.6609734803264744, "gamma": 0.030001715622260172}, "datetime": {"datetime": "2021-07-20 22:42:29", "elapsed": 0.0, "delta": 0.0}}
{"target": -10.589345457981326, "params": {"C": 15.325658298950238, "epsilon": 1.940267672451339, "gamma": 0.031385078921531966}, "datetime": {"datetime": "2021-07-20 22:42:29", "elapsed": 0.439816, "delta": 0.439816}}
{"target": -10.411813774572487, "params": {"C": 14.04886232515438, "epsilon": 2.536682181129143, "gamma": 0.035951512113460045}, "datetime": {"datetime": "2021-07-20 22:42:30", "elapsed": 0.860528, "delta": 0.420712}}
{"target": -10.603363124967094, "params": {"C": 17.926984074036927, "epsilon": 2.7575835432098845, "gamma": 0.04027829250595139}, "datetime": {"datetime": "2021-07-20 22:42:30", "elapsed": 1.309536, "delta": 0.449008}}
{"target": -10.580691416485555, "params": {"C": 14.248974747046692, "epsilon": 4.1343523091728365, "gamma": 0.030410813897968892}, "datetime": {"datetime": "2021-07-20 22:42:30", "elapsed": 1.804528, "delta": 0.494992}}
{"target": -10.643212911170663, "params": {"C": 19.375142611962424, "epsilon": 2.751914407101381, "gamma": 0.03838034742668627}, "datetime": {"datetime": "2021-07-20 22:42:31", "elapsed": 2.214239, "delta": 0.409711}}
{"target": -10.561062232047371, "params": {"C": 13.544256324547572, "epsilon": 2.0943044672546365, "gamma": 0.04201116853013305}, "datetime": {"datetime": "2021-07-20 22:42:31", "elapsed": 2.663228, "delta": 0.448989}}
{"target": -10.63246404744936, "params": {"C": 22.650877332913375, "epsilon": 2.4402725344777285, "gamma": 0.04038483923503971}, "datetime": {"datetime": "2021-07-20 22:42:32", "elapsed": 3.162232, "delta": 0.499004}}
{"target": -10.464158194068975, "params": {"C": 21.64028067525642, "epsilon": 4.183819990511542, "gamma": 0.03127566317054667}, "datetime": {"datetime": "2021-07-20 22:42:32", "elapsed": 3.590254, "delta": 0.428022}}
{"target": -10.577234056956424, "params": {"C": 12.429602615561706, "epsilon": 2.0094912586937066, "gamma": 0.0431721375514412}, "datetime": {"datetime": "2021-07-20 22:42:33", "elapsed": 4.04323, "delta": 0.452976}}
{"target": -10.75031949484965, "params": {"C": 12.0, "epsilon": 4.5, "gamma": 0.03}, "datetime": {"datetime": "2021-07-20 22:42:33", "elapsed": 4.670538, "delta": 0.627308}}
{"target": -92.76840853023911, "params": {"C": 23.0, "epsilon": 4.5, "gamma": 0.045}, "datetime": {"datetime": "2021-07-20 22:42:43", "elapsed": 13.958576, "delta": 9.288038}}
{"target": -10.451203055326607, "params": {"C": 13.82362398680696, "epsilon": 2.3397462208793436, "gamma": 0.038632057501095676}, "datetime": {"datetime": "2021-07-20 22:42:43", "elapsed": 14.805213, "delta": 0.846637}}
{"target": -10.583455967810844, "params": {"C": 14.502663548051364, "epsilon": 1.9667699921646524, "gamma": 0.044209551766157505}, "datetime": {"datetime": "2021-07-20 22:42:44", "elapsed": 15.327212, "delta": 0.521999}}
{"target": -10.456489568395835, "params": {"C": 19.988816570693423, "epsilon": 3.6858360415520757, "gamma": 0.032920320473734124}, "datetime": {"datetime": "2021-07-20 22:42:44", "elapsed": 15.789985, "delta": 0.462773}}
{"target": -10.515274071271831, "params": {"C": 14.167671392785754, "epsilon": 2.2350151915807372, "gamma": 0.03987843663067031}, "datetime": {"datetime": "2021-07-20 22:42:45", "elapsed": 16.560191, "delta": 0.770206}}
{"target": -10.628019230541849, "params": {"C": 22.50990133095315, "epsilon": 3.492214247526143, "gamma": 0.03706080959893773}, "datetime": {"datetime": "2021-07-20 22:42:46", "elapsed": 17.087199, "delta": 0.527008}}
{"target": -94.44947636574416, "params": {"C": 17.376059951623386, "epsilon": 4.023536021196822, "gamma": 0.044686026575468656}, "datetime": {"datetime": "2021-07-20 22:42:55", "elapsed": 26.273088, "delta": 9.185889}}
{"target": -10.440649333246109, "params": {"C": 14.021269203630037, "epsilon": 2.374148909622867, "gamma": 0.03817746251057289}, "datetime": {"datetime": "2021-07-20 22:42:56", "elapsed": 27.208088, "delta": 0.935}}
{"target": -10.538755331674384, "params": {"C": 13.685056049639112, "epsilon": 2.1722032147024826, "gamma": 0.041001172260951305}, "datetime": {"datetime": "2021-07-20 22:42:57", "elapsed": 28.474364, "delta": 1.266276}}
{"target": -10.550964556576355, "params": {"C": 19.448226788944243, "epsilon": 3.1437331281112177, "gamma": 0.03574813750708057}, "datetime": {"datetime": "2021-07-20 22:42:58", "elapsed": 29.048391, "delta": 0.574027}}
{"target": -10.518529244946539, "params": {"C": 13.548317111033938, "epsilon": 1.918138670694833, "gamma": 0.03475248467776822}, "datetime": {"datetime": "2021-07-20 22:42:58", "elapsed": 29.616376, "delta": 0.567985}}
{"target": -10.534588320863488, "params": {"C": 15.014005144525516, "epsilon": 3.793045211477113, "gamma": 0.031003058184904723}, "datetime": {"datetime": "2021-07-20 22:42:59", "elapsed": 30.217371, "delta": 0.600995}}
{"target": -10.62234034263297, "params": {"C": 19.433699064156883, "epsilon": 2.957995059433565, "gamma": 0.03933518334302393}, "datetime": {"datetime": "2021-07-20 22:43:00", "elapsed": 31.210348, "delta": 0.992977}}
{"target": -10.474564722103517, "params": {"C": 18.58022220234234, "epsilon": 1.8381061719285015, "gamma": 0.03175166264526642}, "datetime": {"datetime": "2021-07-20 22:43:00", "elapsed": 31.725351, "delta": 0.515003}}
{"target": -89.22624704408483, "params": {"C": 18.74987126789672, "epsilon": 3.1721756869234787, "gamma": 0.039804103804526696}, "datetime": {"datetime": "2021-07-20 22:43:10", "elapsed": 40.990909, "delta": 9.265558}}
{"target": -10.457172781832886, "params": {"C": 14.160641477572096, "epsilon": 2.2295859727456535, "gamma": 0.0383303644573863}, "datetime": {"datetime": "2021-07-20 22:43:10", "elapsed": 41.476909, "delta": 0.486}}
{"target": -10.747047149367207, "params": {"C": 13.66039793482752, "epsilon": 1.9748593215247907, "gamma": 0.03030775557137466}, "datetime": {"datetime": "2021-07-20 22:43:11", "elapsed": 42.403229, "delta": 0.92632}}
{"target": -10.43756704067873, "params": {"C": 13.890153165099882, "epsilon": 2.245574360418265, "gamma": 0.03749353762929475}, "datetime": {"datetime": "2021-07-20 22:43:12", "elapsed": 43.332232, "delta": 0.929003}}
{"target": -10.622547572506061, "params": {"C": 19.479677558819468, "epsilon": 3.0534066577524586, "gamma": 0.038993339774305635}, "datetime": {"datetime": "2021-07-20 22:43:13", "elapsed": 44.280118, "delta": 0.947886}}
{"target": -10.453460042342213, "params": {"C": 13.599700910667277, "epsilon": 2.0090386636216135, "gamma": 0.038377267010893314}, "datetime": {"datetime": "2021-07-20 22:43:14", "elapsed": 45.350528, "delta": 1.07041}}
{"target": -10.5617320531125, "params": {"C": 14.5304603336452, "epsilon": 1.6943604526020986, "gamma": 0.040557684711268326}, "datetime": {"datetime": "2021-07-20 22:43:15", "elapsed": 45.881139, "delta": 0.530611}}
{"target": -10.559134553264474, "params": {"C": 14.516498456742845, "epsilon": 1.80416598527494, "gamma": 0.04074480452800716}, "datetime": {"datetime": "2021-07-20 22:43:16", "elapsed": 47.080815, "delta": 1.199676}}
{"target": -10.485777388701747, "params": {"C": 13.94758280185024, "epsilon": 2.4538990838873183, "gamma": 0.039706469351722694}, "datetime": {"datetime": "2021-07-20 22:43:17", "elapsed": 48.37107, "delta": 1.290255}}
{"target": -10.613000288087909, "params": {"C": 21.231243741860673, "epsilon": 2.755531436115572, "gamma": 0.034441341260609715}, "datetime": {"datetime": "2021-07-20 22:43:18", "elapsed": 48.91707, "delta": 0.546}}
{"target": -10.50892281621506, "params": {"C": 19.452460098683563, "epsilon": 2.821886421455103, "gamma": 0.034368803542857845}, "datetime": {"datetime": "2021-07-20 22:43:19", "elapsed": 50.317778, "delta": 1.400708}}
{"target": -10.435054877981617, "params": {"C": 14.043224402122728, "epsilon": 2.241984101647039, "gamma": 0.03713102579030609}, "datetime": {"datetime": "2021-07-20 22:43:20", "elapsed": 51.577619, "delta": 1.259841}}
{"target": -10.584574633574977, "params": {"C": 14.422813796726299, "epsilon": 1.905856527948995, "gamma": 0.042280254336258316}, "datetime": {"datetime": "2021-07-20 22:43:21", "elapsed": 52.536759, "delta": 0.95914}}
{"target": -10.440916884702203, "params": {"C": 13.784235167037954, "epsilon": 2.237962907310872, "gamma": 0.03776009808512044}, "datetime": {"datetime": "2021-07-20 22:43:22", "elapsed": 53.625729, "delta": 1.08897}}
{"target": -10.424785488446144, "params": {"C": 14.071185966698891, "epsilon": 2.4590462370237214, "gamma": 0.03711165620706923}, "datetime": {"datetime": "2021-07-20 22:43:23", "elapsed": 54.786506, "delta": 1.160777}}
