{"target": -15.18754457206677, "params": {"C": 18.406075521011292, "epsilon": 5.613505538047777, "gamma": 0.3155237035243627}, "datetime": {"datetime": "2021-07-20 19:37:54", "elapsed": 995.916481, "delta": 3.075606}}
{"target": -13.207694001316304, "params": {"C": 4.2555837429863725, "epsilon": 1.378748619560539, "gamma": 0.15494655225218817}, "datetime": {"datetime": "2021-07-20 19:37:57", "elapsed": 998.225539, "delta": 2.309058}}
{"target": -14.709790211814017, "params": {"C": 5.651507476489056, "epsilon": 6.568438704295411, "gamma": 0.28612578068431455}, "datetime": {"datetime": "2021-07-20 19:37:59", "elapsed": 1000.551414, "delta": 2.325875}}
{"target": -14.052200997753427, "params": {"C": 3.091796327476984, "epsilon": 0.6034288806192413, "gamma": 0.1784699078383819}, "datetime": {"datetime": "2021-07-20 19:38:02", "elapsed": 1003.238542, "delta": 2.687128}}
{"target": -15.407025568711738, "params": {"C": 25.5442491946954, "epsilon": 2.278694725582092, "gamma": 0.2973983406503339}, "datetime": {"datetime": "2021-07-20 19:38:03", "elapsed": 1004.835342, "delta": 1.5968}}
{"target": -16.29787742062781, "params": {"C": 8.062767193841436, "epsilon": 5.565071893657424, "gamma": 0.40778214228219506}, "datetime": {"datetime": "2021-07-20 19:38:05", "elapsed": 1006.461135, "delta": 1.625793}}
{"target": -13.574261829690554, "params": {"C": 4.285975487190559, "epsilon": 1.3565255844160389, "gamma": 0.1834243495387774}, "datetime": {"datetime": "2021-07-20 19:38:07", "elapsed": 1008.593746, "delta": 2.132611}}
{"target": -13.194704038139399, "params": {"C": 5.393820442819738, "epsilon": 8.343214526446388, "gamma": 0.1953346069989584}, "datetime": {"datetime": "2021-07-20 19:38:09", "elapsed": 1010.179743, "delta": 1.585997}}
{"target": -11.053685028723043, "params": {"C": 8.832139132498725, "epsilon": 0.1369522708349812, "gamma": 0.056907512145710014}, "datetime": {"datetime": "2021-07-20 19:38:11", "elapsed": 1012.415274, "delta": 2.235531}}
{"target": -14.105333803398867, "params": {"C": 3.1229684625627017, "epsilon": 0.5702559042174623, "gamma": 0.18308029837066955}, "datetime": {"datetime": "2021-07-20 19:38:13", "elapsed": 1014.759889, "delta": 2.344615}}
{"target": -11.044722519919715, "params": {"C": 8.91809779858076, "epsilon": 0.13056974177439276, "gamma": 0.062501015060002}, "datetime": {"datetime": "2021-07-20 19:38:15", "elapsed": 1016.976409, "delta": 2.21652}}
{"target": -12.139244397798654, "params": {"C": 3.022248612973853, "epsilon": 0.5263864897724087, "gamma": 0.032999863495942645}, "datetime": {"datetime": "2021-07-20 19:38:17", "elapsed": 1018.6145, "delta": 1.638091}}
{"target": -14.048018906361047, "params": {"C": 25.459137898429713, "epsilon": 1.4807831506253766, "gamma": 0.23330287615031167}, "datetime": {"datetime": "2021-07-20 19:38:19", "elapsed": 1020.835804, "delta": 2.221304}}
{"target": -20.664227935646775, "params": {"C": 0.5546462475377089, "epsilon": 4.409064060983781, "gamma": 0.29104313236239954}, "datetime": {"datetime": "2021-07-20 19:38:21", "elapsed": 1022.373803, "delta": 1.537999}}
{"target": -58.8160694902049, "params": {"C": 6.128000576228949, "epsilon": 4.980617579130611, "gamma": 0.06343153428875689}, "datetime": {"datetime": "2021-07-20 19:38:31", "elapsed": 1032.390787, "delta": 10.016984}}
{"target": -13.01285952703858, "params": {"C": 17.86314957370663, "epsilon": 4.177608616164287, "gamma": 0.1799154665948076}, "datetime": {"datetime": "2021-07-20 19:38:33", "elapsed": 1034.116443, "delta": 1.725656}}
{"target": -17.32750142002676, "params": {"C": 12.270408495477758, "epsilon": 0.1367099012758186, "gamma": 0.49315326397551335}, "datetime": {"datetime": "2021-07-20 19:38:34", "elapsed": 1035.715768, "delta": 1.599325}}
{"target": -11.348531919584026, "params": {"C": 23.76599021161583, "epsilon": 5.0982065554066756, "gamma": 0.009010408108378384}, "datetime": {"datetime": "2021-07-20 20:34:02", "elapsed": 0.0, "delta": 0.0}}
{"target": -11.04440317005956, "params": {"C": 18.60496576843279, "epsilon": 1.1979400575563688, "gamma": 0.017402812123960602}, "datetime": {"datetime": "2021-07-20 20:34:03", "elapsed": 0.668565, "delta": 0.668565}}
{"target": -72.47851727201213, "params": {"C": 13.38170951199519, "epsilon": 2.5498129438927246, "gamma": 0.04510584015499097}, "datetime": {"datetime": "2021-07-20 20:34:22", "elapsed": 19.95042, "delta": 19.281855}}
{"target": -58.44188045823107, "params": {"C": 29.246753030151062, "epsilon": 3.0505226979424047, "gamma": 0.07135497453610512}, "datetime": {"datetime": "2021-07-20 20:34:30", "elapsed": 27.512191, "delta": 7.561771}}
{"target": -11.211639804055462, "params": {"C": 14.200351237918284, "epsilon": 6.171198567458429, "gamma": 0.011492270981011281}, "datetime": {"datetime": "2021-07-20 20:34:30", "elapsed": 28.109109, "delta": 0.596918}}
{"target": -67.32640274314583, "params": {"C": 35.1710379580281, "epsilon": 3.0376726560964635, "gamma": 0.05984077438856341}, "datetime": {"datetime": "2021-07-20 20:34:42", "elapsed": 39.965018, "delta": 11.855909}}
{"target": -11.268366026913345, "params": {"C": 11.317412236785518, "epsilon": 1.5470901257771756, "gamma": 0.08186775574947384}, "datetime": {"datetime": "2021-07-20 20:34:43", "elapsed": 40.486526, "delta": 0.521508}}
{"target": -11.209482060892952, "params": {"C": 48.57177090737289, "epsilon": 2.3312844114828515, "gamma": 0.07200135802590758}, "datetime": {"datetime": "2021-07-20 20:34:43", "elapsed": 41.065489, "delta": 0.578963}}
{"target": -75.54525738852576, "params": {"C": 44.43751185332172, "epsilon": 6.283325311826162, "gamma": 0.01673902323464979}, "datetime": {"datetime": "2021-07-20 20:34:55", "elapsed": 52.600989, "delta": 11.5355}}
{"target": -11.512291238874088, "params": {"C": 6.757465245479706, "epsilon": 1.3548468530390685, "gamma": 0.0889109678120766}, "datetime": {"datetime": "2021-07-20 20:34:55", "elapsed": 53.140103, "delta": 0.539114}}
{"target": -57.175404774180635, "params": {"C": 21.912817134395002, "epsilon": 5.5711740381769745, "gamma": 0.07947466809067116}, "datetime": {"datetime": "2021-07-20 20:35:08", "elapsed": 65.436993, "delta": 12.29689}}
{"target": -76.08494889133445, "params": {"C": 28.95340641428378, "epsilon": 5.5542112598598425, "gamma": 0.02491587950504806}, "datetime": {"datetime": "2021-07-20 20:35:19", "elapsed": 76.935122, "delta": 11.498129}}
{"target": -11.143461402790397, "params": {"C": 31.813000027819346, "epsilon": 1.9749693764445448, "gamma": 0.07695233499755495}, "datetime": {"datetime": "2021-07-20 20:35:20", "elapsed": 77.57354, "delta": 0.638418}}
{"target": -11.34318011550208, "params": {"C": 15.238169060210126, "epsilon": 1.2580119822398785, "gamma": 0.09520461404802223}, "datetime": {"datetime": "2021-07-20 20:35:20", "elapsed": 78.209071, "delta": 0.635531}}
{"target": -75.51547759434328, "params": {"C": 37.68152233465491, "epsilon": 5.1545616941847054, "gamma": 0.026716610873987044}, "datetime": {"datetime": "2021-07-20 20:35:32", "elapsed": 90.233428, "delta": 12.024357}}
{"target": -68.98931770413512, "params": {"C": 26.161101080423357, "epsilon": 3.079750437282906, "gamma": 0.05194405299793092}, "datetime": {"datetime": "2021-07-20 20:35:44", "elapsed": 101.810882, "delta": 11.577454}}
{"target": -66.11467068896249, "params": {"C": 47.99505089935379, "epsilon": 4.715685627725924, "gamma": 0.0518355782335556}, "datetime": {"datetime": "2021-07-20 20:35:55", "elapsed": 113.106005, "delta": 11.295123}}
{"target": -49.950235299651794, "params": {"C": 26.992972529368398, "epsilon": 5.920014981379463, "gamma": 0.09809522789117653}, "datetime": {"datetime": "2021-07-20 20:36:10", "elapsed": 127.414556, "delta": 14.308551}}
{"target": -53.28132456674618, "params": {"C": 19.511274174658407, "epsilon": 5.39204105168571, "gamma": 0.08698351156749014}, "datetime": {"datetime": "2021-07-20 20:36:22", "elapsed": 140.040481, "delta": 12.625925}}
{"target": -53.49818429408035, "params": {"C": 43.47263180219613, "epsilon": 5.0915939750894665, "gamma": 0.09198935404850454}, "datetime": {"datetime": "2021-07-20 20:36:34", "elapsed": 151.791183, "delta": 11.750702}}
{"target": -68.93750522600999, "params": {"C": 35.47001868204464, "epsilon": 3.925795090385427, "gamma": 0.04387203420962214}, "datetime": {"datetime": "2021-07-20 20:36:53", "elapsed": 171.318216, "delta": 19.527033}}
{"target": -74.64862821610753, "params": {"C": 11.33402454513884, "epsilon": 1.147780986908288, "gamma": 0.0378317403784605}, "datetime": {"datetime": "2021-07-20 20:37:06", "elapsed": 183.517927, "delta": 12.199711}}
{"target": -11.003455608065323, "params": {"C": 17.330021045786204, "epsilon": 5.397569146014789, "gamma": 0.015085219655088668}, "datetime": {"datetime": "2021-07-20 20:37:07", "elapsed": 184.579941, "delta": 1.062014}}
{"target": -74.42800436550193, "params": {"C": 47.269830171137976, "epsilon": 6.659653575185766, "gamma": 0.03440095956041338}, "datetime": {"datetime": "2021-07-20 20:37:24", "elapsed": 201.620241, "delta": 17.0403}}
{"target": -10.728162047388471, "params": {"C": 31.91909082776412, "epsilon": 0.9663739897046031, "gamma": 0.01962675338128293}, "datetime": {"datetime": "2021-07-20 20:37:24", "elapsed": 202.347576, "delta": 0.727335}}
{"target": -59.92226163434245, "params": {"C": 32.613109732304764, "epsilon": 3.9902648903598847, "gamma": 0.06847822974746197}, "datetime": {"datetime": "2021-07-20 20:37:38", "elapsed": 216.208309, "delta": 13.860733}}
{"target": -11.386757570884571, "params": {"C": 5.756569926316807, "epsilon": 1.9568264915842577, "gamma": 0.08185320821817788}, "datetime": {"datetime": "2021-07-20 20:37:39", "elapsed": 217.120463, "delta": 0.912154}}
{"target": -56.139761118277, "params": {"C": 19.054671720317263, "epsilon": 3.9145568529778414, "gamma": 0.0842350019300748}, "datetime": {"datetime": "2021-07-20 20:37:58", "elapsed": 235.808896, "delta": 18.688433}}
{"target": -10.975104215818613, "params": {"C": 25.87827331135672, "epsilon": 1.1237684917562154, "gamma": 0.06062733075745132}, "datetime": {"datetime": "2021-07-20 20:37:59", "elapsed": 236.570189, "delta": 0.761293}}
{"target": -51.338704102657786, "params": {"C": 46.01306515941625, "epsilon": 4.434186998177784, "gamma": 0.0972046403084253}, "datetime": {"datetime": "2021-07-20 20:38:13", "elapsed": 250.732382, "delta": 14.162193}}
{"target": -59.69860761350155, "params": {"C": 41.18206120661754, "epsilon": 2.362124584915469, "gamma": 0.06419417713700647}, "datetime": {"datetime": "2021-07-20 20:38:25", "elapsed": 263.094466, "delta": 12.362084}}
{"target": -11.134982866193333, "params": {"C": 15.351883183094, "epsilon": 0.6405503592314231, "gamma": 0.07304995391502786}, "datetime": {"datetime": "2021-07-20 20:38:26", "elapsed": 263.739837, "delta": 0.645371}}
{"target": -54.27358904426667, "params": {"C": 43.61393237695232, "epsilon": 6.003023706812388, "gamma": 0.08927885642832928}, "datetime": {"datetime": "2021-07-20 20:38:37", "elapsed": 275.13659, "delta": 11.396753}}
{"target": -71.39591856339639, "params": {"C": 31.931009054443173, "epsilon": 0.9828928800993928, "gamma": 0.04623458388127785}, "datetime": {"datetime": "2021-07-20 20:38:57", "elapsed": 294.75717, "delta": 19.62058}}
{"target": -71.88069291252371, "params": {"C": 42.76417894397547, "epsilon": 3.0458712551952964, "gamma": 0.03594413698103229}, "datetime": {"datetime": "2021-07-20 20:39:10", "elapsed": 307.493274, "delta": 12.736104}}
{"target": -55.87552831570859, "params": {"C": 18.865813537978596, "epsilon": 6.029915352254573, "gamma": 0.078587673058868}, "datetime": {"datetime": "2021-07-20 20:39:23", "elapsed": 321.18253, "delta": 13.689256}}
{"target": -79.37497262627808, "params": {"C": 19.735514477625635, "epsilon": 3.9494952158205545, "gamma": 0.029299181742236037}, "datetime": {"datetime": "2021-07-20 20:39:36", "elapsed": 333.510604, "delta": 12.328074}}
{"target": -11.666734006645306, "params": {"C": 6.934639877839964, "epsilon": 3.021068094728879, "gamma": 0.009481533144007145}, "datetime": {"datetime": "2021-07-20 20:39:36", "elapsed": 334.309974, "delta": 0.79937}}
{"target": -69.70510844327531, "params": {"C": 10.16152983708313, "epsilon": 4.500878389149325, "gamma": 0.04630560064535307}, "datetime": {"datetime": "2021-07-20 20:39:48", "elapsed": 346.114554, "delta": 11.80458}}
{"target": -59.01356190001326, "params": {"C": 11.230385409449491, "epsilon": 3.176274779922199, "gamma": 0.07225163296847073}, "datetime": {"datetime": "2021-07-20 20:39:59", "elapsed": 356.556306, "delta": 10.441752}}
{"target": -66.8126370349906, "params": {"C": 14.82192456019424, "epsilon": 5.241346404702402, "gamma": 0.057719392043652576}, "datetime": {"datetime": "2021-07-20 20:40:10", "elapsed": 368.280906, "delta": 11.7246}}
{"target": -75.48409683620419, "params": {"C": 9.644057060487572, "epsilon": 0.5886123017548641, "gamma": 0.0426377931172039}, "datetime": {"datetime": "2021-07-20 20:40:27", "elapsed": 384.806532, "delta": 16.525626}}
{"target": -10.941977626280774, "params": {"C": 24.661202314558366, "epsilon": 1.5156130340614946, "gamma": 0.015894698281561478}, "datetime": {"datetime": "2021-07-20 20:40:28", "elapsed": 385.464493, "delta": 0.657961}}
{"target": -66.52511912769107, "params": {"C": 6.897737598749876, "epsilon": 0.9944998069978259, "gamma": 0.05466051811572235}, "datetime": {"datetime": "2021-07-20 20:40:38", "elapsed": 395.774707, "delta": 10.310214}}
{"target": -57.30176003638735, "params": {"C": 28.421219429869712, "epsilon": 5.8210849697197675, "gamma": 0.08083357271207997}, "datetime": {"datetime": "2021-07-20 20:40:48", "elapsed": 406.214374, "delta": 10.439667}}
{"target": -11.181864570392246, "params": {"C": 13.914463345519502, "epsilon": 2.6053182377955153, "gamma": 0.08908334203873695}, "datetime": {"datetime": "2021-07-20 20:40:49", "elapsed": 406.906904, "delta": 0.69253}}
{"target": -72.63539242152159, "params": {"C": 39.32815049069381, "epsilon": 3.3840357067115936, "gamma": 0.02683603435285009}, "datetime": {"datetime": "2021-07-20 20:41:00", "elapsed": 417.38886, "delta": 10.481956}}
{"target": -11.022014719008965, "params": {"C": 42.52467818294779, "epsilon": 1.0433856985599532, "gamma": 0.012294042055428335}, "datetime": {"datetime": "2021-07-20 20:41:00", "elapsed": 418.129723, "delta": 0.740863}}
{"target": -67.79944810136502, "params": {"C": 27.263195275062415, "epsilon": 6.0021118099865145, "gamma": 0.012557194491092497}, "datetime": {"datetime": "2021-07-20 20:41:10", "elapsed": 428.070409, "delta": 9.940686}}
{"target": -76.1951860741397, "params": {"C": 16.46271548127131, "epsilon": 5.949332704956682, "gamma": 0.020889769881978534}, "datetime": {"datetime": "2021-07-20 20:41:21", "elapsed": 438.383392, "delta": 10.312983}}
{"target": -11.783436611100688, "params": {"C": 38.96162767712969, "epsilon": 1.8073603988074871, "gamma": 0.0886423360260709}, "datetime": {"datetime": "2021-07-20 20:41:21", "elapsed": 439.042738, "delta": 0.659346}}
{"target": -53.18077150525766, "params": {"C": 5.698761703321778, "epsilon": 5.474178899844135, "gamma": 0.09282355017391326}, "datetime": {"datetime": "2021-07-20 20:41:31", "elapsed": 449.346594, "delta": 10.303856}}
{"target": -54.94793375123348, "params": {"C": 41.48913741933745, "epsilon": 5.281273248033133, "gamma": 0.08994713875851404}, "datetime": {"datetime": "2021-07-20 20:41:42", "elapsed": 460.288956, "delta": 10.942362}}
{"target": -11.913892890278884, "params": {"C": 31.837950853835277, "epsilon": 3.3680529390586345, "gamma": 0.09896893124106466}, "datetime": {"datetime": "2021-07-20 20:41:43", "elapsed": 461.032954, "delta": 0.743998}}
{"target": -73.66619775329372, "params": {"C": 17.090498710791003, "epsilon": 4.709528565491928, "gamma": 0.04628566867867849}, "datetime": {"datetime": "2021-07-20 20:42:02", "elapsed": 480.175251, "delta": 19.142297}}
{"target": -76.8760860789781, "params": {"C": 8.758105001156604, "epsilon": 1.5754269906803857, "gamma": 0.036101873743682525}, "datetime": {"datetime": "2021-07-20 20:42:21", "elapsed": 498.421126, "delta": 18.245875}}
{"target": -11.229182094151817, "params": {"C": 7.996719074591693, "epsilon": 3.658593301775361, "gamma": 0.01884791645270449}, "datetime": {"datetime": "2021-07-20 20:42:21", "elapsed": 499.208841, "delta": 0.787715}}
{"target": -65.05242206097194, "params": {"C": 21.148848142804567, "epsilon": 1.0994222131270093, "gamma": 0.04940693538671352}, "datetime": {"datetime": "2021-07-20 20:42:33", "elapsed": 511.201528, "delta": 11.992687}}
{"target": -61.5258357813791, "params": {"C": 34.48900016720542, "epsilon": 1.895266216840167, "gamma": 0.06749939445200716}, "datetime": {"datetime": "2021-07-20 20:42:45", "elapsed": 523.338549, "delta": 12.137021}}
{"target": -52.01258762642168, "params": {"C": 49.63836279655678, "epsilon": 6.032960484673455, "gamma": 0.09132607444802487}, "datetime": {"datetime": "2021-07-20 20:42:58", "elapsed": 535.614474, "delta": 12.275925}}
{"target": -73.01674829055715, "params": {"C": 25.48390740116629, "epsilon": 3.658218537302801, "gamma": 0.03107253760026866}, "datetime": {"datetime": "2021-07-20 20:43:10", "elapsed": 547.468879, "delta": 11.854405}}
{"target": -11.557413336220801, "params": {"C": 6.899176225379705, "epsilon": 4.67195492112773, "gamma": 0.09919647406380148}, "datetime": {"datetime": "2021-07-20 20:43:10", "elapsed": 548.224052, "delta": 0.755173}}
{"target": -11.534784324522281, "params": {"C": 7.640812585047248, "epsilon": 0.29248074541900637, "gamma": 0.08782965657347737}, "datetime": {"datetime": "2021-07-20 20:43:11", "elapsed": 548.991052, "delta": 0.767}}
{"target": -51.81211907230639, "params": {"C": 9.888779309644894, "epsilon": 5.744806040516417, "gamma": 0.09769129302476738}, "datetime": {"datetime": "2021-07-20 20:43:23", "elapsed": 560.794142, "delta": 11.80309}}
{"target": -71.34753586570102, "params": {"C": 44.2286150822586, "epsilon": 1.4144471692803358, "gamma": 0.047109544372469836}, "datetime": {"datetime": "2021-07-20 20:43:43", "elapsed": 580.480475, "delta": 19.686333}}
{"target": -11.093583597075611, "params": {"C": 8.236046952232709, "epsilon": 1.2615292600035732, "gamma": 0.07065093679275815}, "datetime": {"datetime": "2021-07-20 20:43:43", "elapsed": 581.224853, "delta": 0.744378}}
{"target": -61.745113047126765, "params": {"C": 33.234863209620656, "epsilon": 2.185193332684299, "gamma": 0.06213289627867767}, "datetime": {"datetime": "2021-07-20 20:43:51", "elapsed": 589.3145, "delta": 8.089647}}
{"target": -66.17730869791333, "params": {"C": 30.539847229165513, "epsilon": 2.0722125445293966, "gamma": 0.055632141921068044}, "datetime": {"datetime": "2021-07-20 20:44:04", "elapsed": 601.512138, "delta": 12.197638}}
{"target": -74.12166957137181, "params": {"C": 47.86404940910069, "epsilon": 1.890373105644958, "gamma": 0.013971257750045181}, "datetime": {"datetime": "2021-07-20 20:44:15", "elapsed": 613.164627, "delta": 11.652489}}
{"target": -57.4904632682966, "params": {"C": 16.578580005931762, "epsilon": 5.242248862075311, "gamma": 0.06915295721513133}, "datetime": {"datetime": "2021-07-20 20:44:27", "elapsed": 625.263702, "delta": 12.099075}}
{"target": -74.5244775976597, "params": {"C": 5.765474576484241, "epsilon": 2.194591674359914, "gamma": 0.03735557680728512}, "datetime": {"datetime": "2021-07-20 20:44:46", "elapsed": 643.589433, "delta": 18.325731}}
{"target": -78.38916274714727, "params": {"C": 8.881166302458045, "epsilon": 3.921000011093864, "gamma": 0.0221978664877375}, "datetime": {"datetime": "2021-07-20 20:44:58", "elapsed": 655.697341, "delta": 12.107908}}
{"target": -56.69556708301633, "params": {"C": 19.824999262660377, "epsilon": 5.050742799923253, "gamma": 0.07096479796267793}, "datetime": {"datetime": "2021-07-20 20:45:10", "elapsed": 667.721669, "delta": 12.024328}}
{"target": -10.899782091791437, "params": {"C": 49.00850899313632, "epsilon": 1.2283007510591488, "gamma": 0.01987869145288281}, "datetime": {"datetime": "2021-07-20 20:45:11", "elapsed": 668.642815, "delta": 0.921146}}
{"target": -10.783452462649489, "params": {"C": 23.27580541082644, "epsilon": 0.8777189736498492, "gamma": 0.02501146245365822}, "datetime": {"datetime": "2021-07-20 20:45:12", "elapsed": 669.441438, "delta": 0.798623}}
{"target": -66.96200671745713, "params": {"C": 13.309780131192138, "epsilon": 6.295332524394219, "gamma": 0.0564855581194987}, "datetime": {"datetime": "2021-07-20 20:45:23", "elapsed": 681.362646, "delta": 11.921208}}
{"target": -77.1668765930691, "params": {"C": 14.779787208064775, "epsilon": 2.115806994955287, "gamma": 0.035432457467345246}, "datetime": {"datetime": "2021-07-20 20:45:35", "elapsed": 693.271637, "delta": 11.908991}}
{"target": -11.43952035712021, "params": {"C": 11.899288404248841, "epsilon": 0.30344564492787385, "gamma": 0.09634723369879492}, "datetime": {"datetime": "2021-07-20 20:45:36", "elapsed": 694.109467, "delta": 0.83783}}
{"target": -68.94294399704725, "params": {"C": 27.75751090904356, "epsilon": 6.931651867032612, "gamma": 0.045622764122503115}, "datetime": {"datetime": "2021-07-20 20:45:56", "elapsed": 713.828648, "delta": 19.719181}}
{"target": -56.33572467286718, "params": {"C": 42.00037050252134, "epsilon": 3.4407082096966723, "gamma": 0.07510716219116474}, "datetime": {"datetime": "2021-07-20 20:46:08", "elapsed": 725.966179, "delta": 12.137531}}
{"target": -63.714459140370295, "params": {"C": 25.62520323290646, "epsilon": 6.79111480050065, "gamma": 0.06078300997411355}, "datetime": {"datetime": "2021-07-20 20:46:20", "elapsed": 737.465276, "delta": 11.499097}}
{"target": -78.97332059944439, "params": {"C": 22.69413707592111, "epsilon": 4.84583409882908, "gamma": 0.021575744906974816}, "datetime": {"datetime": "2021-07-20 20:46:31", "elapsed": 749.159145, "delta": 11.693869}}
{"target": -11.402515771179408, "params": {"C": 11.051042688642283, "epsilon": 6.58273562947395, "gamma": 0.009861882129609367}, "datetime": {"datetime": "2021-07-20 20:46:32", "elapsed": 750.010794, "delta": 0.851649}}
