{"target": -36.80765741375051, "params": {"C": 13.364698414945464, "epsilon": 24.465295860746632, "gamma": 0.48467407150022757}, "datetime": {"datetime": "2021-07-20 20:09:22", "elapsed": 3196.045701, "delta": 9.431701}}
{"target": -36.87394251148628, "params": {"C": 9.288379032625077, "epsilon": 14.809470278658495, "gamma": 0.4973921048823248}, "datetime": {"datetime": "2021-07-20 20:09:32", "elapsed": 3205.120781, "delta": 9.07508}}
{"target": -38.526496739860576, "params": {"C": 27.915461141353024, "epsilon": 27.875512162930328, "gamma": 0.44528579175146477}, "datetime": {"datetime": "2021-07-20 20:09:41", "elapsed": 3214.219288, "delta": 9.098507}}
{"target": -59.02556124985195, "params": {"C": 13.236795675085645, "epsilon": 24.72891283208998, "gamma": 0.1956542687674992}, "datetime": {"datetime": "2021-07-20 20:09:50", "elapsed": 3223.858829, "delta": 9.639541}}
{"target": -55.355982295211426, "params": {"C": 28.082654097675338, "epsilon": 24.044470996319962, "gamma": 0.20555024076707312}, "datetime": {"datetime": "2021-07-20 20:10:00", "elapsed": 3233.201288, "delta": 9.342459}}
{"target": -47.19906924972843, "params": {"C": 6.963718906942185, "epsilon": 27.266770866376383, "gamma": 0.30098305100411754}, "datetime": {"datetime": "2021-07-20 20:10:09", "elapsed": 3242.539802, "delta": 9.338514}}
{"target": -76.74419603957296, "params": {"C": 19.36467096128143, "epsilon": 26.876996224370753, "gamma": 0.12415997500222505}, "datetime": {"datetime": "2021-07-20 20:10:24", "elapsed": 3257.697733, "delta": 15.157931}}
{"target": -37.678927669463455, "params": {"C": 20.158217663618196, "epsilon": 23.226342969254414, "gamma": 0.4763988277464661}, "datetime": {"datetime": "2021-07-20 20:10:34", "elapsed": 3267.162713, "delta": 9.46498}}
{"target": -37.71215947642375, "params": {"C": 11.32215202599048, "epsilon": 9.92458417870424, "gamma": 0.4167752523919264}, "datetime": {"datetime": "2021-07-20 20:10:43", "elapsed": 3276.545875, "delta": 9.383162}}
{"target": -41.435712678066686, "params": {"C": 9.569475885453695, "epsilon": 16.566649032719962, "gamma": 0.33127055987946746}, "datetime": {"datetime": "2021-07-20 20:10:52", "elapsed": 3285.913086, "delta": 9.367211}}
{"target": -75.23051588028905, "params": {"C": 27.744448407237886, "epsilon": 21.06671230209, "gamma": 0.11234140051334095}, "datetime": {"datetime": "2021-07-20 20:11:02", "elapsed": 3295.521441, "delta": 9.608355}}
{"target": -37.869392346857154, "params": {"C": 11.52093543494333, "epsilon": 18.54762235152667, "gamma": 0.45284457663309857}, "datetime": {"datetime": "2021-07-20 20:11:09", "elapsed": 3302.156369, "delta": 6.634928}}
{"target": -15.50393017772587, "params": {"C": 20.212043138290817, "epsilon": 5.849520627707638, "gamma": 0.48424005243623236}, "datetime": {"datetime": "2021-07-20 20:11:10", "elapsed": 3303.636632, "delta": 1.480263}}
{"target": -14.187334479638794, "params": {"C": 4.920249516593625, "epsilon": 3.0609402732710373, "gamma": 0.2996834565671807}, "datetime": {"datetime": "2021-07-20 20:11:11", "elapsed": 3304.987557, "delta": 1.350925}}
{"target": -46.412423649207064, "params": {"C": 4.388840330872482, "epsilon": 10.948655426423114, "gamma": 0.25894998929636454}, "datetime": {"datetime": "2021-07-20 20:11:21", "elapsed": 3314.355052, "delta": 9.367495}}
{"target": -35.855315104402, "params": {"C": 27.99875572498436, "epsilon": 23.62183976133943, "gamma": 0.4445120104412728}, "datetime": {"datetime": "2021-07-20 20:11:30", "elapsed": 3323.701986, "delta": 9.346934}}
{"target": -58.869130667865285, "params": {"C": 2.8123311105193998, "epsilon": 16.09754677074573, "gamma": 0.18697558896851774}, "datetime": {"datetime": "2021-07-20 20:11:40", "elapsed": 3333.160479, "delta": 9.458493}}
{"target": -44.66518605956723, "params": {"C": 12.476375296691765, "epsilon": 12.597009551616958, "gamma": 0.27903853893559993}, "datetime": {"datetime": "2021-07-20 20:11:49", "elapsed": 3342.373311, "delta": 9.212832}}
{"target": -15.357500500299903, "params": {"C": 25.652851861193632, "epsilon": 0.6905745310312683, "gamma": 0.4346233482705839}, "datetime": {"datetime": "2021-07-20 20:11:50", "elapsed": 3343.9084, "delta": 1.535089}}
{"target": -39.48821908573342, "params": {"C": 6.704122007844587, "epsilon": 19.420721589572718, "gamma": 0.36534612277988693}, "datetime": {"datetime": "2021-07-20 20:12:00", "elapsed": 3353.373407, "delta": 9.465007}}
{"target": -15.42171461279612, "params": {"C": 22.879658739304343, "epsilon": 7.659965905636338, "gamma": 0.4705593413183335}, "datetime": {"datetime": "2021-07-20 20:12:02", "elapsed": 3355.192727, "delta": 1.81932}}
{"target": -52.480857645147516, "params": {"C": 20.253866341296487, "epsilon": 12.575826230968296, "gamma": 0.19111381737248578}, "datetime": {"datetime": "2021-07-20 20:12:12", "elapsed": 3365.414764, "delta": 10.222037}}
{"target": -45.040544604625474, "params": {"C": 25.5442491946954, "epsilon": 6.820626108128823, "gamma": 0.29776309658835093}, "datetime": {"datetime": "2021-07-20 20:12:21", "elapsed": 3374.904365, "delta": 9.489601}}
{"target": -37.93468100098575, "params": {"C": 8.062767193841436, "epsilon": 16.68633694602464, "gamma": 0.4079481676311569}, "datetime": {"datetime": "2021-07-20 20:12:31", "elapsed": 3384.2453, "delta": 9.340935}}
{"target": -44.246535564692216, "params": {"C": 24.95400165504625, "epsilon": 20.191489871214472, "gamma": 0.29292891213990624}, "datetime": {"datetime": "2021-07-20 20:12:40", "elapsed": 3393.608297, "delta": 9.362997}}
{"target": -55.37525775393091, "params": {"C": 5.393820442819738, "epsilon": 25.026326691504227, "gamma": 0.19588311440784206}, "datetime": {"datetime": "2021-07-20 20:12:50", "elapsed": 3403.21797, "delta": 9.609673}}
{"target": -71.74728408817565, "params": {"C": 27.953517557523913, "epsilon": 15.624004125320889, "gamma": 0.115044957902908}, "datetime": {"datetime": "2021-07-20 20:12:59", "elapsed": 3412.719527, "delta": 9.501557}}
{"target": -42.40082780150411, "params": {"C": 22.59554262997969, "epsilon": 18.77272218716338, "gamma": 0.3113819276056947}, "datetime": {"datetime": "2021-07-20 20:13:09", "elapsed": 3422.118437, "delta": 9.39891}}
{"target": -16.664135483018672, "params": {"C": 1.4372952688460152, "epsilon": 2.731061495893227, "gamma": 0.35650554766368914}, "datetime": {"datetime": "2021-07-20 20:13:10", "elapsed": 3423.585182, "delta": 1.466745}}
{"target": -12.06515213197676, "params": {"C": 3.022248612973853, "epsilon": 1.560193276103557, "gamma": 0.03384063189532983}, "datetime": {"datetime": "2021-07-20 20:13:12", "elapsed": 3425.151309, "delta": 1.566127}}
{"target": -96.271026369027, "params": {"C": 10.047411789824443, "epsilon": 22.70262345027549, "gamma": 0.061217623953909395}, "datetime": {"datetime": "2021-07-20 20:13:26", "elapsed": 3439.56534, "delta": 14.414031}}
{"target": -43.07313991606942, "params": {"C": 0.5546462475377089, "epsilon": 13.215999118008364, "gamma": 0.29141932996366743}, "datetime": {"datetime": "2021-07-20 20:13:36", "elapsed": 3449.274592, "delta": 9.709252}}
{"target": -93.63219923800722, "params": {"C": 6.128000576228949, "epsilon": 14.931803923736437, "gamma": 0.06421751472312401}, "datetime": {"datetime": "2021-07-20 20:13:53", "elapsed": 3466.239613, "delta": 16.965021}}
{"target": -57.16573005645799, "params": {"C": 17.86314957370663, "epsilon": 12.521169409285982, "gamma": 0.18049173400841967}, "datetime": {"datetime": "2021-07-20 20:14:03", "elapsed": 3476.457786, "delta": 10.218173}}
{"target": -15.418880333885134, "params": {"C": 12.270408495477758, "epsilon": 0.3903833773034835, "gamma": 0.49316559056567544}, "datetime": {"datetime": "2021-07-20 20:14:05", "elapsed": 3478.124613, "delta": 1.666827}}
{"target": -37.29276680880665, "params": {"C": 25.51492419750811, "epsilon": 21.61253155833032, "gamma": 0.004010979982465109}, "datetime": {"datetime": "2021-07-20 20:39:25", "elapsed": 0.0, "delta": 0.0}}
{"target": -11.435060802649929, "params": {"C": 20.69796805053727, "epsilon": 4.41120916560522, "gamma": 0.012864505097804589}, "datetime": {"datetime": "2021-07-20 20:39:26", "elapsed": 0.644581, "delta": 0.644581}}
{"target": -104.74140382327877, "params": {"C": 15.822928877862179, "epsilon": 10.373366204021002, "gamma": 0.042089677526144315}, "datetime": {"datetime": "2021-07-20 20:39:44", "elapsed": 19.168121, "delta": 18.52354}}
{"target": -90.64303244989229, "params": {"C": 30.63030282814099, "epsilon": 12.58164348695481, "gamma": 0.06978107203808892}, "datetime": {"datetime": "2021-07-20 20:40:00", "elapsed": 35.169993, "delta": 16.001872}}
{"target": -50.805002255246144, "params": {"C": 16.586994488723732, "epsilon": 26.344741917364452, "gamma": 0.006629208947000912}, "datetime": {"datetime": "2021-07-20 20:40:17", "elapsed": 51.992754, "delta": 16.822761}}
{"target": -97.28116998164825, "params": {"C": 36.159635427492894, "epsilon": 12.524971022990137, "gamma": 0.05763422353079216}, "datetime": {"datetime": "2021-07-20 20:40:33", "elapsed": 67.649026, "delta": 15.656272}}
{"target": -91.3038543930678, "params": {"C": 13.896251420999818, "epsilon": 5.9510636576555145, "gamma": 0.08087147859285153}, "datetime": {"datetime": "2021-07-20 20:40:49", "elapsed": 83.876002, "delta": 16.226976}}
{"target": -88.44841370669597, "params": {"C": 48.66698618021469, "epsilon": 9.409591102995693, "gamma": 0.07046297110425416}, "datetime": {"datetime": "2021-07-20 20:41:05", "elapsed": 100.097858, "delta": 16.221856}}
{"target": -64.71380912170605, "params": {"C": 44.80834439643361, "epsilon": 26.83925383848038, "gamma": 0.01216424429149868}, "datetime": {"datetime": "2021-07-20 20:41:15", "elapsed": 109.765315, "delta": 9.667457}}
{"target": -87.66090969628333, "params": {"C": 9.64030089578106, "epsilon": 5.103214282741421, "gamma": 0.08830168032922367}, "datetime": {"datetime": "2021-07-20 20:41:32", "elapsed": 126.26269, "delta": 16.497375}}
{"target": -90.56018168009649, "params": {"C": 20.79560856875544, "epsilon": 4.089966373814887, "gamma": 0.05789119944726466}, "datetime": {"datetime": "2021-07-20 20:41:49", "elapsed": 143.814488, "delta": 17.551798}}
{"target": -81.91803417663864, "params": {"C": 30.356512653331528, "epsilon": 23.623646423999514, "gamma": 0.020790378378951802}, "datetime": {"datetime": "2021-07-20 20:42:01", "elapsed": 155.947273, "delta": 12.132785}}
{"target": -84.40566463935887, "params": {"C": 33.02546669263139, "epsilon": 7.838136999937044, "gamma": 0.07568597977764038}, "datetime": {"datetime": "2021-07-20 20:42:20", "elapsed": 175.145984, "delta": 19.198711}}
{"target": -84.56297037267676, "params": {"C": 17.555624456196117, "epsilon": 4.67614402167264, "gamma": 0.09494113130340806}, "datetime": {"datetime": "2021-07-20 20:42:33", "elapsed": 188.140591, "delta": 12.994607}}
{"target": -84.77743721772872, "params": {"C": 38.50275417901125, "epsilon": 21.861074295382252, "gamma": 0.02269005103189842}, "datetime": {"datetime": "2021-07-20 20:42:45", "elapsed": 200.024341, "delta": 11.88375}}
{"target": -104.93414225051811, "params": {"C": 27.750361008395135, "epsilon": 12.710546413840344, "gamma": 0.04930361634946559}, "datetime": {"datetime": "2021-07-20 20:43:03", "elapsed": 217.57774, "delta": 17.553399}}
{"target": -93.90067096775073, "params": {"C": 48.128714172730206, "epsilon": 19.92550176110301, "gamma": 0.0491891814332015}, "datetime": {"datetime": "2021-07-20 20:43:21", "elapsed": 235.629882, "delta": 18.052142}}
{"target": -85.01080599395297, "params": {"C": 28.526774360743836, "epsilon": 25.236948425230896, "gamma": 0.09799057008299941}, "datetime": {"datetime": "2021-07-20 20:43:40", "elapsed": 254.746509, "delta": 19.116627}}
{"target": -84.63084832892139, "params": {"C": 21.543855896347846, "epsilon": 22.908428108831536, "gamma": 0.08626831989537422}, "datetime": {"datetime": "2021-07-20 20:43:59", "elapsed": 273.481123, "delta": 18.734614}}
{"target": -81.8260506674949, "params": {"C": 43.907789682049724, "epsilon": 21.583368134254865, "gamma": 0.09154920866655425}, "datetime": {"datetime": "2021-07-20 20:44:18", "elapsed": 292.644065, "delta": 19.162942}}
{"target": -93.76108941117526, "params": {"C": 36.438684103241656, "epsilon": 16.44185217068514, "gamma": 0.04078808004531566}, "datetime": {"datetime": "2021-07-20 20:44:36", "elapsed": 310.566988, "delta": 17.922923}}
{"target": -10.384195896508858, "params": {"C": 13.911756242129584, "epsilon": 4.1899929113793455, "gamma": 0.03441590193771657}, "datetime": {"datetime": "2021-07-20 20:44:37", "elapsed": 311.247358, "delta": 0.68037}}
{"target": -63.92704877071992, "params": {"C": 19.508019642733792, "epsilon": 22.932808630732875, "gamma": 0.010419572383390242}, "datetime": {"datetime": "2021-07-20 20:44:48", "elapsed": 322.791801, "delta": 11.544443}}
{"target": -91.4184973933951, "params": {"C": 47.45184149306211, "epsilon": 28.498972164679575, "gamma": 0.03079661667911741}, "datetime": {"datetime": "2021-07-20 20:45:00", "elapsed": 334.851506, "delta": 12.059705}}
{"target": -11.113661575726749, "params": {"C": 33.12448477257985, "epsilon": 3.389934698711918, "gamma": 0.015210640929705069}, "datetime": {"datetime": "2021-07-20 20:45:01", "elapsed": 335.598059, "delta": 0.746553}}
{"target": -96.843627593709, "params": {"C": 33.77223575015111, "epsilon": 16.726182950278375, "gamma": 0.06674626434897087}, "datetime": {"datetime": "2021-07-20 20:45:18", "elapsed": 352.712289, "delta": 17.11423}}
{"target": -92.8872527135697, "params": {"C": 8.70613193122902, "epsilon": 7.7581215415605715, "gamma": 0.08085613174664918}, "datetime": {"datetime": "2021-07-20 20:45:37", "elapsed": 371.97194, "delta": 19.259651}}
{"target": -93.72386666884435, "params": {"C": 21.117693605629448, "epsilon": 16.392288238353746, "gamma": 0.08336879324491407}, "datetime": {"datetime": "2021-07-20 20:45:57", "elapsed": 391.208843, "delta": 19.236903}}
{"target": -96.69991367546949, "params": {"C": 27.486388423932937, "epsilon": 4.084090745260132, "gamma": 0.058463997282586}, "datetime": {"datetime": "2021-07-20 20:46:08", "elapsed": 402.991277, "delta": 11.782434}}
{"target": -79.23019850894923, "params": {"C": 46.27886081545517, "epsilon": 18.684010011081142, "gamma": 0.09705104911658054}, "datetime": {"datetime": "2021-07-20 20:46:27", "elapsed": 421.888841, "delta": 18.897564}}
{"target": -97.86219712148649, "params": {"C": 41.76992379284304, "epsilon": 9.545605338472782, "gamma": 0.06222682423244638}, "datetime": {"datetime": "2021-07-20 20:46:46", "elapsed": 440.736909, "delta": 18.848068}}
{"target": -95.11932665231407, "params": {"C": 17.6617576375544, "epsilon": 1.952956657845644, "gamma": 0.07156918215211731}, "datetime": {"datetime": "2021-07-20 20:46:58", "elapsed": 452.64772, "delta": 11.910811}}
{"target": -81.29844510751333, "params": {"C": 44.03967021848883, "epsilon": 25.603041318721104, "gamma": 0.08868978260571002}, "datetime": {"datetime": "2021-07-20 20:47:18", "elapsed": 472.320424, "delta": 19.672704}}
{"target": -95.15211063338803, "params": {"C": 33.13560845081363, "epsilon": 3.4627878638501155, "gamma": 0.04328044013849092}, "datetime": {"datetime": "2021-07-20 20:47:29", "elapsed": 483.6559, "delta": 11.335476}}
{"target": -94.30538711250118, "params": {"C": 43.246567014377106, "epsilon": 12.561129256368666, "gamma": 0.0324245840679022}, "datetime": {"datetime": "2021-07-20 20:47:41", "elapsed": 495.821544, "delta": 12.165644}}
{"target": -87.45588393558457, "params": {"C": 20.94142596878002, "epsilon": 25.721641384428626, "gamma": 0.07741117157858603}, "datetime": {"datetime": "2021-07-20 20:48:00", "elapsed": 514.979303, "delta": 19.157759}}
{"target": -90.68083779219191, "params": {"C": 21.753146845783927, "epsilon": 16.546376694479182, "gamma": 0.025414521398402848}, "datetime": {"datetime": "2021-07-20 20:48:18", "elapsed": 532.893547, "delta": 17.914244}}
{"target": -12.795014118964545, "params": {"C": 9.805663885983966, "epsilon": 12.45174002366457, "gamma": 0.004507991009062483}, "datetime": {"datetime": "2021-07-20 20:48:19", "elapsed": 533.656967, "delta": 0.76342}}
{"target": -103.08884068471689, "params": {"C": 12.817427847944256, "epsilon": 18.97813866038063, "gamma": 0.04335535892257027}, "datetime": {"datetime": "2021-07-20 20:48:38", "elapsed": 552.396079, "delta": 18.739112}}
{"target": -98.02048884762186, "params": {"C": 13.815026382152858, "epsilon": 13.136247154392168, "gamma": 0.07072699741728782}, "datetime": {"datetime": "2021-07-20 20:48:57", "elapsed": 571.860212, "delta": 19.464133}}
{"target": -99.0317918822791, "params": {"C": 17.167129589514623, "epsilon": 22.243820393680156, "gamma": 0.05539628171638074}, "datetime": {"datetime": "2021-07-20 20:49:16", "elapsed": 591.084273, "delta": 19.224061}}
{"target": -10.486134511620653, "params": {"C": 12.334453256455069, "epsilon": 1.723894548474761, "gamma": 0.039486023508259055}, "datetime": {"datetime": "2021-07-20 20:49:17", "elapsed": 591.797067, "delta": 0.712794}}
{"target": -11.42175627646718, "params": {"C": 26.35045549358781, "epsilon": 5.812240425221209, "gamma": 0.01127352785747145}, "datetime": {"datetime": "2021-07-20 20:49:18", "elapsed": 592.535439, "delta": 0.738372}}
{"target": -103.10508128901542, "params": {"C": 9.771221758833217, "epsilon": 3.5139778252742344, "gamma": 0.052169337792410383}, "datetime": {"datetime": "2021-07-20 20:49:36", "elapsed": 610.489339, "delta": 17.9539}}
{"target": -93.33267696734265, "params": {"C": 29.85980480121173, "epsilon": 24.80063797674939, "gamma": 0.0797804723116448}, "datetime": {"datetime": "2021-07-20 20:49:55", "elapsed": 629.706173, "delta": 19.216834}}
{"target": -83.44214407893745, "params": {"C": 16.320165789151535, "epsilon": 10.61816087521875, "gamma": 0.08848352566723898}, "datetime": {"datetime": "2021-07-20 20:50:14", "elapsed": 649.106615, "delta": 19.400442}}
{"target": -86.55330537865481, "params": {"C": 40.03960712464756, "epsilon": 14.052533947688335, "gamma": 0.022816036240369326}, "datetime": {"datetime": "2021-07-20 20:50:26", "elapsed": 660.806355, "delta": 11.69974}}
{"target": -52.59421692460794, "params": {"C": 43.02303297075127, "epsilon": 3.7295789852666164, "gamma": 0.007475033377155167}, "datetime": {"datetime": "2021-07-20 20:50:38", "elapsed": 672.49415, "delta": 11.687795}}
{"target": -52.28571798350651, "params": {"C": 28.778982256724923, "epsilon": 25.599019585514053, "gamma": 0.007752644737855821}, "datetime": {"datetime": "2021-07-20 20:50:50", "elapsed": 684.469516, "delta": 11.975366}}
{"target": -74.44311303010079, "params": {"C": 18.698534449186553, "epsilon": 25.36624820906631, "gamma": 0.016543053941427903}, "datetime": {"datetime": "2021-07-20 20:51:08", "elapsed": 702.436427, "delta": 17.966911}}
{"target": -83.33228604525908, "params": {"C": 39.69751916532104, "epsilon": 7.098932111799491, "gamma": 0.0880182885549759}, "datetime": {"datetime": "2021-07-20 20:51:28", "elapsed": 722.260689, "delta": 19.824262}}
{"target": -84.85222288665163, "params": {"C": 8.652177589766993, "epsilon": 23.27068017740083, "gamma": 0.0924292397439085}, "datetime": {"datetime": "2021-07-20 20:51:48", "elapsed": 742.44575, "delta": 20.185061}}
{"target": -83.46393665799138, "params": {"C": 42.05652825804829, "epsilon": 22.419909515957894, "gamma": 0.08939478374524558}, "datetime": {"datetime": "2021-07-20 20:52:07", "elapsed": 761.643609, "delta": 19.197859}}
{"target": -81.41256759035114, "params": {"C": 33.04875413024626, "epsilon": 13.98204524152477, "gamma": 0.09891227911145282}, "datetime": {"datetime": "2021-07-20 20:52:27", "elapsed": 782.090868, "delta": 20.447259}}
{"target": -98.61352637354564, "params": {"C": 19.284465463404935, "epsilon": 19.89834730575043, "gamma": 0.04333433179289159}, "datetime": {"datetime": "2021-07-20 20:52:47", "elapsed": 801.280121, "delta": 19.189253}}
{"target": -96.26207500322735, "params": {"C": 11.507564667746163, "epsilon": 6.076037566250702, "gamma": 0.0325909876856431}, "datetime": {"datetime": "2021-07-20 20:52:58", "elapsed": 813.130333, "delta": 11.850212}}
{"target": -73.60542932215742, "params": {"C": 10.796937802952247, "epsilon": 15.263413694153392, "gamma": 0.01438901076329265}, "datetime": {"datetime": "2021-07-20 20:53:17", "elapsed": 832.028447, "delta": 18.898114}}
{"target": -99.44309902408625, "params": {"C": 23.072258266617595, "epsilon": 3.9767164958351477, "gamma": 0.046627096671697774}, "datetime": {"datetime": "2021-07-20 20:53:29", "elapsed": 843.683831, "delta": 11.655384}}
{"target": -95.57566047301599, "params": {"C": 35.523066822725056, "epsilon": 7.486622623975972, "gamma": 0.06571364689442513}, "datetime": {"datetime": "2021-07-20 20:53:48", "elapsed": 862.387497, "delta": 18.703666}}
{"target": -86.73102775328803, "params": {"C": 49.66247194345299, "epsilon": 25.735071314023077, "gamma": 0.09084948513198228}, "datetime": {"datetime": "2021-07-20 20:54:08", "elapsed": 882.555625, "delta": 20.168128}}
{"target": -91.80362927706881, "params": {"C": 27.118313574421872, "epsilon": 15.261760872604558, "gamma": 0.02728531439149221}, "datetime": {"datetime": "2021-07-20 20:54:20", "elapsed": 894.747422, "delta": 12.191797}}
{"target": -79.29745546887116, "params": {"C": 9.772564477021058, "epsilon": 19.732636483032447, "gamma": 0.09915232428708728}, "datetime": {"datetime": "2021-07-20 20:54:40", "elapsed": 915.177743, "delta": 20.430321}}
{"target": -91.57336515205836, "params": {"C": 10.464758412710765, "epsilon": 0.417867287517059, "gamma": 0.08716095638520689}, "datetime": {"datetime": "2021-07-20 20:55:00", "elapsed": 934.988233, "delta": 19.81049}}
{"target": -79.62044501203417, "params": {"C": 12.562860689001901, "epsilon": 24.464225463983436, "gamma": 0.0975644409931612}, "datetime": {"datetime": "2021-07-20 20:55:20", "elapsed": 954.906934, "delta": 19.918701}}
{"target": -99.02028376799275, "params": {"C": 44.6133740767747, "epsilon": 5.366069206870187, "gamma": 0.04420347538194619}, "datetime": {"datetime": "2021-07-20 20:55:32", "elapsed": 966.878349, "delta": 11.971415}}
