{"target": -10.510557664680146, "params": {"C": 13.534297478464064, "epsilon": 5.3907118324943575, "gamma": 0.03127405830945664}, "datetime": {"datetime": "2021-07-20 23:08:25", "elapsed": 155.032994, "delta": 0.987926}}
{"target": -97.0740810962796, "params": {"C": 15.6368480835214, "epsilon": 5.816181505950759, "gamma": 0.03496463552376366}, "datetime": {"datetime": "2021-07-20 23:08:44", "elapsed": 173.631503, "delta": 18.598509}}
{"target": -97.87872114831595, "params": {"C": 14.088997289041721, "epsilon": 5.7987402643988695, "gamma": 0.034028952816469143}, "datetime": {"datetime": "2021-07-20 23:09:03", "elapsed": 192.539015, "delta": 18.907512}}
{"target": -10.304406297169594, "params": {"C": 16.69664779679311, "epsilon": 5.9639633197255515, "gamma": 0.034186971356112095}, "datetime": {"datetime": "2021-07-20 23:09:04", "elapsed": 193.270475, "delta": 0.73146}}
{"target": -99.44738595671737, "params": {"C": 16.384058611624436, "epsilon": 5.928387231087849, "gamma": 0.03532392389545926}, "datetime": {"datetime": "2021-07-20 23:09:22", "elapsed": 211.864342, "delta": 18.593867}}
{"target": -10.433106752183484, "params": {"C": 13.51155029677096, "epsilon": 5.3824744010705485, "gamma": 0.0325518899990169}, "datetime": {"datetime": "2021-07-20 23:09:23", "elapsed": 212.806106, "delta": 0.941764}}
{"target": -99.75340269880991, "params": {"C": 12.084063325146312, "epsilon": 5.4660169226383335, "gamma": 0.04200877058541393}, "datetime": {"datetime": "2021-07-20 23:09:51", "elapsed": 240.863194, "delta": 28.057088}}
{"target": -99.22393855881502, "params": {"C": 16.382196076816136, "epsilon": 5.920378333051861, "gamma": 0.036972689760455514}, "datetime": {"datetime": "2021-07-20 23:10:07", "elapsed": 256.758977, "delta": 15.895783}}
{"target": -97.84084477785771, "params": {"C": 13.536620729282543, "epsilon": 5.389903548667984, "gamma": 0.03637841253384282}, "datetime": {"datetime": "2021-07-20 23:10:24", "elapsed": 273.670599, "delta": 16.911622}}
{"target": -10.506704920057057, "params": {"C": 13.517865512659089, "epsilon": 5.381397517717709, "gamma": 0.03136466382289926}, "datetime": {"datetime": "2021-07-20 23:10:25", "elapsed": 274.748111, "delta": 1.077512}}
{"target": -97.36069138179208, "params": {"C": 16.69712695138161, "epsilon": 5.965470355220067, "gamma": 0.034262856907903365}, "datetime": {"datetime": "2021-07-20 23:10:44", "elapsed": 294.006794, "delta": 19.258683}}
{"target": -99.34404104694438, "params": {"C": 13.150209242566, "epsilon": 5.326646508624504, "gamma": 0.040557684711268326}, "datetime": {"datetime": "2021-07-20 23:11:03", "elapsed": 312.51786, "delta": 18.511066}}
{"target": -99.18650836180882, "params": {"C": 13.513208913245718, "epsilon": 5.379715244277831, "gamma": 0.03798241749126301}, "datetime": {"datetime": "2021-07-20 23:11:22", "elapsed": 331.968505, "delta": 19.450645}}
{"target": -10.323254571655657, "params": {"C": 16.69521031161721, "epsilon": 5.963179892498988, "gamma": 0.03647334701751535}, "datetime": {"datetime": "2021-07-20 23:11:23", "elapsed": 333.091185, "delta": 1.12268}}
{"target": -93.56544772278691, "params": {"C": 16.19601988266394, "epsilon": 5.5813275446677375, "gamma": 0.034441341260609715}, "datetime": {"datetime": "2021-07-20 23:11:43", "elapsed": 352.330999, "delta": 19.239814}}
{"target": -10.323061323352935, "params": {"C": 15.633165387070445, "epsilon": 5.807118864920781, "gamma": 0.03210913650808735}, "datetime": {"datetime": "2021-07-20 23:11:43", "elapsed": 353.149651, "delta": 0.818652}}
{"target": -10.328320127219413, "params": {"C": 15.647870352167665, "epsilon": 5.819357942206893, "gamma": 0.0322318673181085}, "datetime": {"datetime": "2021-07-20 23:11:45", "elapsed": 354.217586, "delta": 1.067935}}
{"target": -10.668244825434158, "params": {"C": 12.214959986426663, "epsilon": 5.578701327677176, "gamma": 0.030079373595166013}, "datetime": {"datetime": "2021-07-20 23:11:46", "elapsed": 355.297017, "delta": 1.079431}}
{"target": -10.324971954920667, "params": {"C": 15.633783573822546, "epsilon": 5.7987340049753815, "gamma": 0.032084382532802186}, "datetime": {"datetime": "2021-07-20 23:11:47", "elapsed": 356.463673, "delta": 1.166656}}
{"target": -10.29988402702358, "params": {"C": 16.698031918083878, "epsilon": 5.963482133338609, "gamma": 0.03293742184188886}, "datetime": {"datetime": "2021-07-20 23:11:48", "elapsed": 357.542551, "delta": 1.078878}}
{"target": -97.95736455085438, "params": {"C": 13.091324951132693, "epsilon": 5.813789619321431, "gamma": 0.038030669018184485}, "datetime": {"datetime": "2021-07-20 23:12:07", "elapsed": 376.842899, "delta": 19.300348}}
{"target": -99.55085685173793, "params": {"C": 12.516006340054174, "epsilon": 5.321147184891692, "gamma": 0.03554469117316548}, "datetime": {"datetime": "2021-07-20 23:12:26", "elapsed": 395.357102, "delta": 18.514203}}
{"target": -10.330791480508031, "params": {"C": 16.359838142707837, "epsilon": 5.93670660017598, "gamma": 0.03125238901280781}, "datetime": {"datetime": "2021-07-20 23:12:27", "elapsed": 396.293273, "delta": 0.936171}}
{"target": -10.333706043253184, "params": {"C": 15.632996627242576, "epsilon": 5.806030750449753, "gamma": 0.03195346887181555}, "datetime": {"datetime": "2021-07-20 23:12:28", "elapsed": 397.335006, "delta": 1.041733}}
{"target": -94.63688292424693, "params": {"C": 15.628972295648326, "epsilon": 5.8087037434647595, "gamma": 0.03578630132716088}, "datetime": {"datetime": "2021-07-20 23:12:43", "elapsed": 412.639518, "delta": 15.304512}}
{"target": -103.02808567233257, "params": {"C": 12.990495927279945, "epsilon": 5.534680754590114, "gamma": 0.04320055088550609}, "datetime": {"datetime": "2021-07-20 23:13:02", "elapsed": 431.403228, "delta": 18.76371}}
{"target": -10.293060899985482, "params": {"C": 15.814238943410423, "epsilon": 5.617133192475345, "gamma": 0.032940005662557705}, "datetime": {"datetime": "2021-07-20 23:13:03", "elapsed": 432.504641, "delta": 1.101413}}
{"target": -90.42301512270342, "params": {"C": 16.1694086869942, "epsilon": 5.369299662200466, "gamma": 0.030542973965180492}, "datetime": {"datetime": "2021-07-20 23:13:20", "elapsed": 449.613493, "delta": 17.108852}}
{"target": -10.358977780481164, "params": {"C": 15.814864248888817, "epsilon": 5.621933496978598, "gamma": 0.031519937335055}, "datetime": {"datetime": "2021-07-20 23:13:21", "elapsed": 450.756312, "delta": 1.142819}}
{"target": -10.459274697751951, "params": {"C": 13.27363505347459, "epsilon": 5.888752874642472, "gamma": 0.03195985217834811}, "datetime": {"datetime": "2021-07-20 23:13:22", "elapsed": 452.051122, "delta": 1.29481}}
{"target": -93.08897631707032, "params": {"C": 13.509817409840895, "epsilon": 5.3796541444592165, "gamma": 0.033459564028858434}, "datetime": {"datetime": "2021-07-20 23:13:40", "elapsed": 469.852127, "delta": 17.801005}}
{"target": -103.96594766697885, "params": {"C": 12.077640189257975, "epsilon": 5.838442471748203, "gamma": 0.043817068709985696}, "datetime": {"datetime": "2021-07-20 23:14:10", "elapsed": 500.109751, "delta": 30.257624}}
{"target": -100.30598645872037, "params": {"C": 16.054348602148607, "epsilon": 5.818017167438803, "gamma": 0.04334293496019462}, "datetime": {"datetime": "2021-07-20 23:14:28", "elapsed": 517.80312, "delta": 17.693369}}
{"target": -97.34090711892328, "params": {"C": 14.981994539315032, "epsilon": 5.615440899429738, "gamma": 0.0448300436111645}, "datetime": {"datetime": "2021-07-20 23:14:45", "elapsed": 534.562134, "delta": 16.759014}}
{"target": -97.35035873231605, "params": {"C": 13.343388745643445, "epsilon": 5.757479495169734, "gamma": 0.03614598934263931}, "datetime": {"datetime": "2021-07-20 23:15:02", "elapsed": 551.498528, "delta": 16.936394}}
{"target": -96.45299844390446, "params": {"C": 12.417567222350733, "epsilon": 5.425633446072041, "gamma": 0.03446734182588174}, "datetime": {"datetime": "2021-07-20 23:15:21", "elapsed": 570.390541, "delta": 18.892013}}
{"target": -88.06141674316734, "params": {"C": 15.812541998595968, "epsilon": 5.618912998771576, "gamma": 0.0301704388469094}, "datetime": {"datetime": "2021-07-20 23:15:39", "elapsed": 588.853262, "delta": 18.462721}}
