{"target": -16.812004269163715, "params": {"C": 8.946792347543042, "epsilon": 1.459199644461989, "gamma": 0.6144180000535191}, "datetime": {"datetime": "2021-07-20 18:44:49", "elapsed": 394.831402, "delta": 2.135569}}
{"target": -17.047730695762343, "params": {"C": 26.152252385247937, "epsilon": 8.761426541606836, "gamma": 0.6998228488125358}, "datetime": {"datetime": "2021-07-20 18:44:51", "elapsed": 396.931429, "delta": 2.100027}}
{"target": -20.010414249259682, "params": {"C": 0.7853787161910097, "epsilon": 0.33822841393517045, "gamma": 0.4281622280216373}, "datetime": {"datetime": "2021-07-20 18:44:53", "elapsed": 398.942735, "delta": 2.011306}}
{"target": -20.163343130857537, "params": {"C": 12.849743686290388, "epsilon": 1.9727176080168345, "gamma": 1.120783617039619}, "datetime": {"datetime": "2021-07-20 18:44:55", "elapsed": 400.870962, "delta": 1.928227}}
{"target": -16.880577743829377, "params": {"C": 8.422323411968673, "epsilon": 7.472428445734808, "gamma": 0.6546857140840366}, "datetime": {"datetime": "2021-07-20 18:44:57", "elapsed": 403.419164, "delta": 2.548202}}
{"target": -33.34184456456737, "params": {"C": 0.5595133117371636, "epsilon": 7.224806092379477, "gamma": 8.688316138748533}, "datetime": {"datetime": "2021-07-20 18:44:58", "elapsed": 404.49816, "delta": 1.078996}}
{"target": -16.925145045853238, "params": {"C": 26.305232002513215, "epsilon": 9.300603678655841, "gamma": 0.6871514892881685}, "datetime": {"datetime": "2021-07-20 18:45:00", "elapsed": 406.480033, "delta": 1.981873}}
{"target": -25.62670331296946, "params": {"C": 20.18817807954072, "epsilon": 2.5251686085686225, "gamma": 2.5215814437351556}, "datetime": {"datetime": "2021-07-20 18:45:01", "elapsed": 407.679521, "delta": 1.199488}}
{"target": -18.785520083378575, "params": {"C": 9.177179471453668, "epsilon": 1.4169426770838862, "gamma": 0.8590098202727069}, "datetime": {"datetime": "2021-07-20 18:45:03", "elapsed": 409.393752, "delta": 1.714231}}
{"target": -29.92877382239642, "params": {"C": 5.706714547301388, "epsilon": 3.818098885228005, "gamma": 4.45593552753173}, "datetime": {"datetime": "2021-07-20 18:45:04", "elapsed": 410.551432, "delta": 1.15768}}
{"target": -32.31295272409429, "params": {"C": 10.748170674326701, "epsilon": 8.239310445422708, "gamma": 8.041161785278533}, "datetime": {"datetime": "2021-07-20 18:45:06", "elapsed": 411.836674, "delta": 1.285242}}
{"target": -24.20520682388606, "params": {"C": 21.379987198482947, "epsilon": 1.2952263251622176, "gamma": 2.029689822776342}, "datetime": {"datetime": "2021-07-20 18:45:07", "elapsed": 413.223884, "delta": 1.38721}}
{"target": -21.604995329891995, "params": {"C": 27.177267142898955, "epsilon": 0.5972973321342154, "gamma": 1.402076980089667}, "datetime": {"datetime": "2021-07-20 18:45:09", "elapsed": 415.352392, "delta": 2.128508}}
{"target": -16.93972459023235, "params": {"C": 8.375458933736784, "epsilon": 7.401592964678871, "gamma": 0.6590357077144423}, "datetime": {"datetime": "2021-07-20 18:45:11", "elapsed": 417.218105, "delta": 1.865713}}
{"target": -16.186068855018238, "params": {"C": 26.443222014169656, "epsilon": 9.198573841576303, "gamma": 0.5793024257532768}, "datetime": {"datetime": "2021-07-20 18:45:13", "elapsed": 419.017361, "delta": 1.799256}}
{"target": -17.60223849558745, "params": {"C": 8.39115905016111, "epsilon": 7.255605886480646, "gamma": 0.7334483951232802}, "datetime": {"datetime": "2021-07-20 18:45:15", "elapsed": 421.497826, "delta": 2.480465}}
{"target": -16.3564232357638, "params": {"C": 26.16845691651614, "epsilon": 9.168125812639994, "gamma": 0.6118493346549712}, "datetime": {"datetime": "2021-07-20 18:45:17", "elapsed": 423.553344, "delta": 2.055518}}
{"target": -17.831554169252446, "params": {"C": 26.402950442390527, "epsilon": 9.057805005777453, "gamma": 0.7951200937385481}, "datetime": {"datetime": "2021-07-20 18:45:19", "elapsed": 425.517125, "delta": 1.963781}}
{"target": -33.020490565812885, "params": {"C": 22.242392640890667, "epsilon": 9.092548838428073, "gamma": 9.934599552475284}, "datetime": {"datetime": "2021-07-20 18:45:20", "elapsed": 426.601133, "delta": 1.084008}}
{"target": -30.947249992259074, "params": {"C": 27.758492145103833, "epsilon": 7.772592848265423, "gamma": 6.048518754722775}, "datetime": {"datetime": "2021-07-20 18:45:21", "elapsed": 427.764283, "delta": 1.16315}}
{"target": -26.845252586266927, "params": {"C": 6.016632658515193, "epsilon": 7.1943917491874725, "gamma": 2.8840762166097975}, "datetime": {"datetime": "2021-07-20 18:45:23", "elapsed": 428.961972, "delta": 1.197689}}
{"target": -32.77534205056025, "params": {"C": 12.887383657479196, "epsilon": 7.8015180147020935, "gamma": 9.0427301026855}, "datetime": {"datetime": "2021-07-20 18:45:24", "elapsed": 430.303979, "delta": 1.342007}}
{"target": -19.284971323647394, "params": {"C": 9.076276163559099, "epsilon": 1.1787165936206585, "gamma": 0.9261055219916291}, "datetime": {"datetime": "2021-07-20 18:45:27", "elapsed": 433.012696, "delta": 2.708717}}
{"target": -20.63291364522285, "params": {"C": 1.4196871784672298, "epsilon": 4.192268599924269, "gamma": 0.000895710177676999}, "datetime": {"datetime": "2021-07-20 18:45:29", "elapsed": 435.769758, "delta": 2.757062}}
{"target": -30.797739059356662, "params": {"C": 12.516489921030193, "epsilon": 21.61253155833032, "gamma": 0.0010570730338550984}, "datetime": {"datetime": "2021-07-20 19:16:06", "elapsed": 0.0, "delta": 0.0}}
{"target": -100.07066432371343, "params": {"C": 9.076953853228874, "epsilon": 4.41120916560522, "gamma": 0.0470769587896301}, "datetime": {"datetime": "2021-07-20 19:16:28", "elapsed": 21.551177, "delta": 21.551177}}
{"target": -54.00834119583499, "params": {"C": 5.59594373921635, "epsilon": 10.373366204021002, "gamma": 0.1989869696411043}, "datetime": {"datetime": "2021-07-20 19:16:41", "elapsed": 34.136112, "delta": 12.584935}}
{"target": -40.24931233873808, "params": {"C": 16.169113852760674, "epsilon": 12.58164348695481, "gamma": 0.342924530697983}, "datetime": {"datetime": "2021-07-20 19:16:53", "elapsed": 46.378426, "delta": 12.242314}}
{"target": -70.09537473348308, "params": {"C": 6.141522969448207, "epsilon": 26.344741917364452, "gamma": 0.014666409005765154}, "datetime": {"datetime": "2021-07-20 19:17:13", "elapsed": 66.151982, "delta": 19.773556}}
{"target": -43.85774969318053, "params": {"C": 20.117320630250283, "epsilon": 12.524971022990137, "gamma": 0.27978622439443007}, "datetime": {"datetime": "2021-07-20 19:17:24", "elapsed": 77.73453, "delta": 11.582548}}
{"target": -14.863410230225183, "params": {"C": 4.22020428847106, "epsilon": 5.9510636576555145, "gamma": 0.4005715397690928}, "datetime": {"datetime": "2021-07-20 19:17:25", "elapsed": 78.29192, "delta": 0.55739}}
{"target": -39.285998943201484, "params": {"C": 29.04816465582473, "epsilon": 9.409591102995693, "gamma": 0.3464689852189877}, "datetime": {"datetime": "2021-07-20 19:17:36", "elapsed": 89.993811, "delta": 11.701891}}
{"target": -106.8537742114212, "params": {"C": 26.29291067735819, "epsilon": 26.83925383848038, "gamma": 0.04343706147351918}, "datetime": {"datetime": "2021-07-20 19:17:55", "elapsed": 108.063659, "delta": 18.069848}}
{"target": -17.649882171865016, "params": {"C": 1.181252949154142, "epsilon": 5.103214282741421, "gamma": 0.43919310921127713}, "datetime": {"datetime": "2021-07-20 19:17:55", "elapsed": 108.594401, "delta": 0.530742}}
{"target": -15.196651244739702, "params": {"C": 3.394779973675543, "epsilon": 5.762286572492461, "gamma": 0.4174459856000207}, "datetime": {"datetime": "2021-07-20 19:17:56", "elapsed": 109.836317, "delta": 1.241916}}
{"target": -14.836290730611973, "params": {"C": 3.89468261200091, "epsilon": 6.134911536771893, "gamma": 0.38852432861059405}, "datetime": {"datetime": "2021-07-20 19:17:58", "elapsed": 111.276146, "delta": 1.439829}}
{"target": -15.1191083157278, "params": {"C": 3.8933882076248456, "epsilon": 5.806200676081591, "gamma": 0.4216678090640818}, "datetime": {"datetime": "2021-07-20 19:17:59", "elapsed": 112.830207, "delta": 1.554061}}
{"target": -13.159415903944339, "params": {"C": 4.2568057535047865, "epsilon": 5.976702032803579, "gamma": 0.2224060637651926}, "datetime": {"datetime": "2021-07-20 19:18:00", "elapsed": 113.993269, "delta": 1.163062}}
{"target": -17.894936050865923, "params": {"C": 4.039029693524276, "epsilon": 5.971055119444601, "gamma": 0.001}, "datetime": {"datetime": "2021-07-20 19:18:02", "elapsed": 115.487243, "delta": 1.493974}}
{"target": -14.943486059611658, "params": {"C": 3.643939556053611, "epsilon": 5.904732869965146, "gamma": 0.39217241425563915}, "datetime": {"datetime": "2021-07-20 19:18:03", "elapsed": 116.404777, "delta": 0.917534}}
{"target": -69.23612036428264, "params": {"C": 4.157672538017235, "epsilon": 5.971722368008851, "gamma": 0.13639145867036556}, "datetime": {"datetime": "2021-07-20 19:18:16", "elapsed": 129.661271, "delta": 13.256494}}
{"target": -38.158365534932564, "params": {"C": 14.667094359016849, "epsilon": 25.236948425230896, "gamma": 0.489555150743924}, "datetime": {"datetime": "2021-07-20 19:18:29", "elapsed": 142.276086, "delta": 12.614815}}
{"target": -37.86686621788704, "params": {"C": 9.680958055511235, "epsilon": 22.908428108831536, "gamma": 0.4286238711228305}, "datetime": {"datetime": "2021-07-20 19:18:41", "elapsed": 154.693161, "delta": 12.417075}}
{"target": -36.524678724161205, "params": {"C": 25.649871727730268, "epsilon": 21.583368134254865, "gamma": 0.45607349088136007}, "datetime": {"datetime": "2021-07-20 19:18:53", "elapsed": 166.124063, "delta": 11.430902}}
{"target": -57.43820018057366, "params": {"C": 20.316574672767082, "epsilon": 16.44185217068514, "gamma": 0.19222137440221368}, "datetime": {"datetime": "2021-07-20 19:19:05", "elapsed": 178.257229, "delta": 12.133166}}
{"target": -12.395806593856209, "params": {"C": 4.2312754690825285, "epsilon": 4.1899929113793455, "gamma": 0.15909932361375592}, "datetime": {"datetime": "2021-07-20 19:19:06", "elapsed": 179.126962, "delta": 0.869733}}
{"target": -93.31996950836785, "params": {"C": 8.227274025847294, "epsilon": 22.932808630732875, "gamma": 0.0343684022844972}, "datetime": {"datetime": "2021-07-20 19:19:32", "elapsed": 205.172743, "delta": 26.045781}}
{"target": -71.43174903298677, "params": {"C": 28.180493485165066, "epsilon": 28.498972164679575, "gamma": 0.14028658044666237}, "datetime": {"datetime": "2021-07-20 19:19:53", "elapsed": 226.703613, "delta": 21.53087}}
{"target": -97.45966899411489, "params": {"C": 17.950078531658797, "epsilon": 3.389934698711918, "gamma": 0.05927197733252947}, "datetime": {"datetime": "2021-07-20 19:20:09", "elapsed": 242.644036, "delta": 15.940423}}
{"target": -40.1323591299743, "params": {"C": 18.412603574929328, "epsilon": 16.726182950278375, "gamma": 0.3271498532305881}, "datetime": {"datetime": "2021-07-20 19:20:21", "elapsed": 254.869622, "delta": 12.225586}}
{"target": -19.78904666716713, "params": {"C": 0.5142118242275786, "epsilon": 7.7581215415605715, "gamma": 0.4004917681414369}, "datetime": {"datetime": "2021-07-20 19:20:22", "elapsed": 255.485632, "delta": 0.61601}}
{"target": -37.698019776664594, "params": {"C": 9.376657886495883, "epsilon": 16.392288238353746, "gamma": 0.4135523732209596}, "datetime": {"datetime": "2021-07-20 19:20:34", "elapsed": 267.159148, "delta": 11.673516}}
{"target": -13.569026826859467, "params": {"C": 13.924209257946398, "epsilon": 4.084090745260132, "gamma": 0.2840993192084418}, "datetime": {"datetime": "2021-07-20 19:20:34", "elapsed": 267.787918, "delta": 0.62877}}
{"target": -35.51468090108575, "params": {"C": 27.342929425130965, "epsilon": 18.684010011081142, "gamma": 0.48467159905389257}, "datetime": {"datetime": "2021-07-20 19:20:46", "elapsed": 279.419374, "delta": 11.631456}}
{"target": -41.11995484537757, "params": {"C": 24.123333679699112, "epsilon": 9.545605338472782, "gamma": 0.30365818012490353}, "datetime": {"datetime": "2021-07-20 19:20:58", "elapsed": 291.818771, "delta": 12.399397}}
{"target": -14.302986082818963, "params": {"C": 6.908955036910867, "epsilon": 1.952956657845644, "gamma": 0.3522189780615264}, "datetime": {"datetime": "2021-07-20 19:20:59", "elapsed": 292.492551, "delta": 0.67378}}
{"target": -38.15130924469208, "params": {"C": 25.744040710773334, "epsilon": 25.603041318721104, "gamma": 0.4412104325025968}, "datetime": {"datetime": "2021-07-20 19:21:12", "elapsed": 305.174772, "delta": 12.682221}}
{"target": -13.292001292171228, "params": {"C": 17.958021367616684, "epsilon": 3.4627878638501155, "gamma": 0.20517645446986424}, "datetime": {"datetime": "2021-07-20 19:21:12", "elapsed": 305.847026, "delta": 0.672254}}
{"target": -66.30864353775485, "params": {"C": 25.177727256218322, "epsilon": 12.561129256368666, "gamma": 0.14874861926961663}, "datetime": {"datetime": "2021-07-20 19:21:24", "elapsed": 317.60668, "delta": 11.759654}}
{"target": -38.74192389687594, "params": {"C": 9.2507944000884, "epsilon": 25.721641384428626, "gamma": 0.3825851522678586}, "datetime": {"datetime": "2021-07-20 19:21:37", "elapsed": 330.147344, "delta": 12.540664}}
{"target": -76.14145477441112, "params": {"C": 9.830401759644284, "epsilon": 16.546376694479182, "gamma": 0.11231089768544814}, "datetime": {"datetime": "2021-07-20 19:21:49", "elapsed": 342.14291, "delta": 11.995566}}
{"target": -16.371584192750813, "params": {"C": 1.2993299985871227, "epsilon": 12.45174002366457, "gamma": 0.0036404949325226973}, "datetime": {"datetime": "2021-07-20 19:21:49", "elapsed": 342.793908, "delta": 0.650998}}
{"target": -52.11686689382557, "params": {"C": 3.4498728847582902, "epsilon": 18.97813866038063, "gamma": 0.2055658760662767}, "datetime": {"datetime": "2021-07-20 19:22:01", "elapsed": 354.841278, "delta": 12.04737}}
{"target": -39.58338282365716, "params": {"C": 4.162205742875338, "epsilon": 13.136247154392168, "gamma": 0.3478413719919439}, "datetime": {"datetime": "2021-07-20 19:22:13", "elapsed": 366.496317, "delta": 11.655039}}
{"target": -45.66606536662621, "params": {"C": 6.555767056893894, "epsilon": 22.243820393680156, "gamma": 0.2681535893382707}, "datetime": {"datetime": "2021-07-20 19:22:26", "elapsed": 379.339596, "delta": 12.843279}}
{"target": -13.063432126437856, "params": {"C": 3.10500602764494, "epsilon": 1.723894548474761, "gamma": 0.18545339302730487}, "datetime": {"datetime": "2021-07-20 19:22:26", "elapsed": 379.971772, "delta": 0.632176}}
{"target": -99.88024862929213, "params": {"C": 13.113099053635676, "epsilon": 5.812240425221209, "gamma": 0.038807191675815145}, "datetime": {"datetime": "2021-07-20 19:22:38", "elapsed": 391.880709, "delta": 11.908937}}
{"target": -15.417494190973144, "params": {"C": 1.2747366797001949, "epsilon": 3.5139778252742344, "gamma": 0.2513802037334664}, "datetime": {"datetime": "2021-07-20 19:22:39", "elapsed": 392.559906, "delta": 0.679197}}
{"target": -37.65567163514391, "params": {"C": 15.618941571150948, "epsilon": 24.80063797674939, "gamma": 0.39490058003657036}, "datetime": {"datetime": "2021-07-20 19:22:51", "elapsed": 404.074615, "delta": 11.514709}}
{"target": -37.19463262399482, "params": {"C": 5.950994571825107, "epsilon": 10.61816087521875, "gamma": 0.4401383261245026}, "datetime": {"datetime": "2021-07-20 19:23:03", "elapsed": 416.460792, "delta": 12.386177}}
{"target": -83.61978158358723, "params": {"C": 22.887805182575722, "epsilon": 14.052533947688335, "gamma": 0.09880418837441972}, "datetime": {"datetime": "2021-07-20 19:23:22", "elapsed": 435.909875, "delta": 19.449083}}
{"target": -10.94433858464373, "params": {"C": 25.018113304591203, "epsilon": 3.7295789852666164, "gamma": 0.019062933908337798}, "datetime": {"datetime": "2021-07-20 19:23:23", "elapsed": 436.965876, "delta": 1.056001}}
{"target": -81.56260274842353, "params": {"C": 14.847182806647151, "epsilon": 25.599019585514053, "gamma": 0.020505934626979735}, "datetime": {"datetime": "2021-07-20 19:23:42", "elapsed": 456.021698, "delta": 19.055822}}
{"target": -90.81994271188813, "params": {"C": 7.64926305074059, "epsilon": 25.36624820906631, "gamma": 0.06619774913304713}, "datetime": {"datetime": "2021-07-20 19:24:00", "elapsed": 473.166144, "delta": 17.144446}}
{"target": -37.73223080734982, "params": {"C": 22.643538089713765, "epsilon": 7.098932111799491, "gamma": 0.43772006238471844}, "datetime": {"datetime": "2021-07-20 19:24:10", "elapsed": 483.957335, "delta": 10.791191}}
{"target": -37.495897530240015, "params": {"C": 0.47568585516933604, "epsilon": 23.27068017740083, "gamma": 0.4606478190855243}, "datetime": {"datetime": "2021-07-20 19:24:21", "elapsed": 494.447802, "delta": 10.490467}}
{"target": -37.8031026680145, "params": {"C": 24.32798291568734, "epsilon": 22.419909515957894, "gamma": 0.44487496967580775}, "datetime": {"datetime": "2021-07-20 19:24:30", "elapsed": 503.386581, "delta": 8.938779}}
{"target": -35.288524930001564, "params": {"C": 17.896003246811556, "epsilon": 13.98204524152477, "gamma": 0.49434611746473917}, "datetime": {"datetime": "2021-07-20 19:24:39", "elapsed": 512.619756, "delta": 9.233175}}
{"target": -51.91195919666312, "params": {"C": 8.06764569636938, "epsilon": 19.89834730575043, "gamma": 0.2054565787984677}, "datetime": {"datetime": "2021-07-20 19:24:48", "elapsed": 521.494346, "delta": 8.87459}}
{"target": -69.92940822162979, "params": {"C": 2.5145681996597005, "epsilon": 6.076037566250702, "gamma": 0.1496135714076657}, "datetime": {"datetime": "2021-07-20 19:24:57", "elapsed": 530.321041, "delta": 8.826695}}
{"target": -93.50193625241626, "params": {"C": 2.0071467788223307, "epsilon": 15.263413694153392, "gamma": 0.05500121219669825}, "datetime": {"datetime": "2021-07-20 19:25:11", "elapsed": 544.608159, "delta": 14.287118}}
{"target": -13.290615122507003, "params": {"C": 10.772310128949087, "epsilon": 3.9767164958351477, "gamma": 0.22257209624142904}, "datetime": {"datetime": "2021-07-20 19:25:12", "elapsed": 545.13635, "delta": 0.528191}}
{"target": -38.9313865062701, "params": {"C": 19.662780333655345, "epsilon": 7.486622623975972, "gamma": 0.3217823937533139}, "datetime": {"datetime": "2021-07-20 19:25:21", "elapsed": 554.321529, "delta": 9.185179}}
{"target": -36.45214014411632, "params": {"C": 29.75898889486084, "epsilon": 25.735071314023077, "gamma": 0.45243638625894955}, "datetime": {"datetime": "2021-07-20 19:25:29", "elapsed": 563.024708, "delta": 8.703179}}
{"target": -72.23624475181728, "params": {"C": 13.661386288021712, "epsilon": 15.261760872604558, "gamma": 0.12203512376411055}, "datetime": {"datetime": "2021-07-20 19:25:38", "elapsed": 572.014042, "delta": 8.989334}}
{"target": -36.49358585107621, "params": {"C": 1.2756954444252742, "epsilon": 19.732636483032447, "gamma": 0.49559385228392244}, "datetime": {"datetime": "2021-07-20 19:25:47", "elapsed": 580.981759, "delta": 8.967717}}
{"target": -17.098574246356755, "params": {"C": 1.7699548761237107, "epsilon": 0.417867287517059, "gamma": 0.43326372121060663}, "datetime": {"datetime": "2021-07-20 19:25:48", "elapsed": 581.507956, "delta": 0.526197}}
{"target": -36.4046366064397, "params": {"C": 3.2680998110277857, "epsilon": 24.464225463983436, "gamma": 0.4873401672457024}, "datetime": {"datetime": "2021-07-20 19:25:57", "elapsed": 590.437547, "delta": 8.929591}}
{"target": -50.9120325869568, "params": {"C": 26.15369258482079, "epsilon": 5.366069206870187, "gamma": 0.20997431474574113}, "datetime": {"datetime": "2021-07-20 19:26:07", "elapsed": 600.263227, "delta": 9.82568}}
{"target": -15.113390173456132, "params": {"C": 2.1666455132768645, "epsilon": 4.6916562511039945, "gamma": 0.3390639281273221}, "datetime": {"datetime": "2021-07-20 19:26:07", "elapsed": 600.830229, "delta": 0.567002}}
{"target": -42.6531085405068, "params": {"C": 18.826967725700523, "epsilon": 8.765286477529724, "gamma": 0.2923551125611006}, "datetime": {"datetime": "2021-07-20 19:26:16", "elapsed": 609.788939, "delta": 8.95871}}
{"target": -46.439923425460556, "params": {"C": 17.030889297837195, "epsilon": 8.26700797212303, "gamma": 0.2567081188858566}, "datetime": {"datetime": "2021-07-20 19:26:25", "elapsed": 618.376416, "delta": 8.587477}}
{"target": -92.34046745866436, "params": {"C": 28.576507595087325, "epsilon": 7.465042564454748, "gamma": 0.028259973816181817}, "datetime": {"datetime": "2021-07-20 19:26:33", "elapsed": 626.963776, "delta": 8.58736}}
{"target": -40.19200358842086, "params": {"C": 7.726480319508746, "epsilon": 22.24780049612332, "gamma": 0.3308497324214344}, "datetime": {"datetime": "2021-07-20 19:26:42", "elapsed": 635.787659, "delta": 8.823883}}
{"target": -61.70086718417217, "params": {"C": 0.5201462788613866, "epsilon": 8.806735928537327, "gamma": 0.15648827282236566}, "datetime": {"datetime": "2021-07-20 19:26:51", "elapsed": 644.81871, "delta": 9.031051}}
{"target": -89.75571281337712, "params": {"C": 2.59658172023815, "epsilon": 16.42070446069191, "gamma": 0.07337071843275836}, "datetime": {"datetime": "2021-07-20 19:27:06", "elapsed": 659.279732, "delta": 14.461022}}
{"target": -38.40246870328747, "params": {"C": 9.890038397492992, "epsilon": 21.403202436720346, "gamma": 0.34078499102611304}, "datetime": {"datetime": "2021-07-20 19:27:15", "elapsed": 668.134926, "delta": 8.855194}}
{"target": -97.2773969524804, "params": {"C": 29.33922632675907, "epsilon": 4.545108753568217, "gamma": 0.06065348390097278}, "datetime": {"datetime": "2021-07-20 19:27:23", "elapsed": 676.913445, "delta": 8.778519}}
{"target": -90.56755280376215, "params": {"C": 12.189808983792998, "epsilon": 2.9989400029057314, "gamma": 0.08879911828984012}, "datetime": {"datetime": "2021-07-20 19:27:38", "elapsed": 691.199527, "delta": 14.286082}}
{"target": -49.62534442182539, "params": {"C": 5.548006802987827, "epsilon": 26.892209177438623, "gamma": 0.26138784067725107}, "datetime": {"datetime": "2021-07-20 19:27:47", "elapsed": 700.080437, "delta": 8.88091}}
