{"target": -14.288357701163074, "params": {"C": 3.097367540266917, "epsilon": 0.5960932509290581, "gamma": 0.1940951261598698}, "datetime": {"datetime": "2021-07-20 19:32:37", "elapsed": 678.443523, "delta": 1.375999}}
{"target": -14.224392803779532, "params": {"C": 3.0602630644665663, "epsilon": 0.6141427465746583, "gamma": 0.18897640858508627}, "datetime": {"datetime": "2021-07-20 19:32:38", "elapsed": 679.767698, "delta": 1.324175}}
{"target": -15.772720490072926, "params": {"C": 17.082420850657048, "epsilon": 4.578054177352443, "gamma": 0.3590587927103125}, "datetime": {"datetime": "2021-07-20 19:32:39", "elapsed": 680.917182, "delta": 1.149484}}
{"target": -14.564487847936283, "params": {"C": 7.790823969061425, "epsilon": 2.1858755140396493, "gamma": 0.28306851337984884}, "datetime": {"datetime": "2021-07-20 19:32:41", "elapsed": 682.355186, "delta": 1.438004}}
{"target": -14.895009692059457, "params": {"C": 5.280402767952011, "epsilon": 6.020805766447641, "gamma": 0.29440407045172473}, "datetime": {"datetime": "2021-07-20 19:32:42", "elapsed": 683.743557, "delta": 1.388371}}
{"target": -12.551237123339632, "params": {"C": 13.944274870290275, "epsilon": 4.930243594898128, "gamma": 0.1595731993956731}, "datetime": {"datetime": "2021-07-20 19:32:43", "elapsed": 684.920763, "delta": 1.177206}}
{"target": -70.63414422904275, "params": {"C": 29.26580268570713, "epsilon": 2.7860519857752064, "gamma": 0.047570504463844684}, "datetime": {"datetime": "2021-07-20 19:32:59", "elapsed": 700.854426, "delta": 15.933663}}
{"target": -12.70574312914346, "params": {"C": 15.960786425104653, "epsilon": 3.360451779229976, "gamma": 0.002541680266175942}, "datetime": {"datetime": "2021-07-20 19:33:01", "elapsed": 702.012016, "delta": 1.15759}}
{"target": -37.41142925085866, "params": {"C": 11.499338792450901, "epsilon": 7.462610959110601, "gamma": 0.35225713901024774}, "datetime": {"datetime": "2021-07-20 19:33:10", "elapsed": 711.721377, "delta": 9.709361}}
{"target": -14.640062176205662, "params": {"C": 7.786098479789542, "epsilon": 2.175454305535126, "gamma": 0.2896620908359289}, "datetime": {"datetime": "2021-07-20 19:33:12", "elapsed": 713.421026, "delta": 1.699649}}
{"target": -13.090505492780075, "params": {"C": 14.037104341367362, "epsilon": 4.222402953567768, "gamma": 0.1957261448795958}, "datetime": {"datetime": "2021-07-20 19:33:13", "elapsed": 714.850022, "delta": 1.428996}}
{"target": -14.78641620606362, "params": {"C": 24.765331686792408, "epsilon": 1.1781305032200642, "gamma": 0.2694299241467666}, "datetime": {"datetime": "2021-07-20 19:33:15", "elapsed": 716.248496, "delta": 1.398474}}
{"target": -15.296646486734044, "params": {"C": 29.03881346891463, "epsilon": 3.1109136081106596, "gamma": 0.2830654309802636}, "datetime": {"datetime": "2021-07-20 19:33:16", "elapsed": 717.717887, "delta": 1.469391}}
{"target": -39.66075154637956, "params": {"C": 15.805135361829146, "epsilon": 6.533413269973813, "gamma": 0.21917737238302276}, "datetime": {"datetime": "2021-07-20 19:33:26", "elapsed": 727.276667, "delta": 9.55878}}
{"target": -15.288089761930612, "params": {"C": 20.139752834682604, "epsilon": 4.209498290698934, "gamma": 0.31167724521221307}, "datetime": {"datetime": "2021-07-20 19:33:28", "elapsed": 729.013666, "delta": 1.736999}}
{"target": -13.538281527744392, "params": {"C": 20.32930825425499, "epsilon": 5.4990180474771595, "gamma": 0.21719497362847176}, "datetime": {"datetime": "2021-07-20 19:33:30", "elapsed": 731.406141, "delta": 2.392475}}
{"target": -12.179671536857448, "params": {"C": 14.951606280362544, "epsilon": 2.194955952479298, "gamma": 0.1331350189817435}, "datetime": {"datetime": "2021-07-20 19:33:31", "elapsed": 732.934139, "delta": 1.527998}}
{"target": -12.315501526229133, "params": {"C": 20.18817807954072, "epsilon": 2.5251686085686225, "gamma": 0.12615011787349914}, "datetime": {"datetime": "2021-07-20 19:33:33", "elapsed": 734.100836, "delta": 1.166697}}
{"target": -13.03874892139011, "params": {"C": 26.126967820364822, "epsilon": 1.694891923948676, "gamma": 0.16258811124510322}, "datetime": {"datetime": "2021-07-20 19:33:34", "elapsed": 735.664113, "delta": 1.563277}}
{"target": -13.424153787954527, "params": {"C": 25.224715473373678, "epsilon": 4.162436609048939, "gamma": 0.19602020349614696}, "datetime": {"datetime": "2021-07-20 19:33:36", "elapsed": 737.189972, "delta": 1.525859}}
{"target": -16.075213150794806, "params": {"C": 10.748170674326701, "epsilon": 8.239310445422708, "gamma": 0.40207669841305793}, "datetime": {"datetime": "2021-07-20 19:33:37", "elapsed": 738.353973, "delta": 1.164001}}
{"target": -14.054417841895111, "params": {"C": 5.159551646895288, "epsilon": 3.142728539994944, "gamma": 0.22543729340312388}, "datetime": {"datetime": "2021-07-20 19:33:38", "elapsed": 739.777453, "delta": 1.42348}}
{"target": -14.209542644123383, "params": {"C": 4.331973597065131, "epsilon": 1.3978693295300693, "gamma": 0.22099194990949317}, "datetime": {"datetime": "2021-07-20 19:33:40", "elapsed": 741.303962, "delta": 1.526509}}
{"target": -15.097201488964847, "params": {"C": 6.531422122596208, "epsilon": 1.4246976699657514, "gamma": 0.3089106014665438}, "datetime": {"datetime": "2021-07-20 19:33:41", "elapsed": 742.49396, "delta": 1.189998}}
{"target": -15.470764529565994, "params": {"C": 29.11604811168048, "epsilon": 3.1531678635576674, "gamma": 0.3053410284961298}, "datetime": {"datetime": "2021-07-20 19:33:42", "elapsed": 743.965267, "delta": 1.471307}}
{"target": -11.451459984355482, "params": {"C": 11.687921260376589, "epsilon": 0.3867131118119238, "gamma": 0.09677501561275716}, "datetime": {"datetime": "2021-07-20 19:33:44", "elapsed": 745.509803, "delta": 1.544536}}
{"target": -17.071576058802307, "params": {"C": 3.2635194946755637, "epsilon": 8.139231576334247, "gamma": 0.45034948896893945}, "datetime": {"datetime": "2021-07-20 19:33:46", "elapsed": 747.024899, "delta": 1.515096}}
{"target": -39.188249389119754, "params": {"C": 28.671986544539767, "epsilon": 6.658608938421416, "gamma": 0.22505257572446394}, "datetime": {"datetime": "2021-07-20 19:33:56", "elapsed": 757.472314, "delta": 10.447415}}
{"target": -13.718631690589229, "params": {"C": 5.156149513547142, "epsilon": 3.1260841386834595, "gamma": 0.20803833043365597}, "datetime": {"datetime": "2021-07-20 19:33:58", "elapsed": 759.086316, "delta": 1.614002}}
{"target": -15.352101767452424, "params": {"C": 27.758492145103833, "epsilon": 7.772592848265423, "gamma": 0.30246347718336336}, "datetime": {"datetime": "2021-07-20 19:33:59", "elapsed": 760.30057, "delta": 1.214254}}
{"target": -42.2615055067819, "params": {"C": 6.016632658515193, "epsilon": 7.1943917491874725, "gamma": 0.14427141278245156}, "datetime": {"datetime": "2021-07-20 19:34:08", "elapsed": 769.855675, "delta": 9.555105}}
{"target": -16.535326358945632, "params": {"C": 12.887383657479196, "epsilon": 7.8015180147020935, "gamma": 0.45214559928924103}, "datetime": {"datetime": "2021-07-20 19:34:10", "elapsed": 771.04064, "delta": 1.184965}}
{"target": -13.940931117300057, "params": {"C": 5.168917537301168, "epsilon": 3.1408917146380846, "gamma": 0.21965312505632228}, "datetime": {"datetime": "2021-07-20 19:34:11", "elapsed": 772.787852, "delta": 1.747212}}
{"target": -15.227957746556427, "params": {"C": 19.348266703694215, "epsilon": 9.820361959601, "gamma": 0.3180884967346737}, "datetime": {"datetime": "2021-07-20 19:34:13", "elapsed": 774.114048, "delta": 1.326196}}
{"target": -13.288670876649158, "params": {"C": 20.346311651360978, "epsilon": 5.5078347118112605, "gamma": 0.19989931604781883}, "datetime": {"datetime": "2021-07-20 19:34:14", "elapsed": 775.682247, "delta": 1.568199}}
{"target": -15.504669765023808, "params": {"C": 1.7585485080258805, "epsilon": 4.611354256769726, "gamma": 0.21215995421747882}, "datetime": {"datetime": "2021-07-20 19:34:15", "elapsed": 776.868454, "delta": 1.186207}}
{"target": -15.071741878112995, "params": {"C": 29.76386921858493, "epsilon": 1.926856465450891, "gamma": 0.268526263642464}, "datetime": {"datetime": "2021-07-20 19:34:17", "elapsed": 778.787074, "delta": 1.91862}}
{"target": -14.711676312459437, "params": {"C": 16.13732153776655, "epsilon": 4.199937371081843, "gamma": 0.29883046768236415}, "datetime": {"datetime": "2021-07-20 19:34:19", "elapsed": 780.237246, "delta": 1.450172}}
{"target": -42.96496884399904, "params": {"C": 29.12086577727902, "epsilon": 8.40941607092035, "gamma": 0.1518353956204016}, "datetime": {"datetime": "2021-07-20 19:34:28", "elapsed": 789.744566, "delta": 9.50732}}
{"target": -13.260928700317987, "params": {"C": 14.059904264898638, "epsilon": 4.2044624635028764, "gamma": 0.20954061764348514}, "datetime": {"datetime": "2021-07-20 19:34:30", "elapsed": 791.286176, "delta": 1.54161}}
{"target": -15.696065445854135, "params": {"C": 7.672841800501476, "epsilon": 6.940937962965547, "gamma": 0.3753625526009774}, "datetime": {"datetime": "2021-07-20 19:34:31", "elapsed": 792.795346, "delta": 1.50917}}
{"target": -14.612870524380096, "params": {"C": 5.114809526322958, "epsilon": 3.1466724260641414, "gamma": 0.26122678173660585}, "datetime": {"datetime": "2021-07-20 19:34:33", "elapsed": 794.386574, "delta": 1.591228}}
{"target": -13.079416734211893, "params": {"C": 4.2332296479819735, "epsilon": 1.3468997656760129, "gamma": 0.14220241816004636}, "datetime": {"datetime": "2021-07-20 19:34:35", "elapsed": 795.994433, "delta": 1.607859}}
{"target": -12.313318583455183, "params": {"C": 5.591772369320406, "epsilon": 3.4576259209340567, "gamma": 0.12972783766619708}, "datetime": {"datetime": "2021-07-20 19:34:36", "elapsed": 797.633104, "delta": 1.638671}}
{"target": -11.563062460829068, "params": {"C": 8.895300528246453, "epsilon": 0.15211463268757208, "gamma": 0.09096080201073797}, "datetime": {"datetime": "2021-07-20 19:34:38", "elapsed": 799.138104, "delta": 1.505}}
{"target": -37.10655369907791, "params": {"C": 14.685273772623189, "epsilon": 8.680874893783626, "gamma": 0.3916415447115291}, "datetime": {"datetime": "2021-07-20 19:34:47", "elapsed": 808.558165, "delta": 9.420061}}
{"target": -75.81021322656882, "params": {"C": 5.273826894778118, "epsilon": 4.7074747426720975, "gamma": 0.020730738994446996}, "datetime": {"datetime": "2021-07-20 19:35:03", "elapsed": 824.429912, "delta": 15.871747}}
{"target": -46.223400270285, "params": {"C": 23.581683399345625, "epsilon": 9.460551468355552, "gamma": 0.1405364722543252}, "datetime": {"datetime": "2021-07-20 19:35:10", "elapsed": 831.376371, "delta": 6.946459}}
{"target": -12.477157274150198, "params": {"C": 14.983421674913817, "epsilon": 2.184884961518924, "gamma": 0.14645080026322202}, "datetime": {"datetime": "2021-07-20 19:35:12", "elapsed": 833.145909, "delta": 1.769538}}
{"target": -15.480105992859695, "params": {"C": 26.33434020985307, "epsilon": 2.3410967382583188, "gamma": 0.3067475230748752}, "datetime": {"datetime": "2021-07-20 19:35:13", "elapsed": 834.666154, "delta": 1.520245}}
{"target": -17.041659226830003, "params": {"C": 11.520409944680399, "epsilon": 2.7667324971316107, "gamma": 0.4684818464388261}, "datetime": {"datetime": "2021-07-20 19:35:15", "elapsed": 836.225579, "delta": 1.559425}}
{"target": -13.317369334524887, "params": {"C": 10.002182645635736, "epsilon": 2.7174223848580574, "gamma": 0.20607898834594204}, "datetime": {"datetime": "2021-07-20 19:35:17", "elapsed": 838.141158, "delta": 1.915579}}
{"target": -10.955071789170532, "params": {"C": 23.031888516774174, "epsilon": 2.8546588726838955, "gamma": 0.01565116357112778}, "datetime": {"datetime": "2021-07-20 19:35:18", "elapsed": 839.844222, "delta": 1.703064}}
{"target": -13.988730798537366, "params": {"C": 5.181739914110541, "epsilon": 3.1533940893369548, "gamma": 0.22224368784045867}, "datetime": {"datetime": "2021-07-20 19:35:20", "elapsed": 841.695242, "delta": 1.85102}}
{"target": -17.419005788379664, "params": {"C": 11.484813464252001, "epsilon": 0.784982183006271, "gamma": 0.4946720373024739}, "datetime": {"datetime": "2021-07-20 19:35:22", "elapsed": 843.109242, "delta": 1.414}}
{"target": -17.687582781664403, "params": {"C": 8.925787874583127, "epsilon": 0.6354377440759528, "gamma": 0.4884304052081101}, "datetime": {"datetime": "2021-07-20 19:35:23", "elapsed": 844.376929, "delta": 1.267687}}
{"target": -14.85861964319021, "params": {"C": 22.3071526639176, "epsilon": 6.476140396208677, "gamma": 0.28518509238759665}, "datetime": {"datetime": "2021-07-20 19:35:24", "elapsed": 845.654131, "delta": 1.277202}}
{"target": -12.07956647656066, "params": {"C": 6.903473473448177, "epsilon": 1.317886928628252, "gamma": 0.12256380393493554}, "datetime": {"datetime": "2021-07-20 19:35:26", "elapsed": 847.097744, "delta": 1.443613}}
{"target": -14.555903131830766, "params": {"C": 4.8156594146357845, "epsilon": 9.057518635882952, "gamma": 0.27615787355169}, "datetime": {"datetime": "2021-07-20 19:35:27", "elapsed": 848.908561, "delta": 1.810817}}
{"target": -15.067638195897052, "params": {"C": 2.6946953543926297, "epsilon": 2.3319834210230646, "gamma": 0.2446082606392818}, "datetime": {"datetime": "2021-07-20 19:35:29", "elapsed": 850.207782, "delta": 1.299221}}
{"target": -16.937071939004337, "params": {"C": 24.34295297649998, "epsilon": 7.4737319998033325, "gamma": 0.4730277569682268}, "datetime": {"datetime": "2021-07-20 19:35:30", "elapsed": 851.761075, "delta": 1.553293}}
{"target": -15.570432676571698, "params": {"C": 4.669781456275204, "epsilon": 4.540785969855867, "gamma": 0.3325400078183943}, "datetime": {"datetime": "2021-07-20 19:35:32", "elapsed": 853.038077, "delta": 1.277002}}
{"target": -40.183284336248065, "params": {"C": 29.63743444900093, "epsilon": 8.812469493489612, "gamma": 0.2140420915880718}, "datetime": {"datetime": "2021-07-20 19:35:41", "elapsed": 862.732669, "delta": 9.694592}}
{"target": -13.380824846727368, "params": {"C": 2.3782243997682917, "epsilon": 3.87564745348751, "gamma": 0.13834303945563836}, "datetime": {"datetime": "2021-07-20 19:35:43", "elapsed": 864.19206, "delta": 1.459391}}
{"target": -14.136225471516978, "params": {"C": 5.289571896891794, "epsilon": 6.016208910646332, "gamma": 0.24283662133450662}, "datetime": {"datetime": "2021-07-20 19:35:45", "elapsed": 866.329097, "delta": 2.137037}}
{"target": -13.581174152786666, "params": {"C": 4.254781799041519, "epsilon": 1.397410799301444, "gamma": 0.18336471633699364}, "datetime": {"datetime": "2021-07-20 19:35:47", "elapsed": 868.03135, "delta": 1.702253}}
{"target": -13.665465104741124, "params": {"C": 26.143317565098187, "epsilon": 1.8059115177374392, "gamma": 0.20839056505013837}, "datetime": {"datetime": "2021-07-20 19:35:49", "elapsed": 870.218974, "delta": 2.187624}}
{"target": -16.20891678603227, "params": {"C": 20.357880947167303, "epsilon": 5.100959462534503, "gamma": 0.40368615942607156}, "datetime": {"datetime": "2021-07-20 19:35:50", "elapsed": 871.531555, "delta": 1.312581}}
{"target": -13.53318553991584, "params": {"C": 5.566380645506704, "epsilon": 3.4717773686600704, "gamma": 0.20253504119913346}, "datetime": {"datetime": "2021-07-20 19:35:52", "elapsed": 873.327737, "delta": 1.796182}}
{"target": -16.488055819808952, "params": {"C": 24.60318704849078, "epsilon": 0.17521894568378868, "gamma": 0.4132278299135184}, "datetime": {"datetime": "2021-07-20 19:35:53", "elapsed": 874.665053, "delta": 1.337316}}
{"target": -15.739325548489152, "params": {"C": 9.090198812153808, "epsilon": 9.48136250725999, "gamma": 0.3832494715315064}, "datetime": {"datetime": "2021-07-20 19:35:55", "elapsed": 876.137859, "delta": 1.472806}}
{"target": -40.13194244020706, "params": {"C": 26.24446339184413, "epsilon": 6.321079573520131, "gamma": 0.22085971146821237}, "datetime": {"datetime": "2021-07-20 19:36:01", "elapsed": 882.811809, "delta": 6.67395}}
{"target": -12.889051468359764, "params": {"C": 25.225548780963866, "epsilon": 4.216806397225559, "gamma": 0.1532395089112735}, "datetime": {"datetime": "2021-07-20 19:36:03", "elapsed": 884.847083, "delta": 2.035274}}
{"target": -72.90454501752902, "params": {"C": 2.372151621123275, "epsilon": 3.8452054806899074, "gamma": 0.03952257403816427}, "datetime": {"datetime": "2021-07-20 19:36:19", "elapsed": 900.057968, "delta": 15.210885}}
{"target": -64.51998260133367, "params": {"C": 14.443201293989715, "epsilon": 2.3340738766623894, "gamma": 0.05101280257297098}, "datetime": {"datetime": "2021-07-20 19:36:28", "elapsed": 909.911408, "delta": 9.85344}}
{"target": -12.76463914555567, "params": {"C": 10.169839740032456, "epsilon": 3.1537482702819633, "gamma": 0.17503250635847792}, "datetime": {"datetime": "2021-07-20 19:36:30", "elapsed": 911.892313, "delta": 1.980905}}
{"target": -35.830970022242084, "params": {"C": 10.157312339591394, "epsilon": 7.6517517051358706, "gamma": 0.3233217116803754}, "datetime": {"datetime": "2021-07-20 19:36:40", "elapsed": 921.777926, "delta": 9.885613}}
{"target": -13.56727005147543, "params": {"C": 26.05757037227291, "epsilon": 1.7344561665490477, "gamma": 0.20098718703762525}, "datetime": {"datetime": "2021-07-20 19:36:42", "elapsed": 923.909148, "delta": 2.131222}}
{"target": -15.4003807414785, "params": {"C": 6.932019611834156, "epsilon": 3.197140226472064, "gamma": 0.3457726383193482}, "datetime": {"datetime": "2021-07-20 19:36:44", "elapsed": 925.721291, "delta": 1.812143}}
{"target": -14.055086034986807, "params": {"C": 5.58110123756729, "epsilon": 3.473440228503706, "gamma": 0.2308451628921367}, "datetime": {"datetime": "2021-07-20 19:36:46", "elapsed": 927.850022, "delta": 2.128731}}
{"target": -12.885783786987384, "params": {"C": 4.1835852974160925, "epsilon": 1.3944706362671948, "gamma": 0.13008190253565902}, "datetime": {"datetime": "2021-07-20 19:36:49", "elapsed": 930.039218, "delta": 2.189196}}
{"target": -12.692168024526959, "params": {"C": 25.201856326326833, "epsilon": 4.102789891034297, "gamma": 0.13640434525739167}, "datetime": {"datetime": "2021-07-20 19:36:51", "elapsed": 932.008903, "delta": 1.969685}}
{"target": -15.010335727992736, "params": {"C": 7.808940031846434, "epsilon": 2.1522805460127885, "gamma": 0.3193886571274434}, "datetime": {"datetime": "2021-07-20 19:36:53", "elapsed": 934.512646, "delta": 2.503743}}
{"target": -10.990896654160712, "params": {"C": 27.12555728848143, "epsilon": 0.48426031154844673, "gamma": 0.056741888291731844}, "datetime": {"datetime": "2021-07-20 19:36:55", "elapsed": 936.732561, "delta": 2.219915}}
{"target": -17.533941257573154, "params": {"C": 9.288379032625077, "epsilon": 4.939866891757198, "gamma": 0.4973874012638761}, "datetime": {"datetime": "2021-07-20 19:36:57", "elapsed": 938.261968, "delta": 1.529407}}
{"target": -16.708642637250403, "params": {"C": 27.915461141353024, "epsilon": 9.292309653473623, "gamma": 0.445187108810736}, "datetime": {"datetime": "2021-07-20 19:36:58", "elapsed": 939.772959, "delta": 1.510991}}
{"target": -14.399251020918918, "params": {"C": 5.588964441072228, "epsilon": 3.3680549369851844, "gamma": 0.2527500757676033}, "datetime": {"datetime": "2021-07-20 19:37:00", "elapsed": 941.956726, "delta": 2.183767}}
{"target": -38.9100949853702, "params": {"C": 28.082654097675338, "epsilon": 8.01614755762709, "gamma": 0.20501916905703377}, "datetime": {"datetime": "2021-07-20 19:37:10", "elapsed": 951.515137, "delta": 9.558411}}
{"target": -12.27839590740226, "params": {"C": 5.573327488189644, "epsilon": 3.431195663392918, "gamma": 0.1273013356594208}, "datetime": {"datetime": "2021-07-20 19:37:12", "elapsed": 953.553972, "delta": 2.038835}}
{"target": -46.14921053611467, "params": {"C": 19.36467096128143, "epsilon": 8.959692973706696, "gamma": 0.12348210722166794}, "datetime": {"datetime": "2021-07-20 19:37:22", "elapsed": 963.014269, "delta": 9.460297}}
{"target": -12.177741747248557, "params": {"C": 11.710699093014867, "epsilon": 0.37070765681826895, "gamma": 0.13556363613516817}, "datetime": {"datetime": "2021-07-20 19:37:24", "elapsed": 965.304189, "delta": 2.28992}}
{"target": -16.478851761660035, "params": {"C": 11.32215202599048, "epsilon": 3.3126574173142833, "gamma": 0.4166251476367215}, "datetime": {"datetime": "2021-07-20 19:37:25", "elapsed": 966.765606, "delta": 1.461417}}
{"target": -14.95059357977387, "params": {"C": 29.781401836308056, "epsilon": 1.9227659008822144, "gamma": 0.2631355962339929}, "datetime": {"datetime": "2021-07-20 19:37:28", "elapsed": 969.398413, "delta": 2.632807}}
{"target": -49.575826345708315, "params": {"C": 27.744448407237886, "epsilon": 7.024223271019643, "gamma": 0.11164221666657143}, "datetime": {"datetime": "2021-07-20 19:37:37", "elapsed": 978.806212, "delta": 9.407799}}
{"target": -16.726904321381085, "params": {"C": 11.52093543494333, "epsilon": 6.185086605260134, "gamma": 0.45275952677131454}, "datetime": {"datetime": "2021-07-20 19:37:39", "elapsed": 980.380614, "delta": 1.574402}}
{"target": -12.640822252989443, "params": {"C": 25.189657124756764, "epsilon": 4.160721609775783, "gamma": 0.13403305231811916}, "datetime": {"datetime": "2021-07-20 19:37:41", "elapsed": 982.478201, "delta": 2.097587}}
{"target": -15.338725584874796, "params": {"C": 4.920249516593625, "epsilon": 1.0263018782920195, "gamma": 0.2993221642042758}, "datetime": {"datetime": "2021-07-20 19:37:42", "elapsed": 983.952202, "delta": 1.474001}}
{"target": -15.492915011588856, "params": {"C": 6.924090577274714, "epsilon": 3.19871353200193, "gamma": 0.351105491112409}, "datetime": {"datetime": "2021-07-20 19:37:45", "elapsed": 986.681358, "delta": 2.729156}}
{"target": -13.439784442103498, "params": {"C": 20.31731014943041, "epsilon": 5.5057917099491025, "gamma": 0.210148110652068}, "datetime": {"datetime": "2021-07-20 19:37:48", "elapsed": 989.032578, "delta": 2.35122}}
{"target": -13.875770647061636, "params": {"C": 2.8123311105193998, "epsilon": 5.368939387787591, "gamma": 0.186411015882489}, "datetime": {"datetime": "2021-07-20 19:37:49", "elapsed": 990.625837, "delta": 1.593259}}
