{"target": -60.33007405024647, "params": {"C": 19.31174307248302, "epsilon": 5.681410937571947, "gamma": 0.06610220584348639}, "datetime": {"datetime": "2021-07-20 20:46:44", "elapsed": 762.287643, "delta": 12.276849}}
{"target": -63.939243305887, "params": {"C": 12.954818866020148, "epsilon": 1.6226508903749994, "gamma": 0.05728463892471121}, "datetime": {"datetime": "2021-07-20 20:46:57", "elapsed": 774.648926, "delta": 12.361283}}
{"target": -61.42909434026742, "params": {"C": 42.14358342643002, "epsilon": 1.015264824784787, "gamma": 0.05980610592667271}, "datetime": {"datetime": "2021-07-20 20:47:08", "elapsed": 785.993556, "delta": 11.34463}}
{"target": -53.931321998574255, "params": {"C": 36.95790584229438, "epsilon": 3.302836170814041, "gamma": 0.0923302531223489}, "datetime": {"datetime": "2021-07-20 20:47:20", "elapsed": 797.876652, "delta": 11.883096}}
{"target": -50.48989693326414, "params": {"C": 28.01246013506027, "epsilon": 5.033143436704179, "gamma": 0.09390646648073755}, "datetime": {"datetime": "2021-07-20 20:47:32", "elapsed": 810.00851, "delta": 12.131858}}
{"target": -62.30526690512232, "params": {"C": 31.808429467170242, "epsilon": 6.662817894789489, "gamma": 0.06306416732793302}, "datetime": {"datetime": "2021-07-20 20:47:44", "elapsed": 821.735901, "delta": 11.727391}}
{"target": -60.84716238747446, "params": {"C": 42.39929314567171, "epsilon": 5.914244403509328, "gamma": 0.057911496047988495}, "datetime": {"datetime": "2021-07-20 20:47:56", "elapsed": 833.795643, "delta": 12.059742}}
{"target": -11.50325756078248, "params": {"C": 6.358294963807353, "epsilon": 1.8512342565953885, "gamma": 0.019209408400078197}, "datetime": {"datetime": "2021-07-20 20:47:57", "elapsed": 834.673106, "delta": 0.877463}}
{"target": -11.490776127613515, "params": {"C": 40.66799219375127, "epsilon": 1.1581412636892925, "gamma": 0.08109580566728454}, "datetime": {"datetime": "2021-07-20 20:47:58", "elapsed": 835.650884, "delta": 0.977778}}
{"target": -72.8575335738147, "params": {"C": 35.34545809028246, "epsilon": 5.2197607148415015, "gamma": 0.04523198301149464}, "datetime": {"datetime": "2021-07-20 20:48:17", "elapsed": 854.423209, "delta": 18.772325}}
{"target": -10.704159269671965, "params": {"C": 22.550482950539564, "epsilon": 0.43997426079469937, "gamma": 0.023091379697663887}, "datetime": {"datetime": "2021-07-20 20:48:17", "elapsed": 855.304498, "delta": 0.881289}}
{"target": -11.819633162399839, "params": {"C": 6.143861986241734, "epsilon": 0.44556882079957216, "gamma": 0.01171406880069855}, "datetime": {"datetime": "2021-07-20 20:48:18", "elapsed": 856.180449, "delta": 0.875951}}
{"target": -10.936124828566118, "params": {"C": 22.585879560393337, "epsilon": 1.4561112644917946, "gamma": 0.016612654811946945}, "datetime": {"datetime": "2021-07-20 20:48:19", "elapsed": 857.098055, "delta": 0.917606}}
{"target": -11.270690874134367, "params": {"C": 26.492791782407885, "epsilon": 1.6343618732519016, "gamma": 0.08321825447229071}, "datetime": {"datetime": "2021-07-20 20:48:20", "elapsed": 857.912075, "delta": 0.81402}}
{"target": -51.92669653432037, "params": {"C": 40.51832515003394, "epsilon": 5.069892635853191, "gamma": 0.08955694449895564}, "datetime": {"datetime": "2021-07-20 20:48:32", "elapsed": 870.079332, "delta": 12.167257}}
{"target": -65.15722624194639, "params": {"C": 11.826613033891544, "epsilon": 6.618951884916845, "gamma": 0.05761736168263478}, "datetime": {"datetime": "2021-07-20 20:48:44", "elapsed": 882.125947, "delta": 12.046615}}
{"target": -56.43915292001931, "params": {"C": 26.784866343840307, "epsilon": 3.025131101445294, "gamma": 0.08005103739811197}, "datetime": {"datetime": "2021-07-20 20:48:57", "elapsed": 894.411432, "delta": 12.285485}}
{"target": -72.62156712915761, "params": {"C": 45.10071265801787, "epsilon": 5.772148131793717, "gamma": 0.04246094988392884}, "datetime": {"datetime": "2021-07-20 20:49:15", "elapsed": 913.300455, "delta": 18.889023}}
{"target": -64.61884616055077, "params": {"C": 17.525453727756528, "epsilon": 5.511981781058618, "gamma": 0.05527672495837501}, "datetime": {"datetime": "2021-07-20 20:49:28", "elapsed": 925.380204, "delta": 12.079749}}
{"target": -10.823831239280493, "params": {"C": 33.75972777439218, "epsilon": 0.8741522627856051, "gamma": 0.02205846844637245}, "datetime": {"datetime": "2021-07-20 20:49:29", "elapsed": 926.367935, "delta": 0.987731}}
{"target": -62.676734372014785, "params": {"C": 34.79583660511602, "epsilon": 6.06248028432864, "gamma": 0.05860294245007252}, "datetime": {"datetime": "2021-07-20 20:49:40", "elapsed": 938.133114, "delta": 11.765179}}
{"target": -57.06272948000791, "params": {"C": 41.703321075380764, "epsilon": 3.118969289570742, "gamma": 0.08894069897304727}, "datetime": {"datetime": "2021-07-20 20:49:52", "elapsed": 950.361788, "delta": 12.228674}}
{"target": -71.20611891982594, "params": {"C": 22.935685806500505, "epsilon": 4.6607287298181195, "gamma": 0.0348607537455968}, "datetime": {"datetime": "2021-07-20 20:50:11", "elapsed": 969.315178, "delta": 18.95339}}
{"target": -74.64788181908999, "params": {"C": 7.824178587206963, "epsilon": 6.099791222800363, "gamma": 0.03808586860582076}, "datetime": {"datetime": "2021-07-20 20:50:31", "elapsed": 989.310718, "delta": 19.99554}}
{"target": -51.84515640956663, "params": {"C": 23.282185245777253, "epsilon": 3.7591298006657037, "gamma": 0.09559917081376022}, "datetime": {"datetime": "2021-07-20 20:50:44", "elapsed": 1001.925613, "delta": 12.614895}}
{"target": -56.12142424799301, "params": {"C": 42.69698355648753, "epsilon": 2.4026655450101235, "gamma": 0.06462311440700762}, "datetime": {"datetime": "2021-07-20 20:50:56", "elapsed": 1014.338485, "delta": 12.412872}}
{"target": -10.617404994196407, "params": {"C": 18.27289773735962, "epsilon": 0.2578385321186929, "gamma": 0.02317371813478581}, "datetime": {"datetime": "2021-07-20 20:50:57", "elapsed": 1015.297666, "delta": 0.959181}}
{"target": -60.506430745279935, "params": {"C": 45.51395817013383, "epsilon": 5.741314183325083, "gamma": 0.06988868769105365}, "datetime": {"datetime": "2021-07-20 20:51:10", "elapsed": 1027.591917, "delta": 12.294251}}
{"target": -56.064568400387046, "params": {"C": 7.533395401696097, "epsilon": 4.778756435595548, "gamma": 0.0879792277743061}, "datetime": {"datetime": "2021-07-20 20:51:22", "elapsed": 1040.17461, "delta": 12.582693}}
{"target": -53.26356985029267, "params": {"C": 8.47803503556171, "epsilon": 5.937513896198096, "gamma": 0.0892388725806235}, "datetime": {"datetime": "2021-07-20 20:51:35", "elapsed": 1052.508629, "delta": 12.334019}}
{"target": -49.10296882847185, "params": {"C": 41.83273669478186, "epsilon": 6.096017626762989, "gamma": 0.09555407177284798}, "datetime": {"datetime": "2021-07-20 20:51:47", "elapsed": 1064.831472, "delta": 12.322843}}
{"target": -69.61256751239581, "params": {"C": 35.98114343564121, "epsilon": 4.151466049007841, "gamma": 0.04601093498874688}, "datetime": {"datetime": "2021-07-20 20:52:07", "elapsed": 1084.62251, "delta": 19.791038}}
{"target": -74.36443222862586, "params": {"C": 47.89951784639739, "epsilon": 2.5070230357109082, "gamma": 0.028642797806578336}, "datetime": {"datetime": "2021-07-20 20:52:19", "elapsed": 1096.569199, "delta": 11.946689}}
{"target": -10.58890113166759, "params": {"C": 22.501210545662843, "epsilon": 3.4535416967345807, "gamma": 0.023532520444296847}, "datetime": {"datetime": "2021-07-20 20:52:20", "elapsed": 1097.587702, "delta": 1.018503}}
{"target": -58.77249192188635, "params": {"C": 40.04682239541262, "epsilon": 6.626718208449837, "gamma": 0.06989737257072713}, "datetime": {"datetime": "2021-07-20 20:52:33", "elapsed": 1110.386637, "delta": 12.798935}}
{"target": -58.00515845804826, "params": {"C": 34.04015622230095, "epsilon": 1.5911398985223248, "gamma": 0.06892599019417488}, "datetime": {"datetime": "2021-07-20 20:52:45", "elapsed": 1122.756932, "delta": 12.370295}}
{"target": -10.950043061159445, "params": {"C": 46.578428390074265, "epsilon": 0.34944928269852205, "gamma": 0.022255499409596327}, "datetime": {"datetime": "2021-07-20 20:52:46", "elapsed": 1123.795022, "delta": 1.03809}}
{"target": -10.969727081208724, "params": {"C": 12.925925457594444, "epsilon": 1.5304384479522855, "gamma": 0.021585791925785573}, "datetime": {"datetime": "2021-07-20 20:52:47", "elapsed": 1124.944725, "delta": 1.149703}}
{"target": -10.92337139317811, "params": {"C": 45.68918749736544, "epsilon": 0.5651925938824727, "gamma": 0.021183138209463524}, "datetime": {"datetime": "2021-07-20 20:52:48", "elapsed": 1125.960222, "delta": 1.015497}}
{"target": -56.098818535001584, "params": {"C": 37.24456779590846, "epsilon": 4.042809657788628, "gamma": 0.08789828165772078}, "datetime": {"datetime": "2021-07-20 20:53:00", "elapsed": 1138.34041, "delta": 12.380188}}
{"target": -55.88018341531431, "params": {"C": 47.41968590856013, "epsilon": 3.7601548385618613, "gamma": 0.07099146968816082}, "datetime": {"datetime": "2021-07-20 20:53:13", "elapsed": 1150.429272, "delta": 12.088862}}
{"target": -11.228369471121068, "params": {"C": 35.241399009612024, "epsilon": 1.5744535319732866, "gamma": 0.07715111857355453}, "datetime": {"datetime": "2021-07-20 20:53:14", "elapsed": 1151.456127, "delta": 1.026855}}
{"target": -57.19584057413138, "params": {"C": 49.62247570401585, "epsilon": 2.9276828925789826, "gamma": 0.06532011644316481}, "datetime": {"datetime": "2021-07-20 20:53:26", "elapsed": 1163.907531, "delta": 12.451404}}
{"target": -66.33112960269624, "params": {"C": 30.51411648808925, "epsilon": 2.244991500234179, "gamma": 0.0492121577445221}, "datetime": {"datetime": "2021-07-20 20:53:38", "elapsed": 1176.146186, "delta": 12.238655}}
{"target": -61.63090329384309, "params": {"C": 19.346122041737843, "epsilon": 5.636677392419091, "gamma": 0.07154405632523288}, "datetime": {"datetime": "2021-07-20 20:53:51", "elapsed": 1188.510224, "delta": 12.364038}}
{"target": -72.64169273784367, "params": {"C": 15.917933871983255, "epsilon": 6.225123580963441, "gamma": 0.03890745389030429}, "datetime": {"datetime": "2021-07-20 20:54:11", "elapsed": 1208.583418, "delta": 20.073194}}
{"target": -11.950158654633913, "params": {"C": 36.913658010772295, "epsilon": 1.2916233597420708, "gamma": 0.09334757957875511}, "datetime": {"datetime": "2021-07-20 20:54:12", "elapsed": 1209.601772, "delta": 1.018354}}
{"target": -10.790947925579175, "params": {"C": 41.60561223191514, "epsilon": 0.8071308550949552, "gamma": 0.027668928783936196}, "datetime": {"datetime": "2021-07-20 20:54:13", "elapsed": 1210.636927, "delta": 1.035155}}
{"target": -10.712263743493294, "params": {"C": 27.471388554971522, "epsilon": 1.292179171989044, "gamma": 0.021445200445488272}, "datetime": {"datetime": "2021-07-20 20:54:14", "elapsed": 1211.705864, "delta": 1.068937}}
{"target": -72.11837544995979, "params": {"C": 49.03807100332358, "epsilon": 4.395564758033059, "gamma": 0.01723178054912427}, "datetime": {"datetime": "2021-07-20 20:54:22", "elapsed": 1219.585345, "delta": 7.879481}}
{"target": -67.58433765997734, "params": {"C": 6.821447545546562, "epsilon": 3.822646337395744, "gamma": 0.04895053730347529}, "datetime": {"datetime": "2021-07-20 20:54:35", "elapsed": 1232.436437, "delta": 12.851092}}
{"target": -50.478777191611314, "params": {"C": 26.48038088059011, "epsilon": 6.83584548339744, "gamma": 0.09176553004549953}, "datetime": {"datetime": "2021-07-20 20:54:47", "elapsed": 1244.534134, "delta": 12.097697}}
{"target": -81.43081536302127, "params": {"C": 14.796947273701496, "epsilon": 6.128727464010448, "gamma": 0.028776130975988336}, "datetime": {"datetime": "2021-07-20 20:55:05", "elapsed": 1263.014897, "delta": 18.480763}}
{"target": -52.46748583216343, "params": {"C": 40.04540886184926, "epsilon": 3.9705847845693456, "gamma": 0.08618726479675215}, "datetime": {"datetime": "2021-07-20 20:55:18", "elapsed": 1275.912946, "delta": 12.898049}}
{"target": -79.36608393354639, "params": {"C": 10.388710389373806, "epsilon": 6.046936379735778, "gamma": 0.027619108030374477}, "datetime": {"datetime": "2021-07-20 20:55:38", "elapsed": 1295.91446, "delta": 20.001514}}
{"target": -11.124287389859163, "params": {"C": 13.992475660554694, "epsilon": 2.2402103303670415, "gamma": 0.0763329015965312}, "datetime": {"datetime": "2021-07-20 20:55:39", "elapsed": 1296.940563, "delta": 1.026103}}
{"target": -55.34900529120673, "params": {"C": 5.933775566403346, "epsilon": 3.9394350081803657, "gamma": 0.08606113836899151}, "datetime": {"datetime": "2021-07-20 20:55:50", "elapsed": 1307.870614, "delta": 10.930051}}
{"target": -77.94804134826147, "params": {"C": 23.307357005296694, "epsilon": 5.191753379061927, "gamma": 0.018506204159215955}, "datetime": {"datetime": "2021-07-20 20:56:00", "elapsed": 1317.645996, "delta": 9.775382}}
{"target": -10.71082000223691, "params": {"C": 15.797666833133192, "epsilon": 0.32212788992163044, "gamma": 0.027308059922268993}, "datetime": {"datetime": "2021-07-20 20:56:01", "elapsed": 1318.558999, "delta": 0.913003}}
{"target": -57.83913162204735, "params": {"C": 16.890897019964253, "epsilon": 3.5529594857115945, "gamma": 0.06441937105479735}, "datetime": {"datetime": "2021-07-20 20:56:10", "elapsed": 1328.177276, "delta": 9.618277}}
{"target": -63.76747980803638, "params": {"C": 35.141748574273265, "epsilon": 4.755521455701446, "gamma": 0.05349996148979389}, "datetime": {"datetime": "2021-07-20 20:56:20", "elapsed": 1337.798087, "delta": 9.620811}}
{"target": -59.86768572161688, "params": {"C": 23.427138442020077, "epsilon": 5.962467002078333, "gamma": 0.05762292745579159}, "datetime": {"datetime": "2021-07-20 20:56:30", "elapsed": 1347.777003, "delta": 9.978916}}
{"target": -70.84301526769096, "params": {"C": 8.771398142864891, "epsilon": 6.44364979500387, "gamma": 0.01544103412256103}, "datetime": {"datetime": "2021-07-20 20:56:45", "elapsed": 1362.699252, "delta": 14.922249}}
{"target": -11.677121561813369, "params": {"C": 28.809827153640573, "epsilon": 1.1621178106603296, "gamma": 0.09355296895081812}, "datetime": {"datetime": "2021-07-20 20:56:46", "elapsed": 1363.460248, "delta": 0.760996}}
{"target": -59.31392607976779, "params": {"C": 40.77370422459228, "epsilon": 3.764254073874609, "gamma": 0.06520133854362044}, "datetime": {"datetime": "2021-07-20 20:56:55", "elapsed": 1372.965951, "delta": 9.505703}}
{"target": -76.97575375577316, "params": {"C": 31.262016025811334, "epsilon": 3.8592525250158194, "gamma": 0.02818613156393545}, "datetime": {"datetime": "2021-07-20 20:57:04", "elapsed": 1381.992225, "delta": 9.026274}}
{"target": -71.93838579242863, "params": {"C": 35.593346045262535, "epsilon": 3.2250222717175494, "gamma": 0.039170228849287406}, "datetime": {"datetime": "2021-07-20 20:57:17", "elapsed": 1395.234687, "delta": 13.242462}}
{"target": -77.36698585629796, "params": {"C": 6.373280358665895, "epsilon": 5.337450701589374, "gamma": 0.016452259209722316}, "datetime": {"datetime": "2021-07-20 20:57:31", "elapsed": 1409.056705, "delta": 13.822018}}
{"target": -72.17083373552839, "params": {"C": 49.844802493289414, "epsilon": 6.697213077960761, "gamma": 0.039202547789858926}, "datetime": {"datetime": "2021-07-20 20:57:45", "elapsed": 1422.773444, "delta": 13.716739}}
{"target": -78.3488159620994, "params": {"C": 7.360220618212252, "epsilon": 5.5565272523764975, "gamma": 0.03978064812072321}, "datetime": {"datetime": "2021-07-20 20:58:00", "elapsed": 1438.16154, "delta": 15.388096}}
{"target": -72.15544461210287, "params": {"C": 14.618828170079205, "epsilon": 1.1870324725481622, "gamma": 0.04824236776238836}, "datetime": {"datetime": "2021-07-20 20:58:10", "elapsed": 1447.987996, "delta": 9.826456}}
{"target": -50.5976442781106, "params": {"C": 30.91533584400737, "epsilon": 5.857095881770829, "gamma": 0.08627464453223914}, "datetime": {"datetime": "2021-07-20 20:58:20", "elapsed": 1457.802336, "delta": 9.81434}}
{"target": -54.575784158974905, "params": {"C": 16.700655252954597, "epsilon": 6.149320330679545, "gamma": 0.09674361038544846}, "datetime": {"datetime": "2021-07-20 20:58:29", "elapsed": 1466.844089, "delta": 9.041753}}
{"target": -10.70111507046761, "params": {"C": 47.26313804131087, "epsilon": 1.4005466473286525, "gamma": 0.03060008164981632}, "datetime": {"datetime": "2021-07-20 20:58:30", "elapsed": 1467.726704, "delta": 0.882615}}
{"target": -75.6738387485124, "params": {"C": 25.625030339811296, "epsilon": 5.78302507125744, "gamma": 0.036183189309074125}, "datetime": {"datetime": "2021-07-20 20:58:44", "elapsed": 1482.200722, "delta": 14.474018}}
{"target": -52.81254765133635, "params": {"C": 24.29306302574213, "epsilon": 5.244791960375566, "gamma": 0.09021572350331294}, "datetime": {"datetime": "2021-07-20 20:58:54", "elapsed": 1491.688361, "delta": 9.487639}}
{"target": -58.43511695019722, "params": {"C": 43.27127475965366, "epsilon": 6.125235048563467, "gamma": 0.07780984009676849}, "datetime": {"datetime": "2021-07-20 20:59:03", "elapsed": 1501.227619, "delta": 9.539258}}
{"target": -10.707091006422047, "params": {"C": 28.55396065130895, "epsilon": 0.2912047926201321, "gamma": 0.020071689494944783}, "datetime": {"datetime": "2021-07-20 20:59:04", "elapsed": 1502.166265, "delta": 0.938646}}
{"target": -57.32896826877937, "params": {"C": 28.99223397543023, "epsilon": 4.412965865694623, "gamma": 0.06659636432912662}, "datetime": {"datetime": "2021-07-20 20:59:14", "elapsed": 1511.482757, "delta": 9.316492}}
{"target": -62.88591091844109, "params": {"C": 12.919065641910683, "epsilon": 4.310267053047081, "gamma": 0.057432183635318115}, "datetime": {"datetime": "2021-07-20 20:59:23", "elapsed": 1520.669123, "delta": 9.186366}}
{"target": -56.735398042844395, "params": {"C": 48.99625635179976, "epsilon": 1.8323263996007901, "gamma": 0.0696308702438803}, "datetime": {"datetime": "2021-07-20 20:59:32", "elapsed": 1529.61306, "delta": 8.943937}}
{"target": -71.58506669594182, "params": {"C": 49.689301665117036, "epsilon": 1.8690346759327545, "gamma": 0.049338070875487264}, "datetime": {"datetime": "2021-07-20 20:59:41", "elapsed": 1539.192124, "delta": 9.579064}}
{"target": -66.57258578030616, "params": {"C": 5.031562778251958, "epsilon": 1.029113942328607, "gamma": 0.05367043049624607}, "datetime": {"datetime": "2021-07-20 20:59:51", "elapsed": 1548.675162, "delta": 9.483038}}
{"target": -11.367943979814376, "params": {"C": 11.081321853817288, "epsilon": 2.2805994600043196, "gamma": 0.09319239435105879}, "datetime": {"datetime": "2021-07-20 20:59:52", "elapsed": 1549.551167, "delta": 0.876005}}
{"target": -71.92624914299985, "params": {"C": 37.2259700659794, "epsilon": 2.9247668213657447, "gamma": 0.03638568806686012}, "datetime": {"datetime": "2021-07-20 21:00:01", "elapsed": 1558.608684, "delta": 9.057517}}
{"target": -10.969749086011774, "params": {"C": 27.01874607927211, "epsilon": 0.48668262495859727, "gamma": 0.06318529191386188}, "datetime": {"datetime": "2021-07-20 21:00:02", "elapsed": 1559.410683, "delta": 0.801999}}
{"target": -10.75017268858347, "params": {"C": 36.444999786609486, "epsilon": 2.2875082077595206, "gamma": 0.02089257854352528}, "datetime": {"datetime": "2021-07-20 21:00:02", "elapsed": 1560.269685, "delta": 0.859002}}
{"target": -10.765384426037912, "params": {"C": 27.463654513825475, "epsilon": 1.680723253272508, "gamma": 0.032081062230251964}, "datetime": {"datetime": "2021-07-20 21:00:03", "elapsed": 1561.081084, "delta": 0.811399}}
{"target": -79.8733397574976, "params": {"C": 23.282644270958365, "epsilon": 4.394559452046889, "gamma": 0.03446795541711096}, "datetime": {"datetime": "2021-07-20 21:00:12", "elapsed": 1570.040571, "delta": 8.959487}}
{"target": -62.112475773740336, "params": {"C": 16.548572421036845, "epsilon": 4.905182524716853, "gamma": 0.07593660826297662}, "datetime": {"datetime": "2021-07-20 21:00:21", "elapsed": 1578.883463, "delta": 8.842892}}
{"target": -11.044815730305949, "params": {"C": 15.543970370169987, "epsilon": 1.7934639840288642, "gamma": 0.06753435424917682}, "datetime": {"datetime": "2021-07-20 21:00:22", "elapsed": 1579.766459, "delta": 0.882996}}
{"target": -63.21395985417929, "params": {"C": 49.65730187424066, "epsilon": 1.5091187282098548, "gamma": 0.05698710332222009}, "datetime": {"datetime": "2021-07-20 21:00:31", "elapsed": 1589.004964, "delta": 9.238505}}
{"target": -75.23574110178069, "params": {"C": 31.671163733852328, "epsilon": 5.823030819414768, "gamma": 0.03933478452166975}, "datetime": {"datetime": "2021-07-20 21:00:45", "elapsed": 1603.132594, "delta": 14.12763}}
{"target": -10.741825655558634, "params": {"C": 32.628581937718565, "epsilon": 1.7874134635869114, "gamma": 0.021432185342470933}, "datetime": {"datetime": "2021-07-20 21:00:46", "elapsed": 1604.04959, "delta": 0.916996}}
{"target": -76.36479548529714, "params": {"C": 22.308416006057453, "epsilon": 2.301139320027438, "gamma": 0.03223698727651946}, "datetime": {"datetime": "2021-07-20 21:00:55", "elapsed": 1613.234494, "delta": 9.184904}}
{"target": -11.304447200524924, "params": {"C": 24.061890474261585, "epsilon": 1.183597636735614, "gamma": 0.08525713813850128}, "datetime": {"datetime": "2021-07-20 21:00:56", "elapsed": 1614.06952, "delta": 0.835026}}
{"target": -50.173625858448254, "params": {"C": 26.90168575787052, "epsilon": 5.867438089821988, "gamma": 0.09797067518201162}, "datetime": {"datetime": "2021-07-20 21:01:05", "elapsed": 1623.150254, "delta": 9.080734}}
{"target": -63.424798115910754, "params": {"C": 43.18438207440492, "epsilon": 1.2039026518350082, "gamma": 0.05223287991500222}, "datetime": {"datetime": "2021-07-20 21:01:14", "elapsed": 1632.000878, "delta": 8.850624}}
{"target": -59.37156511156715, "params": {"C": 7.219015686895526, "epsilon": 3.997701949176847, "gamma": 0.06275809743870486}, "datetime": {"datetime": "2021-07-20 21:01:23", "elapsed": 1641.19514, "delta": 9.194262}}
