{"target": -10.598100961305905, "params": {"C": 22.285895620531775, "epsilon": 3.374320582002649, "gamma": 0.025591255877821906}, "datetime": {"datetime": "2021-07-20 22:15:53", "elapsed": 948.686237, "delta": 1.048116}}
{"target": -100.04961678755771, "params": {"C": 22.238827627612917, "epsilon": 3.5205314282306315, "gamma": 0.054138141327332176}, "datetime": {"datetime": "2021-07-20 22:16:09", "elapsed": 964.949436, "delta": 16.263199}}
{"target": -94.16158143333342, "params": {"C": 18.77570352690019, "epsilon": 19.683125677536086, "gamma": 0.03136736428377881}, "datetime": {"datetime": "2021-07-20 22:16:37", "elapsed": 993.072074, "delta": 28.122638}}
{"target": -101.76837085222444, "params": {"C": 13.06691191072263, "epsilon": 26.02981452526219, "gamma": 0.03278499718937176}, "datetime": {"datetime": "2021-07-20 22:17:04", "elapsed": 1019.635984, "delta": 26.56391}}
{"target": -10.881093808548611, "params": {"C": 17.313744022067567, "epsilon": 4.491770578872548, "gamma": 0.023180558019935495}, "datetime": {"datetime": "2021-07-20 22:17:05", "elapsed": 1021.052868, "delta": 1.416884}}
{"target": -101.0232331174811, "params": {"C": 26.24108267689529, "epsilon": 9.724402896302, "gamma": 0.044449720618464875}, "datetime": {"datetime": "2021-07-20 22:17:23", "elapsed": 1038.519005, "delta": 17.466137}}
{"target": -10.913662624473389, "params": {"C": 17.014205811891415, "epsilon": 0.26508493797641175, "gamma": 0.026230205773532224}, "datetime": {"datetime": "2021-07-20 22:17:24", "elapsed": 1039.692078, "delta": 1.173073}}
{"target": -98.45050296399627, "params": {"C": 27.305273086495003, "epsilon": 24.44882534675283, "gamma": 0.04676425832573786}, "datetime": {"datetime": "2021-07-20 22:17:55", "elapsed": 1070.354796, "delta": 30.662718}}
{"target": -10.651908498481374, "params": {"C": 13.743331330658314, "epsilon": 1.7182353422563215, "gamma": 0.04941634524643998}, "datetime": {"datetime": "2021-07-20 22:17:56", "elapsed": 1071.436112, "delta": 1.081316}}
{"target": -94.79030590228959, "params": {"C": 13.313924346767758, "epsilon": 25.314123786320724, "gamma": 0.055269834101372955}, "datetime": {"datetime": "2021-07-20 22:18:29", "elapsed": 1104.901689, "delta": 33.465577}}
{"target": -10.502195698619593, "params": {"C": 13.765469428272318, "epsilon": 1.7199159257057097, "gamma": 0.0391418806922566}, "datetime": {"datetime": "2021-07-20 22:18:30", "elapsed": 1105.976294, "delta": 1.074605}}
{"target": -94.1622672664478, "params": {"C": 23.703987520131122, "epsilon": 17.43712747202135, "gamma": 0.036268542852196425}, "datetime": {"datetime": "2021-07-20 22:19:01", "elapsed": 1136.34219, "delta": 30.365896}}
{"target": -10.382105538969983, "params": {"C": 16.962262704490687, "epsilon": 4.411144925301715, "gamma": 0.036077221620365155}, "datetime": {"datetime": "2021-07-20 22:19:02", "elapsed": 1137.589232, "delta": 1.247042}}
{"target": -10.663945680004987, "params": {"C": 18.607101765594095, "epsilon": 1.0728024330452102, "gamma": 0.037198906324959605}, "datetime": {"datetime": "2021-07-20 22:19:03", "elapsed": 1138.656285, "delta": 1.067053}}
{"target": -10.456262189146557, "params": {"C": 15.938085464307452, "epsilon": 1.876697489184564, "gamma": 0.03388702168688127}, "datetime": {"datetime": "2021-07-20 22:19:04", "elapsed": 1140.025176, "delta": 1.368891}}
{"target": -105.14953715094899, "params": {"C": 22.970725683980362, "epsilon": 6.145336111277135, "gamma": 0.046341094590846094}, "datetime": {"datetime": "2021-07-20 22:19:23", "elapsed": 1158.209545, "delta": 18.184369}}
{"target": -96.89972184844787, "params": {"C": 22.271856901726736, "epsilon": 3.374459263358975, "gamma": 0.055102218462981314}, "datetime": {"datetime": "2021-07-20 22:19:42", "elapsed": 1177.900919, "delta": 19.691374}}
{"target": -10.769168341172106, "params": {"C": 14.994238506202345, "epsilon": 5.877624860895447, "gamma": 0.025532216231114537}, "datetime": {"datetime": "2021-07-20 22:19:44", "elapsed": 1179.396934, "delta": 1.496015}}
{"target": -10.600502570625748, "params": {"C": 27.371470832338055, "epsilon": 1.6206067486081406, "gamma": 0.025355225586577372}, "datetime": {"datetime": "2021-07-20 22:19:45", "elapsed": 1180.41302, "delta": 1.016086}}
{"target": -98.78666113614352, "params": {"C": 17.351739776331677, "epsilon": 4.454461734041492, "gamma": 0.043238573502726835}, "datetime": {"datetime": "2021-07-20 22:20:02", "elapsed": 1197.741446, "delta": 17.328426}}
{"target": -10.611483610304361, "params": {"C": 22.2424792794048, "epsilon": 3.4812847501243462, "gamma": 0.03774624276170282}, "datetime": {"datetime": "2021-07-20 22:20:03", "elapsed": 1198.808416, "delta": 1.06697}}
{"target": -10.45428607540863, "params": {"C": 16.006242280998183, "epsilon": 1.8803597644360994, "gamma": 0.03335028626449296}, "datetime": {"datetime": "2021-07-20 22:20:04", "elapsed": 1199.895281, "delta": 1.086865}}
{"target": -10.445013370955113, "params": {"C": 22.19068185122347, "epsilon": 3.402352361485234, "gamma": 0.028149406319950145}, "datetime": {"datetime": "2021-07-20 22:20:06", "elapsed": 1201.254584, "delta": 1.359303}}
{"target": -96.7956075106867, "params": {"C": 21.638666228833717, "epsilon": 9.029013984121033, "gamma": 0.037675673733855865}, "datetime": {"datetime": "2021-07-20 22:20:25", "elapsed": 1220.16681, "delta": 18.912226}}
{"target": -10.544650291663672, "params": {"C": 22.28715362421036, "epsilon": 3.4114320403797698, "gamma": 0.026129391248448104}, "datetime": {"datetime": "2021-07-20 22:20:26", "elapsed": 1221.35662, "delta": 1.18981}}
{"target": -94.18836681123788, "params": {"C": 22.16001821342271, "epsilon": 3.475568789200539, "gamma": 0.05189463209173868}, "datetime": {"datetime": "2021-07-20 22:20:45", "elapsed": 1240.575084, "delta": 19.218464}}
{"target": -94.32192855103129, "params": {"C": 24.056270804069534, "epsilon": 4.824380082156574, "gamma": 0.05707585915549675}, "datetime": {"datetime": "2021-07-20 22:21:01", "elapsed": 1256.856297, "delta": 16.281213}}
{"target": -96.26410836887158, "params": {"C": 14.95659174178563, "epsilon": 5.844519017000442, "gamma": 0.0521965006694997}, "datetime": {"datetime": "2021-07-20 22:21:21", "elapsed": 1277.018209, "delta": 20.161912}}
{"target": -10.562195252539478, "params": {"C": 20.48919123187813, "epsilon": 4.826831377639916, "gamma": 0.025470417778236602}, "datetime": {"datetime": "2021-07-20 22:21:22", "elapsed": 1277.972212, "delta": 0.954003}}
{"target": -10.773838055304267, "params": {"C": 13.867166363362735, "epsilon": 1.7878040182956103, "gamma": 0.056520947071401734}, "datetime": {"datetime": "2021-07-20 22:21:23", "elapsed": 1279.006405, "delta": 1.034193}}
{"target": -106.27263059823598, "params": {"C": 12.688102406095368, "epsilon": 15.986935832132112, "gamma": 0.03756067573779133}, "datetime": {"datetime": "2021-07-20 22:21:40", "elapsed": 1295.381918, "delta": 16.375513}}
{"target": -10.737390106600952, "params": {"C": 15.967134737855375, "epsilon": 1.895169253643022, "gamma": 0.054992523462556134}, "datetime": {"datetime": "2021-07-20 22:21:41", "elapsed": 1296.317917, "delta": 0.935999}}
{"target": -10.576396823370112, "params": {"C": 16.98903787955029, "epsilon": 4.407111975386757, "gamma": 0.02803508899608554}, "datetime": {"datetime": "2021-07-20 22:21:42", "elapsed": 1297.261128, "delta": 0.943211}}
{"target": -10.64975263371603, "params": {"C": 16.006674228755728, "epsilon": 1.8303338679484091, "gamma": 0.04744737178510057}, "datetime": {"datetime": "2021-07-20 22:21:43", "elapsed": 1298.182132, "delta": 0.921004}}
{"target": -10.692229220542728, "params": {"C": 13.866664658432375, "epsilon": 1.8030821579192493, "gamma": 0.05178640883830089}, "datetime": {"datetime": "2021-07-20 22:21:43", "elapsed": 1299.089132, "delta": 0.907}}
{"target": -99.0033476298741, "params": {"C": 15.397157471765107, "epsilon": 9.007927618780524, "gamma": 0.04959687982265107}, "datetime": {"datetime": "2021-07-20 22:21:59", "elapsed": 1314.989811, "delta": 15.900679}}
{"target": -107.41288396413083, "params": {"C": 12.352759658419043, "epsilon": 16.50200821990135, "gamma": 0.05387302785450175}, "datetime": {"datetime": "2021-07-20 22:22:15", "elapsed": 1330.160958, "delta": 15.171147}}
{"target": -10.780715931707133, "params": {"C": 15.945838011852207, "epsilon": 1.9010245399547918, "gamma": 0.027587351156022438}, "datetime": {"datetime": "2021-07-20 22:22:15", "elapsed": 1331.023953, "delta": 0.862995}}
{"target": -10.961770747980399, "params": {"C": 16.944618585036203, "epsilon": 4.408075440672404, "gamma": 0.021288393820381148}, "datetime": {"datetime": "2021-07-20 22:22:16", "elapsed": 1331.936526, "delta": 0.912573}}
{"target": -11.166501790854113, "params": {"C": 15.93202625405833, "epsilon": 1.879259891803715, "gamma": 0.02123653027176388}, "datetime": {"datetime": "2021-07-20 22:22:17", "elapsed": 1332.996526, "delta": 1.06}}
{"target": -93.63478955648222, "params": {"C": 23.38688279472545, "epsilon": 20.101189478895055, "gamma": 0.03956042263287643}, "datetime": {"datetime": "2021-07-20 22:22:33", "elapsed": 1348.698769, "delta": 15.702243}}
{"target": -99.72576279017477, "params": {"C": 18.961363411429808, "epsilon": 25.424174322401356, "gamma": 0.04137271536518311}, "datetime": {"datetime": "2021-07-20 22:22:49", "elapsed": 1364.59844, "delta": 15.899671}}
{"target": -10.658335492747058, "params": {"C": 15.97739940125956, "epsilon": 1.8850019612790632, "gamma": 0.0484270092624324}, "datetime": {"datetime": "2021-07-20 22:22:50", "elapsed": 1365.437776, "delta": 0.839336}}
{"target": -10.778477766015515, "params": {"C": 16.024716907936543, "epsilon": 1.8687603040741143, "gamma": 0.057137428270514976}, "datetime": {"datetime": "2021-07-20 22:22:51", "elapsed": 1366.334777, "delta": 0.897001}}
{"target": -10.980100956124502, "params": {"C": 15.911855915309937, "epsilon": 1.9675714774591633, "gamma": 0.024579061667019196}, "datetime": {"datetime": "2021-07-20 22:22:52", "elapsed": 1367.294773, "delta": 0.959996}}
{"target": -10.803311894400954, "params": {"C": 15.897797290709086, "epsilon": 1.8497291489251912, "gamma": 0.058373143403980615}, "datetime": {"datetime": "2021-07-20 22:22:53", "elapsed": 1368.108107, "delta": 0.813334}}
{"target": -10.739918546918817, "params": {"C": 15.937975924229313, "epsilon": 1.943765472291135, "gamma": 0.05534678693542831}, "datetime": {"datetime": "2021-07-20 22:22:54", "elapsed": 1369.218109, "delta": 1.110002}}
{"target": -11.158216537653047, "params": {"C": 18.610805103160168, "epsilon": 1.064141937292755, "gamma": 0.020405428692798277}, "datetime": {"datetime": "2021-07-20 22:22:55", "elapsed": 1370.333385, "delta": 1.115276}}
{"target": -10.856784930558511, "params": {"C": 17.04295855154038, "epsilon": 0.27083897787784467, "gamma": 0.0554097460961471}, "datetime": {"datetime": "2021-07-20 22:22:56", "elapsed": 1371.235427, "delta": 0.902042}}
{"target": -100.21167610778086, "params": {"C": 12.891638900213518, "epsilon": 23.633860632172226, "gamma": 0.03352995521790031}, "datetime": {"datetime": "2021-07-20 22:23:11", "elapsed": 1386.172059, "delta": 14.936632}}
{"target": -10.374276176279643, "params": {"C": 15.633779530918812, "epsilon": 4.363103507605792, "gamma": 0.03724939242302785}, "datetime": {"datetime": "2021-07-20 22:23:11", "elapsed": 1386.989248, "delta": 0.817189}}
{"target": -94.29695611590951, "params": {"C": 21.790237985513897, "epsilon": 24.959456690339287, "gamma": 0.05396687671746775}, "datetime": {"datetime": "2021-07-20 22:23:26", "elapsed": 1401.610517, "delta": 14.621269}}
{"target": -10.456601279852002, "params": {"C": 15.953261069247866, "epsilon": 1.8812309069016675, "gamma": 0.0330598084042868}, "datetime": {"datetime": "2021-07-20 22:23:27", "elapsed": 1402.565268, "delta": 0.954751}}
{"target": -92.8285940519717, "params": {"C": 27.96607437116188, "epsilon": 5.304763816674455, "gamma": 0.029494541384534646}, "datetime": {"datetime": "2021-07-20 22:23:37", "elapsed": 1412.423751, "delta": 9.858483}}
{"target": -91.96226363621307, "params": {"C": 19.791678128373157, "epsilon": 24.63278263044274, "gamma": 0.031948654641351264}, "datetime": {"datetime": "2021-07-20 22:23:52", "elapsed": 1427.3167, "delta": 14.892949}}
{"target": -10.49653923717178, "params": {"C": 15.63939824277864, "epsilon": 4.343244125444285, "gamma": 0.03056788589157071}, "datetime": {"datetime": "2021-07-20 22:23:53", "elapsed": 1428.398826, "delta": 1.082126}}
{"target": -10.919764885668611, "params": {"C": 15.89203282616706, "epsilon": 1.8795619855265373, "gamma": 0.025444419063836054}, "datetime": {"datetime": "2021-07-20 22:23:54", "elapsed": 1429.323791, "delta": 0.924965}}
{"target": -10.34924433982595, "params": {"C": 17.30972321084615, "epsilon": 4.502429282000177, "gamma": 0.03236318058771096}, "datetime": {"datetime": "2021-07-20 22:23:55", "elapsed": 1430.530729, "delta": 1.206938}}
{"target": -10.784161708656722, "params": {"C": 15.963378198672212, "epsilon": 1.8458902217497541, "gamma": 0.027571677818278535}, "datetime": {"datetime": "2021-07-20 22:23:56", "elapsed": 1431.497712, "delta": 0.966983}}
{"target": -100.47126860089637, "params": {"C": 14.99164702027737, "epsilon": 18.137486606012054, "gamma": 0.04128887192761235}, "datetime": {"datetime": "2021-07-20 22:24:10", "elapsed": 1445.672653, "delta": 14.174941}}
{"target": -89.64609978365769, "params": {"C": 22.180201344570303, "epsilon": 3.4424928218710646, "gamma": 0.04109093739452485}, "datetime": {"datetime": "2021-07-20 22:24:17", "elapsed": 1452.378706, "delta": 6.706053}}
{"target": -11.016270204036017, "params": {"C": 17.1712811964063, "epsilon": 4.397930744312792, "gamma": 0.020424775658443944}, "datetime": {"datetime": "2021-07-20 22:24:18", "elapsed": 1453.474665, "delta": 1.095959}}
{"target": -10.638118274955858, "params": {"C": 15.923407848944038, "epsilon": 1.9927746353009475, "gamma": 0.030035150221021704}, "datetime": {"datetime": "2021-07-20 22:24:19", "elapsed": 1454.473665, "delta": 0.999}}
{"target": -10.597282680082545, "params": {"C": 22.87628198933585, "epsilon": 2.9466413191247205, "gamma": 0.043249493645871266}, "datetime": {"datetime": "2021-07-20 22:24:20", "elapsed": 1455.508667, "delta": 1.035002}}
{"target": -10.589972431750635, "params": {"C": 22.304780542717133, "epsilon": 3.400339737657699, "gamma": 0.03939852493315362}, "datetime": {"datetime": "2021-07-20 22:24:21", "elapsed": 1456.423974, "delta": 0.915307}}
{"target": -10.946796788126374, "params": {"C": 13.781419088849844, "epsilon": 1.6943928278706293, "gamma": 0.02728479341264177}, "datetime": {"datetime": "2021-07-20 22:24:22", "elapsed": 1457.673948, "delta": 1.249974}}
{"target": -89.6613418875597, "params": {"C": 23.87922214160803, "epsilon": 9.216525169221766, "gamma": 0.025227507052099023}, "datetime": {"datetime": "2021-07-20 22:24:32", "elapsed": 1467.837577, "delta": 10.163629}}
{"target": -94.84542530275209, "params": {"C": 20.486269483000733, "epsilon": 6.540425053770958, "gamma": 0.03014552185945141}, "datetime": {"datetime": "2021-07-20 22:24:42", "elapsed": 1477.869856, "delta": 10.032279}}
{"target": -10.462154239828736, "params": {"C": 15.963718135970318, "epsilon": 1.9134878415955012, "gamma": 0.03604700501288674}, "datetime": {"datetime": "2021-07-20 22:24:43", "elapsed": 1478.983641, "delta": 1.113785}}
{"target": -96.76024653590125, "params": {"C": 16.36279402572503, "epsilon": 20.761238811214476, "gamma": 0.04942268495075895}, "datetime": {"datetime": "2021-07-20 22:24:59", "elapsed": 1494.446319, "delta": 15.462678}}
{"target": -94.77201588430248, "params": {"C": 15.98327769539755, "epsilon": 7.037644835444947, "gamma": 0.04572938648315464}, "datetime": {"datetime": "2021-07-20 22:25:13", "elapsed": 1508.961114, "delta": 14.514795}}
{"target": -97.07190300693928, "params": {"C": 22.153269619419127, "epsilon": 3.3866219036227743, "gamma": 0.05857972401372133}, "datetime": {"datetime": "2021-07-20 22:25:23", "elapsed": 1518.781951, "delta": 9.820837}}
{"target": -88.99478334398202, "params": {"C": 22.07577296612199, "epsilon": 24.809219746213074, "gamma": 0.03333397121831637}, "datetime": {"datetime": "2021-07-20 22:25:37", "elapsed": 1533.016271, "delta": 14.23432}}
{"target": -10.772398377700043, "params": {"C": 15.891559635802318, "epsilon": 1.8164066871155404, "gamma": 0.056767398881567954}, "datetime": {"datetime": "2021-07-20 22:25:38", "elapsed": 1533.913275, "delta": 0.897004}}
{"target": -10.646836077009086, "params": {"C": 15.810101241441608, "epsilon": 1.892563542187358, "gamma": 0.0479299505224235}, "datetime": {"datetime": "2021-07-20 22:25:39", "elapsed": 1534.838115, "delta": 0.92484}}
{"target": -10.930610951032405, "params": {"C": 15.944662386649016, "epsilon": 1.8821782295543152, "gamma": 0.025251504733408515}, "datetime": {"datetime": "2021-07-20 22:25:40", "elapsed": 1535.75698, "delta": 0.918865}}
{"target": -10.654934896396647, "params": {"C": 15.95446149172002, "epsilon": 1.9730803431579893, "gamma": 0.048652180605455494}, "datetime": {"datetime": "2021-07-20 22:25:41", "elapsed": 1536.701242, "delta": 0.944262}}
{"target": -92.70615115101425, "params": {"C": 26.425211005886304, "epsilon": 4.437505960078219, "gamma": 0.03900346369890207}, "datetime": {"datetime": "2021-07-20 22:25:50", "elapsed": 1545.444427, "delta": 8.743185}}
{"target": -100.15796201612126, "params": {"C": 12.838294815049421, "epsilon": 16.75898256703142, "gamma": 0.043629932940090044}, "datetime": {"datetime": "2021-07-20 22:26:04", "elapsed": 1559.303645, "delta": 13.859218}}
{"target": -10.596705421723877, "params": {"C": 16.025781658770516, "epsilon": 1.8707080774970997, "gamma": 0.04090006889105563}, "datetime": {"datetime": "2021-07-20 22:26:05", "elapsed": 1560.287662, "delta": 0.984017}}
{"target": -10.742834000702423, "params": {"C": 17.030645625390573, "epsilon": 0.23937643198746392, "gamma": 0.04605352312960678}, "datetime": {"datetime": "2021-07-20 22:26:06", "elapsed": 1561.349406, "delta": 1.061744}}
{"target": -10.700788614995357, "params": {"C": 17.241475777149756, "epsilon": 4.421053463819377, "gamma": 0.025530652440184803}, "datetime": {"datetime": "2021-07-20 22:26:07", "elapsed": 1562.360242, "delta": 1.010836}}
{"target": -101.50525828574357, "params": {"C": 17.67381303125706, "epsilon": 8.170975585669057, "gamma": 0.03939923568834586}, "datetime": {"datetime": "2021-07-20 22:26:17", "elapsed": 1572.414507, "delta": 10.054265}}
{"target": -94.35456639309146, "params": {"C": 25.138427665577392, "epsilon": 6.8243495407314185, "gamma": 0.031535025032481505}, "datetime": {"datetime": "2021-07-20 22:26:26", "elapsed": 1582.059171, "delta": 9.644664}}
{"target": -94.85136983754673, "params": {"C": 27.72989437273812, "epsilon": 22.257097866516332, "gamma": 0.04148613376127208}, "datetime": {"datetime": "2021-07-20 22:26:41", "elapsed": 1596.90572, "delta": 14.846549}}
{"target": -10.921585313518545, "params": {"C": 17.329050561362433, "epsilon": 4.457712414198257, "gamma": 0.022127079477730995}, "datetime": {"datetime": "2021-07-20 22:26:43", "elapsed": 1598.245718, "delta": 1.339998}}
{"target": -94.39961251611555, "params": {"C": 17.32590717107786, "epsilon": 4.522826155219339, "gamma": 0.04560886497714474}, "datetime": {"datetime": "2021-07-20 22:26:53", "elapsed": 1608.151952, "delta": 9.906234}}
{"target": -90.35059477625381, "params": {"C": 18.8828734186882, "epsilon": 3.0105317129207902, "gamma": 0.04153809016235803}, "datetime": {"datetime": "2021-07-20 22:27:02", "elapsed": 1617.277974, "delta": 9.126022}}
{"target": -85.84126732473135, "params": {"C": 12.236042446763811, "epsilon": 22.381269626318616, "gamma": 0.02347445852233601}, "datetime": {"datetime": "2021-07-20 22:27:17", "elapsed": 1632.171744, "delta": 14.89377}}
{"target": -10.548981122846293, "params": {"C": 15.907209426059449, "epsilon": 1.9582059933855462, "gamma": 0.0313616837177372}, "datetime": {"datetime": "2021-07-20 22:27:18", "elapsed": 1633.441954, "delta": 1.27021}}
{"target": -100.57099338909316, "params": {"C": 17.151084633583483, "epsilon": 23.167793856981792, "gamma": 0.04719061865661693}, "datetime": {"datetime": "2021-07-20 22:27:32", "elapsed": 1648.081071, "delta": 14.639117}}
{"target": -99.98285613398362, "params": {"C": 17.762605681255167, "epsilon": 9.479454300479812, "gamma": 0.03452551986590782}, "datetime": {"datetime": "2021-07-20 22:27:42", "elapsed": 1657.532683, "delta": 9.451612}}
{"target": -94.12540434040582, "params": {"C": 22.18630901475196, "epsilon": 3.495982311237851, "gamma": 0.03884556269794237}, "datetime": {"datetime": "2021-07-20 22:27:51", "elapsed": 1666.75011, "delta": 9.217427}}
{"target": -98.68206351750023, "params": {"C": 26.70144481403183, "epsilon": 20.179718701977862, "gamma": 0.04318660394706822}, "datetime": {"datetime": "2021-07-20 22:28:05", "elapsed": 1680.604279, "delta": 13.854169}}
{"target": -85.17559079205817, "params": {"C": 17.22746571753499, "epsilon": 4.4279799150918135, "gamma": 0.030521898217033078}, "datetime": {"datetime": "2021-07-20 22:28:14", "elapsed": 1689.42965, "delta": 8.825371}}
{"target": -10.695926432837673, "params": {"C": 17.055186728628513, "epsilon": 0.26103494509568625, "gamma": 0.04174698146973846}, "datetime": {"datetime": "2021-07-20 22:28:15", "elapsed": 1690.400497, "delta": 0.970847}}
{"target": -85.98499347563082, "params": {"C": 17.58102059106121, "epsilon": 12.547364861186647, "gamma": 0.022845719208429753}, "datetime": {"datetime": "2021-07-20 22:28:24", "elapsed": 1699.493905, "delta": 9.093408}}
{"target": -10.597071679733116, "params": {"C": 14.179141860814019, "epsilon": 1.0892169482393494, "gamma": 0.03325773562895579}, "datetime": {"datetime": "2021-07-20 22:28:25", "elapsed": 1700.387764, "delta": 0.893859}}
{"target": -10.585438617608984, "params": {"C": 17.2162532099521, "epsilon": 4.455669896777659, "gamma": 0.02764787757954817}, "datetime": {"datetime": "2021-07-20 22:28:26", "elapsed": 1701.502853, "delta": 1.115089}}
