{"target": -13.525660922486956, "params": {"C": 26.165940582696383, "epsilon": 1.784127132430525, "gamma": 0.1976321821845214}, "datetime": {"datetime": "2021-07-20 19:25:16", "elapsed": 237.158307, "delta": 0.764342}}
{"target": -11.263301603457512, "params": {"C": 11.706421859704035, "epsilon": 0.3625504213733892, "gamma": 0.07750967814134262}, "datetime": {"datetime": "2021-07-20 19:25:16", "elapsed": 237.810307, "delta": 0.652}}
{"target": -14.620676714541334, "params": {"C": 0.772320465941991, "epsilon": 0.37076948820407735, "gamma": 0.015009483444716549}, "datetime": {"datetime": "2021-07-20 19:25:17", "elapsed": 238.371307, "delta": 0.561}}
{"target": -15.778294627072476, "params": {"C": 6.907491663959429, "epsilon": 0.6455183463193815, "gamma": 0.35790982086327106}, "datetime": {"datetime": "2021-07-20 19:25:18", "elapsed": 239.038716, "delta": 0.667409}}
{"target": -12.583201701049578, "params": {"C": 5.593437963966055, "epsilon": 3.4370861485093065, "gamma": 0.15060941365570016}, "datetime": {"datetime": "2021-07-20 19:25:18", "elapsed": 239.698714, "delta": 0.659998}}
{"target": -17.31846795855574, "params": {"C": 2.152696301818156, "epsilon": 1.579310106048051, "gamma": 0.3551360688147055}, "datetime": {"datetime": "2021-07-20 19:25:19", "elapsed": 240.319711, "delta": 0.620997}}
{"target": -12.182523257762439, "params": {"C": 4.204225367551249, "epsilon": 1.313140980126945, "gamma": 0.09968771800533112}, "datetime": {"datetime": "2021-07-20 19:25:19", "elapsed": 240.967327, "delta": 0.647616}}
{"target": -13.50752933327409, "params": {"C": 4.195973846817604, "epsilon": 1.409358830186727, "gamma": 0.17611344991884692}, "datetime": {"datetime": "2021-07-20 19:25:20", "elapsed": 241.588554, "delta": 0.621227}}
{"target": -13.457391640055796, "params": {"C": 20.35885298466961, "epsilon": 5.45893554623921, "gamma": 0.21125087740997184}, "datetime": {"datetime": "2021-07-20 19:25:21", "elapsed": 242.418549, "delta": 0.829995}}
{"target": -13.301884611606262, "params": {"C": 14.054451832708915, "epsilon": 4.223687661249747, "gamma": 0.21347278103904713}, "datetime": {"datetime": "2021-07-20 19:25:22", "elapsed": 243.123711, "delta": 0.705162}}
{"target": -11.073086496282336, "params": {"C": 19.176760798978258, "epsilon": 1.0004089860629697, "gamma": 0.07183547666309438}, "datetime": {"datetime": "2021-07-20 19:25:22", "elapsed": 243.825711, "delta": 0.702}}
{"target": -13.334452671119438, "params": {"C": 14.074754010695353, "epsilon": 4.225553437592888, "gamma": 0.2163132042677257}, "datetime": {"datetime": "2021-07-20 19:25:23", "elapsed": 244.602713, "delta": 0.777002}}
{"target": -13.43018237944911, "params": {"C": 26.07549441827627, "epsilon": 1.729224596043563, "gamma": 0.1917371427304507}, "datetime": {"datetime": "2021-07-20 19:25:24", "elapsed": 245.423917, "delta": 0.821204}}
{"target": -44.51669549142856, "params": {"C": 11.963138163043334, "epsilon": 6.5633352957180895, "gamma": 0.1421636351365257}, "datetime": {"datetime": "2021-07-20 19:25:33", "elapsed": 254.2081, "delta": 8.784183}}
{"target": -13.317173863482843, "params": {"C": 4.234783316697016, "epsilon": 1.3070650220964624, "gamma": 0.1619841323747229}, "datetime": {"datetime": "2021-07-20 19:25:33", "elapsed": 254.851098, "delta": 0.642998}}
{"target": -15.666967150485597, "params": {"C": 24.77215652800432, "epsilon": 1.193397141935792, "gamma": 0.3266690740807756}, "datetime": {"datetime": "2021-07-20 19:25:34", "elapsed": 255.591272, "delta": 0.740174}}
{"target": -13.624320769529632, "params": {"C": 5.638487033566215, "epsilon": 3.4591168886759807, "gamma": 0.2078235309064225}, "datetime": {"datetime": "2021-07-20 19:25:35", "elapsed": 256.249885, "delta": 0.658613}}
{"target": -11.302975726535347, "params": {"C": 8.855648958742558, "epsilon": 0.0949716082155503, "gamma": 0.07796199665471898}, "datetime": {"datetime": "2021-07-20 19:25:35", "elapsed": 256.888886, "delta": 0.639001}}
{"target": -37.47017988742884, "params": {"C": 27.010302344940303, "epsilon": 8.150842454620232, "gamma": 0.334586318425909}, "datetime": {"datetime": "2021-07-20 19:25:44", "elapsed": 265.722487, "delta": 8.833601}}
{"target": -12.0963893986978, "params": {"C": 4.235131840259717, "epsilon": 1.2807018191501875, "gamma": 0.09642687639086767}, "datetime": {"datetime": "2021-07-20 19:25:45", "elapsed": 266.396097, "delta": 0.67361}}
{"target": -15.05717590855727, "params": {"C": 16.116221313760835, "epsilon": 4.190455579243216, "gamma": 0.3171129125802373}, "datetime": {"datetime": "2021-07-20 19:25:46", "elapsed": 267.065101, "delta": 0.669004}}
{"target": -14.37364953948751, "params": {"C": 5.606622550353119, "epsilon": 3.4429996032472014, "gamma": 0.2508308211394816}, "datetime": {"datetime": "2021-07-20 19:25:46", "elapsed": 267.758774, "delta": 0.693673}}
{"target": -13.34651018326817, "params": {"C": 20.65721092521955, "epsilon": 5.8151685043512265, "gamma": 0.20341611429532486}, "datetime": {"datetime": "2021-07-20 19:25:47", "elapsed": 268.440773, "delta": 0.681999}}
{"target": -12.921435108377702, "params": {"C": 26.13901146471932, "epsilon": 1.7165765079726867, "gamma": 0.14744581858841868}, "datetime": {"datetime": "2021-07-20 19:25:48", "elapsed": 269.162982, "delta": 0.722209}}
{"target": -12.55394681202894, "params": {"C": 26.147451775945633, "epsilon": 1.7112541879791754, "gamma": 0.12414216857674769}, "datetime": {"datetime": "2021-07-20 19:25:48", "elapsed": 269.920978, "delta": 0.757996}}
{"target": -13.015910189366558, "params": {"C": 5.607150615808242, "epsilon": 3.440475908796495, "gamma": 0.17451958830397893}, "datetime": {"datetime": "2021-07-20 19:25:49", "elapsed": 270.73798, "delta": 0.817002}}
{"target": -15.60067608100769, "params": {"C": 19.363650780151236, "epsilon": 2.0537481744467683, "gamma": 0.32929782964909904}, "datetime": {"datetime": "2021-07-20 19:25:50", "elapsed": 271.394033, "delta": 0.656053}}
{"target": -14.783473222075685, "params": {"C": 4.320498655407113, "epsilon": 1.4204133286955405, "gamma": 0.2572904794118007}, "datetime": {"datetime": "2021-07-20 19:25:51", "elapsed": 272.091033, "delta": 0.697}}
{"target": -11.352221619322247, "params": {"C": 5.292188988294607, "epsilon": 1.9645706022122549, "gamma": 0.06923887234835394}, "datetime": {"datetime": "2021-07-20 19:25:51", "elapsed": 272.784033, "delta": 0.693}}
{"target": -10.997512420538243, "params": {"C": 27.127082956577546, "epsilon": 0.5465108842479268, "gamma": 0.06702693176825071}, "datetime": {"datetime": "2021-07-20 19:25:52", "elapsed": 273.460708, "delta": 0.676675}}
{"target": -13.574293774184923, "params": {"C": 4.202830958668118, "epsilon": 1.3195501491467527, "gamma": 0.1812271266952265}, "datetime": {"datetime": "2021-07-20 19:25:53", "elapsed": 274.273708, "delta": 0.813}}
{"target": -13.24593934407158, "params": {"C": 4.22807547516689, "epsilon": 1.3535842775716607, "gamma": 0.15708643995586635}, "datetime": {"datetime": "2021-07-20 19:25:54", "elapsed": 275.001706, "delta": 0.727998}}
{"target": -14.524299508446434, "params": {"C": 5.60787875391393, "epsilon": 3.386846973758514, "gamma": 0.26071295352560275}, "datetime": {"datetime": "2021-07-20 19:25:54", "elapsed": 275.869857, "delta": 0.868151}}
{"target": -10.808756354657822, "params": {"C": 27.13063915213175, "epsilon": 0.5671614652939417, "gamma": 0.023465719231211806}, "datetime": {"datetime": "2021-07-20 19:25:55", "elapsed": 276.709853, "delta": 0.839996}}
{"target": -13.53343634009487, "params": {"C": 17.013741188395482, "epsilon": 3.0143331010793304, "gamma": 0.22100173248886368}, "datetime": {"datetime": "2021-07-20 19:25:56", "elapsed": 277.370572, "delta": 0.660719}}
{"target": -14.370710163254888, "params": {"C": 26.151075258949188, "epsilon": 1.7867223152920535, "gamma": 0.24798357656620257}, "datetime": {"datetime": "2021-07-20 19:25:57", "elapsed": 278.185572, "delta": 0.815}}
{"target": -13.227053414477544, "params": {"C": 14.062099922697659, "epsilon": 4.198719202782123, "gamma": 0.20696073896065187}, "datetime": {"datetime": "2021-07-20 19:25:57", "elapsed": 278.956569, "delta": 0.770997}}
{"target": -13.127910311330702, "params": {"C": 20.379040010730638, "epsilon": 5.397498064624473, "gamma": 0.1889482518717561}, "datetime": {"datetime": "2021-07-20 19:25:58", "elapsed": 279.794748, "delta": 0.838179}}
{"target": -13.142361163520258, "params": {"C": 14.06412041882308, "epsilon": 4.21455384163086, "gamma": 0.20081714531305858}, "datetime": {"datetime": "2021-07-20 19:25:59", "elapsed": 280.763444, "delta": 0.968696}}
{"target": -69.56321380462416, "params": {"C": 0.7563933473722648, "epsilon": 0.3917133473763323, "gamma": 0.04621172310387011}, "datetime": {"datetime": "2021-07-20 19:26:08", "elapsed": 289.883348, "delta": 9.119904}}
{"target": -13.135936128631611, "params": {"C": 4.172454323459765, "epsilon": 1.4197196593774875, "gamma": 0.14510480470237688}, "datetime": {"datetime": "2021-07-20 19:26:09", "elapsed": 290.73235, "delta": 0.849002}}
{"target": -16.678339809330165, "params": {"C": 1.2238935975764753, "epsilon": 5.332093663321101, "gamma": 0.21956454503304718}, "datetime": {"datetime": "2021-07-20 19:26:10", "elapsed": 291.424741, "delta": 0.692391}}
{"target": -13.794580451496282, "params": {"C": 4.155980559875098, "epsilon": 1.2880583021770442, "gamma": 0.19388671785675748}, "datetime": {"datetime": "2021-07-20 19:26:11", "elapsed": 292.20574, "delta": 0.780999}}
{"target": -15.83504229105219, "params": {"C": 5.5462419453869005, "epsilon": 3.412064927280962, "gamma": 0.36171634716706325}, "datetime": {"datetime": "2021-07-20 19:26:11", "elapsed": 292.977739, "delta": 0.771999}}
{"target": -16.43853949038412, "params": {"C": 23.365818039263537, "epsilon": 5.549432646742318, "gamma": 0.42412102936149887}, "datetime": {"datetime": "2021-07-20 19:26:12", "elapsed": 293.661626, "delta": 0.683887}}
{"target": -42.109398490381196, "params": {"C": 20.340958561088133, "epsilon": 5.440419983628932, "gamma": 0.17987840505842603}, "datetime": {"datetime": "2021-07-20 19:26:21", "elapsed": 302.67312, "delta": 9.011494}}
{"target": -15.898372141323701, "params": {"C": 6.002985445778561, "epsilon": 3.0073090000539326, "gamma": 0.3699870055835818}, "datetime": {"datetime": "2021-07-20 19:26:22", "elapsed": 303.359279, "delta": 0.686159}}
{"target": -21.64941582877659, "params": {"C": 0.6323095385874746, "epsilon": 5.503669960547331, "gamma": 0.42342816561163577}, "datetime": {"datetime": "2021-07-20 19:26:23", "elapsed": 304.089275, "delta": 0.729996}}
{"target": -69.72694773904682, "params": {"C": 12.210836368641063, "epsilon": 7.34347297894539, "gamma": 0.05232144460650611}, "datetime": {"datetime": "2021-07-20 19:26:38", "elapsed": 319.154856, "delta": 15.065581}}
{"target": -15.85134634730406, "params": {"C": 5.99806403591695, "epsilon": 2.987051837686075, "gamma": 0.3656798168094755}, "datetime": {"datetime": "2021-07-20 19:26:38", "elapsed": 319.956819, "delta": 0.801963}}
{"target": -11.478760543090889, "params": {"C": 8.855110472292251, "epsilon": 0.11942647378160748, "gamma": 0.08661001798978822}, "datetime": {"datetime": "2021-07-20 19:26:39", "elapsed": 320.810484, "delta": 0.853665}}
{"target": -38.96482774311888, "params": {"C": 20.097800883165668, "epsilon": 6.702596962126095, "gamma": 0.24455638185437323}, "datetime": {"datetime": "2021-07-20 19:26:48", "elapsed": 329.744652, "delta": 8.934168}}
{"target": -39.306806492080085, "params": {"C": 12.290664041692937, "epsilon": 8.475741963347435, "gamma": 0.26720551027637596}, "datetime": {"datetime": "2021-07-20 19:26:57", "elapsed": 338.594663, "delta": 8.850011}}
{"target": -17.586785300000113, "params": {"C": 6.829882733409741, "epsilon": 1.574810368236658, "gamma": 0.47870406600979576}, "datetime": {"datetime": "2021-07-20 19:26:58", "elapsed": 339.600891, "delta": 1.006228}}
{"target": -16.886154129045075, "params": {"C": 15.877927029726239, "epsilon": 1.4234642541906901, "gamma": 0.4645838371265272}, "datetime": {"datetime": "2021-07-20 19:26:59", "elapsed": 340.298891, "delta": 0.698}}
{"target": -14.830255871451136, "params": {"C": 5.281238964145622, "epsilon": 2.0836080420611762, "gamma": 0.2720279073753326}, "datetime": {"datetime": "2021-07-20 19:27:00", "elapsed": 341.23749, "delta": 0.938599}}
{"target": -40.29090337115767, "params": {"C": 20.386686534401804, "epsilon": 5.407489719434778, "gamma": 0.17487981276723893}, "datetime": {"datetime": "2021-07-20 19:27:09", "elapsed": 350.433295, "delta": 9.195805}}
{"target": -12.427717196673797, "params": {"C": 5.600519373082404, "epsilon": 3.440222386259129, "gamma": 0.13926009607318046}, "datetime": {"datetime": "2021-07-20 19:27:10", "elapsed": 351.354091, "delta": 0.920796}}
{"target": -16.69536087521786, "params": {"C": 29.106437385759325, "epsilon": 3.1155025691369493, "gamma": 0.4334965095701977}, "datetime": {"datetime": "2021-07-20 19:27:11", "elapsed": 352.174878, "delta": 0.820787}}
{"target": -12.557355474019296, "params": {"C": 5.579785436513613, "epsilon": 3.457749378554855, "gamma": 0.1492085213669464}, "datetime": {"datetime": "2021-07-20 19:27:12", "elapsed": 353.008875, "delta": 0.833997}}
{"target": -14.570224045619673, "params": {"C": 1.5829559186707876, "epsilon": 7.879368713417824, "gamma": 0.16919061533570914}, "datetime": {"datetime": "2021-07-20 19:27:12", "elapsed": 353.734075, "delta": 0.7252}}
{"target": -13.785872016684806, "params": {"C": 6.420414596015007, "epsilon": 1.4600668236406091, "gamma": 0.21567428180679055}, "datetime": {"datetime": "2021-07-20 19:27:13", "elapsed": 354.535076, "delta": 0.801001}}
{"target": -16.292270421652493, "params": {"C": 17.28113159915069, "epsilon": 8.32093939101332, "gamma": 0.4246010417765532}, "datetime": {"datetime": "2021-07-20 19:27:14", "elapsed": 355.322075, "delta": 0.786999}}
{"target": -13.93888863856119, "params": {"C": 3.1449724315723024, "epsilon": 0.5748701556974734, "gamma": 0.17180489221119702}, "datetime": {"datetime": "2021-07-20 19:27:15", "elapsed": 356.182943, "delta": 0.860868}}
{"target": -12.50803363830646, "params": {"C": 28.176033552420286, "epsilon": 1.7737442657078295, "gamma": 0.11875803095322172}, "datetime": {"datetime": "2021-07-20 19:27:15", "elapsed": 356.949949, "delta": 0.767006}}
{"target": -41.872739271382, "params": {"C": 13.755436886465349, "epsilon": 8.212120656156152, "gamma": 0.14942831138028742}, "datetime": {"datetime": "2021-07-20 19:27:24", "elapsed": 365.926983, "delta": 8.977034}}
{"target": -12.335844081777196, "params": {"C": 5.5870512114877835, "epsilon": 3.4926287447265927, "gamma": 0.13167377530813368}, "datetime": {"datetime": "2021-07-20 19:27:25", "elapsed": 366.771981, "delta": 0.844998}}
{"target": -12.980789299241383, "params": {"C": 4.214965451987377, "epsilon": 1.3358537514874105, "gamma": 0.136037209632445}, "datetime": {"datetime": "2021-07-20 19:27:26", "elapsed": 367.639204, "delta": 0.867223}}
{"target": -12.677946542894222, "params": {"C": 5.588539407936014, "epsilon": 3.477641531130703, "gamma": 0.15623290847100507}, "datetime": {"datetime": "2021-07-20 19:27:27", "elapsed": 368.789204, "delta": 1.15}}
{"target": -11.328166657193421, "params": {"C": 5.309797591382711, "epsilon": 1.9491649756330194, "gamma": 0.06645827515153331}, "datetime": {"datetime": "2021-07-20 19:27:28", "elapsed": 369.644079, "delta": 0.854875}}
{"target": -14.476100397305663, "params": {"C": 5.287617302242253, "epsilon": 6.048465861755932, "gamma": 0.26615767691533543}, "datetime": {"datetime": "2021-07-20 19:27:29", "elapsed": 370.434078, "delta": 0.789999}}
{"target": -13.939085581692412, "params": {"C": 26.087344633931455, "epsilon": 1.764592721658405, "gamma": 0.22607672290980882}, "datetime": {"datetime": "2021-07-20 19:27:30", "elapsed": 371.310689, "delta": 0.876611}}
{"target": -12.316453089757067, "params": {"C": 5.556603060273299, "epsilon": 3.4499485831322265, "gamma": 0.1292063628842247}, "datetime": {"datetime": "2021-07-20 19:27:31", "elapsed": 372.223673, "delta": 0.912984}}
{"target": -12.856529707690434, "params": {"C": 25.179491781648167, "epsilon": 4.2258515334026105, "gamma": 0.14854137144801158}, "datetime": {"datetime": "2021-07-20 19:27:32", "elapsed": 373.104674, "delta": 0.881001}}
{"target": -17.476448959833927, "params": {"C": 4.062863164355121, "epsilon": 3.066645383153405, "gamma": 0.46260305424279435}, "datetime": {"datetime": "2021-07-20 19:27:32", "elapsed": 373.88189, "delta": 0.777216}}
{"target": -17.40162493034947, "params": {"C": 4.048626693892075, "epsilon": 3.0702765456800933, "gamma": 0.4568137858422238}, "datetime": {"datetime": "2021-07-20 19:27:33", "elapsed": 374.764896, "delta": 0.883006}}
{"target": -12.944965737862962, "params": {"C": 20.34298425018768, "epsilon": 5.3886269984870045, "gamma": 0.16968663707910878}, "datetime": {"datetime": "2021-07-20 19:27:34", "elapsed": 375.856213, "delta": 1.091317}}
{"target": -57.56245180725452, "params": {"C": 20.966345413342633, "epsilon": 3.076795146399648, "gamma": 0.06543076938360755}, "datetime": {"datetime": "2021-07-20 19:27:43", "elapsed": 384.849904, "delta": 8.993691}}
{"target": -12.046487432116294, "params": {"C": 14.980777752658355, "epsilon": 2.1853566617929934, "gamma": 0.126893659438494}, "datetime": {"datetime": "2021-07-20 19:27:44", "elapsed": 385.637635, "delta": 0.787731}}
{"target": -14.900030324195868, "params": {"C": 5.082603367519679, "epsilon": 3.1717097786689856, "gamma": 0.2799456551016745}, "datetime": {"datetime": "2021-07-20 19:27:45", "elapsed": 386.617278, "delta": 0.979643}}
{"target": -15.561130729271882, "params": {"C": 7.7064819312643325, "epsilon": 6.922466679694318, "gamma": 0.36781000517211}, "datetime": {"datetime": "2021-07-20 19:27:46", "elapsed": 387.45028, "delta": 0.833002}}
{"target": -15.117669497876207, "params": {"C": 7.036970475586619, "epsilon": 2.3509860588894638, "gamma": 0.3216530075732252}, "datetime": {"datetime": "2021-07-20 19:27:47", "elapsed": 388.348463, "delta": 0.898183}}
{"target": -14.96267209541845, "params": {"C": 29.77161073796616, "epsilon": 1.9332494257083015, "gamma": 0.26371266978876723}, "datetime": {"datetime": "2021-07-20 19:27:48", "elapsed": 389.15646, "delta": 0.807997}}
{"target": -40.521091246390135, "params": {"C": 17.78484889729403, "epsilon": 8.270893806757872, "gamma": 0.16674130530090883}, "datetime": {"datetime": "2021-07-20 19:27:57", "elapsed": 398.073287, "delta": 8.916827}}
{"target": -12.199788617513867, "params": {"C": 5.58072964629831, "epsilon": 3.449035071664296, "gamma": 0.12304179887833756}, "datetime": {"datetime": "2021-07-20 19:27:57", "elapsed": 398.971289, "delta": 0.898002}}
{"target": -11.71263045370493, "params": {"C": 4.229461070601784, "epsilon": 1.3262175964061627, "gamma": 0.07453355782127596}, "datetime": {"datetime": "2021-07-20 19:27:58", "elapsed": 399.897584, "delta": 0.926295}}
{"target": -11.33542717389459, "params": {"C": 8.89342278148764, "epsilon": 0.11919863502446963, "gamma": 0.07918588903500273}, "datetime": {"datetime": "2021-07-20 19:27:59", "elapsed": 400.84749, "delta": 0.949906}}
{"target": -16.929516694976414, "params": {"C": 14.60625679730082, "epsilon": 8.336133311370832, "gamma": 0.48885209366469895}, "datetime": {"datetime": "2021-07-20 19:28:00", "elapsed": 401.656487, "delta": 0.808997}}
{"target": -14.130397721120005, "params": {"C": 25.457769298031195, "epsilon": 1.4848511017399606, "gamma": 0.23759578757702865}, "datetime": {"datetime": "2021-07-20 19:28:01", "elapsed": 402.453688, "delta": 0.797201}}
{"target": -17.184325585460357, "params": {"C": 1.4888506766665963, "epsilon": 5.589270951805397, "gamma": 0.2954150869187754}, "datetime": {"datetime": "2021-07-20 19:28:02", "elapsed": 403.27169, "delta": 0.818002}}
{"target": -14.46734762250273, "params": {"C": 4.320691705537164, "epsilon": 1.4155518066913444, "gamma": 0.236365261832703}, "datetime": {"datetime": "2021-07-20 19:28:03", "elapsed": 404.303119, "delta": 1.031429}}
{"target": -15.15717701946008, "params": {"C": 5.1217216199904465, "epsilon": 3.1495294000171428, "gamma": 0.2984914589139209}, "datetime": {"datetime": "2021-07-20 19:28:04", "elapsed": 405.309114, "delta": 1.005995}}
{"target": -13.266672296437292, "params": {"C": 17.026666170092177, "epsilon": 3.020246658949844, "gamma": 0.20225795264982158}, "datetime": {"datetime": "2021-07-20 19:28:05", "elapsed": 406.256872, "delta": 0.947758}}
{"target": -13.843943092481362, "params": {"C": 10.019273694552892, "epsilon": 2.7285110403745874, "gamma": 0.24254194801510232}, "datetime": {"datetime": "2021-07-20 19:28:06", "elapsed": 407.072873, "delta": 0.816001}}
{"target": -12.84243611035337, "params": {"C": 23.187732099450944, "epsilon": 2.279935042077588, "gamma": 0.14425897534343762}, "datetime": {"datetime": "2021-07-20 19:28:06", "elapsed": 407.986108, "delta": 0.913235}}
{"target": -38.707337677109734, "params": {"C": 27.7593842493186, "epsilon": 7.420753840830216, "gamma": 0.2686229566814979}, "datetime": {"datetime": "2021-07-20 19:28:16", "elapsed": 417.057637, "delta": 9.071529}}
{"target": -15.062236414429103, "params": {"C": 5.068941997708847, "epsilon": 3.197680743283329, "gamma": 0.2909497776437922}, "datetime": {"datetime": "2021-07-20 19:28:16", "elapsed": 417.981929, "delta": 0.924292}}
{"target": -14.19306121305548, "params": {"C": 28.66742474019953, "epsilon": 6.664836044014598, "gamma": 0.2382366429065257}, "datetime": {"datetime": "2021-07-20 19:28:17", "elapsed": 418.81693, "delta": 0.835001}}
{"target": -13.533915773099539, "params": {"C": 20.299535897852277, "epsilon": 5.473009548370578, "gamma": 0.21692655385613194}, "datetime": {"datetime": "2021-07-20 19:28:18", "elapsed": 419.762928, "delta": 0.945998}}
{"target": -73.79220824471953, "params": {"C": 0.4264066457909837, "epsilon": 7.462116824505601, "gamma": 0.043522045382894295}, "datetime": {"datetime": "2021-07-20 19:28:33", "elapsed": 434.591117, "delta": 14.828189}}
