{"target": -15.056666989044812, "params": {"C": 12.516489921030193, "epsilon": 7.20604168948716, "gamma": 0.001243736735967132}, "datetime": {"datetime": "2021-07-20 18:38:26", "elapsed": 0.0, "delta": 0.0}}
{"target": -21.356353259913607, "params": {"C": 9.076953853228874, "epsilon": 1.4760913492629593, "gamma": 0.9234767138285012}, "datetime": {"datetime": "2021-07-20 18:38:26", "elapsed": 0.300002, "delta": 0.300002}}
{"target": -30.293936108859, "params": {"C": 5.59594373921635, "epsilon": 3.462151663160047, "gamma": 3.9677350655592765}, "datetime": {"datetime": "2021-07-20 18:38:27", "elapsed": 0.604009, "delta": 0.304007}}
{"target": -32.567473045077456, "params": {"C": 16.169113852760674, "epsilon": 4.197753198888915, "gamma": 6.852226482017556}, "datetime": {"datetime": "2021-07-20 18:38:27", "elapsed": 0.940008, "delta": 0.335999}}
{"target": -39.059321022415894, "params": {"C": 6.141522969448207, "epsilon": 8.782393189545544, "gamma": 0.27397319321994185}, "datetime": {"datetime": "2021-07-20 18:38:36", "elapsed": 10.114196, "delta": 9.174188}}
{"target": -31.66763926179627, "params": {"C": 20.117320630250283, "epsilon": 4.178874975647599, "gamma": 5.586942415474672}, "datetime": {"datetime": "2021-07-20 18:38:36", "elapsed": 10.485199, "delta": 0.371003}}
{"target": -33.59989098199376, "params": {"C": 4.22020428847106, "epsilon": 1.9890338759579391, "gamma": 8.0074656122985}, "datetime": {"datetime": "2021-07-20 18:38:37", "elapsed": 10.851197, "delta": 0.365998}}
{"target": -32.67812203473003, "params": {"C": 29.04816465582473, "epsilon": 3.141107539810836, "gamma": 6.923256924431573}, "datetime": {"datetime": "2021-07-20 18:38:37", "elapsed": 11.203199, "delta": 0.352002}}
{"target": -20.187518620317345, "params": {"C": 26.29291067735819, "epsilon": 8.947120568403435, "gamma": 0.8505336092766421}, "datetime": {"datetime": "2021-07-20 18:38:38", "elapsed": 11.546198, "delta": 0.342999}}
{"target": -34.40887557125973, "params": {"C": 1.181252949154142, "epsilon": 1.7066058914500433, "gamma": 8.781437220043788}, "datetime": {"datetime": "2021-07-20 18:38:38", "elapsed": 11.998184, "delta": 0.451986}}
{"target": -19.339748056436353, "params": {"C": 12.650384207673422, "epsilon": 6.921919354199375, "gamma": 0.0001}, "datetime": {"datetime": "2021-07-20 18:38:39", "elapsed": 13.133188, "delta": 1.135004}}
{"target": -19.310266500467932, "params": {"C": 12.456887417648677, "epsilon": 7.183313370927708, "gamma": 0.0001}, "datetime": {"datetime": "2021-07-20 18:38:40", "elapsed": 13.931235, "delta": 0.798047}}
{"target": -17.88924928141343, "params": {"C": 26.130058900020575, "epsilon": 9.06168373765977, "gamma": 0.5519513751201887}, "datetime": {"datetime": "2021-07-20 18:38:40", "elapsed": 14.429235, "delta": 0.498}}
{"target": -33.99954227987866, "params": {"C": 6.833170891460036, "epsilon": 1.5643440739082923, "gamma": 9.473039780426566}, "datetime": {"datetime": "2021-07-20 18:38:41", "elapsed": 14.883233, "delta": 0.453998}}
{"target": -25.315433663492875, "params": {"C": 21.790418995917793, "epsilon": 7.288834018368413, "gamma": 1.9469608470195938}, "datetime": {"datetime": "2021-07-20 18:38:41", "elapsed": 15.306241, "delta": 0.423008}}
{"target": -18.04600860693018, "params": {"C": 26.21930176382818, "epsilon": 8.948293402570872, "gamma": 0.5657849260867563}, "datetime": {"datetime": "2021-07-20 18:38:42", "elapsed": 15.738895, "delta": 0.432654}}
{"target": -30.553839349085592, "params": {"C": 28.663812810480447, "epsilon": 6.644073444262056, "gamma": 4.70725932722783}, "datetime": {"datetime": "2021-07-20 18:38:42", "elapsed": 16.234882, "delta": 0.495987}}
{"target": -33.46807581077153, "params": {"C": 14.667094359016849, "epsilon": 8.413374950585418, "gamma": 9.790686476801936}, "datetime": {"datetime": "2021-07-20 18:38:43", "elapsed": 16.772878, "delta": 0.537996}}
{"target": -14.213227793273624, "params": {"C": 12.599152810801835, "epsilon": 7.01952788356061, "gamma": 0.2884190555391958}, "datetime": {"datetime": "2021-07-20 18:38:43", "elapsed": 17.489881, "delta": 0.717003}}
{"target": -20.765188961142176, "params": {"C": 26.20932331349307, "epsilon": 8.839000194339794, "gamma": 0.9366220384097466}, "datetime": {"datetime": "2021-07-20 18:38:44", "elapsed": 18.023951, "delta": 0.53407}}
{"target": -29.448646222504344, "params": {"C": 20.316574672767082, "epsilon": 5.483631316610355, "gamma": 3.8321533504703345}, "datetime": {"datetime": "2021-07-20 18:38:44", "elapsed": 18.435623, "delta": 0.411672}}
{"target": -29.545649461796774, "params": {"C": 4.2312754690825285, "epsilon": 1.4024017734137937, "gamma": 3.168391435280958}, "datetime": {"datetime": "2021-07-20 18:38:45", "elapsed": 18.92462, "delta": 0.488997}}
{"target": -19.183431880368083, "params": {"C": 8.227274025847294, "epsilon": 7.645840554218786, "gamma": 0.6687987695485843}, "datetime": {"datetime": "2021-07-20 18:38:45", "elapsed": 19.425619, "delta": 0.500999}}
{"target": -52.0330744239197, "params": {"C": 12.593686698594967, "epsilon": 6.859081007884841, "gamma": 0.09310894832790546}, "datetime": {"datetime": "2021-07-20 18:38:56", "elapsed": 29.604077, "delta": 10.178458}}
{"target": -22.312101586096734, "params": {"C": 17.950078531658797, "epsilon": 1.1358935525219096, "gamma": 1.1678634190933095}, "datetime": {"datetime": "2021-07-20 18:38:56", "elapsed": 30.101664, "delta": 0.497587}}
{"target": -32.28255616366587, "params": {"C": 18.412603574929328, "epsilon": 5.5783450374551835, "gamma": 6.536103842325768}, "datetime": {"datetime": "2021-07-20 18:38:57", "elapsed": 30.595666, "delta": 0.494002}}
{"target": -20.98968114442907, "params": {"C": 9.129964804645835, "epsilon": 1.4354159303867888, "gamma": 0.8717527779955301}, "datetime": {"datetime": "2021-07-20 18:38:57", "elapsed": 31.134667, "delta": 0.539001}}
{"target": -41.889946679186785, "params": {"C": 12.543245446818718, "epsilon": 7.37238365656073, "gamma": 0.13207780192408053}, "datetime": {"datetime": "2021-07-20 18:39:08", "elapsed": 41.912878, "delta": 10.778211}}
{"target": -19.108985957853466, "params": {"C": 26.530646858859612, "epsilon": 8.887690778387432, "gamma": 0.6955509781080764}, "datetime": {"datetime": "2021-07-20 18:39:08", "elapsed": 42.386877, "delta": 0.473999}}
{"target": -21.26360620209228, "params": {"C": 9.114157344929215, "epsilon": 1.4168905583332172, "gamma": 0.9098667841740179}, "datetime": {"datetime": "2021-07-20 18:39:09", "elapsed": 42.823875, "delta": 0.436998}}
{"target": -14.092564262048867, "params": {"C": 12.686809513466924, "epsilon": 6.859805844392871, "gamma": 0.28156148741029086}, "datetime": {"datetime": "2021-07-20 18:39:09", "elapsed": 43.37455, "delta": 0.550675}}
{"target": -33.16086954966819, "params": {"C": 6.908955036910867, "epsilon": 0.6572203071649878, "gamma": 7.0384860896141435}, "datetime": {"datetime": "2021-07-20 18:39:10", "elapsed": 43.963163, "delta": 0.588613}}
{"target": -22.180515985950546, "params": {"C": 17.900938680944677, "epsilon": 1.103828198562617, "gamma": 1.1448976684192251}, "datetime": {"datetime": "2021-07-20 18:39:10", "elapsed": 44.443165, "delta": 0.480002}}
{"target": -30.169794296865494, "params": {"C": 17.958021367616684, "epsilon": 1.1601617459107254, "gamma": 4.091771597300992}, "datetime": {"datetime": "2021-07-20 18:39:11", "elapsed": 44.964168, "delta": 0.521003}}
{"target": -27.993870313469298, "params": {"C": 25.177727256218322, "epsilon": 4.1909196822648545, "gamma": 2.9609645647980747}, "datetime": {"datetime": "2021-07-20 18:39:11", "elapsed": 45.490162, "delta": 0.525994}}
{"target": -17.29949977184525, "params": {"C": 26.1428004724745, "epsilon": 9.071666618863196, "gamma": 0.49911553829134375}, "datetime": {"datetime": "2021-07-20 18:39:12", "elapsed": 46.061462, "delta": 0.5713}}
{"target": -19.879364411757937, "params": {"C": 8.90206379466926, "epsilon": 1.340019017222321, "gamma": 0.7255836746119478}, "datetime": {"datetime": "2021-07-20 18:39:13", "elapsed": 46.624459, "delta": 0.562997}}
{"target": -65.42629829019815, "params": {"C": 1.2993299985871227, "epsilon": 4.1544809215208085, "gamma": 0.05301520095337419}, "datetime": {"datetime": "2021-07-20 18:39:23", "elapsed": 56.920584, "delta": 10.296125}}
{"target": -59.83849841420823, "params": {"C": 12.346406170950155, "epsilon": 7.188048519223062, "gamma": 0.0700646736261516}, "datetime": {"datetime": "2021-07-20 18:39:34", "elapsed": 67.58675, "delta": 10.666166}}
{"target": -20.02095258351287, "params": {"C": 26.42885147456303, "epsilon": 8.893948523377611, "gamma": 0.8237917905245633}, "datetime": {"datetime": "2021-07-20 18:39:34", "elapsed": 68.205957, "delta": 0.619207}}
{"target": -21.297323282944262, "params": {"C": 26.06614473521307, "epsilon": 9.03636662632803, "gamma": 1.0244817078026318}, "datetime": {"datetime": "2021-07-20 18:39:35", "elapsed": 68.695606, "delta": 0.489649}}
{"target": -30.877613553836706, "params": {"C": 3.10500602764494, "epsilon": 0.5809171903722196, "gamma": 3.6965238175024973}, "datetime": {"datetime": "2021-07-20 18:39:35", "elapsed": 69.129606, "delta": 0.434}}
{"target": -19.69936619754406, "params": {"C": 13.113099053635676, "epsilon": 1.942790325040343, "gamma": 0.7577515752284245}, "datetime": {"datetime": "2021-07-20 18:39:36", "elapsed": 69.648614, "delta": 0.519008}}
{"target": -22.4585857254952, "params": {"C": 17.99243678391158, "epsilon": 1.1707011602083492, "gamma": 1.1947553394265746}, "datetime": {"datetime": "2021-07-20 18:39:36", "elapsed": 70.169824, "delta": 0.52121}}
{"target": -32.78992201219751, "params": {"C": 15.618941571150948, "epsilon": 8.268035124632423, "gamma": 7.893820261137675}, "datetime": {"datetime": "2021-07-20 18:39:37", "elapsed": 70.712821, "delta": 0.542997}}
{"target": -20.145116285554106, "params": {"C": 8.977750121607517, "epsilon": 1.411267339741328, "gamma": 0.7594251015723261}, "datetime": {"datetime": "2021-07-20 18:39:37", "elapsed": 71.202817, "delta": 0.489996}}
{"target": -20.23547589250898, "params": {"C": 8.296276305651903, "epsilon": 7.531969050049032, "gamma": 0.7961087235860018}, "datetime": {"datetime": "2021-07-20 18:39:38", "elapsed": 71.692554, "delta": 0.489737}}
{"target": -17.108466993109374, "params": {"C": 12.500184765876629, "epsilon": 7.1335405758812245, "gamma": 0.495710163092696}, "datetime": {"datetime": "2021-07-20 18:39:38", "elapsed": 72.22889, "delta": 0.536336}}
{"target": -18.430648165967103, "params": {"C": 26.496614580186208, "epsilon": 8.727612713067181, "gamma": 0.6047302899552581}, "datetime": {"datetime": "2021-07-20 18:39:39", "elapsed": 72.719809, "delta": 0.490919}}
{"target": -23.30384641061499, "params": {"C": 7.64926305074059, "epsilon": 8.456446135664303, "gamma": 1.306655053217551}, "datetime": {"datetime": "2021-07-20 18:39:39", "elapsed": 73.1738, "delta": 0.453991}}
{"target": -33.54572033821112, "params": {"C": 22.643538089713765, "epsilon": 2.371401527071588, "gamma": 8.751917538759411}, "datetime": {"datetime": "2021-07-20 18:39:40", "elapsed": 73.742449, "delta": 0.568649}}
{"target": -16.35716281755304, "params": {"C": 26.124401459096042, "epsilon": 9.17229381902744, "gamma": 0.4193539132683975}, "datetime": {"datetime": "2021-07-20 18:39:40", "elapsed": 74.295573, "delta": 0.553124}}
{"target": -33.234920175336924, "params": {"C": 24.32798291568734, "epsilon": 7.474988198213383, "gamma": 8.895301020563346}, "datetime": {"datetime": "2021-07-20 18:39:41", "elapsed": 74.899577, "delta": 0.604004}}
{"target": -33.74503131951469, "params": {"C": 17.896003246811556, "epsilon": 4.664242479587611, "gamma": 9.886696873818927}, "datetime": {"datetime": "2021-07-20 18:39:42", "elapsed": 75.580578, "delta": 0.681001}}
{"target": -20.114958343119174, "params": {"C": 8.899277783823036, "epsilon": 1.4353225415685864, "gamma": 0.7550645050712591}, "datetime": {"datetime": "2021-07-20 18:39:42", "elapsed": 76.172544, "delta": 0.591966}}
{"target": -29.77081888890397, "params": {"C": 2.5145681996597005, "epsilon": 2.030664064249567, "gamma": 2.9782981016423173}, "datetime": {"datetime": "2021-07-20 18:39:43", "elapsed": 76.700549, "delta": 0.528005}}
{"target": -24.087662404580417, "params": {"C": 2.0071467788223307, "epsilon": 5.091080453637626, "gamma": 1.0822777992901058}, "datetime": {"datetime": "2021-07-20 18:39:43", "elapsed": 77.304544, "delta": 0.603995}}
{"target": -30.749792998387765, "params": {"C": 10.772310128949087, "epsilon": 1.3313570454615915, "gamma": 4.440378166742818}, "datetime": {"datetime": "2021-07-20 18:39:44", "elapsed": 77.969233, "delta": 0.664689}}
{"target": -17.055261107221853, "params": {"C": 12.507170914197756, "epsilon": 7.082846650807371, "gamma": 0.4913713036125915}, "datetime": {"datetime": "2021-07-20 18:39:44", "elapsed": 78.490921, "delta": 0.521688}}
{"target": -18.444753034469365, "params": {"C": 26.472328363908904, "epsilon": 8.75414601750949, "gamma": 0.6066601225883989}, "datetime": {"datetime": "2021-07-20 18:39:45", "elapsed": 79.082924, "delta": 0.592003}}
{"target": -18.23774536725812, "params": {"C": 25.988144571083744, "epsilon": 8.93305414681803, "gamma": 0.5840197209070753}, "datetime": {"datetime": "2021-07-20 18:39:46", "elapsed": 79.654928, "delta": 0.572004}}
{"target": -33.577222498073304, "params": {"C": 1.2756954444252742, "epsilon": 6.5798278914802975, "gamma": 9.911701329567126}, "datetime": {"datetime": "2021-07-20 18:39:46", "elapsed": 80.399553, "delta": 0.744625}}
{"target": -36.28553511074424, "params": {"C": 26.065993316059686, "epsilon": 9.227024446621163, "gamma": 0.349618193514787}, "datetime": {"datetime": "2021-07-20 18:39:57", "elapsed": 91.14274, "delta": 10.743187}}
{"target": -33.349441353345696, "params": {"C": 3.2680998110277857, "epsilon": 8.15597240364103, "gamma": 9.746298473828256}, "datetime": {"datetime": "2021-07-20 18:39:58", "elapsed": 91.838741, "delta": 0.696001}}
{"target": -30.252321597949123, "params": {"C": 26.15369258482079, "epsilon": 1.794165767810376, "gamma": 4.187920140332539}, "datetime": {"datetime": "2021-07-20 18:39:58", "elapsed": 92.382007, "delta": 0.543266}}
{"target": -33.53334561374963, "params": {"C": 2.1666455132768645, "epsilon": 1.569511368740544, "gamma": 6.7748604707022215}, "datetime": {"datetime": "2021-07-20 18:39:59", "elapsed": 92.995012, "delta": 0.613005}}
{"target": -22.51703917866024, "params": {"C": 17.949740733047353, "epsilon": 1.1508654723944542, "gamma": 1.2057537029190162}, "datetime": {"datetime": "2021-07-20 18:40:00", "elapsed": 93.591039, "delta": 0.596027}}
{"target": -31.30862597212604, "params": {"C": 17.030889297837195, "epsilon": 2.76050048821304, "gamma": 5.124459956005365}, "datetime": {"datetime": "2021-07-20 18:40:00", "elapsed": 94.203204, "delta": 0.612165}}
{"target": -18.375032871922915, "params": {"C": 12.483673303551669, "epsilon": 7.1635358530295274, "gamma": 0.6224542311087894}, "datetime": {"datetime": "2021-07-20 18:40:01", "elapsed": 94.841203, "delta": 0.637999}}
{"target": -32.253748078916566, "params": {"C": 7.726480319508746, "epsilon": 7.417656784137111, "gamma": 6.610248976435074}, "datetime": {"datetime": "2021-07-20 18:40:02", "elapsed": 95.524202, "delta": 0.682999}}
{"target": -32.32591893883918, "params": {"C": 0.5201462788613866, "epsilon": 2.940289827478756, "gamma": 3.1160662913755}, "datetime": {"datetime": "2021-07-20 18:40:02", "elapsed": 96.165632, "delta": 0.64143}}
{"target": -25.325484069713173, "params": {"C": 2.59658172023815, "epsilon": 5.476586781004073, "gamma": 1.4504004955024856}, "datetime": {"datetime": "2021-07-20 18:40:03", "elapsed": 96.783633, "delta": 0.618001}}
{"target": -22.25059859196546, "params": {"C": 26.082775046163814, "epsilon": 8.93534940862738, "gamma": 1.2015699475007033}, "datetime": {"datetime": "2021-07-20 18:40:03", "elapsed": 97.368633, "delta": 0.585}}
{"target": -20.55143893539014, "params": {"C": 13.034186227276281, "epsilon": 2.0370521231506213, "gamma": 0.8704832705589711}, "datetime": {"datetime": "2021-07-20 18:40:04", "elapsed": 98.052024, "delta": 0.683391}}
{"target": -20.386576500494527, "params": {"C": 13.06300204514629, "epsilon": 1.923420990234457, "gamma": 0.847750814858397}, "datetime": {"datetime": "2021-07-20 18:40:05", "elapsed": 98.823629, "delta": 0.771605}}
{"target": -21.371247914533132, "params": {"C": 9.253177819865943, "epsilon": 1.3721585915769179, "gamma": 0.9289457973647617}, "datetime": {"datetime": "2021-07-20 18:40:06", "elapsed": 99.585629, "delta": 0.762}}
{"target": -18.49326695805577, "params": {"C": 26.148294105177627, "epsilon": 9.216847005222824, "gamma": 0.6140647766081936}, "datetime": {"datetime": "2021-07-20 18:40:06", "elapsed": 100.41581, "delta": 0.830181}}
{"target": -20.803616329761486, "params": {"C": 26.163684567873588, "epsilon": 9.024849628717302, "gamma": 0.9431841430391861}, "datetime": {"datetime": "2021-07-20 18:40:07", "elapsed": 101.008809, "delta": 0.592999}}
{"target": -29.412650059986873, "params": {"C": 15.17661671471592, "epsilon": 9.899588551714087, "gamma": 4.024539329105702}, "datetime": {"datetime": "2021-07-20 18:40:08", "elapsed": 101.688814, "delta": 0.680005}}
{"target": -18.491720332847617, "params": {"C": 26.034649843049092, "epsilon": 8.84167430053833, "gamma": 0.613163774031124}, "datetime": {"datetime": "2021-07-20 18:40:08", "elapsed": 102.476489, "delta": 0.787675}}
{"target": -31.3776787469428, "params": {"C": 13.755552110108106, "epsilon": 9.693123067206102, "gamma": 5.690483752089429}, "datetime": {"datetime": "2021-07-20 18:40:09", "elapsed": 103.110487, "delta": 0.633998}}
{"target": -23.341823834838564, "params": {"C": 11.80215935348609, "epsilon": 6.835276859897427, "gamma": 1.3820361702775545}, "datetime": {"datetime": "2021-07-20 18:40:10", "elapsed": 103.68908, "delta": 0.578593}}
{"target": -51.52618030460141, "params": {"C": 4.042683782941824, "epsilon": 9.386989549771288, "gamma": 0.09481137481187603}, "datetime": {"datetime": "2021-07-20 18:40:20", "elapsed": 114.012529, "delta": 10.323449}}
{"target": -20.419989516624863, "params": {"C": 26.232214807418043, "epsilon": 8.920243633382503, "gamma": 0.8854548692948649}, "datetime": {"datetime": "2021-07-20 18:40:21", "elapsed": 114.859765, "delta": 0.847236}}
{"target": -31.949823608180445, "params": {"C": 5.3114448398209815, "epsilon": 2.1000415286538594, "gamma": 5.306051217398017}, "datetime": {"datetime": "2021-07-20 18:40:22", "elapsed": 115.600766, "delta": 0.741001}}
{"target": -31.859190308961676, "params": {"C": 24.764134821303028, "epsilon": 1.2077199411176502, "gamma": 5.583132732484993}, "datetime": {"datetime": "2021-07-20 18:40:22", "elapsed": 116.331884, "delta": 0.731118}}
{"target": -33.52711889188621, "params": {"C": 21.30816880467574, "epsilon": 4.568431374475334, "gamma": 9.157179101078864}, "datetime": {"datetime": "2021-07-20 18:40:23", "elapsed": 117.014887, "delta": 0.683003}}
{"target": -33.40310803724126, "params": {"C": 15.346526210010166, "epsilon": 7.1104563136286405, "gamma": 9.330387628139862}, "datetime": {"datetime": "2021-07-20 18:40:24", "elapsed": 117.803887, "delta": 0.789}}
{"target": -20.956670996799904, "params": {"C": 13.036854236142215, "epsilon": 2.095244154949418, "gamma": 0.9307068874798958}, "datetime": {"datetime": "2021-07-20 18:40:25", "elapsed": 118.730878, "delta": 0.926991}}
{"target": -31.20209349541157, "params": {"C": 24.934551143082103, "epsilon": 8.404897292802675, "gamma": 5.3749359267063745}, "datetime": {"datetime": "2021-07-20 18:40:26", "elapsed": 119.580877, "delta": 0.849999}}
{"target": -18.659307450715488, "params": {"C": 12.403882608994738, "epsilon": 7.277445972323652, "gamma": 0.6509498376683484}, "datetime": {"datetime": "2021-07-20 18:40:26", "elapsed": 120.497186, "delta": 0.916309}}
{"target": -33.28608287896826, "params": {"C": 23.780735242013346, "epsilon": 1.417622238861181, "gamma": 7.922636781233831}, "datetime": {"datetime": "2021-07-20 18:40:27", "elapsed": 121.293183, "delta": 0.795997}}
{"target": -22.71383691917581, "params": {"C": 26.030550270127264, "epsilon": 9.023883279468635, "gamma": 1.288369786540754}, "datetime": {"datetime": "2021-07-20 18:40:28", "elapsed": 122.038183, "delta": 0.745}}
{"target": -24.37278600957164, "params": {"C": 11.706421859704035, "epsilon": 0.3625504213733892, "gamma": 1.5485877784469133}, "datetime": {"datetime": "2021-07-20 18:40:29", "elapsed": 122.632439, "delta": 0.594256}}
{"target": -20.46806326676151, "params": {"C": 0.772320465941991, "epsilon": 0.37076948820407735, "gamma": 0.298346336264895}, "datetime": {"datetime": "2021-07-20 18:40:29", "elapsed": 123.370062, "delta": 0.737623}}
{"target": -15.223323870657266, "params": {"C": 12.521168537388517, "epsilon": 7.032386662129437, "gamma": 0.3489316743099183}, "datetime": {"datetime": "2021-07-20 18:40:30", "elapsed": 124.064867, "delta": 0.694805}}
{"target": -38.03613932309346, "params": {"C": 12.58272118984119, "epsilon": 7.094244474562443, "gamma": 0.27878484038030266}, "datetime": {"datetime": "2021-07-20 18:40:40", "elapsed": 134.398824, "delta": 10.333957}}
{"target": -13.193156057882282, "params": {"C": 12.769743661983398, "epsilon": 6.950868699608054, "gamma": 0.21488771134984846}, "datetime": {"datetime": "2021-07-20 18:40:42", "elapsed": 135.553825, "delta": 1.155001}}
{"target": -19.55094526987762, "params": {"C": 26.270635473610913, "epsilon": 8.896423138728823, "gamma": 0.7556014051944808}, "datetime": {"datetime": "2021-07-20 18:40:42", "elapsed": 136.31703, "delta": 0.763205}}
{"target": -21.467997942158522, "params": {"C": 13.114739773300427, "epsilon": 2.170242287151448, "gamma": 1.0152908316466458}, "datetime": {"datetime": "2021-07-20 18:40:43", "elapsed": 137.106034, "delta": 0.789004}}
{"target": -25.450385269769367, "params": {"C": 2.6491319493032672, "epsilon": 5.482021363700979, "gamma": 1.4915857343965586}, "datetime": {"datetime": "2021-07-20 18:40:44", "elapsed": 137.965032, "delta": 0.858998}}
