{"target": -73.61029850753359, "params": {"C": 21.08639540214331, "epsilon": 3.4462379590513605, "gamma": 0.029492591873575245}, "datetime": {"datetime": "2021-07-20 22:28:25", "elapsed": 137.042305, "delta": 8.931088}}
{"target": -10.73020177150406, "params": {"C": 28.05421116156538, "epsilon": 1.9554867322162737, "gamma": 0.02263301996957956}, "datetime": {"datetime": "2021-07-20 22:28:26", "elapsed": 137.687307, "delta": 0.645002}}
{"target": -10.627877835530578, "params": {"C": 20.719121544940602, "epsilon": 1.4683217323545177, "gamma": 0.02354965643796882}, "datetime": {"datetime": "2021-07-20 22:28:27", "elapsed": 138.306305, "delta": 0.618998}}
{"target": -11.127892268503139, "params": {"C": 24.9694128180735, "epsilon": 2.4102007576598554, "gamma": 0.013676184477167936}, "datetime": {"datetime": "2021-07-20 22:28:27", "elapsed": 139.034162, "delta": 0.727857}}
{"target": -11.248055399868955, "params": {"C": 24.966113154932913, "epsilon": 2.417154555133453, "gamma": 0.011445965640544842}, "datetime": {"datetime": "2021-07-20 22:28:28", "elapsed": 139.749159, "delta": 0.714997}}
{"target": -10.860964939445438, "params": {"C": 21.861001931751545, "epsilon": 2.0354559753039214, "gamma": 0.017171551607348765}, "datetime": {"datetime": "2021-07-20 22:28:29", "elapsed": 140.381159, "delta": 0.632}}
{"target": -10.592261447846678, "params": {"C": 22.57301777909595, "epsilon": 3.224521556797931, "gamma": 0.023220430157171717}, "datetime": {"datetime": "2021-07-20 22:28:29", "elapsed": 141.022146, "delta": 0.640987}}
{"target": -10.50799114409408, "params": {"C": 22.039846514035972, "epsilon": 2.525620376824948, "gamma": 0.021129159647251622}, "datetime": {"datetime": "2021-07-20 22:28:30", "elapsed": 141.646147, "delta": 0.624001}}
{"target": -11.345975258392372, "params": {"C": 24.37243140744436, "epsilon": 1.5815855370821121, "gamma": 0.011052691277834264}, "datetime": {"datetime": "2021-07-20 22:28:31", "elapsed": 142.302145, "delta": 0.655998}}
{"target": -72.19984274842324, "params": {"C": 23.294444280591193, "epsilon": 3.140033588201435, "gamma": 0.023618636914874265}, "datetime": {"datetime": "2021-07-20 22:28:39", "elapsed": 150.679542, "delta": 8.377397}}
{"target": -11.051530074791001, "params": {"C": 21.034670527922028, "epsilon": 1.1717773944884258, "gamma": 0.01630516410138533}, "datetime": {"datetime": "2021-07-20 22:28:40", "elapsed": 151.317313, "delta": 0.637771}}
{"target": -11.220634685130388, "params": {"C": 24.061290091294765, "epsilon": 1.2989936648455216, "gamma": 0.013519002737067739}, "datetime": {"datetime": "2021-07-20 22:28:40", "elapsed": 151.959313, "delta": 0.642}}
{"target": -10.536223769019315, "params": {"C": 22.742742080215606, "epsilon": 3.298009717546699, "gamma": 0.018820859611959256}, "datetime": {"datetime": "2021-07-20 22:28:41", "elapsed": 152.682312, "delta": 0.722999}}
{"target": -11.222184880004997, "params": {"C": 24.39075066626813, "epsilon": 2.630824368149493, "gamma": 0.012558547142742469}, "datetime": {"datetime": "2021-07-20 22:28:42", "elapsed": 153.368768, "delta": 0.686456}}
{"target": -10.893372772774605, "params": {"C": 22.55111233253613, "epsilon": 3.5340266219403293, "gamma": 0.016124004118753338}, "datetime": {"datetime": "2021-07-20 22:28:42", "elapsed": 154.086768, "delta": 0.718}}
{"target": -10.605959344977505, "params": {"C": 22.67702024276797, "epsilon": 2.980998922793907, "gamma": 0.023275659629517578}, "datetime": {"datetime": "2021-07-20 22:28:43", "elapsed": 154.735766, "delta": 0.648998}}
{"target": -77.74923378740844, "params": {"C": 28.22230455611585, "epsilon": 2.4297242101602965, "gamma": 0.02452904663542082}, "datetime": {"datetime": "2021-07-20 22:28:52", "elapsed": 163.685408, "delta": 8.949642}}
{"target": -76.09079857609292, "params": {"C": 24.583378496201433, "epsilon": 3.9078447649267574, "gamma": 0.021380881312991987}, "datetime": {"datetime": "2021-07-20 22:29:01", "elapsed": 172.373312, "delta": 8.687904}}
{"target": -10.944375760412592, "params": {"C": 22.04057072342507, "epsilon": 2.530770115727151, "gamma": 0.01628912575702797}, "datetime": {"datetime": "2021-07-20 22:29:01", "elapsed": 173.216801, "delta": 0.843489}}
{"target": -72.75769096357149, "params": {"C": 22.585067169756275, "epsilon": 3.2283562976248006, "gamma": 0.02639636392604084}, "datetime": {"datetime": "2021-07-20 22:29:10", "elapsed": 182.116305, "delta": 8.899504}}
{"target": -10.59387650392567, "params": {"C": 25.38769030446965, "epsilon": 2.2501216225317404, "gamma": 0.020984074311884725}, "datetime": {"datetime": "2021-07-20 22:29:11", "elapsed": 182.784306, "delta": 0.668001}}
{"target": -10.65799922780775, "params": {"C": 25.988816406241305, "epsilon": 1.3327188412467235, "gamma": 0.0210427184331842}, "datetime": {"datetime": "2021-07-20 22:29:12", "elapsed": 183.446551, "delta": 0.662245}}
{"target": -10.712618280392412, "params": {"C": 28.254129650317783, "epsilon": 1.3596756579932885, "gamma": 0.02116617712674125}, "datetime": {"datetime": "2021-07-20 22:29:12", "elapsed": 184.073546, "delta": 0.626995}}
{"target": -10.847646634369008, "params": {"C": 28.25719531927223, "epsilon": 1.3545343124418874, "gamma": 0.02564666844612041}, "datetime": {"datetime": "2021-07-20 22:29:13", "elapsed": 184.763547, "delta": 0.690001}}
{"target": -10.940809128045608, "params": {"C": 28.048843808110348, "epsilon": 1.9507918068519359, "gamma": 0.01489495053639155}, "datetime": {"datetime": "2021-07-20 22:29:14", "elapsed": 185.530348, "delta": 0.766801}}
{"target": -69.3427157139873, "params": {"C": 22.740984415212374, "epsilon": 3.281320990708453, "gamma": 0.014114822607252026}, "datetime": {"datetime": "2021-07-20 22:29:23", "elapsed": 194.288763, "delta": 8.758415}}
{"target": -76.16936402998857, "params": {"C": 26.768748748143793, "epsilon": 2.6403559250240276, "gamma": 0.025588961681398834}, "datetime": {"datetime": "2021-07-20 22:29:31", "elapsed": 203.075844, "delta": 8.787081}}
{"target": -11.276642450343969, "params": {"C": 20.301843325290523, "epsilon": 1.728485701439142, "gamma": 0.012243826021995207}, "datetime": {"datetime": "2021-07-20 22:29:32", "elapsed": 203.739328, "delta": 0.663484}}
{"target": -73.73417265542525, "params": {"C": 22.74719504060533, "epsilon": 3.2955939386227593, "gamma": 0.024458550829004735}, "datetime": {"datetime": "2021-07-20 22:29:40", "elapsed": 212.218137, "delta": 8.478809}}
{"target": -10.689335048891943, "params": {"C": 22.041654498512496, "epsilon": 2.53437315991373, "gamma": 0.02517015118053019}, "datetime": {"datetime": "2021-07-20 22:29:41", "elapsed": 212.940826, "delta": 0.722689}}
{"target": -11.277576817269997, "params": {"C": 23.900107322342127, "epsilon": 1.105870997409426, "gamma": 0.013097006526959096}, "datetime": {"datetime": "2021-07-20 22:29:42", "elapsed": 213.638032, "delta": 0.697206}}
{"target": -10.648034589317785, "params": {"C": 26.777715792319814, "epsilon": 2.644455886937969, "gamma": 0.02151879372953442}, "datetime": {"datetime": "2021-07-20 22:29:43", "elapsed": 214.383029, "delta": 0.744997}}
{"target": -11.154376230164416, "params": {"C": 23.025665314844698, "epsilon": 1.4295998172536888, "gamma": 0.014335314977270246}, "datetime": {"datetime": "2021-07-20 22:29:43", "elapsed": 215.132029, "delta": 0.749}}
{"target": -10.816827816555744, "params": {"C": 24.776175951646195, "epsilon": 1.6328067087876037, "gamma": 0.02631170427962433}, "datetime": {"datetime": "2021-07-20 22:29:44", "elapsed": 215.809323, "delta": 0.677294}}
{"target": -10.766919924517317, "params": {"C": 27.892961144451988, "epsilon": 3.1484820452293487, "gamma": 0.027704822966803433}, "datetime": {"datetime": "2021-07-20 22:29:45", "elapsed": 216.467951, "delta": 0.658628}}
{"target": -71.99164322634782, "params": {"C": 21.517025118642565, "epsilon": 3.8318905374633134, "gamma": 0.020685134435743907}, "datetime": {"datetime": "2021-07-20 22:29:50", "elapsed": 222.026805, "delta": 5.558854}}
{"target": -10.778310007337637, "params": {"C": 24.84108140974229, "epsilon": 2.2463813682846885, "gamma": 0.02561561261496966}, "datetime": {"datetime": "2021-07-20 22:29:51", "elapsed": 222.694803, "delta": 0.667998}}
{"target": -10.5633360183964, "params": {"C": 22.299757919350316, "epsilon": 1.1979858408040993, "gamma": 0.021047933280357745}, "datetime": {"datetime": "2021-07-20 22:29:52", "elapsed": 223.416711, "delta": 0.721908}}
{"target": -11.45752491462193, "params": {"C": 23.027637093398074, "epsilon": 1.426953164721898, "gamma": 0.010180112980075531}, "datetime": {"datetime": "2021-07-20 22:29:52", "elapsed": 224.23871, "delta": 0.821999}}
{"target": -11.246277354967923, "params": {"C": 26.391050616531597, "epsilon": 1.2974201159348258, "gamma": 0.012869993065136802}, "datetime": {"datetime": "2021-07-20 22:29:53", "elapsed": 224.97471, "delta": 0.736}}
{"target": -10.787672251021133, "params": {"C": 25.382978766386703, "epsilon": 2.254561328647461, "gamma": 0.02890815958480876}, "datetime": {"datetime": "2021-07-20 22:29:54", "elapsed": 225.781712, "delta": 0.807002}}
{"target": -11.320997686278844, "params": {"C": 28.345030097527207, "epsilon": 1.3761972936448712, "gamma": 0.011692891311355343}, "datetime": {"datetime": "2021-07-20 22:29:55", "elapsed": 226.530351, "delta": 0.748639}}
{"target": -10.922756705500474, "params": {"C": 23.985707957000113, "epsilon": 2.9679685572726995, "gamma": 0.015683682141889404}, "datetime": {"datetime": "2021-07-20 22:29:56", "elapsed": 227.255552, "delta": 0.725201}}
{"target": -10.917514234835943, "params": {"C": 20.627595241601547, "epsilon": 3.602849068882513, "gamma": 0.01639249859468588}, "datetime": {"datetime": "2021-07-20 22:29:56", "elapsed": 227.989551, "delta": 0.733999}}
{"target": -10.77193941326581, "params": {"C": 28.25680444414949, "epsilon": 1.3553745170978355, "gamma": 0.02306537603843871}, "datetime": {"datetime": "2021-07-20 22:29:57", "elapsed": 228.762551, "delta": 0.773}}
{"target": -10.724911968136649, "params": {"C": 28.37710745699723, "epsilon": 1.9717642110338778, "gamma": 0.022224860309232437}, "datetime": {"datetime": "2021-07-20 22:29:58", "elapsed": 229.502745, "delta": 0.740194}}
{"target": -11.29208737516822, "params": {"C": 22.94953283052436, "epsilon": 1.0255169994641293, "gamma": 0.013115102886766112}, "datetime": {"datetime": "2021-07-20 22:29:58", "elapsed": 230.224744, "delta": 0.721999}}
{"target": -11.41691984850198, "params": {"C": 24.17022004702574, "epsilon": 2.220324493442158, "gamma": 0.010002287496346898}, "datetime": {"datetime": "2021-07-20 22:38:46", "elapsed": 0.0, "delta": 0.0}}
{"target": -11.276501425112466, "params": {"C": 23.023325726318397, "epsilon": 1.6467558908171132, "gamma": 0.011846771895375956}, "datetime": {"datetime": "2021-07-20 22:38:46", "elapsed": 0.456999, "delta": 0.456999}}
{"target": -10.75922280687961, "params": {"C": 21.86260211377671, "epsilon": 1.8455607270430479, "gamma": 0.017935349484613398}, "datetime": {"datetime": "2021-07-20 22:38:47", "elapsed": 0.914002, "delta": 0.457003}}
{"target": -10.73182236681589, "params": {"C": 25.38816734003357, "epsilon": 1.9191945144032947, "gamma": 0.023704390007935186}, "datetime": {"datetime": "2021-07-20 22:38:47", "elapsed": 1.407002, "delta": 0.493}}
{"target": -11.377349001215432, "params": {"C": 22.044522497315175, "epsilon": 2.378117436390945, "gamma": 0.010547751863958524}, "datetime": {"datetime": "2021-07-20 22:38:48", "elapsed": 1.884483, "delta": 0.477481}}
{"target": -10.800736513480166, "params": {"C": 28.574934759874466, "epsilon": 1.5, "gamma": 0.03}, "datetime": {"datetime": "2021-07-20 22:38:49", "elapsed": 2.557486, "delta": 0.673003}}
{"target": -10.844254462085443, "params": {"C": 20.0, "epsilon": 1.5, "gamma": 0.03}, "datetime": {"datetime": "2021-07-20 22:38:49", "elapsed": 3.163481, "delta": 0.605995}}
{"target": -74.57303162624976, "params": {"C": 29.99634428936487, "epsilon": 2.498412006561713, "gamma": 0.02983129977540823}, "datetime": {"datetime": "2021-07-20 22:38:58", "elapsed": 12.279921, "delta": 9.11644}}
{"target": -10.827338116084695, "params": {"C": 22.275148680046694, "epsilon": 1.6555899973882173, "gamma": 0.02894606902154334}, "datetime": {"datetime": "2021-07-20 22:38:59", "elapsed": 12.758922, "delta": 0.479001}}
{"target": -11.064002190324803, "params": {"C": 27.2625605188122, "epsilon": 2.228612013850692, "gamma": 0.013893760631645505}, "datetime": {"datetime": "2021-07-20 22:38:59", "elapsed": 13.319514, "delta": 0.560592}}
{"target": -11.45099717510199, "params": {"C": 22.205858686292625, "epsilon": 1.9951061436943025, "gamma": 0.01}, "datetime": {"datetime": "2021-07-20 22:39:00", "elapsed": 14.197132, "delta": 0.877618}}
{"target": -10.611439571348601, "params": {"C": 29.554455755411954, "epsilon": 2.1640714158420478, "gamma": 0.019414412798583646}, "datetime": {"datetime": "2021-07-20 22:39:01", "elapsed": 14.768129, "delta": 0.570997}}
{"target": -74.81486871310553, "params": {"C": 24.887327228748532, "epsilon": 2.3411786737322737, "gamma": 0.02958136876729154}, "datetime": {"datetime": "2021-07-20 22:39:10", "elapsed": 24.323028, "delta": 9.554899}}
{"target": -10.72415004459467, "params": {"C": 22.237408916479165, "epsilon": 1.7276989949715833, "gamma": 0.02493363268753044}, "datetime": {"datetime": "2021-07-20 22:39:11", "elapsed": 25.216037, "delta": 0.893009}}
{"target": -11.153466861929662, "params": {"C": 21.95214717189581, "epsilon": 1.8498897222418207, "gamma": 0.014384884556818895}, "datetime": {"datetime": "2021-07-20 22:39:12", "elapsed": 26.159774, "delta": 0.943737}}
{"target": -10.575883224354818, "params": {"C": 26.771115262676588, "epsilon": 2.0479110427037392, "gamma": 0.017664183342774094}, "datetime": {"datetime": "2021-07-20 22:39:13", "elapsed": 26.751783, "delta": 0.592009}}
{"target": -11.009746998170089, "params": {"C": 21.407561010030854, "epsilon": 1.6393795568982776, "gamma": 0.016336646237024285}, "datetime": {"datetime": "2021-07-20 22:39:13", "elapsed": 27.275774, "delta": 0.523991}}
{"target": -11.302702634325511, "params": {"C": 22.74000467684138, "epsilon": 2.2643484038257045, "gamma": 0.011337410913206301}, "datetime": {"datetime": "2021-07-20 22:39:14", "elapsed": 27.864292, "delta": 0.588518}}
{"target": -10.548563495564501, "params": {"C": 29.513398058826283, "epsilon": 2.133008534418444, "gamma": 0.018448420840801477}, "datetime": {"datetime": "2021-07-20 22:39:15", "elapsed": 28.837233, "delta": 0.972941}}
{"target": -11.28480160883735, "params": {"C": 25.982020183947583, "epsilon": 1.6127020573095003, "gamma": 0.012335550193688555}, "datetime": {"datetime": "2021-07-20 22:39:15", "elapsed": 29.389231, "delta": 0.551998}}
{"target": -10.717438580694475, "params": {"C": 26.136246607178837, "epsilon": 2.0573918956411594, "gamma": 0.023072138406035593}, "datetime": {"datetime": "2021-07-20 22:39:16", "elapsed": 29.998939, "delta": 0.609708}}
{"target": -11.084427245126632, "params": {"C": 22.14674107481596, "epsilon": 1.8557435687834776, "gamma": 0.015073850832622117}, "datetime": {"datetime": "2021-07-20 22:39:17", "elapsed": 30.869937, "delta": 0.870998}}
{"target": -11.33026601730219, "params": {"C": 29.56493972587905, "epsilon": 2.0954965250160598, "gamma": 0.010403657752129338}, "datetime": {"datetime": "2021-07-20 22:39:18", "elapsed": 31.774938, "delta": 0.905001}}
{"target": -10.634881672922427, "params": {"C": 26.828776853023466, "epsilon": 2.0711791361516476, "gamma": 0.017223238627703207}, "datetime": {"datetime": "2021-07-20 22:39:19", "elapsed": 32.737913, "delta": 0.962975}}
{"target": -10.564369790422923, "params": {"C": 26.775296402453236, "epsilon": 2.111205334272, "gamma": 0.017715625684369615}, "datetime": {"datetime": "2021-07-20 22:39:20", "elapsed": 33.815595, "delta": 1.077682}}
{"target": -10.534017816766228, "params": {"C": 22.17887100246641, "epsilon": 1.6857531653605675, "gamma": 0.020036789446599382}, "datetime": {"datetime": "2021-07-20 22:39:21", "elapsed": 34.61239, "delta": 0.796795}}
{"target": -10.6928585726718, "params": {"C": 22.300418485132, "epsilon": 1.5647868175340327, "gamma": 0.02407691294835777}, "datetime": {"datetime": "2021-07-20 22:39:21", "elapsed": 35.284395, "delta": 0.672005}}
{"target": -10.538563501950907, "params": {"C": 22.21252499103749, "epsilon": 1.5794714030219996, "gamma": 0.02003225365946808}, "datetime": {"datetime": "2021-07-20 22:39:22", "elapsed": 36.462212, "delta": 1.177817}}
{"target": -10.627657624926679, "params": {"C": 26.092780854260607, "epsilon": 1.9867415928608008, "gamma": 0.017535274210921784}, "datetime": {"datetime": "2021-07-20 22:39:23", "elapsed": 37.528212, "delta": 1.066}}
{"target": -10.765236870292556, "params": {"C": 28.392039765327883, "epsilon": 1.9185104787051905, "gamma": 0.015921788347479624}, "datetime": {"datetime": "2021-07-20 22:39:24", "elapsed": 38.089506, "delta": 0.561294}}
{"target": -10.822798620628227, "params": {"C": 26.17414258013705, "epsilon": 1.9746864830280775, "gamma": 0.02776428269968259}, "datetime": {"datetime": "2021-07-20 22:39:25", "elapsed": 38.907056, "delta": 0.81755}}
{"target": -10.803888150901605, "params": {"C": 28.442343178338884, "epsilon": 1.8190316419898451, "gamma": 0.029581962162262353}, "datetime": {"datetime": "2021-07-20 22:39:26", "elapsed": 39.763049, "delta": 0.855993}}
{"target": -11.474979477099057, "params": {"C": 20.429919972853327, "epsilon": 1.914862955107188, "gamma": 0.010105831460221351}, "datetime": {"datetime": "2021-07-20 22:39:26", "elapsed": 40.322797, "delta": 0.559748}}
{"target": -10.839107953011453, "params": {"C": 28.526105705609194, "epsilon": 1.6113914615202702, "gamma": 0.02597764140514909}, "datetime": {"datetime": "2021-07-20 22:39:27", "elapsed": 41.342792, "delta": 1.019995}}
{"target": -10.701701398604376, "params": {"C": 25.462728466219673, "epsilon": 1.87223892488588, "gamma": 0.022748721145959813}, "datetime": {"datetime": "2021-07-20 22:39:28", "elapsed": 42.358037, "delta": 1.015245}}
{"target": -11.358876170775389, "params": {"C": 29.47494204965771, "epsilon": 2.2086233282681005, "gamma": 0.01}, "datetime": {"datetime": "2021-07-20 22:39:29", "elapsed": 43.157045, "delta": 0.799008}}
{"target": -10.900578073073696, "params": {"C": 21.03201268010835, "epsilon": 1.557148867905127, "gamma": 0.017392921564220634}, "datetime": {"datetime": "2021-07-20 22:39:30", "elapsed": 43.708803, "delta": 0.551758}}
{"target": -11.33864811838376, "params": {"C": 21.197020298975715, "epsilon": 1.5858201328888177, "gamma": 0.011627610286765313}, "datetime": {"datetime": "2021-07-20 22:39:31", "elapsed": 44.700098, "delta": 0.991295}}
{"target": -11.21317589865783, "params": {"C": 27.265993254485153, "epsilon": 2.2305982645135454, "gamma": 0.012604625162420733}, "datetime": {"datetime": "2021-07-20 22:39:31", "elapsed": 45.29014, "delta": 0.590042}}
{"target": -72.56834160812262, "params": {"C": 27.15289933935722, "epsilon": 2.1737255393551713, "gamma": 0.03}, "datetime": {"datetime": "2021-07-20 22:39:40", "elapsed": 54.396486, "delta": 9.106346}}
{"target": -11.000486476933325, "params": {"C": 26.12513203740452, "epsilon": 2.0127320964213413, "gamma": 0.014853045785980637}, "datetime": {"datetime": "2021-07-20 22:39:41", "elapsed": 55.089483, "delta": 0.692997}}
{"target": -11.197035930612554, "params": {"C": 22.22449359268452, "epsilon": 1.6908650665950011, "gamma": 0.013988967965561462}, "datetime": {"datetime": "2021-07-20 22:39:42", "elapsed": 55.80749, "delta": 0.718007}}
{"target": -10.851859447459928, "params": {"C": 26.78742747697685, "epsilon": 2.0732407517262645, "gamma": 0.015759177053568874}, "datetime": {"datetime": "2021-07-20 22:39:43", "elapsed": 56.61076, "delta": 0.80327}}
{"target": -10.658445826458832, "params": {"C": 22.255574486170847, "epsilon": 1.592301318668009, "gamma": 0.023390227826916223}, "datetime": {"datetime": "2021-07-20 22:39:44", "elapsed": 57.539723, "delta": 0.928963}}
{"target": -11.222769538864448, "params": {"C": 22.54727010694918, "epsilon": 2.3454901036701004, "gamma": 0.01261313623779748}, "datetime": {"datetime": "2021-07-20 22:39:44", "elapsed": 58.112126, "delta": 0.572403}}
{"target": -11.141414940951359, "params": {"C": 21.857950148671712, "epsilon": 1.8491657948916622, "gamma": 0.014541395540167649}, "datetime": {"datetime": "2021-07-20 22:39:45", "elapsed": 58.743753, "delta": 0.631627}}
{"target": -76.24463478661737, "params": {"C": 29.51167778105998, "epsilon": 2.175763877723653, "gamma": 0.029928845728454237}, "datetime": {"datetime": "2021-07-20 22:39:54", "elapsed": 68.369828, "delta": 9.626075}}
{"target": -10.803931176524566, "params": {"C": 28.10869720429721, "epsilon": 2.2472460658872255, "gamma": 0.02779057994692616}, "datetime": {"datetime": "2021-07-20 22:39:55", "elapsed": 69.149825, "delta": 0.779997}}
{"target": -11.349657448216751, "params": {"C": 22.7391635477568, "epsilon": 2.261315424187888, "gamma": 0.010882956519774358}, "datetime": {"datetime": "2021-07-20 22:39:56", "elapsed": 69.740825, "delta": 0.591}}
{"target": -10.679207710046516, "params": {"C": 22.68677749128689, "epsilon": 2.1631659655135187, "gamma": 0.018194652456852412}, "datetime": {"datetime": "2021-07-20 22:39:56", "elapsed": 70.336355, "delta": 0.59553}}
{"target": -10.783249990436154, "params": {"C": 26.78455361230166, "epsilon": 2.068785504010303, "gamma": 0.016133990481586986}, "datetime": {"datetime": "2021-07-20 22:39:57", "elapsed": 71.033354, "delta": 0.696999}}
{"target": -10.530892053114512, "params": {"C": 22.1766352256475, "epsilon": 1.6824100627290322, "gamma": 0.020578262414513576}, "datetime": {"datetime": "2021-07-20 22:39:58", "elapsed": 71.788352, "delta": 0.754998}}
{"target": -10.706212451044205, "params": {"C": 22.211824336870027, "epsilon": 1.5836523627351884, "gamma": 0.018456686018252913}, "datetime": {"datetime": "2021-07-20 22:39:59", "elapsed": 72.601406, "delta": 0.813054}}
