{"target": -21.274699335588494, "params": {"C": 26.244779097662782, "epsilon": 8.854356114057028, "gamma": 1.0202931472585097}, "datetime": {"datetime": "2021-07-20 18:40:45", "elapsed": 138.712007, "delta": 0.746975}}
{"target": -23.689907046550008, "params": {"C": 19.176760798978258, "epsilon": 1.0004089860629697, "gamma": 1.4350821826030755}, "datetime": {"datetime": "2021-07-20 18:40:45", "elapsed": 139.335002, "delta": 0.622995}}
{"target": -21.461968955977444, "params": {"C": 9.219001839057649, "epsilon": 1.4042947162033053, "gamma": 0.9419362197800547}, "datetime": {"datetime": "2021-07-20 18:40:46", "elapsed": 140.218727, "delta": 0.883725}}
{"target": -20.488909338142218, "params": {"C": 12.926834735979996, "epsilon": 2.0201987439938787, "gamma": 0.8602171044302467}, "datetime": {"datetime": "2021-07-20 18:40:47", "elapsed": 141.141723, "delta": 0.922996}}
{"target": -27.66458414227025, "params": {"C": 11.963138163043334, "epsilon": 6.5633352957180895, "gamma": 2.8419126525339937}, "datetime": {"datetime": "2021-07-20 18:40:48", "elapsed": 141.894724, "delta": 0.753001}}
{"target": -20.20952098742789, "params": {"C": 0.7881676084291384, "epsilon": 0.37011115972030156, "gamma": 0.2869598398059924}, "datetime": {"datetime": "2021-07-20 18:40:49", "elapsed": 142.73205, "delta": 0.837326}}
{"target": -20.831511325557805, "params": {"C": 8.381886561992774, "epsilon": 7.435753772573376, "gamma": 0.8676780991596866}, "datetime": {"datetime": "2021-07-20 18:40:49", "elapsed": 143.45268, "delta": 0.72063}}
{"target": -19.651373243028566, "params": {"C": 8.863812598729366, "epsilon": 1.378094060584959, "gamma": 0.6974561256419658}, "datetime": {"datetime": "2021-07-20 18:40:50", "elapsed": 144.097684, "delta": 0.645004}}
{"target": -24.72510739635718, "params": {"C": 8.855648958742558, "epsilon": 0.0949716082155503, "gamma": 1.5576358678686224}, "datetime": {"datetime": "2021-07-20 18:40:51", "elapsed": 144.741193, "delta": 0.643509}}
{"target": -32.2110922416314, "params": {"C": 27.010302344940303, "epsilon": 8.150842454620232, "gamma": 6.691097670788653}, "datetime": {"datetime": "2021-07-20 18:40:51", "elapsed": 145.479189, "delta": 0.737996}}
{"target": -33.28939715278383, "params": {"C": 1.6983672910414658, "epsilon": 6.736731881117576, "gamma": 8.679049228794325}, "datetime": {"datetime": "2021-07-20 18:40:52", "elapsed": 146.220956, "delta": 0.741767}}
{"target": -17.13117200181897, "params": {"C": 26.03333938332059, "epsilon": 8.79966556557381, "gamma": 0.48588553657585887}, "datetime": {"datetime": "2021-07-20 18:40:53", "elapsed": 147.080956, "delta": 0.86}}
{"target": -15.061281618438539, "params": {"C": 12.771683305107375, "epsilon": 6.9904816485218735, "gamma": 0.339184631654787}, "datetime": {"datetime": "2021-07-20 18:40:54", "elapsed": 147.889958, "delta": 0.809002}}
{"target": -29.769263733281985, "params": {"C": 20.65721092521955, "epsilon": 5.8151685043512265, "gamma": 4.067195041691976}, "datetime": {"datetime": "2021-07-20 18:40:55", "elapsed": 148.616001, "delta": 0.726043}}
{"target": -17.63600455290339, "params": {"C": 12.553783411157454, "epsilon": 7.178548708149784, "gamma": 0.5489205969701999}, "datetime": {"datetime": "2021-07-20 18:40:55", "elapsed": 149.321998, "delta": 0.705997}}
{"target": -22.047491494601644, "params": {"C": 26.029925639256835, "epsilon": 8.958372356819533, "gamma": 1.1576981023486925}, "datetime": {"datetime": "2021-07-20 18:40:56", "elapsed": 150.109, "delta": 0.787002}}
{"target": -21.233036888185424, "params": {"C": 13.147668959184672, "epsilon": 2.166277491727985, "gamma": 0.9779632717329091}, "datetime": {"datetime": "2021-07-20 18:40:57", "elapsed": 150.918144, "delta": 0.809144}}
{"target": -32.545450102073225, "params": {"C": 19.363650780151236, "epsilon": 2.0537481744467683, "gamma": 6.585307794975047}, "datetime": {"datetime": "2021-07-20 18:40:58", "elapsed": 151.711147, "delta": 0.793003}}
{"target": -21.129549282736953, "params": {"C": 8.349118700899519, "epsilon": 7.453825687336221, "gamma": 0.9040122021280584}, "datetime": {"datetime": "2021-07-20 18:40:58", "elapsed": 152.491455, "delta": 0.780308}}
{"target": -24.423875618747413, "params": {"C": 5.292188988294607, "epsilon": 1.9645706022122549, "gamma": 1.3831402272380566}, "datetime": {"datetime": "2021-07-20 18:40:59", "elapsed": 153.170456, "delta": 0.679001}}
{"target": -23.24951389218139, "params": {"C": 27.127082956577546, "epsilon": 0.5465108842479268, "gamma": 1.3388930085803767}, "datetime": {"datetime": "2021-07-20 18:41:00", "elapsed": 153.818148, "delta": 0.647692}}
{"target": -19.673219918627495, "params": {"C": 13.063932157715566, "epsilon": 1.849653652041571, "gamma": 0.7536167348280693}, "datetime": {"datetime": "2021-07-20 18:41:01", "elapsed": 154.680145, "delta": 0.861997}}
{"target": -16.62859058437744, "params": {"C": 12.71818280382905, "epsilon": 7.184581567142555, "gamma": 0.4598192037246118}, "datetime": {"datetime": "2021-07-20 18:41:02", "elapsed": 155.791148, "delta": 1.111003}}
{"target": -21.999739142777823, "params": {"C": 26.07889036918296, "epsilon": 8.97973091591222, "gamma": 1.1494337101807826}, "datetime": {"datetime": "2021-07-20 18:41:03", "elapsed": 156.634698, "delta": 0.84355}}
{"target": -22.30293067160126, "params": {"C": 13.06811545497107, "epsilon": 2.1731709703350988, "gamma": 1.1581609719510821}, "datetime": {"datetime": "2021-07-20 18:41:03", "elapsed": 157.491695, "delta": 0.856997}}
{"target": -30.46413781700052, "params": {"C": 17.013741188395482, "epsilon": 3.0143331010793304, "gamma": 4.418974244279632}, "datetime": {"datetime": "2021-07-20 18:41:04", "elapsed": 158.309318, "delta": 0.817623}}
{"target": -21.913016952605734, "params": {"C": 26.038183866934148, "epsilon": 8.933335556052235, "gamma": 1.1342558337948203}, "datetime": {"datetime": "2021-07-20 18:41:05", "elapsed": 159.361322, "delta": 1.052004}}
{"target": -18.967506696745655, "params": {"C": 26.214971889644172, "epsilon": 8.782118783013276, "gamma": 0.6758616839197005}, "datetime": {"datetime": "2021-07-20 18:41:06", "elapsed": 160.211318, "delta": 0.849996}}
{"target": -14.453666510250587, "params": {"C": 12.450390258600923, "epsilon": 6.9378777958097215, "gamma": 0.30226950595326685}, "datetime": {"datetime": "2021-07-20 18:41:07", "elapsed": 161.113843, "delta": 0.902525}}
{"target": -19.37046933303675, "params": {"C": 8.353282361621261, "epsilon": 7.4607869527893405, "gamma": 0.6913146573678053}, "datetime": {"datetime": "2021-07-20 18:41:08", "elapsed": 162.066846, "delta": 0.953003}}
{"target": -17.68181089284125, "params": {"C": 12.607700647478751, "epsilon": 7.229386471452143, "gamma": 0.554529912207952}, "datetime": {"datetime": "2021-07-20 18:41:09", "elapsed": 162.897568, "delta": 0.830722}}
{"target": -19.7584242329543, "params": {"C": 13.083946283553777, "epsilon": 2.015668517320021, "gamma": 0.7651120227202431}, "datetime": {"datetime": "2021-07-20 18:41:10", "elapsed": 163.88816, "delta": 0.990592}}
{"target": -31.910770086597008, "params": {"C": 1.2238935975764753, "epsilon": 5.332093663321101, "gamma": 4.390225032758488}, "datetime": {"datetime": "2021-07-20 18:41:11", "elapsed": 164.624346, "delta": 0.736186}}
{"target": -33.15400528276297, "params": {"C": 14.325480502419941, "epsilon": 9.75883770281477, "gamma": 9.095122240681217}, "datetime": {"datetime": "2021-07-20 18:41:11", "elapsed": 165.444346, "delta": 0.82}}
{"target": -21.943108598160176, "params": {"C": 26.061466099138396, "epsilon": 8.938230679388742, "gamma": 1.1394450608585573}, "datetime": {"datetime": "2021-07-20 18:41:12", "elapsed": 166.195347, "delta": 0.751001}}
{"target": -33.22173711968026, "params": {"C": 23.365818039263537, "epsilon": 5.549432646742318, "gamma": 8.482132189461998}, "datetime": {"datetime": "2021-07-20 18:41:13", "elapsed": 167.221566, "delta": 1.026219}}
{"target": -23.326423366683933, "params": {"C": 1.9629240328005326, "epsilon": 5.128029800856575, "gamma": 0.9669904903404312}, "datetime": {"datetime": "2021-07-20 18:41:14", "elapsed": 168.275449, "delta": 1.053883}}
{"target": -19.697387768769477, "params": {"C": 8.535716366177153, "epsilon": 7.525194283355012, "gamma": 0.7360556775814554}, "datetime": {"datetime": "2021-07-20 18:41:15", "elapsed": 169.492447, "delta": 1.216998}}
{"target": -18.81662848240735, "params": {"C": 26.180261659220427, "epsilon": 9.183961776637307, "gamma": 0.6582328233527418}, "datetime": {"datetime": "2021-07-20 18:41:16", "elapsed": 170.450295, "delta": 0.957848}}
{"target": -21.609245733702455, "params": {"C": 12.210836368641063, "epsilon": 7.34347297894539, "gamma": 1.044727373315864}, "datetime": {"datetime": "2021-07-20 18:41:17", "elapsed": 171.2973, "delta": 0.847005}}
{"target": -18.61949270328271, "params": {"C": 12.456116981766867, "epsilon": 7.145620166810617, "gamma": 0.6469265047790774}, "datetime": {"datetime": "2021-07-20 18:41:18", "elapsed": 172.1833, "delta": 0.886}}
{"target": -19.067475673069588, "params": {"C": 26.153911837845715, "epsilon": 9.262996669190155, "gamma": 0.6906900702263953}, "datetime": {"datetime": "2021-07-20 18:41:19", "elapsed": 173.324082, "delta": 1.140782}}
{"target": -17.01184078193873, "params": {"C": 26.01450062166891, "epsilon": 8.953704336407133, "gamma": 0.47660019752039445}, "datetime": {"datetime": "2021-07-20 18:41:20", "elapsed": 174.302911, "delta": 0.978829}}
{"target": -31.168615126605214, "params": {"C": 12.290664041692937, "epsilon": 8.475741963347435, "gamma": 5.343225409507365}, "datetime": {"datetime": "2021-07-20 18:41:21", "elapsed": 175.267913, "delta": 0.965002}}
{"target": -20.86670878240031, "params": {"C": 9.254532842138765, "epsilon": 1.4105036636367974, "gamma": 0.8568629592863152}, "datetime": {"datetime": "2021-07-20 18:41:22", "elapsed": 176.242912, "delta": 0.974999}}
{"target": -33.79444075752102, "params": {"C": 15.877927029726239, "epsilon": 1.4234642541906901, "gamma": 9.291542134189957}, "datetime": {"datetime": "2021-07-20 18:41:23", "elapsed": 177.226559, "delta": 0.983647}}
{"target": -18.917010920227835, "params": {"C": 8.554606079178631, "epsilon": 7.4793031729942205, "gamma": 0.6417353354676969}, "datetime": {"datetime": "2021-07-20 18:41:25", "elapsed": 178.625455, "delta": 1.398896}}
{"target": -25.882735589790073, "params": {"C": 17.51217468031293, "epsilon": 5.3858724595453, "gamma": 2.1084450222659132}, "datetime": {"datetime": "2021-07-20 18:41:26", "elapsed": 179.524452, "delta": 0.898997}}
{"target": -19.342257418465113, "params": {"C": 8.440018393252041, "epsilon": 7.476489454926764, "gamma": 0.6897774032949646}, "datetime": {"datetime": "2021-07-20 18:41:26", "elapsed": 180.509132, "delta": 0.98468}}
{"target": -17.66592759620535, "params": {"C": 26.113736154642623, "epsilon": 8.919495014672398, "gamma": 0.5324453156640929}, "datetime": {"datetime": "2021-07-20 18:41:27", "elapsed": 181.384133, "delta": 0.875001}}
{"target": -19.467812438683545, "params": {"C": 8.923841789584905, "epsilon": 1.310084410098034, "gamma": 0.6759604981004373}, "datetime": {"datetime": "2021-07-20 18:41:28", "elapsed": 182.267128, "delta": 0.882995}}
{"target": -16.51935064776982, "params": {"C": 26.297258862977905, "epsilon": 9.001967083782493, "gamma": 0.4327381244659625}, "datetime": {"datetime": "2021-07-20 18:41:29", "elapsed": 183.029531, "delta": 0.762403}}
{"target": -11.36782516021233, "params": {"C": 12.654315188573488, "epsilon": 6.995697300353578, "gamma": 0.008996265380646563}, "datetime": {"datetime": "2021-07-20 18:41:30", "elapsed": 183.950183, "delta": 0.920652}}
{"target": -33.03190785912775, "params": {"C": 17.28113159915069, "epsilon": 8.32093939101332, "gamma": 8.491734262175145}, "datetime": {"datetime": "2021-07-20 18:41:31", "elapsed": 185.109508, "delta": 1.159325}}
{"target": -17.544568414059096, "params": {"C": 12.59440649995559, "epsilon": 7.118185250214443, "gamma": 0.5404920513780546}, "datetime": {"datetime": "2021-07-20 18:41:32", "elapsed": 186.148517, "delta": 1.039009}}
{"target": -26.84910753743568, "params": {"C": 28.176033552420286, "epsilon": 1.7737442657078295, "gamma": 2.3737116097802002}, "datetime": {"datetime": "2021-07-20 18:41:33", "elapsed": 186.865772, "delta": 0.717255}}
{"target": -27.77418186032059, "params": {"C": 13.755436886465349, "epsilon": 8.212120656156152, "gamma": 2.987233788701213}, "datetime": {"datetime": "2021-07-20 18:41:34", "elapsed": 187.833767, "delta": 0.967995}}
{"target": -33.26568671954279, "params": {"C": 12.867754669822364, "epsilon": 7.421392894728221, "gamma": 8.924815532536034}, "datetime": {"datetime": "2021-07-20 18:41:35", "elapsed": 188.755828, "delta": 0.922061}}
{"target": -20.06256335482347, "params": {"C": 8.351181151299006, "epsilon": 7.468337342301047, "gamma": 0.7781323493815798}, "datetime": {"datetime": "2021-07-20 18:41:36", "elapsed": 189.823825, "delta": 1.067997}}
{"target": -41.14297632465422, "params": {"C": 12.722046515674272, "epsilon": 6.963531226978948, "gamma": 0.18424048046437816}, "datetime": {"datetime": "2021-07-20 18:41:47", "elapsed": 200.757212, "delta": 10.933387}}
{"target": -21.443894704094298, "params": {"C": 0.7001239597489024, "epsilon": 0.35940967392051065, "gamma": 0.3389256400028343}, "datetime": {"datetime": "2021-07-20 18:41:48", "elapsed": 201.863211, "delta": 1.105999}}
{"target": -18.205169376777203, "params": {"C": 8.19002919901546, "epsilon": 7.680254116976425, "gamma": 0.5645003156578839}, "datetime": {"datetime": "2021-07-20 18:41:49", "elapsed": 203.100411, "delta": 1.2372}}
{"target": -21.008935630813344, "params": {"C": 9.265483396134732, "epsilon": 1.3062791847508135, "gamma": 0.8762156061076307}, "datetime": {"datetime": "2021-07-20 18:41:50", "elapsed": 204.316023, "delta": 1.215612}}
{"target": -20.955165807747843, "params": {"C": 26.01856783660314, "epsilon": 9.090141152305389, "gamma": 0.9682102887137166}, "datetime": {"datetime": "2021-07-20 18:41:52", "elapsed": 205.580872, "delta": 1.264849}}
{"target": -20.690033906725425, "params": {"C": 13.078281296758377, "epsilon": 1.9417502560952027, "gamma": 0.8905470229630882}, "datetime": {"datetime": "2021-07-20 18:41:53", "elapsed": 206.876165, "delta": 1.295293}}
{"target": -33.83698725025936, "params": {"C": 4.062863164355121, "epsilon": 3.066645383153405, "gamma": 9.251918948034646}, "datetime": {"datetime": "2021-07-20 18:41:54", "elapsed": 207.831164, "delta": 0.954999}}
{"target": -20.035031872502532, "params": {"C": 8.172081758472935, "epsilon": 7.532209907635399, "gamma": 0.7718771723501889}, "datetime": {"datetime": "2021-07-20 18:41:55", "elapsed": 209.08262, "delta": 1.251456}}
{"target": -20.33027182289462, "params": {"C": 26.26606995912579, "epsilon": 8.890276680159985, "gamma": 0.8723969128551109}, "datetime": {"datetime": "2021-07-20 18:41:57", "elapsed": 210.870711, "delta": 1.788091}}
{"target": -22.989734242072217, "params": {"C": 20.966345413342633, "epsilon": 3.076795146399648, "gamma": 1.3069636942571254}, "datetime": {"datetime": "2021-07-20 18:41:58", "elapsed": 211.848715, "delta": 0.978004}}
{"target": -27.24921520765068, "params": {"C": 14.980777752658355, "epsilon": 2.1853566617929934, "gamma": 2.5364551010582046}, "datetime": {"datetime": "2021-07-20 18:41:59", "elapsed": 213.070365, "delta": 1.22165}}
{"target": -19.906643604439644, "params": {"C": 12.961267561459445, "epsilon": 1.9684135795800648, "gamma": 0.7824106672529456}, "datetime": {"datetime": "2021-07-20 18:42:01", "elapsed": 214.55507, "delta": 1.484705}}
{"target": -32.74970055442738, "params": {"C": 7.7064819312643325, "epsilon": 6.922466679694318, "gamma": 7.355697680977361}, "datetime": {"datetime": "2021-07-20 18:42:02", "elapsed": 215.52924, "delta": 0.97417}}
{"target": -32.632729121884275, "params": {"C": 7.036970475586619, "epsilon": 2.3509860588894638, "gamma": 6.432382297322453}, "datetime": {"datetime": "2021-07-20 18:42:03", "elapsed": 216.580239, "delta": 1.050999}}
{"target": -20.237997380641595, "params": {"C": 0.6548019424070683, "epsilon": 0.4313002247369683, "gamma": 0.24769405114458015}, "datetime": {"datetime": "2021-07-20 18:42:04", "elapsed": 217.662771, "delta": 1.082532}}
{"target": -28.428488512169537, "params": {"C": 17.78484889729403, "epsilon": 8.270893806757872, "gamma": 3.3335594696510467}, "datetime": {"datetime": "2021-07-20 18:42:05", "elapsed": 218.541384, "delta": 0.878613}}
{"target": -18.90951749582827, "params": {"C": 8.377708109191369, "epsilon": 7.4494145900969695, "gamma": 0.6393341104146408}, "datetime": {"datetime": "2021-07-20 18:42:06", "elapsed": 219.914604, "delta": 1.37322}}
{"target": -16.93404614760905, "params": {"C": 12.480874074222985, "epsilon": 6.999515982280001, "gamma": 0.4820147492519274}, "datetime": {"datetime": "2021-07-20 18:42:07", "elapsed": 221.30383, "delta": 1.389226}}
{"target": -18.629729998550665, "params": {"C": 12.535275913866764, "epsilon": 7.161916167903257, "gamma": 0.6488995482629663}, "datetime": {"datetime": "2021-07-20 18:42:09", "elapsed": 222.630833, "delta": 1.327003}}
{"target": -33.46907349758703, "params": {"C": 14.60625679730082, "epsilon": 8.336133311370832, "gamma": 9.776999502775801}, "datetime": {"datetime": "2021-07-20 18:42:10", "elapsed": 223.842104, "delta": 1.211271}}
{"target": -30.997988940743344, "params": {"C": 25.457769298031195, "epsilon": 1.4848511017399606, "gamma": 4.750918416066271}, "datetime": {"datetime": "2021-07-20 18:42:11", "elapsed": 224.926847, "delta": 1.084743}}
{"target": -20.166273622282908, "params": {"C": 13.031351843558712, "epsilon": 1.9729083999700894, "gamma": 0.816722217811229}, "datetime": {"datetime": "2021-07-20 18:42:12", "elapsed": 226.070844, "delta": 1.143997}}
{"target": -20.860017260375884, "params": {"C": 9.229367250269984, "epsilon": 1.4044783987639853, "gamma": 0.8554695406381572}, "datetime": {"datetime": "2021-07-20 18:42:13", "elapsed": 227.328848, "delta": 1.258004}}
{"target": -22.38618389126516, "params": {"C": 17.920646077870092, "epsilon": 1.0995679981362856, "gamma": 1.1813322225744125}, "datetime": {"datetime": "2021-07-20 18:42:15", "elapsed": 228.620014, "delta": 1.291166}}
{"target": -17.918420566138927, "params": {"C": 8.216106844386921, "epsilon": 7.844868608518825, "gamma": 0.5338494927068839}, "datetime": {"datetime": "2021-07-20 18:42:16", "elapsed": 229.771887, "delta": 1.151873}}
{"target": -31.133230999316435, "params": {"C": 10.019273694552892, "epsilon": 2.7285110403745874, "gamma": 4.849860423997243}, "datetime": {"datetime": "2021-07-20 18:42:17", "elapsed": 230.596888, "delta": 0.825001}}
{"target": -16.179608723874995, "params": {"C": 12.61450689960277, "epsilon": 6.850854161571747, "gamma": 0.41019467523169634}, "datetime": {"datetime": "2021-07-20 18:42:18", "elapsed": 231.841276, "delta": 1.244388}}
{"target": -31.263080191234238, "params": {"C": 27.7593842493186, "epsilon": 7.420753840830216, "gamma": 5.371579724983619}, "datetime": {"datetime": "2021-07-20 18:42:19", "elapsed": 232.72746, "delta": 0.886184}}
{"target": -16.832396384000972, "params": {"C": 8.218510337279163, "epsilon": 7.693112467146825, "gamma": 0.45050721533607074}, "datetime": {"datetime": "2021-07-20 18:42:20", "elapsed": 233.862197, "delta": 1.134737}}
{"target": -21.931501235702576, "params": {"C": 17.989531291604003, "epsilon": 1.1199852065658207, "gamma": 1.1033991495467173}, "datetime": {"datetime": "2021-07-20 18:42:21", "elapsed": 234.898801, "delta": 1.036604}}
{"target": -21.741962452123683, "params": {"C": 12.314169839468152, "epsilon": 7.388581226499978, "gamma": 1.0720539518773853}, "datetime": {"datetime": "2021-07-20 18:42:22", "elapsed": 236.131802, "delta": 1.233001}}
{"target": -25.970124028008406, "params": {"C": 0.4264066457909837, "epsilon": 7.462116824505601, "gamma": 0.8687059444376968}, "datetime": {"datetime": "2021-07-20 18:42:23", "elapsed": 237.019077, "delta": 0.887275}}
{"target": -17.653253469254125, "params": {"C": 8.274594524606588, "epsilon": 7.838868702930689, "gamma": 0.5092697367526562}, "datetime": {"datetime": "2021-07-20 18:42:24", "elapsed": 238.328734, "delta": 1.309657}}
{"target": -18.665797014811453, "params": {"C": 8.278349955890002, "epsilon": 7.534095215794092, "gamma": 0.6148621746547251}, "datetime": {"datetime": "2021-07-20 18:42:25", "elapsed": 239.390414, "delta": 1.06168}}
{"target": -29.47222894960956, "params": {"C": 10.17591437534367, "epsilon": 3.164379741973769, "gamma": 3.631443652677291}, "datetime": {"datetime": "2021-07-20 18:42:26", "elapsed": 240.245415, "delta": 0.855001}}
{"target": -18.361865093257776, "params": {"C": 26.073749617960406, "epsilon": 9.031226135211243, "gamma": 0.5966986623649706}, "datetime": {"datetime": "2021-07-20 18:42:27", "elapsed": 241.513682, "delta": 1.268267}}
{"target": -22.23820712746638, "params": {"C": 25.933164272030144, "epsilon": 9.065348146823792, "gamma": 1.1963426408170126}, "datetime": {"datetime": "2021-07-20 18:42:29", "elapsed": 242.69668, "delta": 1.182998}}
{"target": -20.19489679837564, "params": {"C": 26.4563739104363, "epsilon": 8.812194036275688, "gamma": 0.8522792646021328}, "datetime": {"datetime": "2021-07-20 18:42:30", "elapsed": 243.887974, "delta": 1.191294}}
{"target": -18.80927738550993, "params": {"C": 26.214657594742945, "epsilon": 9.09965177298797, "gamma": 0.656857185476408}, "datetime": {"datetime": "2021-07-20 18:42:31", "elapsed": 244.997293, "delta": 1.109319}}
{"target": -19.51875333117929, "params": {"C": 9.855576913289747, "epsilon": 4.186334610311924, "gamma": 0.7115226878094173}, "datetime": {"datetime": "2021-07-20 18:42:32", "elapsed": 245.926301, "delta": 0.929008}}
{"target": -30.03982281335711, "params": {"C": 3.854262612106613, "epsilon": 0.3694990767892998, "gamma": 3.314500762899875}, "datetime": {"datetime": "2021-07-20 18:42:33", "elapsed": 246.986153, "delta": 1.059852}}
