{"target": -100.17645503170807, "params": {"C": 49.71001488744257, "epsilon": 7.370933813415193, "gamma": 0.04655444839611843}, "datetime": {"datetime": "2021-07-20 21:14:29", "elapsed": 2103.752443, "delta": 8.472004}}
{"target": -97.52737343035577, "params": {"C": 8.02945859303516, "epsilon": 3.6666363427110182, "gamma": 0.051124849754281554}, "datetime": {"datetime": "2021-07-20 21:14:43", "elapsed": 2117.278405, "delta": 13.525962}}
{"target": -79.50312328117319, "params": {"C": 13.675900396896136, "epsilon": 9.186055559636698, "gamma": 0.09281835008463345}, "datetime": {"datetime": "2021-07-20 21:14:52", "elapsed": 2126.539237, "delta": 9.260832}}
{"target": -96.62028395322454, "params": {"C": 38.077572061580774, "epsilon": 12.027023084229217, "gamma": 0.03289039620240188}, "datetime": {"datetime": "2021-07-20 21:15:01", "elapsed": 2135.253131, "delta": 8.713894}}
{"target": -11.095939103758523, "params": {"C": 28.5508296739873, "epsilon": 1.2743546944865192, "gamma": 0.061162505755282856}, "datetime": {"datetime": "2021-07-20 21:15:01", "elapsed": 2136.099124, "delta": 0.845993}}
{"target": -77.57227655900172, "params": {"C": 37.348666467502184, "epsilon": 9.216525169221766, "gamma": 0.016546016925037654}, "datetime": {"datetime": "2021-07-20 21:15:10", "elapsed": 2144.421045, "delta": 8.321921}}
{"target": -89.8552437299034, "params": {"C": 28.96607754623711, "epsilon": 6.540425053770958, "gamma": 0.02834925246268339}, "datetime": {"datetime": "2021-07-20 21:15:18", "elapsed": 2153.063409, "delta": 8.642364}}
{"target": -100.97220235444058, "params": {"C": 25.06380131956114, "epsilon": 18.509240877483265, "gamma": 0.030867293626842325}, "datetime": {"datetime": "2021-07-20 21:15:28", "elapsed": 2162.211233, "delta": 9.147824}}
{"target": -89.00319682505675, "params": {"C": 18.77866759296772, "epsilon": 20.761238811214476, "gamma": 0.0746144438818215}, "datetime": {"datetime": "2021-07-20 21:15:42", "elapsed": 2176.668802, "delta": 14.457569}}
{"target": -91.08131519404037, "params": {"C": 17.841039012158653, "epsilon": 7.037644835444947, "gamma": 0.06575052755957116}, "datetime": {"datetime": "2021-07-20 21:15:56", "elapsed": 2190.697792, "delta": 14.02899}}
{"target": -92.61491967251145, "params": {"C": 49.680148415957945, "epsilon": 5.783598626325521, "gamma": 0.05462375735091349}, "datetime": {"datetime": "2021-07-20 21:16:05", "elapsed": 2199.511982, "delta": 8.81419}}
{"target": -96.75988841188425, "params": {"C": 32.89308615159551, "epsilon": 24.809219746213074, "gamma": 0.03600153092395929}, "datetime": {"datetime": "2021-07-20 21:16:18", "elapsed": 2212.796801, "delta": 13.284819}}
{"target": -77.41107280220199, "params": {"C": 33.78667647520399, "epsilon": 7.010960260731099, "gamma": 0.01711527244920011}, "datetime": {"datetime": "2021-07-20 21:16:27", "elapsed": 2221.765043, "delta": 8.968242}}
{"target": -94.72860528082721, "params": {"C": 24.15452160565362, "epsilon": 9.276642383473948, "gamma": 0.028513744819185366}, "datetime": {"datetime": "2021-07-20 21:16:36", "elapsed": 2230.753765, "delta": 8.988722}}
{"target": -89.61814957344554, "params": {"C": 25.79109777597748, "epsilon": 4.3479548714266265, "gamma": 0.08444709078347387}, "datetime": {"datetime": "2021-07-20 21:16:51", "elapsed": 2245.24477, "delta": 14.491005}}
{"target": -82.93111642623222, "params": {"C": 28.441573374012485, "epsilon": 25.005068869670797, "gamma": 0.09785917381838588}, "datetime": {"datetime": "2021-07-20 21:17:05", "elapsed": 2259.67402, "delta": 14.42925}}
{"target": -99.46462318448334, "params": {"C": 43.63875660277793, "epsilon": 4.437505960078219, "gamma": 0.049608312877364974}, "datetime": {"datetime": "2021-07-20 21:17:14", "elapsed": 2268.197913, "delta": 8.523893}}
{"target": -96.16981586475465, "params": {"C": 10.071081307769159, "epsilon": 16.75898256703142, "gamma": 0.06071183905621612}, "datetime": {"datetime": "2021-07-20 21:17:28", "elapsed": 2282.505642, "delta": 14.307729}}
{"target": -96.25835461267324, "params": {"C": 22.945499890879987, "epsilon": 13.793683224520116, "gamma": 0.05758434266383129}, "datetime": {"datetime": "2021-07-20 21:17:43", "elapsed": 2297.812445, "delta": 15.306803}}
{"target": -76.20304726467045, "params": {"C": 22.77494559291572, "epsilon": 6.982329634926727, "gamma": 0.016575491619264318}, "datetime": {"datetime": "2021-07-20 21:17:52", "elapsed": 2307.040203, "delta": 9.227758}}
{"target": -89.27345969418455, "params": {"C": 32.68843151896921, "epsilon": 15.973446045312055, "gamma": 0.0803309212174142}, "datetime": {"datetime": "2021-07-20 21:18:07", "elapsed": 2321.498898, "delta": 14.458695}}
{"target": -99.53041226208782, "params": {"C": 22.017655724282143, "epsilon": 8.170975585669057, "gamma": 0.05055816565203006}, "datetime": {"datetime": "2021-07-20 21:18:19", "elapsed": 2333.651243, "delta": 12.152345}}
{"target": -95.09531296548461, "params": {"C": 40.459644820838264, "epsilon": 6.8243495407314185, "gamma": 0.031684060077955614}, "datetime": {"datetime": "2021-07-20 21:18:28", "elapsed": 2342.682322, "delta": 9.031079}}
{"target": -93.99549049194137, "params": {"C": 46.862091979705944, "epsilon": 22.257097866516332, "gamma": 0.05556672102705301}, "datetime": {"datetime": "2021-07-20 21:18:42", "elapsed": 2356.561399, "delta": 13.879077}}
{"target": -90.31181292190527, "params": {"C": 16.694069634592815, "epsilon": 12.88300477643186, "gamma": 0.07777793457959345}, "datetime": {"datetime": "2021-07-20 21:18:56", "elapsed": 2371.127555, "delta": 14.566156}}
{"target": -95.53677318579219, "params": {"C": 36.01886334214511, "epsilon": 26.385300562363927, "gamma": 0.06171696032168526}, "datetime": {"datetime": "2021-07-20 21:19:11", "elapsed": 2385.212638, "delta": 14.085083}}
{"target": -93.60405952146327, "params": {"C": 48.08238416484272, "epsilon": 14.366679639060667, "gamma": 0.03004757706041077}, "datetime": {"datetime": "2021-07-20 21:19:19", "elapsed": 2394.139713, "delta": 8.927075}}
{"target": -70.4473602394219, "params": {"C": 8.583163692004712, "epsilon": 22.381269626318616, "gamma": 0.012338700453606424}, "datetime": {"datetime": "2021-07-20 21:19:33", "elapsed": 2407.92117, "delta": 13.781457}}
{"target": -10.926121909664918, "params": {"C": 26.06689067745173, "epsilon": 1.553916801184389, "gamma": 0.05877082078417363}, "datetime": {"datetime": "2021-07-20 21:19:34", "elapsed": 2408.861941, "delta": 0.940771}}
{"target": -93.55812484245345, "params": {"C": 20.726209094735665, "epsilon": 23.167793856981792, "gamma": 0.06925748477588065}, "datetime": {"datetime": "2021-07-20 21:19:48", "elapsed": 2423.009935, "delta": 14.147994}}
{"target": -101.93191885480253, "params": {"C": 22.237025800748057, "epsilon": 9.479454300479812, "gamma": 0.038861247678178765}, "datetime": {"datetime": "2021-07-20 21:19:57", "elapsed": 2431.982512, "delta": 8.972577}}
{"target": -11.118230277792627, "params": {"C": 10.096996257238725, "epsilon": 2.7653204894839973, "gamma": 0.02757892548319248}, "datetime": {"datetime": "2021-07-20 21:19:58", "elapsed": 2432.904789, "delta": 0.922277}}
{"target": -96.23121732042523, "params": {"C": 44.32121659937276, "epsilon": 20.179718701977862, "gamma": 0.05964784947296374}, "datetime": {"datetime": "2021-07-20 21:20:12", "elapsed": 2447.089155, "delta": 14.184366}}
{"target": -99.86978254179014, "params": {"C": 10.09251980343664, "epsilon": 4.563444929226839, "gamma": 0.04440824642602227}, "datetime": {"datetime": "2021-07-20 21:20:27", "elapsed": 2461.386133, "delta": 14.296978}}
{"target": -11.009946088690596, "params": {"C": 29.604797980138155, "epsilon": 2.037294949851776, "gamma": 0.05866185825884487}, "datetime": {"datetime": "2021-07-20 21:20:28", "elapsed": 2462.300136, "delta": 0.914003}}
{"target": -62.87292677046041, "params": {"C": 21.788403813210053, "epsilon": 12.547364861186647, "gamma": 0.010829726100231408}, "datetime": {"datetime": "2021-07-20 21:20:36", "elapsed": 2470.986952, "delta": 8.686816}}
{"target": -10.518993799594115, "params": {"C": 13.383762244364046, "epsilon": 1.0892169482393494, "gamma": 0.03581856550949389}, "datetime": {"datetime": "2021-07-20 21:20:37", "elapsed": 2471.909957, "delta": 0.923005}}
{"target": -11.341194467331588, "params": {"C": 13.70892758941537, "epsilon": 0.2699996302054394, "gamma": 0.021517109883042108}, "datetime": {"datetime": "2021-07-20 21:20:38", "elapsed": 2472.830948, "delta": 0.920991}}
{"target": -52.759629562507506, "params": {"C": 45.67657028920017, "epsilon": 24.745610065818447, "gamma": 0.007587781394059252}, "datetime": {"datetime": "2021-07-20 21:20:47", "elapsed": 2482.044516, "delta": 9.213568}}
{"target": -79.19332259296597, "params": {"C": 36.912871050819234, "epsilon": 29.085868375982248, "gamma": 0.09195492162500495}, "datetime": {"datetime": "2021-07-20 21:21:02", "elapsed": 2496.706771, "delta": 14.662255}}
{"target": -94.39725258688419, "params": {"C": 48.58421446364031, "epsilon": 16.820792434222906, "gamma": 0.026122837869918605}, "datetime": {"datetime": "2021-07-20 21:21:08", "elapsed": 2502.771812, "delta": 6.065041}}
{"target": -92.67750285367553, "params": {"C": 42.81427544171445, "epsilon": 3.486883496388717, "gamma": 0.05320414068324446}, "datetime": {"datetime": "2021-07-20 21:21:17", "elapsed": 2512.143494, "delta": 9.371682}}
{"target": -94.50263271296278, "params": {"C": 17.840801318868884, "epsilon": 6.454819614354964, "gamma": 0.049806349598289584}, "datetime": {"datetime": "2021-07-20 21:21:31", "elapsed": 2526.088974, "delta": 13.94548}}
{"target": -11.144813257426952, "params": {"C": 46.413135929739745, "epsilon": 1.208256513481757, "gamma": 0.04916776538388136}, "datetime": {"datetime": "2021-07-20 21:21:32", "elapsed": 2527.031343, "delta": 0.942369}}
{"target": -94.03216305057069, "params": {"C": 48.95540973293045, "epsilon": 14.157250338223404, "gamma": 0.0711183944450959}, "datetime": {"datetime": "2021-07-20 21:21:46", "elapsed": 2540.964652, "delta": 13.933309}}
{"target": -52.11982240993498, "params": {"C": 40.62862740113063, "epsilon": 7.631046027752719, "gamma": 0.007445193112367366}, "datetime": {"datetime": "2021-07-20 21:21:55", "elapsed": 2550.053006, "delta": 9.088354}}
{"target": -94.16337458280427, "params": {"C": 16.51156793105632, "epsilon": 15.06205074654719, "gamma": 0.06444573216581409}, "datetime": {"datetime": "2021-07-20 21:22:10", "elapsed": 2564.186056, "delta": 14.13305}}
{"target": -85.250651905417, "params": {"C": 21.110601790318796, "epsilon": 24.102886413699284, "gamma": 0.018606844275269492}, "datetime": {"datetime": "2021-07-20 21:22:23", "elapsed": 2577.9248, "delta": 13.738744}}
{"target": -52.603407100931065, "params": {"C": 38.912641984762985, "epsilon": 29.325743781735515, "gamma": 0.007232259009298197}, "datetime": {"datetime": "2021-07-20 21:22:32", "elapsed": 2587.013174, "delta": 9.088374}}
{"target": -94.19839825407995, "params": {"C": 27.883017831591424, "epsilon": 19.928874938264155, "gamma": 0.03781033788900079}, "datetime": {"datetime": "2021-07-20 21:22:46", "elapsed": 2600.701668, "delta": 13.688494}}
{"target": -99.15811348925405, "params": {"C": 12.081413818399183, "epsilon": 3.3974479159782778, "gamma": 0.06588034595083606}, "datetime": {"datetime": "2021-07-20 21:23:00", "elapsed": 2614.818904, "delta": 14.117236}}
{"target": -91.39898472698601, "params": {"C": 42.934505200703875, "epsilon": 15.605283114523743, "gamma": 0.08544530770258978}, "datetime": {"datetime": "2021-07-20 21:23:14", "elapsed": 2629.14473, "delta": 14.325826}}
{"target": -86.15363735686013, "params": {"C": 11.111532285225781, "epsilon": 21.615736955964948, "gamma": 0.08629742508898688}, "datetime": {"datetime": "2021-07-20 21:23:29", "elapsed": 2643.70604, "delta": 14.56131}}
{"target": -95.78860564240792, "params": {"C": 14.834144412139487, "epsilon": 2.9681523045519125, "gamma": 0.05216888080043859}, "datetime": {"datetime": "2021-07-20 21:23:38", "elapsed": 2653.026329, "delta": 9.320289}}
{"target": -99.42424328011128, "params": {"C": 34.2948067172074, "epsilon": 24.288262980159953, "gamma": 0.04038444396094355}, "datetime": {"datetime": "2021-07-20 21:23:53", "elapsed": 2667.263601, "delta": 14.237272}}
{"target": -11.282242199878315, "params": {"C": 32.95714731074928, "epsilon": 0.41986356822534454, "gamma": 0.06203070341025138}, "datetime": {"datetime": "2021-07-20 21:23:54", "elapsed": 2668.198601, "delta": 0.935}}
{"target": -86.63127848522025, "params": {"C": 18.503878359667333, "epsilon": 7.040952850930239, "gamma": 0.08227676445630176}, "datetime": {"datetime": "2021-07-20 21:24:08", "elapsed": 2682.756955, "delta": 14.558354}}
{"target": -44.15916829320545, "params": {"C": 44.40799226659446, "epsilon": 10.368013445235883, "gamma": 0.0052985424291754095}, "datetime": {"datetime": "2021-07-20 21:24:17", "elapsed": 2691.587997, "delta": 8.831042}}
{"target": -85.920284280689, "params": {"C": 15.77630984729814, "epsilon": 12.905348112920379, "gamma": 0.09615456563797704}, "datetime": {"datetime": "2021-07-20 21:24:32", "elapsed": 2706.551515, "delta": 14.963518}}
{"target": -101.59332065998339, "params": {"C": 12.886417041240273, "epsilon": 19.769297411391808, "gamma": 0.05597704126292033}, "datetime": {"datetime": "2021-07-20 21:24:47", "elapsed": 2721.195479, "delta": 14.643964}}
{"target": -89.69388614196875, "params": {"C": 34.24647191936788, "epsilon": 3.8670533461841616, "gamma": 0.06828216218949772}, "datetime": {"datetime": "2021-07-20 21:25:01", "elapsed": 2735.242156, "delta": 14.046677}}
{"target": -61.30128020552714, "params": {"C": 19.619980956431686, "epsilon": 11.118522080071317, "gamma": 0.010211796829561963}, "datetime": {"datetime": "2021-07-20 21:25:09", "elapsed": 2743.818656, "delta": 8.5765}}
{"target": -102.52469469873844, "params": {"C": 27.962697989142104, "epsilon": 13.972863171895932, "gamma": 0.05781336733478695}, "datetime": {"datetime": "2021-07-20 21:25:23", "elapsed": 2757.233739, "delta": 13.415083}}
{"target": -99.40936135557679, "params": {"C": 30.15255448634276, "epsilon": 24.91836375979165, "gamma": 0.04796076163640467}, "datetime": {"datetime": "2021-07-20 21:25:36", "elapsed": 2770.638019, "delta": 13.40428}}
{"target": -10.602279584739698, "params": {"C": 13.340690335974283, "epsilon": 1.959825344061802, "gamma": 0.045983864417932896}, "datetime": {"datetime": "2021-07-20 21:25:37", "elapsed": 2771.582016, "delta": 0.943997}}
{"target": -82.67416248536782, "params": {"C": 29.49569004633604, "epsilon": 12.083651158420292, "gamma": 0.021351104577916637}, "datetime": {"datetime": "2021-07-20 21:25:46", "elapsed": 2780.817328, "delta": 9.235312}}
{"target": -85.46883519697009, "params": {"C": 13.669646996322994, "epsilon": 1.697711144681173, "gamma": 0.09068129778601747}, "datetime": {"datetime": "2021-07-20 21:25:55", "elapsed": 2790.074208, "delta": 9.25688}}
{"target": -96.96031802617473, "params": {"C": 10.943963810406869, "epsilon": 29.245631832330883, "gamma": 0.0428403400006101}, "datetime": {"datetime": "2021-07-20 21:26:10", "elapsed": 2804.530088, "delta": 14.45588}}
{"target": -93.87564780590601, "params": {"C": 18.918436909199293, "epsilon": 6.483804873039864, "gamma": 0.06301766307666887}, "datetime": {"datetime": "2021-07-20 21:26:24", "elapsed": 2818.660227, "delta": 14.130139}}
{"target": -87.9310338056908, "params": {"C": 41.88254799485614, "epsilon": 10.959275769487167, "gamma": 0.022015617937387114}, "datetime": {"datetime": "2021-07-20 21:26:33", "elapsed": 2827.63413, "delta": 8.973903}}
{"target": -84.41081865124849, "params": {"C": 40.19618773972078, "epsilon": 22.67885906515353, "gamma": 0.026795523145598785}, "datetime": {"datetime": "2021-07-20 21:26:42", "elapsed": 2836.737445, "delta": 9.103315}}
{"target": -11.519132246763046, "params": {"C": 10.138605819398933, "epsilon": 9.067432844340765, "gamma": 0.013681119465194283}, "datetime": {"datetime": "2021-07-20 21:26:43", "elapsed": 2837.696447, "delta": 0.959002}}
{"target": -92.92060460948383, "params": {"C": 34.751570524530884, "epsilon": 10.119355305390751, "gamma": 0.027346387781031736}, "datetime": {"datetime": "2021-07-20 21:26:49", "elapsed": 2843.640646, "delta": 5.944199}}
{"target": -94.41558657431493, "params": {"C": 9.945882147140788, "epsilon": 3.6554316261861977, "gamma": 0.058018413214513564}, "datetime": {"datetime": "2021-07-20 21:27:03", "elapsed": 2857.993279, "delta": 14.352633}}
{"target": -94.36911603460484, "params": {"C": 8.923034593477816, "epsilon": 16.71667542485771, "gamma": 0.03901730475704217}, "datetime": {"datetime": "2021-07-20 21:27:18", "elapsed": 2872.336551, "delta": 14.343272}}
{"target": -98.39884618445515, "params": {"C": 14.703836137929592, "epsilon": 27.201414493887754, "gamma": 0.05374830241332905}, "datetime": {"datetime": "2021-07-20 21:27:32", "elapsed": 2886.968357, "delta": 14.631806}}
{"target": -87.50115739280183, "params": {"C": 39.523692005584145, "epsilon": 17.48870756306417, "gamma": 0.08366401565992222}, "datetime": {"datetime": "2021-07-20 21:27:47", "elapsed": 2901.403529, "delta": 14.435172}}
{"target": -84.12571148081395, "params": {"C": 25.783142529723623, "epsilon": 23.071353831797516, "gamma": 0.019510450698678627}, "datetime": {"datetime": "2021-07-20 21:27:56", "elapsed": 2910.801841, "delta": 9.398312}}
{"target": -59.1246927260564, "params": {"C": 44.86965565902916, "epsilon": 25.426904079964043, "gamma": 0.010349961150769875}, "datetime": {"datetime": "2021-07-20 21:28:05", "elapsed": 2919.826066, "delta": 9.024225}}
{"target": -47.776939510561164, "params": {"C": 44.64140845744409, "epsilon": 4.460183751861012, "gamma": 0.0057616453302509855}, "datetime": {"datetime": "2021-07-20 21:28:14", "elapsed": 2928.715469, "delta": 8.889403}}
{"target": -100.12855779775143, "params": {"C": 23.34637433813011, "epsilon": 16.79130974588431, "gamma": 0.052684916988852706}, "datetime": {"datetime": "2021-07-20 21:28:28", "elapsed": 2942.535236, "delta": 13.819767}}
{"target": -67.09962351857584, "params": {"C": 28.754437406207998, "epsilon": 19.634349436887746, "gamma": 0.012463656101393272}, "datetime": {"datetime": "2021-07-20 21:28:37", "elapsed": 2951.447503, "delta": 8.912267}}
{"target": -11.011293751969188, "params": {"C": 35.73120531807158, "epsilon": 0.800522162612738, "gamma": 0.051735831706462426}, "datetime": {"datetime": "2021-07-20 21:28:38", "elapsed": 2952.481324, "delta": 1.033821}}
{"target": -89.39925373079562, "params": {"C": 16.64687956159553, "epsilon": 18.670410934377518, "gamma": 0.08115957575064314}, "datetime": {"datetime": "2021-07-20 21:28:52", "elapsed": 2967.140261, "delta": 14.658937}}
{"target": -10.923535220320952, "params": {"C": 30.012753445185954, "epsilon": 4.860422179684798, "gamma": 0.017400529379506008}, "datetime": {"datetime": "2021-07-20 21:28:54", "elapsed": 2968.310263, "delta": 1.170002}}
{"target": -89.26420083399917, "params": {"C": 17.957469612275823, "epsilon": 26.817877369010553, "gamma": 0.023014023992159995}, "datetime": {"datetime": "2021-07-20 21:29:08", "elapsed": 2982.62902, "delta": 14.318757}}
{"target": -90.57678311381319, "params": {"C": 9.171606635476016, "epsilon": 6.713351188075285, "gamma": 0.08210291425400987}, "datetime": {"datetime": "2021-07-20 21:29:23", "elapsed": 2997.530709, "delta": 14.901689}}
{"target": -97.48552480796766, "params": {"C": 15.071974863921845, "epsilon": 11.199565757540055, "gamma": 0.04788184847900878}, "datetime": {"datetime": "2021-07-20 21:29:37", "elapsed": 3011.811338, "delta": 14.280629}}
{"target": -89.82002054252733, "params": {"C": 14.18188082311169, "epsilon": 2.8050426428194384, "gamma": 0.08657840430856911}, "datetime": {"datetime": "2021-07-20 21:29:51", "elapsed": 3025.671649, "delta": 13.860311}}
{"target": -90.08724927811149, "params": {"C": 12.917083343976653, "epsilon": 23.285427145212083, "gamma": 0.0777415872321474}, "datetime": {"datetime": "2021-07-20 21:30:05", "elapsed": 3039.698299, "delta": 14.02665}}
{"target": -97.76195532663019, "params": {"C": 15.919535302976467, "epsilon": 19.62413638529971, "gamma": 0.05713664929036187}, "datetime": {"datetime": "2021-07-20 21:30:19", "elapsed": 3053.345759, "delta": 13.64746}}
{"target": -95.05077621611034, "params": {"C": 43.86530568672644, "epsilon": 18.325318910724853, "gamma": 0.02520222341521417}, "datetime": {"datetime": "2021-07-20 21:30:27", "elapsed": 3061.60378, "delta": 8.258021}}
{"target": -94.98170303905783, "params": {"C": 22.145930799974007, "epsilon": 9.877524528644528, "gamma": 0.05643672672688918}, "datetime": {"datetime": "2021-07-20 21:30:40", "elapsed": 3075.042033, "delta": 13.438253}}
{"target": -93.64820391360172, "params": {"C": 17.72012238602179, "epsilon": 9.521442980826391, "gamma": 0.06973133792116118}, "datetime": {"datetime": "2021-07-20 21:30:50", "elapsed": 3084.416574, "delta": 9.374541}}
{"target": -86.4056449875906, "params": {"C": 30.907849240761685, "epsilon": 13.793481671931877, "gamma": 0.09296827164436056}, "datetime": {"datetime": "2021-07-20 21:31:03", "elapsed": 3097.92967, "delta": 13.513096}}
{"target": -11.04118777398254, "params": {"C": 15.367254768657766, "epsilon": 5.213123366649415, "gamma": 0.020201326305440574}, "datetime": {"datetime": "2021-07-20 21:31:04", "elapsed": 3098.912681, "delta": 0.983011}}
{"target": -99.1469814280114, "params": {"C": 29.598273910874767, "epsilon": 20.73898763852949, "gamma": 0.03548733884207213}, "datetime": {"datetime": "2021-07-20 21:31:18", "elapsed": 3112.77939, "delta": 13.866709}}
{"target": -67.2866721765223, "params": {"C": 37.74191774771859, "epsilon": 20.542288902863806, "gamma": 0.01391901855889465}, "datetime": {"datetime": "2021-07-20 21:31:27", "elapsed": 3121.886133, "delta": 9.106743}}
{"target": -94.16173053561238, "params": {"C": 45.885151386798306, "epsilon": 16.251431425638835, "gamma": 0.032958728052851334}, "datetime": {"datetime": "2021-07-20 21:31:36", "elapsed": 3130.855767, "delta": 8.969634}}
