{"target": -19.276036576598738, "params": {"C": 26.244779097662782, "epsilon": 8.854356114057028, "gamma": 1.0202931472585097}, "datetime": {"datetime": "2021-07-20 18:40:23", "elapsed": 129.042856, "delta": 0.736402}}
{"target": -21.73306205134733, "params": {"C": 19.176760798978258, "epsilon": 1.0004089860629697, "gamma": 1.4350821826030755}, "datetime": {"datetime": "2021-07-20 18:40:23", "elapsed": 129.67886, "delta": 0.636004}}
{"target": -16.681075863052104, "params": {"C": 8.299754799030293, "epsilon": 7.629205020887065, "gamma": 0.6274062110198405}, "datetime": {"datetime": "2021-07-20 18:40:24", "elapsed": 130.60385, "delta": 0.92499}}
{"target": -18.421954045136697, "params": {"C": 12.926834735979996, "epsilon": 2.0201987439938787, "gamma": 0.8602171044302467}, "datetime": {"datetime": "2021-07-20 18:40:25", "elapsed": 131.539853, "delta": 0.936003}}
{"target": -26.31330673251748, "params": {"C": 11.963138163043334, "epsilon": 6.5633352957180895, "gamma": 2.8419126525339937}, "datetime": {"datetime": "2021-07-20 18:40:26", "elapsed": 132.387157, "delta": 0.847304}}
{"target": -17.367009893210337, "params": {"C": 0.8955323383888877, "epsilon": 0.24313643824386122, "gamma": 0.25454880887874193}, "datetime": {"datetime": "2021-07-20 18:40:27", "elapsed": 133.382157, "delta": 0.995}}
{"target": -18.67215046241588, "params": {"C": 8.381886561992774, "epsilon": 7.435753772573376, "gamma": 0.8676780991596866}, "datetime": {"datetime": "2021-07-20 18:40:28", "elapsed": 134.346409, "delta": 0.964252}}
{"target": -17.54903266777605, "params": {"C": 8.863812598729366, "epsilon": 1.378094060584959, "gamma": 0.6974561256419658}, "datetime": {"datetime": "2021-07-20 18:40:29", "elapsed": 135.014408, "delta": 0.667999}}
{"target": -22.837831165742877, "params": {"C": 8.855648958742558, "epsilon": 0.0949716082155503, "gamma": 1.5576358678686224}, "datetime": {"datetime": "2021-07-20 18:40:29", "elapsed": 135.717029, "delta": 0.702621}}
{"target": -31.433352078441118, "params": {"C": 27.010302344940303, "epsilon": 8.150842454620232, "gamma": 6.691097670788653}, "datetime": {"datetime": "2021-07-20 18:40:30", "elapsed": 136.377739, "delta": 0.66071}}
{"target": -32.989318923957555, "params": {"C": 1.6983672910414658, "epsilon": 6.736731881117576, "gamma": 8.679049228794325}, "datetime": {"datetime": "2021-07-20 18:40:31", "elapsed": 137.049739, "delta": 0.672}}
{"target": -23.27710979865422, "params": {"C": 21.712063603871435, "epsilon": 7.285498737257909, "gamma": 1.8336498160937778}, "datetime": {"datetime": "2021-07-20 18:40:32", "elapsed": 137.810742, "delta": 0.761003}}
{"target": -18.945505529097268, "params": {"C": 26.309025068045823, "epsilon": 8.800159280420306, "gamma": 0.9663518591529537}, "datetime": {"datetime": "2021-07-20 18:40:32", "elapsed": 138.532172, "delta": 0.72143}}
{"target": -28.661617653230643, "params": {"C": 20.65721092521955, "epsilon": 5.8151685043512265, "gamma": 4.067195041691976}, "datetime": {"datetime": "2021-07-20 18:40:33", "elapsed": 139.170174, "delta": 0.638002}}
{"target": -15.353566175436113, "params": {"C": 8.842358551341968, "epsilon": 1.5364851084050248, "gamma": 0.4790837157776542}, "datetime": {"datetime": "2021-07-20 18:40:34", "elapsed": 140.006176, "delta": 0.836002}}
{"target": -20.534202287482238, "params": {"C": 18.11671130648203, "epsilon": 1.1859410435496478, "gamma": 1.2001482441232685}, "datetime": {"datetime": "2021-07-20 18:40:35", "elapsed": 140.89324, "delta": 0.887064}}
{"target": -19.264762934901185, "params": {"C": 13.147668959184672, "epsilon": 2.166277491727985, "gamma": 0.9779632717329091}, "datetime": {"datetime": "2021-07-20 18:40:35", "elapsed": 141.705245, "delta": 0.812005}}
{"target": -31.773685890186805, "params": {"C": 19.363650780151236, "epsilon": 2.0537481744467683, "gamma": 6.585307794975047}, "datetime": {"datetime": "2021-07-20 18:40:36", "elapsed": 142.474163, "delta": 0.768918}}
{"target": -18.961370164058366, "params": {"C": 8.349118700899519, "epsilon": 7.453825687336221, "gamma": 0.9040122021280584}, "datetime": {"datetime": "2021-07-20 18:40:37", "elapsed": 143.504159, "delta": 1.029996}}
{"target": -22.48559838486636, "params": {"C": 5.292188988294607, "epsilon": 1.9645706022122549, "gamma": 1.3831402272380566}, "datetime": {"datetime": "2021-07-20 18:40:38", "elapsed": 144.153159, "delta": 0.649}}
{"target": -21.2746377337205, "params": {"C": 27.127082956577546, "epsilon": 0.5465108842479268, "gamma": 1.3388930085803767}, "datetime": {"datetime": "2021-07-20 18:40:39", "elapsed": 144.918813, "delta": 0.765654}}
{"target": -17.549163734794774, "params": {"C": 13.063932157715566, "epsilon": 1.849653652041571, "gamma": 0.7536167348280693}, "datetime": {"datetime": "2021-07-20 18:40:40", "elapsed": 145.838454, "delta": 0.919641}}
{"target": -19.863907701732984, "params": {"C": 18.084622474890242, "epsilon": 1.2395345748881752, "gamma": 1.0820833938618548}, "datetime": {"datetime": "2021-07-20 18:40:40", "elapsed": 146.617793, "delta": 0.779339}}
{"target": -18.98426035861536, "params": {"C": 26.027079759374704, "epsilon": 8.892118224652359, "gamma": 0.9734318042301492}, "datetime": {"datetime": "2021-07-20 18:40:42", "elapsed": 147.840791, "delta": 1.222998}}
{"target": -22.93608697760449, "params": {"C": 11.666857548241707, "epsilon": 0.28377806023703395, "gamma": 1.6578270990653896}, "datetime": {"datetime": "2021-07-20 18:40:42", "elapsed": 148.655005, "delta": 0.814214}}
{"target": -29.3783832511538, "params": {"C": 17.013741188395482, "epsilon": 3.0143331010793304, "gamma": 4.418974244279632}, "datetime": {"datetime": "2021-07-20 18:40:43", "elapsed": 149.495004, "delta": 0.839999}}
{"target": -15.381742985837816, "params": {"C": 8.931968818675971, "epsilon": 1.6141644111773181, "gamma": 0.4824249795199886}, "datetime": {"datetime": "2021-07-20 18:40:44", "elapsed": 150.529286, "delta": 1.034282}}
{"target": -16.82675822279395, "params": {"C": 26.214971889644172, "epsilon": 8.782118783013276, "gamma": 0.6758616839197005}, "datetime": {"datetime": "2021-07-20 18:40:45", "elapsed": 151.377977, "delta": 0.848691}}
{"target": -17.82375699155488, "params": {"C": 8.795988576000392, "epsilon": 1.4334002832047117, "gamma": 0.7300395464970859}, "datetime": {"datetime": "2021-07-20 18:40:46", "elapsed": 152.375979, "delta": 0.998002}}
{"target": -17.245165282244358, "params": {"C": 8.353282361621261, "epsilon": 7.4607869527893405, "gamma": 0.6913146573678053}, "datetime": {"datetime": "2021-07-20 18:40:47", "elapsed": 153.613693, "delta": 1.237714}}
{"target": -18.25008192183119, "params": {"C": 8.821317679621796, "epsilon": 1.277758152850059, "gamma": 0.7819961881679776}, "datetime": {"datetime": "2021-07-20 18:40:48", "elapsed": 154.514019, "delta": 0.900326}}
{"target": -17.634252162021973, "params": {"C": 13.083946283553777, "epsilon": 2.015668517320021, "gamma": 0.7651120227202431}, "datetime": {"datetime": "2021-07-20 18:40:49", "elapsed": 155.436023, "delta": 0.922004}}
{"target": -31.278479494511984, "params": {"C": 1.2238935975764753, "epsilon": 5.332093663321101, "gamma": 4.390225032758488}, "datetime": {"datetime": "2021-07-20 18:40:50", "elapsed": 156.204653, "delta": 0.76863}}
{"target": -18.34885791337325, "params": {"C": 8.770329137705422, "epsilon": 1.4130335044484708, "gamma": 0.7941419144226768}, "datetime": {"datetime": "2021-07-20 18:40:51", "elapsed": 157.039163, "delta": 0.83451}}
{"target": -17.209717718967102, "params": {"C": 26.245671443447797, "epsilon": 9.030498668991765, "gamma": 0.7181842578539425}, "datetime": {"datetime": "2021-07-20 18:40:52", "elapsed": 157.851162, "delta": 0.811999}}
{"target": -32.66844857409498, "params": {"C": 23.365818039263537, "epsilon": 5.549432646742318, "gamma": 8.482132189461998}, "datetime": {"datetime": "2021-07-20 18:40:52", "elapsed": 158.534929, "delta": 0.683767}}
{"target": -16.253776690004802, "params": {"C": 26.422095175202475, "epsilon": 9.204728630176069, "gamma": 0.591491571732946}, "datetime": {"datetime": "2021-07-20 18:40:53", "elapsed": 159.535933, "delta": 1.001004}}
{"target": -21.037411403148337, "params": {"C": 27.260246343971787, "epsilon": 0.5925305570189393, "gamma": 1.2916650835090346}, "datetime": {"datetime": "2021-07-20 18:40:54", "elapsed": 160.374925, "delta": 0.838992}}
{"target": -16.68585244814658, "params": {"C": 26.180261659220427, "epsilon": 9.183961776637307, "gamma": 0.6582328233527418}, "datetime": {"datetime": "2021-07-20 18:40:55", "elapsed": 161.23297, "delta": 0.858045}}
{"target": -19.617355168602295, "params": {"C": 12.210836368641063, "epsilon": 7.34347297894539, "gamma": 1.044727373315864}, "datetime": {"datetime": "2021-07-20 18:40:56", "elapsed": 161.99697, "delta": 0.764}}
{"target": -18.52137753979756, "params": {"C": 26.295529060607997, "epsilon": 8.814385372156094, "gamma": 0.9031260074148909}, "datetime": {"datetime": "2021-07-20 18:40:57", "elapsed": 162.919119, "delta": 0.922149}}
{"target": -16.959268865795934, "params": {"C": 26.153911837845715, "epsilon": 9.262996669190155, "gamma": 0.6906900702263953}, "datetime": {"datetime": "2021-07-20 18:40:58", "elapsed": 163.80614, "delta": 0.887021}}
{"target": -18.49150787135978, "params": {"C": 9.220798729441963, "epsilon": 1.1064185209430453, "gamma": 0.8182839459551217}, "datetime": {"datetime": "2021-07-20 18:40:58", "elapsed": 164.725425, "delta": 0.919285}}
{"target": -30.22484334005847, "params": {"C": 12.290664041692937, "epsilon": 8.475741963347435, "gamma": 5.343225409507365}, "datetime": {"datetime": "2021-07-20 18:40:59", "elapsed": 165.474427, "delta": 0.749002}}
{"target": -18.03554789336434, "params": {"C": 2.5234273401004015, "epsilon": 9.182656095895391, "gamma": 0.7078988694747038}, "datetime": {"datetime": "2021-07-20 18:41:00", "elapsed": 166.239118, "delta": 0.764691}}
{"target": -33.309086779594395, "params": {"C": 15.877927029726239, "epsilon": 1.4234642541906901, "gamma": 9.291542134189957}, "datetime": {"datetime": "2021-07-20 18:41:01", "elapsed": 167.098117, "delta": 0.858999}}
{"target": -21.46331924363841, "params": {"C": 7.599437507104786, "epsilon": 8.330540070872624, "gamma": 1.3007537030013843}, "datetime": {"datetime": "2021-07-20 18:41:02", "elapsed": 168.319119, "delta": 1.221002}}
{"target": -24.285068338630133, "params": {"C": 17.51217468031293, "epsilon": 5.3858724595453, "gamma": 2.1084450222659132}, "datetime": {"datetime": "2021-07-20 18:41:03", "elapsed": 169.218666, "delta": 0.899547}}
{"target": -17.591548487022468, "params": {"C": 8.34822533584011, "epsilon": 7.3885019768395575, "gamma": 0.7305161388526373}, "datetime": {"datetime": "2021-07-20 18:41:04", "elapsed": 170.486665, "delta": 1.267999}}
{"target": -16.277600599831686, "params": {"C": 26.131891651220585, "epsilon": 8.795090893974411, "gamma": 0.5945436425576666}, "datetime": {"datetime": "2021-07-20 18:41:05", "elapsed": 171.59329, "delta": 1.106625}}
{"target": -17.359682035640066, "params": {"C": 8.923841789584905, "epsilon": 1.310084410098034, "gamma": 0.6759604981004373}, "datetime": {"datetime": "2021-07-20 18:41:06", "elapsed": 172.563814, "delta": 0.970524}}
{"target": -17.834572996095506, "params": {"C": 26.425166364081633, "epsilon": 9.201018242375351, "gamma": 0.7958203716776777}, "datetime": {"datetime": "2021-07-20 18:41:07", "elapsed": 173.468815, "delta": 0.905001}}
{"target": -11.858793540962079, "params": {"C": 12.654315188573488, "epsilon": 6.995697300353578, "gamma": 0.008996265380646563}, "datetime": {"datetime": "2021-07-20 18:41:08", "elapsed": 174.472814, "delta": 1.003999}}
{"target": -32.47770692624109, "params": {"C": 17.28113159915069, "epsilon": 8.32093939101332, "gamma": 8.491734262175145}, "datetime": {"datetime": "2021-07-20 18:41:09", "elapsed": 175.336543, "delta": 0.863729}}
{"target": -17.85060752642061, "params": {"C": 8.372273152351982, "epsilon": 7.263024694334323, "gamma": 0.7615478307838082}, "datetime": {"datetime": "2021-07-20 18:41:10", "elapsed": 176.669317, "delta": 1.332774}}
{"target": -25.239848001841082, "params": {"C": 28.176033552420286, "epsilon": 1.7737442657078295, "gamma": 2.3737116097802002}, "datetime": {"datetime": "2021-07-20 18:41:11", "elapsed": 177.529319, "delta": 0.860002}}
{"target": -26.500393527790795, "params": {"C": 13.755436886465349, "epsilon": 8.212120656156152, "gamma": 2.987233788701213}, "datetime": {"datetime": "2021-07-20 18:41:12", "elapsed": 178.376315, "delta": 0.846996}}
{"target": -21.767620381221754, "params": {"C": 11.809091141138284, "epsilon": 6.9024036159539675, "gamma": 1.4456271465021275}, "datetime": {"datetime": "2021-07-20 18:41:13", "elapsed": 179.452535, "delta": 1.07622}}
{"target": -17.974042831331143, "params": {"C": 8.351181151299006, "epsilon": 7.468337342301047, "gamma": 0.7781323493815798}, "datetime": {"datetime": "2021-07-20 18:41:14", "elapsed": 180.667418, "delta": 1.214883}}
{"target": -18.13429565150973, "params": {"C": 9.214553758429574, "epsilon": 1.1284550491296166, "gamma": 0.7725804460781002}, "datetime": {"datetime": "2021-07-20 18:41:16", "elapsed": 182.17542, "delta": 1.508002}}
{"target": -19.48290859496804, "params": {"C": 0.7001239597489024, "epsilon": 0.35940967392051065, "gamma": 0.3389256400028343}, "datetime": {"datetime": "2021-07-20 18:41:17", "elapsed": 183.077271, "delta": 0.901851}}
{"target": -16.046003069549613, "params": {"C": 8.19002919901546, "epsilon": 7.680254116976425, "gamma": 0.5645003156578839}, "datetime": {"datetime": "2021-07-20 18:41:18", "elapsed": 184.154273, "delta": 1.077002}}
{"target": -17.812347841331633, "params": {"C": 8.433249971762212, "epsilon": 7.281036745741141, "gamma": 0.7578332496144524}, "datetime": {"datetime": "2021-07-20 18:41:19", "elapsed": 185.492452, "delta": 1.338179}}
{"target": -17.042212095796057, "params": {"C": 8.306496414111654, "epsilon": 7.742615906958955, "gamma": 0.6697863989543832}, "datetime": {"datetime": "2021-07-20 18:41:20", "elapsed": 186.611884, "delta": 1.119432}}
{"target": -18.651566952581838, "params": {"C": 13.078281296758377, "epsilon": 1.9417502560952027, "gamma": 0.8905470229630882}, "datetime": {"datetime": "2021-07-20 18:41:22", "elapsed": 188.041886, "delta": 1.430002}}
{"target": -33.47816567798447, "params": {"C": 4.062863164355121, "epsilon": 3.066645383153405, "gamma": 9.251918948034646}, "datetime": {"datetime": "2021-07-20 18:41:23", "elapsed": 188.90653, "delta": 0.864644}}
{"target": -17.94605503641644, "params": {"C": 8.172081758472935, "epsilon": 7.532209907635399, "gamma": 0.7718771723501889}, "datetime": {"datetime": "2021-07-20 18:41:24", "elapsed": 190.00753, "delta": 1.101}}
{"target": -18.30206756084126, "params": {"C": 26.26606995912579, "epsilon": 8.890276680159985, "gamma": 0.8723969128551109}, "datetime": {"datetime": "2021-07-20 18:41:26", "elapsed": 191.855418, "delta": 1.847888}}
{"target": -21.026641345431305, "params": {"C": 20.966345413342633, "epsilon": 3.076795146399648, "gamma": 1.3069636942571254}, "datetime": {"datetime": "2021-07-20 18:41:27", "elapsed": 192.804104, "delta": 0.948686}}
{"target": -25.684382434975294, "params": {"C": 14.980777752658355, "epsilon": 2.1853566617929934, "gamma": 2.5364551010582046}, "datetime": {"datetime": "2021-07-20 18:41:27", "elapsed": 193.673099, "delta": 0.868995}}
{"target": -17.789392953010815, "params": {"C": 12.961267561459445, "epsilon": 1.9684135795800648, "gamma": 0.7824106672529456}, "datetime": {"datetime": "2021-07-20 18:41:29", "elapsed": 195.00451, "delta": 1.331411}}
{"target": -32.086647499841334, "params": {"C": 7.7064819312643325, "epsilon": 6.922466679694318, "gamma": 7.355697680977361}, "datetime": {"datetime": "2021-07-20 18:41:30", "elapsed": 195.858153, "delta": 0.853643}}
{"target": -31.9161608526709, "params": {"C": 7.036970475586619, "epsilon": 2.3509860588894638, "gamma": 6.432382297322453}, "datetime": {"datetime": "2021-07-20 18:41:30", "elapsed": 196.676481, "delta": 0.818328}}
{"target": -16.65052614630688, "params": {"C": 8.268977698743763, "epsilon": 7.839055792529332, "gamma": 0.6249138263738667}, "datetime": {"datetime": "2021-07-20 18:41:32", "elapsed": 197.930486, "delta": 1.254005}}
{"target": -27.17760486381062, "params": {"C": 17.78484889729403, "epsilon": 8.270893806757872, "gamma": 3.3335594696510467}, "datetime": {"datetime": "2021-07-20 18:41:32", "elapsed": 198.769742, "delta": 0.839256}}
{"target": -16.77667554203838, "params": {"C": 8.377708109191369, "epsilon": 7.4494145900969695, "gamma": 0.6393341104146408}, "datetime": {"datetime": "2021-07-20 18:41:33", "elapsed": 199.788737, "delta": 1.018995}}
{"target": -18.891749013965374, "params": {"C": 12.872834798300126, "epsilon": 1.9596491134498395, "gamma": 0.9197835145060023}, "datetime": {"datetime": "2021-07-20 18:41:35", "elapsed": 200.861798, "delta": 1.073061}}
{"target": -18.968361601176106, "params": {"C": 9.134835369747256, "epsilon": 1.5237289263825597, "gamma": 0.8840131735249479}, "datetime": {"datetime": "2021-07-20 18:41:36", "elapsed": 201.940799, "delta": 1.079001}}
{"target": -33.014426443452464, "params": {"C": 14.60625679730082, "epsilon": 8.336133311370832, "gamma": 9.776999502775801}, "datetime": {"datetime": "2021-07-20 18:41:37", "elapsed": 202.910224, "delta": 0.969425}}
{"target": -29.958728289185743, "params": {"C": 25.457769298031195, "epsilon": 1.4848511017399606, "gamma": 4.750918416066271}, "datetime": {"datetime": "2021-07-20 18:41:37", "elapsed": 203.731223, "delta": 0.820999}}
{"target": -18.068891616253257, "params": {"C": 13.031351843558712, "epsilon": 1.9729083999700894, "gamma": 0.816722217811229}, "datetime": {"datetime": "2021-07-20 18:41:39", "elapsed": 204.963828, "delta": 1.232605}}
{"target": -18.752247777788327, "params": {"C": 9.229367250269984, "epsilon": 1.4044783987639853, "gamma": 0.8554695406381572}, "datetime": {"datetime": "2021-07-20 18:41:40", "elapsed": 205.929628, "delta": 0.9658}}
{"target": -20.358635095068927, "params": {"C": 17.905093639986156, "epsilon": 1.1358705468482195, "gamma": 1.1672887302670976}, "datetime": {"datetime": "2021-07-20 18:41:41", "elapsed": 207.171847, "delta": 1.242219}}
{"target": -19.2947812025388, "params": {"C": 9.148639291621597, "epsilon": 1.0201035655100348, "gamma": 0.9275599844831843}, "datetime": {"datetime": "2021-07-20 18:41:42", "elapsed": 208.201852, "delta": 1.030005}}
{"target": -18.04970283443947, "params": {"C": 13.082028347448668, "epsilon": 1.6996603936003771, "gamma": 0.8135818819012267}, "datetime": {"datetime": "2021-07-20 18:41:43", "elapsed": 209.165679, "delta": 0.963827}}
{"target": -19.504348226179474, "params": {"C": 9.02668450736962, "epsilon": 1.0459191824431255, "gamma": 0.9559259223599069}, "datetime": {"datetime": "2021-07-20 18:41:44", "elapsed": 210.060673, "delta": 0.894994}}
{"target": -30.28446221036896, "params": {"C": 27.7593842493186, "epsilon": 7.420753840830216, "gamma": 5.371579724983619}, "datetime": {"datetime": "2021-07-20 18:41:45", "elapsed": 210.948184, "delta": 0.887511}}
{"target": -14.90273029772895, "params": {"C": 8.218510337279163, "epsilon": 7.693112467146825, "gamma": 0.45050721533607074}, "datetime": {"datetime": "2021-07-20 18:41:46", "elapsed": 212.116179, "delta": 1.167995}}
{"target": -16.627100088425426, "params": {"C": 8.384081789912477, "epsilon": 7.618054047119562, "gamma": 0.621991574806828}, "datetime": {"datetime": "2021-07-20 18:41:47", "elapsed": 213.338176, "delta": 1.221997}}
{"target": -19.767705013104496, "params": {"C": 12.314169839468152, "epsilon": 7.388581226499978, "gamma": 1.0720539518773853}, "datetime": {"datetime": "2021-07-20 18:41:49", "elapsed": 214.982383, "delta": 1.644207}}
{"target": -24.443898772144006, "params": {"C": 0.4264066457909837, "epsilon": 7.462116824505601, "gamma": 0.8687059444376968}, "datetime": {"datetime": "2021-07-20 18:41:50", "elapsed": 216.010996, "delta": 1.028613}}
{"target": -18.285279568130964, "params": {"C": 9.091507615477836, "epsilon": 0.976498514663498, "gamma": 0.7886647512720425}, "datetime": {"datetime": "2021-07-20 18:41:51", "elapsed": 217.763841, "delta": 1.752845}}
{"target": -16.570335974722745, "params": {"C": 8.278349955890002, "epsilon": 7.534095215794092, "gamma": 0.6148621746547251}, "datetime": {"datetime": "2021-07-20 18:41:53", "elapsed": 219.053134, "delta": 1.289293}}
{"target": -28.26906529814572, "params": {"C": 10.17591437534367, "epsilon": 3.164379741973769, "gamma": 3.631443652677291}, "datetime": {"datetime": "2021-07-20 18:41:54", "elapsed": 220.035136, "delta": 0.982002}}
{"target": -16.2878574958036, "params": {"C": 26.073749617960406, "epsilon": 9.031226135211243, "gamma": 0.5966986623649706}, "datetime": {"datetime": "2021-07-20 18:41:55", "elapsed": 221.333586, "delta": 1.29845}}
{"target": -14.703687036336063, "params": {"C": 9.006777776731882, "epsilon": 1.5516493034024617, "gamma": 0.410673668704299}, "datetime": {"datetime": "2021-07-20 18:41:57", "elapsed": 222.911686, "delta": 1.5781}}
{"target": -18.193422393569623, "params": {"C": 26.4563739104363, "epsilon": 8.812194036275688, "gamma": 0.8522792646021328}, "datetime": {"datetime": "2021-07-20 18:41:58", "elapsed": 224.150685, "delta": 1.238999}}
{"target": -16.677195146049893, "params": {"C": 26.214657594742945, "epsilon": 9.09965177298797, "gamma": 0.656857185476408}, "datetime": {"datetime": "2021-07-20 18:41:59", "elapsed": 225.516332, "delta": 1.365647}}
{"target": -17.40863207676059, "params": {"C": 9.855576913289747, "epsilon": 4.186334610311924, "gamma": 0.7115226878094173}, "datetime": {"datetime": "2021-07-20 18:42:01", "elapsed": 226.815042, "delta": 1.29871}}
{"target": -28.844876174261163, "params": {"C": 3.854262612106613, "epsilon": 0.3694990767892998, "gamma": 3.314500762899875}, "datetime": {"datetime": "2021-07-20 18:42:02", "elapsed": 227.812213, "delta": 0.997171}}
