{"target": -105.87143656621936, "params": {"C": 21.159884478057066, "epsilon": 12.58164348695481, "gamma": 0.04740878001587037}, "datetime": {"datetime": "2021-07-20 22:00:41", "elapsed": 37.074922, "delta": 17.580366}}
{"target": -84.68445479286886, "params": {"C": 15.475688245435796, "epsilon": 26.344741917364452, "gamma": 0.021095503727917048}, "datetime": {"datetime": "2021-07-20 22:01:00", "elapsed": 55.490726, "delta": 18.415804}}
{"target": -98.5215624932615, "params": {"C": 23.39794767303284, "epsilon": 12.524971022990137, "gamma": 0.04234759313783006}, "datetime": {"datetime": "2021-07-20 22:01:18", "elapsed": 73.744215, "delta": 18.253489}}
{"target": -99.2589420047257, "params": {"C": 14.386577956118973, "epsilon": 5.9510636576555145, "gamma": 0.05202978274702147}, "datetime": {"datetime": "2021-07-20 22:01:36", "elapsed": 91.772254, "delta": 18.028039}}
{"target": -95.30376174427599, "params": {"C": 28.460446787229756, "epsilon": 9.409591102995693, "gamma": 0.04769290462677256}, "datetime": {"datetime": "2021-07-20 22:01:49", "elapsed": 104.476286, "delta": 12.704032}}
{"target": -87.9759354979056, "params": {"C": 26.89861558903265, "epsilon": 26.83925383848038, "gamma": 0.023401768454791118}, "datetime": {"datetime": "2021-07-20 22:02:07", "elapsed": 122.636341, "delta": 18.160055}}
{"target": -95.29768348474938, "params": {"C": 12.663931314959001, "epsilon": 5.103214282741421, "gamma": 0.05512570013717652}, "datetime": {"datetime": "2021-07-20 22:02:25", "elapsed": 140.292966, "delta": 17.656625}}
{"target": -10.87856416429992, "params": {"C": 17.165969764766405, "epsilon": 4.396993031638729, "gamma": 0.023426645735265098}, "datetime": {"datetime": "2021-07-20 22:02:26", "elapsed": 141.898302, "delta": 1.605336}}
{"target": -10.731986702971504, "params": {"C": 17.232227021453784, "epsilon": 4.4384255208566366, "gamma": 0.025170878272742527}, "datetime": {"datetime": "2021-07-20 22:02:27", "elapsed": 142.946973, "delta": 1.048671}}
{"target": -99.93704262229667, "params": {"C": 17.189519307561937, "epsilon": 4.49121146329508, "gamma": 0.06}, "datetime": {"datetime": "2021-07-20 22:02:44", "elapsed": 159.372499, "delta": 16.425526}}
{"target": -98.78909648491184, "params": {"C": 15.86775275607938, "epsilon": 4.67614402167264, "gamma": 0.05789213804308668}, "datetime": {"datetime": "2021-07-20 22:03:03", "elapsed": 178.487048, "delta": 19.114549}}
{"target": -96.36241551898543, "params": {"C": 24.346352881980742, "epsilon": 21.861074295382252, "gamma": 0.02778752126329101}, "datetime": {"datetime": "2021-07-20 22:03:19", "elapsed": 195.066725, "delta": 16.579677}}
{"target": -103.62979771152818, "params": {"C": 19.99419374149327, "epsilon": 12.710546413840344, "gamma": 0.03887650681227732}, "datetime": {"datetime": "2021-07-20 22:03:37", "elapsed": 212.573314, "delta": 17.506589}}
{"target": -10.941338444394292, "params": {"C": 17.226405923266544, "epsilon": 4.417465280834428, "gamma": 0.02184072536940437}, "datetime": {"datetime": "2021-07-20 22:03:38", "elapsed": 213.276107, "delta": 0.702793}}
{"target": -98.2238535725533, "params": {"C": 20.308456288872506, "epsilon": 25.236948425230896, "gamma": 0.05916273753458308}, "datetime": {"datetime": "2021-07-20 22:03:56", "elapsed": 231.34572, "delta": 18.069613}}
{"target": -97.0105548171011, "params": {"C": 17.48203691042651, "epsilon": 22.908428108831536, "gamma": 0.05427846662307258}, "datetime": {"datetime": "2021-07-20 22:04:15", "elapsed": 250.79668, "delta": 19.45096}}
{"target": -96.37993485392045, "params": {"C": 26.534105347496318, "epsilon": 21.583368134254865, "gamma": 0.05647883694439759}, "datetime": {"datetime": "2021-07-20 22:04:34", "elapsed": 269.358981, "delta": 18.562301}}
{"target": -99.34149990919761, "params": {"C": 23.510895946550196, "epsilon": 16.44185217068514, "gamma": 0.03532836668554819}, "datetime": {"datetime": "2021-07-20 22:04:52", "elapsed": 287.959996, "delta": 18.601015}}
{"target": -10.89929973748774, "params": {"C": 17.010017447655443, "epsilon": 4.417048911803147, "gamma": 0.022948401574157624}, "datetime": {"datetime": "2021-07-20 22:04:53", "elapsed": 288.702368, "delta": 0.742372}}
{"target": -86.99488573355332, "params": {"C": 16.658007950630342, "epsilon": 22.932808630732875, "gamma": 0.022674821826412603}, "datetime": {"datetime": "2021-07-20 22:05:12", "elapsed": 307.170687, "delta": 18.468319}}
{"target": -88.06519896354963, "params": {"C": 16.88878900778335, "epsilon": 4.441361322569516, "gamma": 0.036944469041632455}, "datetime": {"datetime": "2021-07-20 22:05:23", "elapsed": 318.7078, "delta": 11.537113}}
{"target": -10.652260612526588, "params": {"C": 22.16943431271089, "epsilon": 3.389934698711918, "gamma": 0.02467110038737711}, "datetime": {"datetime": "2021-07-20 22:05:24", "elapsed": 319.442532, "delta": 0.734732}}
{"target": -95.62159588489693, "params": {"C": 22.43161923220402, "epsilon": 16.726182950278375, "gamma": 0.046144276812071186}, "datetime": {"datetime": "2021-07-20 22:05:42", "elapsed": 337.841537, "delta": 18.399005}}
{"target": -10.536396877200914, "params": {"C": 22.26138637669183, "epsilon": 3.444602073851767, "gamma": 0.02620735202117261}, "datetime": {"datetime": "2021-07-20 22:05:43", "elapsed": 338.613543, "delta": 0.772006}}
{"target": -91.9432543515511, "params": {"C": 17.160409844309928, "epsilon": 4.422547871266193, "gamma": 0.044570695400471476}, "datetime": {"datetime": "2021-07-20 22:05:55", "elapsed": 350.148573, "delta": 11.53503}}
{"target": -102.16299948938332, "params": {"C": 17.06080253908774, "epsilon": 4.469919211878471, "gamma": 0.05203467466349579}, "datetime": {"datetime": "2021-07-20 22:06:07", "elapsed": 362.757456, "delta": 12.608883}}
{"target": -10.652562974032524, "params": {"C": 17.29942732708559, "epsilon": 4.4680779181221455, "gamma": 0.026269932619124983}, "datetime": {"datetime": "2021-07-20 22:06:08", "elapsed": 363.50754, "delta": 0.750084}}
{"target": -99.56223502656977, "params": {"C": 17.023457254848196, "epsilon": 4.355886831546434, "gamma": 0.05403197678108}, "datetime": {"datetime": "2021-07-20 22:06:20", "elapsed": 375.444782, "delta": 11.937242}}
{"target": -10.648399343001865, "params": {"C": 15.9107114247244, "epsilon": 1.952956657845644, "gamma": 0.04815382589671554}, "datetime": {"datetime": "2021-07-20 22:06:21", "elapsed": 376.191308, "delta": 0.746526}}
{"target": -98.36210084371913, "params": {"C": 26.587485564626434, "epsilon": 25.603041318721104, "gamma": 0.055287409419045835}, "datetime": {"datetime": "2021-07-20 22:06:40", "elapsed": 395.196849, "delta": 19.005541}}
{"target": -10.646111381509186, "params": {"C": 22.173936753900755, "epsilon": 3.4627878638501155, "gamma": 0.03636685005770454}, "datetime": {"datetime": "2021-07-20 22:06:40", "elapsed": 395.958151, "delta": 0.761302}}
{"target": -95.16558187774945, "params": {"C": 26.2664676010574, "epsilon": 12.561129256368666, "gamma": 0.03184357669495925}, "datetime": {"datetime": "2021-07-20 22:06:52", "elapsed": 407.939887, "delta": 11.981736}}
{"target": -10.851624832004058, "params": {"C": 15.949255071425558, "epsilon": 1.8995204673788972, "gamma": 0.02643678904003553}, "datetime": {"datetime": "2021-07-20 22:06:53", "elapsed": 408.755221, "delta": 0.815334}}
{"target": -94.66659253239722, "params": {"C": 17.275872216381508, "epsilon": 4.481038302496276, "gamma": 0.055498725420154285}, "datetime": {"datetime": "2021-07-20 22:07:10", "elapsed": 425.875042, "delta": 17.119821}}
{"target": -80.31949687316222, "params": {"C": 12.730863953850653, "epsilon": 12.45174002366457, "gamma": 0.020211662920442703}, "datetime": {"datetime": "2021-07-20 22:07:28", "elapsed": 443.670754, "delta": 17.795712}}
{"target": -10.58312282323648, "params": {"C": 22.145545023600356, "epsilon": 3.3889119113958497, "gamma": 0.033384949606637446}, "datetime": {"datetime": "2021-07-20 22:07:29", "elapsed": 444.455244, "delta": 0.78449}}
{"target": -98.80547285113934, "params": {"C": 17.354453641289176, "epsilon": 4.5604881801943264, "gamma": 0.0388077972632445}, "datetime": {"datetime": "2021-07-20 22:07:41", "elapsed": 456.445029, "delta": 11.989785}}
{"target": -10.750322282359436, "params": {"C": 15.90378499753586, "epsilon": 1.8668142944153692, "gamma": 0.05570295841274964}, "datetime": {"datetime": "2021-07-20 22:07:42", "elapsed": 457.276972, "delta": 0.831943}}
{"target": -10.507645011419946, "params": {"C": 13.754421556184194, "epsilon": 1.723894548474761, "gamma": 0.03478584312844127}, "datetime": {"datetime": "2021-07-20 22:07:42", "elapsed": 458.025045, "delta": 0.748073}}
{"target": -86.12074978256145, "params": {"C": 19.42756531883316, "epsilon": 5.812240425221209, "gamma": 0.023030636607279772}, "datetime": {"datetime": "2021-07-20 22:07:50", "elapsed": 465.499021, "delta": 7.473976}}
{"target": -10.638600513681014, "params": {"C": 22.193445325991892, "epsilon": 3.49442720667151, "gamma": 0.024778669144397743}, "datetime": {"datetime": "2021-07-20 22:07:51", "elapsed": 466.383067, "delta": 0.884046}}
{"target": -10.602120398173449, "params": {"C": 22.293280507694924, "epsilon": 3.425105513925355, "gamma": 0.03813908598053476}, "datetime": {"datetime": "2021-07-20 22:07:52", "elapsed": 467.229443, "delta": 0.846376}}
{"target": -10.680986280719402, "params": {"C": 15.905645699143946, "epsilon": 1.9786542628187898, "gamma": 0.05159874956784982}, "datetime": {"datetime": "2021-07-20 22:07:52", "elapsed": 468.068746, "delta": 0.839303}}
{"target": -10.639674872177855, "params": {"C": 22.244577151901538, "epsilon": 3.452503286870681, "gamma": 0.03455704003767208}, "datetime": {"datetime": "2021-07-20 22:07:53", "elapsed": 468.91641, "delta": 0.847664}}
{"target": -10.750521574870705, "params": {"C": 26.175989535780275, "epsilon": 3.7295789852666164, "gamma": 0.021447930573814653}, "datetime": {"datetime": "2021-07-20 22:07:54", "elapsed": 469.753233, "delta": 0.836823}}
{"target": -82.37945340110998, "params": {"C": 20.4105404372458, "epsilon": 25.599019585514053, "gamma": 0.021563601974106592}, "datetime": {"datetime": "2021-07-20 22:08:12", "elapsed": 487.820423, "delta": 18.06719}}
{"target": -89.70158642907296, "params": {"C": 16.330359181813606, "epsilon": 25.36624820906631, "gamma": 0.02522627247559496}, "datetime": {"datetime": "2021-07-20 22:08:31", "elapsed": 506.609233, "delta": 18.78881}}
{"target": -100.40177212128711, "params": {"C": 24.82994823358233, "epsilon": 7.098932111799491, "gamma": 0.05500762023123995}, "datetime": {"datetime": "2021-07-20 22:08:42", "elapsed": 517.351759, "delta": 10.742526}}
{"target": -92.50913423958013, "params": {"C": 22.098669369556305, "epsilon": 3.367221349534115, "gamma": 0.05004784424848072}, "datetime": {"datetime": "2021-07-20 22:08:49", "elapsed": 524.899471, "delta": 7.547712}}
{"target": -91.74537626109162, "params": {"C": 25.78478524730526, "epsilon": 22.419909515957894, "gamma": 0.05558115989385232}, "datetime": {"datetime": "2021-07-20 22:09:08", "elapsed": 543.853253, "delta": 18.953782}}
{"target": -92.12650533305332, "params": {"C": 22.32696434505339, "epsilon": 3.4733411744811824, "gamma": 0.045732648561810196}, "datetime": {"datetime": "2021-07-20 22:09:20", "elapsed": 555.535535, "delta": 11.682282}}
{"target": -94.42748366297697, "params": {"C": 22.29093973757665, "epsilon": 3.4428165454003667, "gamma": 0.04737516522129574}, "datetime": {"datetime": "2021-07-20 22:09:32", "elapsed": 567.432784, "delta": 11.897249}}
{"target": -10.997926035198411, "params": {"C": 17.21288014061475, "epsilon": 4.4339745303611195, "gamma": 0.02071616637132047}, "datetime": {"datetime": "2021-07-20 22:09:33", "elapsed": 568.355964, "delta": 0.92318}}
{"target": -10.605685697611682, "params": {"C": 13.759090140526109, "epsilon": 1.7047324958794143, "gamma": 0.04588190815521902}, "datetime": {"datetime": "2021-07-20 22:09:34", "elapsed": 569.15509, "delta": 0.799126}}
{"target": -10.631031248062168, "params": {"C": 15.914431445733733, "epsilon": 1.9388848310652598, "gamma": 0.030228412873003076}, "datetime": {"datetime": "2021-07-20 22:09:34", "elapsed": 569.990065, "delta": 0.834975}}
{"target": -10.458756426895594, "params": {"C": 15.922247571635744, "epsilon": 1.9814962943769734, "gamma": 0.03528382464419021}, "datetime": {"datetime": "2021-07-20 22:09:35", "elapsed": 570.834536, "delta": 0.844471}}
{"target": -10.754479345239087, "params": {"C": 17.30364872571722, "epsilon": 4.474896523522022, "gamma": 0.024780248490960867}, "datetime": {"datetime": "2021-07-20 22:09:36", "elapsed": 571.72975, "delta": 0.895214}}
{"target": -93.57859120225379, "params": {"C": 26.179523605220904, "epsilon": 3.746374479779762, "gamma": 0.04338881975032334}, "datetime": {"datetime": "2021-07-20 22:09:48", "elapsed": 583.726306, "delta": 11.996556}}
{"target": -97.22141691683032, "params": {"C": 12.717466574032333, "epsilon": 19.732636483032447, "gamma": 0.05964680178628637}, "datetime": {"datetime": "2021-07-20 22:10:08", "elapsed": 603.710786, "delta": 19.98448}}
{"target": -10.589773719135998, "params": {"C": 17.350439933180283, "epsilon": 4.448924014034708, "gamma": 0.02727909409491127}, "datetime": {"datetime": "2021-07-20 22:10:09", "elapsed": 604.649065, "delta": 0.938279}}
{"target": -97.46993161807076, "params": {"C": 13.846872183643626, "epsilon": 24.464225463983436, "gamma": 0.05898518374715049}, "datetime": {"datetime": "2021-07-20 22:10:29", "elapsed": 624.689939, "delta": 20.040874}}
{"target": -90.95772887619394, "params": {"C": 26.819699031075473, "epsilon": 5.366069206870187, "gamma": 0.03675144807581091}, "datetime": {"datetime": "2021-07-20 22:10:41", "elapsed": 636.444479, "delta": 11.75454}}
{"target": -97.51368208051949, "params": {"C": 13.222506626399023, "epsilon": 4.6916562511039945, "gamma": 0.04709931287593764}, "datetime": {"datetime": "2021-07-20 22:10:53", "elapsed": 649.03874, "delta": 12.594261}}
{"target": -10.639407358498698, "params": {"C": 22.169242829670054, "epsilon": 3.434880432143111, "gamma": 0.024822663038306447}, "datetime": {"datetime": "2021-07-20 22:10:54", "elapsed": 650.01159, "delta": 0.97285}}
{"target": -10.739592751006883, "params": {"C": 15.923042024807202, "epsilon": 1.8769620944449519, "gamma": 0.02839424069542354}, "datetime": {"datetime": "2021-07-20 22:10:55", "elapsed": 650.90907, "delta": 0.89748}}
{"target": -10.502884626537378, "params": {"C": 17.165364196946683, "epsilon": 4.396882935780689, "gamma": 0.04304916275935395}, "datetime": {"datetime": "2021-07-20 22:10:56", "elapsed": 651.769839, "delta": 0.860769}}
{"target": -102.5300650002878, "params": {"C": 16.37413022446311, "epsilon": 22.24780049612332, "gamma": 0.046440860314343434}, "datetime": {"datetime": "2021-07-20 22:11:15", "elapsed": 670.951879, "delta": 19.18204}}
{"target": -11.148968901441718, "params": {"C": 15.934601739678847, "epsilon": 1.9861280151203209, "gamma": 0.021374724820530235}, "datetime": {"datetime": "2021-07-20 22:11:16", "elapsed": 671.856345, "delta": 0.904466}}
{"target": -93.05155699351654, "params": {"C": 13.466218380928595, "epsilon": 16.42070446069191, "gamma": 0.025801259994609888}, "datetime": {"datetime": "2021-07-20 22:11:35", "elapsed": 690.637211, "delta": 18.780866}}
{"target": -10.653466799399258, "params": {"C": 22.193664458927724, "epsilon": 3.4239211357794144, "gamma": 0.03616349778942676}, "datetime": {"datetime": "2021-07-20 22:11:36", "elapsed": 691.486105, "delta": 0.848894}}
{"target": -10.626717385997793, "params": {"C": 13.75893989746745, "epsilon": 1.7272013535692963, "gamma": 0.03261032820277066}, "datetime": {"datetime": "2021-07-20 22:11:37", "elapsed": 692.452196, "delta": 0.966091}}
{"target": -10.636916455721277, "params": {"C": 18.9041931552011, "epsilon": 2.9989400029057314, "gamma": 0.027038005474135478}, "datetime": {"datetime": "2021-07-20 22:11:38", "elapsed": 693.334233, "delta": 0.882037}}
{"target": -10.505845069501014, "params": {"C": 17.191112813889916, "epsilon": 4.382280376158712, "gamma": 0.041065592836981135}, "datetime": {"datetime": "2021-07-20 22:11:39", "elapsed": 694.195079, "delta": 0.860846}}
{"target": -11.027578865620384, "params": {"C": 16.994171191093606, "epsilon": 4.386869102226242, "gamma": 0.020331723107837086}, "datetime": {"datetime": "2021-07-20 22:11:40", "elapsed": 695.186094, "delta": 0.991015}}
{"target": -91.34936649245165, "params": {"C": 17.370213293942236, "epsilon": 4.437003477306608, "gamma": 0.030325847701587565}, "datetime": {"datetime": "2021-07-20 22:11:52", "elapsed": 707.330979, "delta": 12.144885}}
{"target": -10.580713486438901, "params": {"C": 22.191488899115722, "epsilon": 3.400958002366378, "gamma": 0.040777508499823256}, "datetime": {"datetime": "2021-07-20 22:11:53", "elapsed": 708.329295, "delta": 0.998316}}
{"target": -10.564683709540782, "params": {"C": 15.983850635665553, "epsilon": 1.9015135889850574, "gamma": 0.031123173548687037}, "datetime": {"datetime": "2021-07-20 22:11:54", "elapsed": 709.218546, "delta": 0.889251}}
{"target": -98.61984576651952, "params": {"C": 19.79174344354244, "epsilon": 29.078754833384483, "gamma": 0.042761762625983975}, "datetime": {"datetime": "2021-07-20 22:12:13", "elapsed": 728.74532, "delta": 19.526774}}
{"target": -10.772309122112707, "params": {"C": 18.89993884641982, "epsilon": 3.0008619393409566, "gamma": 0.024635977318653825}, "datetime": {"datetime": "2021-07-20 22:12:14", "elapsed": 729.855553, "delta": 1.110233}}
{"target": -83.00619165910695, "params": {"C": 14.285949460153752, "epsilon": 28.159741401165256, "gamma": 0.02037884928774038}, "datetime": {"datetime": "2021-07-20 22:12:33", "elapsed": 748.60226, "delta": 18.746707}}
{"target": -11.012536574708005, "params": {"C": 15.915151426757554, "epsilon": 1.8870513679265517, "gamma": 0.02412963248520711}, "datetime": {"datetime": "2021-07-20 22:12:34", "elapsed": 749.622723, "delta": 1.020463}}
{"target": -95.88996503882899, "params": {"C": 15.005153793829834, "epsilon": 6.284308853286211, "gamma": 0.04122401710976316}, "datetime": {"datetime": "2021-07-20 22:12:53", "elapsed": 768.719472, "delta": 19.096749}}
{"target": -94.43491504973902, "params": {"C": 26.03202040554023, "epsilon": 3.605557661072906, "gamma": 0.0423323542534825}, "datetime": {"datetime": "2021-07-20 22:13:05", "elapsed": 780.586462, "delta": 11.86699}}
{"target": -93.89562970273431, "params": {"C": 17.24296937532235, "epsilon": 4.438373453767993, "gamma": 0.05397964741519547}, "datetime": {"datetime": "2021-07-20 22:13:24", "elapsed": 799.410957, "delta": 18.824495}}
{"target": -10.772584271482836, "params": {"C": 15.954676780441403, "epsilon": 1.8704306201183147, "gamma": 0.056918593664934805}, "datetime": {"datetime": "2021-07-20 22:13:25", "elapsed": 800.310093, "delta": 0.899136}}
{"target": -10.74816384764536, "params": {"C": 13.863823464290743, "epsilon": 1.7788872911891493, "gamma": 0.05505650219178575}, "datetime": {"datetime": "2021-07-20 22:13:26", "elapsed": 801.292643, "delta": 0.98255}}
{"target": -98.29579226792634, "params": {"C": 26.128621855031536, "epsilon": 25.21149847959482, "gamma": 0.04149955870241252}, "datetime": {"datetime": "2021-07-20 22:13:50", "elapsed": 825.415333, "delta": 24.12269}}
{"target": -10.577530190451782, "params": {"C": 13.717456888558399, "epsilon": 1.7536424592024926, "gamma": 0.033470736303761954}, "datetime": {"datetime": "2021-07-20 22:13:51", "elapsed": 826.275874, "delta": 0.860541}}
{"target": -98.94591836998356, "params": {"C": 25.474574828750477, "epsilon": 4.2356847791238055, "gamma": 0.05169046402957561}, "datetime": {"datetime": "2021-07-20 22:14:01", "elapsed": 836.213635, "delta": 9.937761}}
{"target": -10.580277061565498, "params": {"C": 15.831694593715678, "epsilon": 1.8925354900002407, "gamma": 0.0403811393632839}, "datetime": {"datetime": "2021-07-20 22:14:02", "elapsed": 837.128198, "delta": 0.914563}}
{"target": -10.805665502810632, "params": {"C": 18.630182447981614, "epsilon": 1.0683570707695638, "gamma": 0.02619401305391819}, "datetime": {"datetime": "2021-07-20 22:14:02", "elapsed": 837.979919, "delta": 0.851721}}
{"target": -10.514281112407527, "params": {"C": 15.972847001658703, "epsilon": 1.8436421449159348, "gamma": 0.03777464253979547}, "datetime": {"datetime": "2021-07-20 22:14:03", "elapsed": 838.967523, "delta": 0.987604}}
{"target": -92.73352446718845, "params": {"C": 22.327447085782417, "epsilon": 3.3923119607738537, "gamma": 0.05896294572201857}, "datetime": {"datetime": "2021-07-20 22:14:22", "elapsed": 857.134049, "delta": 18.166526}}
{"target": -99.71550770938057, "params": {"C": 20.119499117798533, "epsilon": 6.335957732180078, "gamma": 0.05262340855924866}, "datetime": {"datetime": "2021-07-20 22:14:51", "elapsed": 886.234643, "delta": 29.100594}}
{"target": -102.56489940564386, "params": {"C": 25.418033945568375, "epsilon": 21.48765884547606, "gamma": 0.055409645933606866}, "datetime": {"datetime": "2021-07-20 22:15:16", "elapsed": 911.467878, "delta": 25.233235}}
{"target": -101.68900119674562, "params": {"C": 14.57894270169236, "epsilon": 28.31946573950826, "gamma": 0.041370268871487814}, "datetime": {"datetime": "2021-07-20 22:15:37", "elapsed": 932.320214, "delta": 20.852336}}
{"target": -90.13217963713194, "params": {"C": 17.1983558765289, "epsilon": 4.417246373247086, "gamma": 0.02942679044707222}, "datetime": {"datetime": "2021-07-20 22:15:49", "elapsed": 944.662672, "delta": 12.342458}}
{"target": -10.593842293297676, "params": {"C": 15.909588462895538, "epsilon": 1.9891984552383137, "gamma": 0.04209586656071549}, "datetime": {"datetime": "2021-07-20 22:15:50", "elapsed": 945.69462, "delta": 1.031948}}
{"target": -10.510924439216245, "params": {"C": 15.922844473671072, "epsilon": 1.8767291801860013, "gamma": 0.0319252830575302}, "datetime": {"datetime": "2021-07-20 22:15:51", "elapsed": 946.650902, "delta": 0.956282}}
{"target": -10.576065953069493, "params": {"C": 22.864786048103714, "epsilon": 2.9832097589618076, "gamma": 0.025739986130273604}, "datetime": {"datetime": "2021-07-20 22:15:52", "elapsed": 947.638121, "delta": 0.987219}}
