{"target": -11.080388467068836, "params": {"C": 26.987777730357664, "epsilon": 1.0595622031950966, "gamma": 0.014358194728401498}, "datetime": {"datetime": "2021-07-20 22:04:22", "elapsed": 864.663178, "delta": 1.193247}}
{"target": -10.576261060670209, "params": {"C": 24.99192322529455, "epsilon": 0.8097095748769152, "gamma": 0.0193991599059377}, "datetime": {"datetime": "2021-07-20 22:04:23", "elapsed": 865.892858, "delta": 1.22968}}
{"target": -10.694525454831098, "params": {"C": 22.394677432223286, "epsilon": 0.25096471088598027, "gamma": 0.022772901318116087}, "datetime": {"datetime": "2021-07-20 22:04:24", "elapsed": 867.265228, "delta": 1.37237}}
{"target": -71.70392289487553, "params": {"C": 22.566349426897077, "epsilon": 2.1374280984128218, "gamma": 0.03915825207452793}, "datetime": {"datetime": "2021-07-20 22:04:44", "elapsed": 886.405122, "delta": 19.139894}}
{"target": -10.791889693698002, "params": {"C": 22.34310452670444, "epsilon": 0.8561322287177677, "gamma": 0.03537262114523351}, "datetime": {"datetime": "2021-07-20 22:04:45", "elapsed": 887.61735, "delta": 1.212228}}
{"target": -10.814242794540192, "params": {"C": 29.55443441858348, "epsilon": 2.057773286336951, "gamma": 0.02766906556873354}, "datetime": {"datetime": "2021-07-20 22:04:46", "elapsed": 889.121642, "delta": 1.504292}}
{"target": -11.01878819533126, "params": {"C": 28.339929999620935, "epsilon": 0.5421282535647115, "gamma": 0.01475383575536808}, "datetime": {"datetime": "2021-07-20 22:04:48", "elapsed": 890.532373, "delta": 1.410731}}
{"target": -11.08542374067341, "params": {"C": 26.13968487504857, "epsilon": 0.8536408379475517, "gamma": 0.014601314275179212}, "datetime": {"datetime": "2021-07-20 22:04:49", "elapsed": 891.769682, "delta": 1.237309}}
{"target": -10.565211280065881, "params": {"C": 23.846314668012766, "epsilon": 1.0651750141289449, "gamma": 0.019469411849860417}, "datetime": {"datetime": "2021-07-20 22:04:50", "elapsed": 893.066984, "delta": 1.297302}}
{"target": -71.12346885715165, "params": {"C": 24.23597566094702, "epsilon": 0.6050107915970175, "gamma": 0.0433576116887753}, "datetime": {"datetime": "2021-07-20 22:05:09", "elapsed": 911.861562, "delta": 18.794578}}
{"target": -73.3270321318543, "params": {"C": 29.55836900004301, "epsilon": 2.0603731547499198, "gamma": 0.029162993834237934}, "datetime": {"datetime": "2021-07-20 22:05:21", "elapsed": 924.215498, "delta": 12.353936}}
{"target": -10.867415184979242, "params": {"C": 28.48541823875665, "epsilon": 0.6133716801673563, "gamma": 0.028478550291374624}, "datetime": {"datetime": "2021-07-20 22:05:23", "elapsed": 925.44063, "delta": 1.225132}}
{"target": -69.98887593340729, "params": {"C": 20.493114597087896, "epsilon": 1.7637596261316428, "gamma": 0.0332206812635923}, "datetime": {"datetime": "2021-07-20 22:05:35", "elapsed": 937.504136, "delta": 12.063506}}
{"target": -11.007716130890142, "params": {"C": 29.782117084776786, "epsilon": 1.9209479690934819, "gamma": 0.014108373094700168}, "datetime": {"datetime": "2021-07-20 22:05:36", "elapsed": 938.882127, "delta": 1.377991}}
{"target": -72.09504529288616, "params": {"C": 28.26164819856687, "epsilon": 0.5347810428635247, "gamma": 0.041573570853495494}, "datetime": {"datetime": "2021-07-20 22:05:48", "elapsed": 951.022603, "delta": 12.140476}}
{"target": -69.83976120537857, "params": {"C": 25.878197980706954, "epsilon": 1.6904184370414723, "gamma": 0.04159966426993731}, "datetime": {"datetime": "2021-07-20 22:06:07", "elapsed": 969.824534, "delta": 18.801931}}
{"target": -10.521473751459798, "params": {"C": 27.256833764829917, "epsilon": 2.2500832656099283, "gamma": 0.018122613025601628}, "datetime": {"datetime": "2021-07-20 22:06:08", "elapsed": 971.276557, "delta": 1.452023}}
{"target": -69.1524720163597, "params": {"C": 28.03396056433587, "epsilon": 1.0990954121116052, "gamma": 0.035390732922326626}, "datetime": {"datetime": "2021-07-20 22:06:21", "elapsed": 983.942379, "delta": 12.665822}}
{"target": -10.75873309584796, "params": {"C": 29.25287904278713, "epsilon": 2.2770881635960563, "gamma": 0.031023287105303887}, "datetime": {"datetime": "2021-07-20 22:06:22", "elapsed": 985.156975, "delta": 1.214596}}
{"target": -11.269403233752092, "params": {"C": 22.537726688831825, "epsilon": 2.572714881151338, "gamma": 0.011485874504605757}, "datetime": {"datetime": "2021-07-20 22:06:24", "elapsed": 986.760035, "delta": 1.60306}}
{"target": -72.0981631941118, "params": {"C": 29.91324414946837, "epsilon": 1.3242722473416293, "gamma": 0.03981789584417042}, "datetime": {"datetime": "2021-07-20 22:06:35", "elapsed": 998.193145, "delta": 11.43311}}
{"target": -10.817587148640195, "params": {"C": 26.696618721145548, "epsilon": 2.07541937936224, "gamma": 0.02701149548695972}, "datetime": {"datetime": "2021-07-20 22:06:37", "elapsed": 999.93812, "delta": 1.744975}}
{"target": -11.219223716788944, "params": {"C": 20.13884849809636, "epsilon": 2.288681392253822, "gamma": 0.01256131998539441}, "datetime": {"datetime": "2021-07-20 22:06:38", "elapsed": 1001.279649, "delta": 1.341529}}
{"target": -10.841056772691841, "params": {"C": 20.003883767143968, "epsilon": 0.5425664607241523, "gamma": 0.028238581409331588}, "datetime": {"datetime": "2021-07-20 22:06:40", "elapsed": 1002.737924, "delta": 1.458275}}
{"target": -80.70610001089065, "params": {"C": 23.03004978446087, "epsilon": 2.3621147982510506, "gamma": 0.03687038412303236}, "datetime": {"datetime": "2021-07-20 22:06:52", "elapsed": 1015.224966, "delta": 12.487042}}
{"target": -10.74180844854956, "params": {"C": 23.389768047797155, "epsilon": 1.0841104381908462, "gamma": 0.023888657862555517}, "datetime": {"datetime": "2021-07-20 22:06:54", "elapsed": 1016.483383, "delta": 1.258417}}
{"target": -69.18623136120642, "params": {"C": 24.696900956814126, "epsilon": 1.3888458355951445, "gamma": 0.03354211793139447}, "datetime": {"datetime": "2021-07-20 22:07:07", "elapsed": 1029.545134, "delta": 13.061751}}
{"target": -69.63829477658192, "params": {"C": 28.64790871413637, "epsilon": 2.0831347904480833, "gamma": 0.03276626904574493}, "datetime": {"datetime": "2021-07-20 22:07:19", "elapsed": 1042.133251, "delta": 12.588117}}
{"target": -10.578013858896588, "params": {"C": 23.85291211404976, "epsilon": 1.061965858136346, "gamma": 0.020493917044269963}, "datetime": {"datetime": "2021-07-20 22:07:21", "elapsed": 1043.695277, "delta": 1.562026}}
{"target": -10.814262793833633, "params": {"C": 25.143999519080513, "epsilon": 0.3892772877487487, "gamma": 0.03234516863138166}, "datetime": {"datetime": "2021-07-20 22:07:22", "elapsed": 1044.899321, "delta": 1.204044}}
{"target": -11.283572193193175, "params": {"C": 23.282953288859535, "epsilon": 1.3705442351224613, "gamma": 0.011916862188640496}, "datetime": {"datetime": "2021-07-20 22:07:23", "elapsed": 1046.19371, "delta": 1.294389}}
{"target": -10.65678649045176, "params": {"C": 21.28184815342001, "epsilon": 0.30076050200300697, "gamma": 0.022589179019679682}, "datetime": {"datetime": "2021-07-20 22:07:25", "elapsed": 1047.458327, "delta": 1.264617}}
{"target": -10.993591467317584, "params": {"C": 20.30238096022901, "epsilon": 0.8868228351595853, "gamma": 0.01732993551963588}, "datetime": {"datetime": "2021-07-20 22:07:26", "elapsed": 1048.962181, "delta": 1.503854}}
{"target": -11.300743471397864, "params": {"C": 28.970611973619086, "epsilon": 2.509426748392519, "gamma": 0.010532281637046139}, "datetime": {"datetime": "2021-07-20 22:07:27", "elapsed": 1050.286946, "delta": 1.324765}}
{"target": -66.62542068589464, "params": {"C": 26.88401691686172, "epsilon": 2.9146525992914403, "gamma": 0.046564081110679195}, "datetime": {"datetime": "2021-07-20 22:07:40", "elapsed": 1063.12668, "delta": 12.839734}}
{"target": -11.214153698326939, "params": {"C": 22.54062352252943, "epsilon": 2.5729264860375607, "gamma": 0.012722643943828126}, "datetime": {"datetime": "2021-07-20 22:07:42", "elapsed": 1064.667121, "delta": 1.540441}}
{"target": -10.799504111472235, "params": {"C": 24.63708899600232, "epsilon": 0.5766483149191773, "gamma": 0.033833126707152224}, "datetime": {"datetime": "2021-07-20 22:07:43", "elapsed": 1066.141876, "delta": 1.474755}}
{"target": -10.866713516569348, "params": {"C": 22.34304793306402, "epsilon": 0.801717069696362, "gamma": 0.028563128474269513}, "datetime": {"datetime": "2021-07-20 22:07:45", "elapsed": 1067.422267, "delta": 1.280391}}
{"target": -10.756698788426618, "params": {"C": 28.131750854169816, "epsilon": 0.4458524621502167, "gamma": 0.02132656251902993}, "datetime": {"datetime": "2021-07-20 22:07:46", "elapsed": 1068.939488, "delta": 1.517221}}
{"target": -10.53932985574807, "params": {"C": 20.672912129449358, "epsilon": 1.6244747074516062, "gamma": 0.021518685815707053}, "datetime": {"datetime": "2021-07-20 22:07:48", "elapsed": 1070.458102, "delta": 1.518614}}
{"target": -10.854407928906266, "params": {"C": 24.63901091898115, "epsilon": 0.5739165978880898, "gamma": 0.030433827008971535}, "datetime": {"datetime": "2021-07-20 22:07:49", "elapsed": 1072.214545, "delta": 1.756443}}
{"target": -74.29928488499063, "params": {"C": 22.026563793108647, "epsilon": 1.6053265118483537, "gamma": 0.03481536477914977}, "datetime": {"datetime": "2021-07-20 22:08:02", "elapsed": 1084.726781, "delta": 12.512236}}
{"target": -10.692891334010628, "params": {"C": 21.86159023693896, "epsilon": 1.1683957910970535, "gamma": 0.02398047469626644}, "datetime": {"datetime": "2021-07-20 22:08:04", "elapsed": 1086.518388, "delta": 1.791607}}
{"target": -11.308375521791957, "params": {"C": 27.360152853514997, "epsilon": 2.937048435773906, "gamma": 0.010380443951887771}, "datetime": {"datetime": "2021-07-20 22:08:05", "elapsed": 1087.856497, "delta": 1.338109}}
{"target": -10.777920212039408, "params": {"C": 26.71159091707763, "epsilon": 1.3746855530961388, "gamma": 0.03353176233909607}, "datetime": {"datetime": "2021-07-20 22:08:07", "elapsed": 1089.347684, "delta": 1.491187}}
{"target": -10.815852769261038, "params": {"C": 20.97176519485695, "epsilon": 0.5162672279006062, "gamma": 0.0354280644165029}, "datetime": {"datetime": "2021-07-20 22:08:08", "elapsed": 1090.707678, "delta": 1.359994}}
{"target": -10.522169066472323, "params": {"C": 27.247408578876474, "epsilon": 2.2500813039193166, "gamma": 0.017842784476788172}, "datetime": {"datetime": "2021-07-20 22:08:10", "elapsed": 1092.493978, "delta": 1.7863}}
{"target": -71.62522827490972, "params": {"C": 20.740841020291853, "epsilon": 2.2172078518406755, "gamma": 0.04414785863175481}, "datetime": {"datetime": "2021-07-20 22:08:29", "elapsed": 1112.227506, "delta": 19.733528}}
{"target": -10.890592258036703, "params": {"C": 21.627177240985592, "epsilon": 0.4761862771839065, "gamma": 0.029572126175187313}, "datetime": {"datetime": "2021-07-20 22:08:31", "elapsed": 1113.62424, "delta": 1.396734}}
{"target": -10.757963384575634, "params": {"C": 26.260668266001762, "epsilon": 2.466726787077288, "gamma": 0.02453918960831964}, "datetime": {"datetime": "2021-07-20 22:08:32", "elapsed": 1115.007441, "delta": 1.383201}}
{"target": -10.814228321247022, "params": {"C": 25.14977690911117, "epsilon": 0.391630037483238, "gamma": 0.03524901955750639}, "datetime": {"datetime": "2021-07-20 22:08:34", "elapsed": 1116.572963, "delta": 1.565522}}
{"target": -10.842716066938737, "params": {"C": 21.85380479038804, "epsilon": 1.1760607200390512, "gamma": 0.030856528163767577}, "datetime": {"datetime": "2021-07-20 22:08:35", "elapsed": 1118.156318, "delta": 1.583355}}
{"target": -10.760058813873815, "params": {"C": 23.594517254878056, "epsilon": 0.5632678879813892, "gamma": 0.02365739098894502}, "datetime": {"datetime": "2021-07-20 22:08:37", "elapsed": 1119.649697, "delta": 1.493379}}
{"target": -69.99090589722599, "params": {"C": 21.851502344594795, "epsilon": 1.4039671462546535, "gamma": 0.0483576790745527}, "datetime": {"datetime": "2021-07-20 22:08:49", "elapsed": 1132.044328, "delta": 12.394631}}
{"target": -10.894745875636481, "params": {"C": 21.195700415511848, "epsilon": 2.609260812560031, "gamma": 0.01697904682269529}, "datetime": {"datetime": "2021-07-20 22:08:51", "elapsed": 1133.970201, "delta": 1.925873}}
{"target": -11.191759625408933, "params": {"C": 24.16634780398858, "epsilon": 2.2195723827671605, "gamma": 0.013332008894370752}, "datetime": {"datetime": "2021-07-20 22:08:53", "elapsed": 1135.551616, "delta": 1.581415}}
{"target": -11.322686264341291, "params": {"C": 22.766662132483734, "epsilon": 1.2371411078426038, "gamma": 0.011652954895958753}, "datetime": {"datetime": "2021-07-20 22:08:54", "elapsed": 1136.938389, "delta": 1.386773}}
{"target": -11.210044009565694, "params": {"C": 21.860217590511184, "epsilon": 1.1765171113840929, "gamma": 0.014228521824564617}, "datetime": {"datetime": "2021-07-20 22:08:56", "elapsed": 1138.765391, "delta": 1.827002}}
{"target": -10.794526266832202, "params": {"C": 25.274417734843514, "epsilon": 2.52555580284817, "gamma": 0.02777490861554783}, "datetime": {"datetime": "2021-07-20 22:08:57", "elapsed": 1140.125861, "delta": 1.36047}}
{"target": -10.833913487593117, "params": {"C": 21.271592937136734, "epsilon": 0.38204438023918125, "gamma": 0.026930608761825507}, "datetime": {"datetime": "2021-07-20 22:08:59", "elapsed": 1141.532349, "delta": 1.406488}}
{"target": -10.846609862355274, "params": {"C": 25.11802143960382, "epsilon": 1.3272498580719179, "gamma": 0.016410367580151897}, "datetime": {"datetime": "2021-07-20 22:09:00", "elapsed": 1142.971097, "delta": 1.438748}}
{"target": -11.325731564385446, "params": {"C": 24.373040076812178, "epsilon": 0.738972541897237, "gamma": 0.011716562112023904}, "datetime": {"datetime": "2021-07-20 22:09:02", "elapsed": 1144.629451, "delta": 1.658354}}
{"target": -11.09489924724301, "params": {"C": 26.391092910143808, "epsilon": 0.4776047037424283, "gamma": 0.014625468427629061}, "datetime": {"datetime": "2021-07-20 22:09:04", "elapsed": 1146.346554, "delta": 1.717103}}
{"target": -10.790638161303539, "params": {"C": 21.03643732924256, "epsilon": 0.3596022143066498, "gamma": 0.025918639203039308}, "datetime": {"datetime": "2021-07-20 22:09:06", "elapsed": 1148.353038, "delta": 2.006484}}
{"target": -10.804303027925076, "params": {"C": 23.58568729306612, "epsilon": 0.5701721968236296, "gamma": 0.024965278701372856}, "datetime": {"datetime": "2021-07-20 22:09:07", "elapsed": 1150.058566, "delta": 1.705528}}
{"target": -10.52285422844791, "params": {"C": 27.665758985647805, "epsilon": 2.3164656679703195, "gamma": 0.01873558801009948}, "datetime": {"datetime": "2021-07-20 22:09:09", "elapsed": 1151.495515, "delta": 1.436949}}
{"target": -10.555290795637365, "params": {"C": 25.11897403899779, "epsilon": 1.3247682457857044, "gamma": 0.01923186839857323}, "datetime": {"datetime": "2021-07-20 22:09:11", "elapsed": 1153.412957, "delta": 1.917442}}
{"target": -10.757384001517174, "params": {"C": 29.25310334584546, "epsilon": 2.277193949148101, "gamma": 0.03112992016673375}, "datetime": {"datetime": "2021-07-20 22:09:12", "elapsed": 1155.18954, "delta": 1.776583}}
{"target": -10.76974538837497, "params": {"C": 26.259725549264427, "epsilon": 2.4682544558882014, "gamma": 0.025328547221688792}, "datetime": {"datetime": "2021-07-20 22:09:14", "elapsed": 1157.042441, "delta": 1.852901}}
{"target": -11.29622781263943, "params": {"C": 28.76753656066777, "epsilon": 2.701938194090857, "gamma": 0.010402969727200761}, "datetime": {"datetime": "2021-07-20 22:09:16", "elapsed": 1158.896718, "delta": 1.854277}}
{"target": -11.42313109334091, "params": {"C": 21.860686301623144, "epsilon": 1.1789122279166724, "gamma": 0.010961801569072895}, "datetime": {"datetime": "2021-07-20 22:09:18", "elapsed": 1160.563013, "delta": 1.666295}}
{"target": -10.786811727989692, "params": {"C": 29.77451502289238, "epsilon": 0.868296381373856, "gamma": 0.034159187795185876}, "datetime": {"datetime": "2021-07-20 22:09:19", "elapsed": 1162.193573, "delta": 1.63056}}
{"target": -75.80071104213737, "params": {"C": 26.263745900152948, "epsilon": 2.4653651390675955, "gamma": 0.03129045224010219}, "datetime": {"datetime": "2021-07-20 22:09:32", "elapsed": 1174.517869, "delta": 12.324296}}
{"target": -10.558125996348448, "params": {"C": 24.699269558349673, "epsilon": 1.388483506128757, "gamma": 0.01998257215029836}, "datetime": {"datetime": "2021-07-20 22:09:33", "elapsed": 1176.278009, "delta": 1.76014}}
{"target": -11.50584546553156, "params": {"C": 28.72414487082002, "epsilon": 0.6154889798336391, "gamma": 0.009752369359794691}, "datetime": {"datetime": "2021-07-20 22:09:35", "elapsed": 1177.64475, "delta": 1.366741}}
{"target": -10.809217025225234, "params": {"C": 23.65389865193574, "epsilon": 1.7667778355610557, "gamma": 0.029792516630655845}, "datetime": {"datetime": "2021-07-20 22:09:36", "elapsed": 1179.15679, "delta": 1.51204}}
{"target": -10.66339656221104, "params": {"C": 21.857831561031013, "epsilon": 1.1648640969311994, "gamma": 0.02335186165621165}, "datetime": {"datetime": "2021-07-20 22:09:38", "elapsed": 1181.270754, "delta": 2.113964}}
{"target": -11.45991141969361, "params": {"C": 21.34476514298146, "epsilon": 2.827906360479321, "gamma": 0.009391452753345162}, "datetime": {"datetime": "2021-07-20 22:09:41", "elapsed": 1183.499568, "delta": 2.228814}}
{"target": -11.318846100299522, "params": {"C": 23.89560107880181, "epsilon": 1.5330553655540233, "gamma": 0.011346627763387325}, "datetime": {"datetime": "2021-07-20 22:09:43", "elapsed": 1185.411121, "delta": 1.911553}}
{"target": -10.714556478784298, "params": {"C": 22.68257594477991, "epsilon": 2.0574232406750177, "gamma": 0.02495733520253831}, "datetime": {"datetime": "2021-07-20 22:09:44", "elapsed": 1187.055678, "delta": 1.644557}}
{"target": -11.325691798185003, "params": {"C": 24.373076152607013, "epsilon": 0.7441035738543325, "gamma": 0.01240666394730236}, "datetime": {"datetime": "2021-07-20 22:09:46", "elapsed": 1188.885109, "delta": 1.829431}}
{"target": -10.79392700233304, "params": {"C": 25.119437631002477, "epsilon": 1.3292571040198524, "gamma": 0.01671477231269697}, "datetime": {"datetime": "2021-07-20 22:09:48", "elapsed": 1190.684324, "delta": 1.799215}}
{"target": -11.333272824960956, "params": {"C": 24.16722433029374, "epsilon": 2.220168359038629, "gamma": 0.010914303176119062}, "datetime": {"datetime": "2021-07-20 22:09:50", "elapsed": 1192.44774, "delta": 1.763416}}
{"target": -72.89045998727867, "params": {"C": 26.546417643599494, "epsilon": 0.8952506634976973, "gamma": 0.04034767994277716}, "datetime": {"datetime": "2021-07-20 22:09:59", "elapsed": 1201.422603, "delta": 8.974863}}
{"target": -10.60163303821257, "params": {"C": 20.66051923106241, "epsilon": 1.6195898828101203, "gamma": 0.02307841057255268}, "datetime": {"datetime": "2021-07-20 22:10:00", "elapsed": 1203.211404, "delta": 1.788801}}
{"target": -73.08465315268553, "params": {"C": 21.885603643565826, "epsilon": 2.0312631503447545, "gamma": 0.031693777301092046}, "datetime": {"datetime": "2021-07-20 22:10:14", "elapsed": 1216.36604, "delta": 13.154636}}
{"target": -72.40864734462414, "params": {"C": 22.34603290899559, "epsilon": 0.8584064914989011, "gamma": 0.0390566726843042}, "datetime": {"datetime": "2021-07-20 22:10:26", "elapsed": 1229.295545, "delta": 12.929505}}
{"target": -10.807840155796699, "params": {"C": 25.67332091188824, "epsilon": 1.0439501685090848, "gamma": 0.02446316187174725}, "datetime": {"datetime": "2021-07-20 22:10:28", "elapsed": 1231.117344, "delta": 1.821799}}
{"target": -10.768917274615786, "params": {"C": 26.55327978424647, "epsilon": 0.8935172988791664, "gamma": 0.03844733509697898}, "datetime": {"datetime": "2021-07-20 22:10:30", "elapsed": 1233.139535, "delta": 2.022191}}
{"target": -10.716078641270576, "params": {"C": 22.74792825791981, "epsilon": 2.33032281532431, "gamma": 0.025286427827920996}, "datetime": {"datetime": "2021-07-20 22:10:32", "elapsed": 1234.933879, "delta": 1.794344}}
{"target": -11.071768504071166, "params": {"C": 22.04207396987142, "epsilon": 2.6589811457878323, "gamma": 0.014778586431432341}, "datetime": {"datetime": "2021-07-20 22:10:34", "elapsed": 1237.195123, "delta": 2.261244}}
{"target": -10.689214817185478, "params": {"C": 21.86826693418518, "epsilon": 1.164822999021482, "gamma": 0.01896376727919598}, "datetime": {"datetime": "2021-07-20 22:10:36", "elapsed": 1239.008754, "delta": 1.813631}}
{"target": -10.823122380238342, "params": {"C": 26.699503103653583, "epsilon": 2.070646516094333, "gamma": 0.027694963515691326}, "datetime": {"datetime": "2021-07-20 22:10:38", "elapsed": 1241.081291, "delta": 2.072537}}
{"target": -10.554983712159933, "params": {"C": 21.853651725567865, "epsilon": 1.1692304164901959, "gamma": 0.020427601062246645}, "datetime": {"datetime": "2021-07-20 22:10:40", "elapsed": 1243.060065, "delta": 1.978774}}
{"target": -11.096508147537392, "params": {"C": 28.335322204248822, "epsilon": 0.5492536848278852, "gamma": 0.01413301455947022}, "datetime": {"datetime": "2021-07-20 22:10:42", "elapsed": 1244.893265, "delta": 1.8332}}
{"target": -10.55138019237746, "params": {"C": 20.637675925666013, "epsilon": 2.6315226019138094, "gamma": 0.020038036450900545}, "datetime": {"datetime": "2021-07-20 22:10:44", "elapsed": 1247.24499, "delta": 2.351725}}
{"target": -10.821526902678489, "params": {"C": 28.033186575536288, "epsilon": 1.097748518503744, "gamma": 0.02989332151893931}, "datetime": {"datetime": "2021-07-20 22:10:47", "elapsed": 1249.464015, "delta": 2.219025}}
{"target": -10.913276521099997, "params": {"C": 27.361609533299873, "epsilon": 2.941448485844775, "gamma": 0.014937901771102017}, "datetime": {"datetime": "2021-07-20 22:10:49", "elapsed": 1251.370854, "delta": 1.906839}}
{"target": -11.266437761564163, "params": {"C": 28.76387983677983, "epsilon": 2.6986046474666914, "gamma": 0.010792943095662347}, "datetime": {"datetime": "2021-07-20 22:10:51", "elapsed": 1253.585668, "delta": 2.214814}}
