{"target": -14.994540408641566, "params": {"C": 22.69821151616888, "epsilon": 7.814787400287074, "gamma": 0.41992340430680675}, "datetime": {"datetime": "2021-07-20 19:55:17", "elapsed": 2350.566278, "delta": 0.971355}}
{"target": -14.611209313163046, "params": {"C": 3.5294832496264963, "epsilon": 5.222526573415187, "gamma": 0.33874993576028467}, "datetime": {"datetime": "2021-07-20 19:55:18", "elapsed": 2351.557534, "delta": 0.991256}}
{"target": -44.269788603890795, "params": {"C": 22.02510879414348, "epsilon": 29.57960995490701, "gamma": 0.29043524734495413}, "datetime": {"datetime": "2021-07-20 19:55:27", "elapsed": 2360.145308, "delta": 8.587774}}
{"target": -15.095983072779488, "params": {"C": 10.215304733209676, "epsilon": 5.621832661826884, "gamma": 0.4792734239567302}, "datetime": {"datetime": "2021-07-20 19:55:28", "elapsed": 2361.113263, "delta": 0.967955}}
{"target": -39.014313751483634, "params": {"C": 26.76503429059929, "epsilon": 18.919003521260578, "gamma": 0.3821269084411529}, "datetime": {"datetime": "2021-07-20 19:55:37", "elapsed": 2370.076193, "delta": 8.96293}}
{"target": -96.10255069598182, "params": {"C": 29.68147672806325, "epsilon": 28.024067456188806, "gamma": 0.02855092899737612}, "datetime": {"datetime": "2021-07-20 19:55:50", "elapsed": 2383.749283, "delta": 13.67309}}
{"target": -74.66001135314472, "params": {"C": 17.521377327263295, "epsilon": 17.317186983305707, "gamma": 0.1317007281406936}, "datetime": {"datetime": "2021-07-20 19:55:59", "elapsed": 2392.824476, "delta": 9.075193}}
{"target": -14.818570547393692, "params": {"C": 15.706517510062676, "epsilon": 1.4460789958608413, "gamma": 0.42716249050482963}, "datetime": {"datetime": "2021-07-20 19:56:00", "elapsed": 2393.825156, "delta": 1.00068}}
{"target": -11.352292136031943, "params": {"C": 11.981193869276877, "epsilon": 5.469869203357337, "gamma": 0.01685354658658931}, "datetime": {"datetime": "2021-07-20 19:56:01", "elapsed": 2394.949116, "delta": 1.12396}}
{"target": -70.61551437614703, "params": {"C": 25.92234850313807, "epsilon": 12.970476276583804, "gamma": 0.14078962386445387}, "datetime": {"datetime": "2021-07-20 19:56:10", "elapsed": 2403.823205, "delta": 8.874089}}
{"target": -93.81041466281872, "params": {"C": 6.068990108327295, "epsilon": 17.782222566114918, "gamma": 0.07516017528995639}, "datetime": {"datetime": "2021-07-20 19:56:24", "elapsed": 2417.831927, "delta": 14.008722}}
{"target": -13.623883395629367, "params": {"C": 15.567623490322815, "epsilon": 7.020465359503079, "gamma": 0.29506598210709617}, "datetime": {"datetime": "2021-07-20 19:56:25", "elapsed": 2418.887677, "delta": 1.05575}}
{"target": -14.351451211997901, "params": {"C": 27.128291044215665, "epsilon": 1.6250301973505707, "gamma": 0.31981037376139854}, "datetime": {"datetime": "2021-07-20 19:56:26", "elapsed": 2419.915814, "delta": 1.028137}}
{"target": -50.79855754722023, "params": {"C": 16.660809336877556, "epsilon": 16.3300252319444, "gamma": 0.21434617134070838}, "datetime": {"datetime": "2021-07-20 19:56:35", "elapsed": 2428.591592, "delta": 8.675778}}
{"target": -90.44901122881113, "params": {"C": 12.40281224614569, "epsilon": 9.493333151527231, "gamma": 0.0756682492293175}, "datetime": {"datetime": "2021-07-20 19:56:49", "elapsed": 2442.715921, "delta": 14.124329}}
{"target": -54.678010238437814, "params": {"C": 29.226521483564987, "epsilon": 21.186485104191615, "gamma": 0.1953054830909281}, "datetime": {"datetime": "2021-07-20 19:56:58", "elapsed": 2451.604661, "delta": 8.88874}}
{"target": -40.445517984387294, "params": {"C": 23.251537319769827, "epsilon": 28.054290722928837, "gamma": 0.35234401392880804}, "datetime": {"datetime": "2021-07-20 19:57:07", "elapsed": 2460.484772, "delta": 8.880111}}
{"target": -66.25366508105905, "params": {"C": 18.99071868774286, "epsilon": 25.067003358826405, "gamma": 0.1446388448446191}, "datetime": {"datetime": "2021-07-20 19:57:16", "elapsed": 2469.418068, "delta": 8.933296}}
{"target": -38.282809181140856, "params": {"C": 17.082420850657048, "epsilon": 13.723307785665641, "gamma": 0.3593125376324183}, "datetime": {"datetime": "2021-07-20 19:57:25", "elapsed": 2478.242373, "delta": 8.824305}}
{"target": -96.1380572630904, "params": {"C": 5.638723428228608, "epsilon": 6.073375029317083, "gamma": 0.03464177582853578}, "datetime": {"datetime": "2021-07-20 19:57:38", "elapsed": 2491.757513, "delta": 13.51514}}
{"target": -39.22073903623829, "params": {"C": 5.962835217274088, "epsilon": 19.520216731188402, "gamma": 0.3882935914137803}, "datetime": {"datetime": "2021-07-20 19:57:47", "elapsed": 2500.657671, "delta": 8.900158}}
{"target": -61.801040070023994, "params": {"C": 13.944274870290275, "epsilon": 14.780581122221708, "gamma": 0.16018609021492475}, "datetime": {"datetime": "2021-07-20 19:57:57", "elapsed": 2510.247414, "delta": 9.589743}}
{"target": -92.93659118715775, "params": {"C": 29.26580268570713, "epsilon": 8.343713618958803, "gamma": 0.04838504046300959}, "datetime": {"datetime": "2021-07-20 19:58:05", "elapsed": 2518.322483, "delta": 8.075069}}
{"target": -37.27958053611557, "params": {"C": 15.960786425104653, "epsilon": 10.068062948859557, "gamma": 0.0034372843625160936}, "datetime": {"datetime": "2021-07-20 19:58:13", "elapsed": 2526.913299, "delta": 8.590816}}
{"target": -39.356986971985506, "params": {"C": 11.499338792450901, "epsilon": 22.382753019392087, "gamma": 0.3525231293580989}, "datetime": {"datetime": "2021-07-20 19:58:23", "elapsed": 2536.274195, "delta": 9.360896}}
{"target": -35.58120956144954, "params": {"C": 12.40648282846056, "epsilon": 9.584623163567235, "gamma": 0.4842449590249773}, "datetime": {"datetime": "2021-07-20 19:58:32", "elapsed": 2545.061448, "delta": 8.787253}}
{"target": -62.23031582915017, "params": {"C": 17.43339115823505, "epsilon": 18.172246908676726, "gamma": 0.15207518514097246}, "datetime": {"datetime": "2021-07-20 19:58:40", "elapsed": 2553.967344, "delta": 8.905896}}
{"target": -48.17388224017638, "params": {"C": 20.077611726946486, "epsilon": 25.66095467905004, "gamma": 0.2665788313019451}, "datetime": {"datetime": "2021-07-20 19:58:49", "elapsed": 2562.898573, "delta": 8.931229}}
{"target": -10.39980431969542, "params": {"C": 15.96036347201394, "epsilon": 3.977679428185998, "gamma": 0.037227392652271374}, "datetime": {"datetime": "2021-07-20 19:58:50", "elapsed": 2564.047729, "delta": 1.149156}}
{"target": -50.18105808465974, "params": {"C": 15.805135361829146, "epsilon": 19.593299696347817, "gamma": 0.21968295422910256}, "datetime": {"datetime": "2021-07-20 19:58:59", "elapsed": 2572.882679, "delta": 8.83495}}
{"target": -83.3216820095149, "params": {"C": 11.201875138931804, "epsilon": 23.341288706319965, "gamma": 0.09168245663980581}, "datetime": {"datetime": "2021-07-20 19:59:14", "elapsed": 2587.159459, "delta": 14.27678}}
{"target": -37.62613384849766, "params": {"C": 0.5595133117371636, "epsilon": 21.66886233337943, "gamma": 0.4345463207867597}, "datetime": {"datetime": "2021-07-20 19:59:23", "elapsed": 2596.371297, "delta": 9.211838}}
{"target": -70.32912755381552, "params": {"C": 27.02229171970624, "epsilon": 6.999269670768081, "gamma": 0.13745455873404225}, "datetime": {"datetime": "2021-07-20 19:59:32", "elapsed": 2605.752078, "delta": 9.380781}}
{"target": -70.16485762356143, "params": {"C": 20.18817807954072, "epsilon": 7.560541198295594, "gamma": 0.126823182274207}, "datetime": {"datetime": "2021-07-20 19:59:41", "elapsed": 2614.695188, "delta": 8.94311}}
{"target": -38.600445367415894, "params": {"C": 21.204011199346034, "epsilon": 23.861019693039413, "gamma": 0.44873822032129623}, "datetime": {"datetime": "2021-07-20 19:59:50", "elapsed": 2623.913581, "delta": 9.218393}}
{"target": -50.75739906701474, "params": {"C": 5.706714547301388, "epsilon": 11.441920477276064, "gamma": 0.2233484163079964}, "datetime": {"datetime": "2021-07-20 19:59:59", "elapsed": 2632.928876, "delta": 9.015295}}
{"target": -39.38410704851006, "params": {"C": 10.748170674326701, "epsilon": 24.714406432254957, "gamma": 0.40225299561535494}, "datetime": {"datetime": "2021-07-20 20:00:08", "elapsed": 2642.005468, "delta": 9.076592}}
{"target": -80.57369035088297, "params": {"C": 21.379987198482947, "epsilon": 3.8682520011626527, "gamma": 0.10227754493198878}, "datetime": {"datetime": "2021-07-20 20:00:18", "elapsed": 2651.266846, "delta": 9.261378}}
{"target": -96.87452416505943, "params": {"C": 15.752705394406803, "epsilon": 24.4427567328633, "gamma": 0.04443709372536311}, "datetime": {"datetime": "2021-07-20 20:00:32", "elapsed": 2665.374681, "delta": 14.107835}}
{"target": -14.006547539454703, "params": {"C": 6.531422122596208, "epsilon": 4.256925237464753, "gamma": 0.3092546311898487}, "datetime": {"datetime": "2021-07-20 20:00:33", "elapsed": 2666.608028, "delta": 1.233347}}
{"target": -87.67532677531827, "params": {"C": 4.224168446781696, "epsilon": 5.919223176830533, "gamma": 0.024917490050536367}, "datetime": {"datetime": "2021-07-20 20:00:47", "elapsed": 2680.967337, "delta": 14.359309}}
{"target": -101.70724998717463, "params": {"C": 22.28022134324102, "epsilon": 5.9420148390224625, "gamma": 0.056090916761437674}, "datetime": {"datetime": "2021-07-20 20:00:57", "elapsed": 2690.065631, "delta": 9.098294}}
{"target": -39.287009709707384, "params": {"C": 29.977387933612444, "epsilon": 7.329249322200025, "gamma": 0.3454186624305724}, "datetime": {"datetime": "2021-07-20 20:01:05", "elapsed": 2698.993609, "delta": 8.927978}}
{"target": -42.72044793921146, "params": {"C": 13.476125129800124, "epsilon": 9.907500743233914, "gamma": 0.27964637583448226}, "datetime": {"datetime": "2021-07-20 20:01:14", "elapsed": 2707.73597, "delta": 8.742361}}
{"target": -37.17504275364954, "params": {"C": 22.242392640890667, "epsilon": 27.275829796242036, "gamma": 0.4967364850333669}, "datetime": {"datetime": "2021-07-20 20:01:23", "elapsed": 2716.72236, "delta": 8.98639}}
{"target": -42.532362122602215, "params": {"C": 27.758492145103833, "epsilon": 23.31331927121922, "gamma": 0.302819114051807}, "datetime": {"datetime": "2021-07-20 20:01:32", "elapsed": 2725.521531, "delta": 8.799171}}
{"target": -65.28524041533669, "params": {"C": 6.016632658515193, "epsilon": 21.57755841422746, "gamma": 0.14491185232735215}, "datetime": {"datetime": "2021-07-20 20:01:41", "elapsed": 2734.563133, "delta": 9.041602}}
{"target": -37.921037988228946, "params": {"C": 12.887383657479196, "epsilon": 23.40015267877035, "gamma": 0.45223175444155084}, "datetime": {"datetime": "2021-07-20 20:01:50", "elapsed": 2743.49126, "delta": 8.928127}}
{"target": -15.424956142430501, "params": {"C": 1.4148445507681342, "epsilon": 3.628804463955052, "gamma": 0.2712823683917723}, "datetime": {"datetime": "2021-07-20 20:01:52", "elapsed": 2745.419875, "delta": 1.928615}}
{"target": -13.540461902594139, "params": {"C": 4.248524507182296, "epsilon": 5.935365616994232, "gamma": 0.250610246133356}, "datetime": {"datetime": "2021-07-20 20:01:54", "elapsed": 2747.997008, "delta": 2.577133}}
{"target": -14.913157356992334, "params": {"C": 3.3804475602287583, "epsilon": 5.749193308734207, "gamma": 0.37770214227168275}, "datetime": {"datetime": "2021-07-20 20:01:57", "elapsed": 2750.176382, "delta": 2.179374}}
{"target": -50.825217582076206, "params": {"C": 1.7585485080258805, "epsilon": 13.823274690743151, "gamma": 0.21267816994303249}, "datetime": {"datetime": "2021-07-20 20:02:06", "elapsed": 2759.227089, "delta": 9.050707}}
{"target": -14.187732302094561, "params": {"C": 27.09474397023776, "epsilon": 1.6878981481848787, "gamma": 0.303884257909184}, "datetime": {"datetime": "2021-07-20 20:02:07", "elapsed": 2761.020862, "delta": 1.793773}}
{"target": -81.39487299266804, "params": {"C": 25.01521137015668, "epsilon": 3.7266983913768015, "gamma": 0.022769980137725996}, "datetime": {"datetime": "2021-07-20 20:02:17", "elapsed": 2770.92446, "delta": 9.903598}}
{"target": -64.962153649514, "params": {"C": 29.12086577727902, "epsilon": 25.22506386055068, "gamma": 0.15246221727261533}, "datetime": {"datetime": "2021-07-20 20:02:27", "elapsed": 2780.682878, "delta": 9.758418}}
{"target": -14.825200004804156, "params": {"C": 4.3917936367178605, "epsilon": 0.6158167291217421, "gamma": 0.3563993258326479}, "datetime": {"datetime": "2021-07-20 20:02:28", "elapsed": 2781.855672, "delta": 1.172794}}
{"target": -13.966831503103707, "params": {"C": 11.406931817187616, "epsilon": 2.3749327807218874, "gamma": 0.34985688523734426}, "datetime": {"datetime": "2021-07-20 20:02:30", "elapsed": 2783.104115, "delta": 1.248443}}
{"target": -81.10766523691173, "params": {"C": 21.769628312162077, "epsilon": 13.388324208785416, "gamma": 0.019567950776373216}, "datetime": {"datetime": "2021-07-20 20:02:39", "elapsed": 2792.704467, "delta": 9.600352}}
{"target": -77.07923162740089, "params": {"C": 26.139553008083936, "epsilon": 14.621903510722952, "gamma": 0.11979161469033991}, "datetime": {"datetime": "2021-07-20 20:02:49", "elapsed": 2802.616077, "delta": 9.91161}}
{"target": -39.79734144443864, "params": {"C": 26.093003249773133, "epsilon": 21.450843113913347, "gamma": 0.3661691036319078}, "datetime": {"datetime": "2021-07-20 20:03:00", "elapsed": 2813.395226, "delta": 10.779149}}
{"target": -75.46669844213255, "params": {"C": 26.753290186217203, "epsilon": 18.481388582665144, "gamma": 0.09662914635159169}, "datetime": {"datetime": "2021-07-20 20:03:19", "elapsed": 2832.71769, "delta": 19.322464}}
{"target": -39.2380443852693, "params": {"C": 14.685273772623189, "epsilon": 26.03998379024734, "gamma": 0.3918366289478956}, "datetime": {"datetime": "2021-07-20 20:03:30", "elapsed": 2843.072544, "delta": 10.354854}}
{"target": -90.02806626584132, "params": {"C": 5.273826894778118, "epsilon": 14.111828581855477, "gamma": 0.021593596235705247}, "datetime": {"datetime": "2021-07-20 20:03:46", "elapsed": 2859.168183, "delta": 16.095639}}
{"target": -75.15623874613253, "params": {"C": 23.581683399345625, "epsilon": 28.38057442802633, "gamma": 0.14118363603702394}, "datetime": {"datetime": "2021-07-20 20:03:56", "elapsed": 2869.921009, "delta": 10.752826}}
{"target": -40.71878770860011, "params": {"C": 5.064530749599409, "epsilon": 12.411620312999169, "gamma": 0.3000407640221149}, "datetime": {"datetime": "2021-07-20 20:04:06", "elapsed": 2879.867294, "delta": 9.946285}}
{"target": -42.99846182699542, "params": {"C": 26.33434020985307, "epsilon": 7.007957075111809, "gamma": 0.30709544711814907}, "datetime": {"datetime": "2021-07-20 20:04:17", "elapsed": 2890.21973, "delta": 10.352436}}
{"target": -37.66799794584236, "params": {"C": 11.520409944680399, "epsilon": 8.285716475373073, "gamma": 0.4685385904640413}, "datetime": {"datetime": "2021-07-20 20:04:27", "elapsed": 2900.799733, "delta": 10.580003}}
{"target": -47.70342791481279, "params": {"C": 10.345296372496941, "epsilon": 6.381014654168191, "gamma": 0.23247615425543083}, "datetime": {"datetime": "2021-07-20 20:04:38", "elapsed": 2911.5046, "delta": 10.704867}}
{"target": -75.60504381653558, "params": {"C": 23.031888516774174, "epsilon": 8.549671630809812, "gamma": 0.016523165877160954}, "datetime": {"datetime": "2021-07-20 20:04:48", "elapsed": 2921.355846, "delta": 9.851246}}
{"target": -87.37923998477571, "params": {"C": 12.795058977384388, "epsilon": 23.83650166023232, "gamma": 0.08027509552004267}, "datetime": {"datetime": "2021-07-20 20:05:03", "elapsed": 2936.873191, "delta": 15.517345}}
{"target": -15.360103607523138, "params": {"C": 11.484813464252001, "epsilon": 2.3364980649007068, "gamma": 0.4946816295537797}, "datetime": {"datetime": "2021-07-20 20:05:05", "elapsed": 2938.113222, "delta": 1.240031}}
{"target": -15.428958550046712, "params": {"C": 8.925787874583127, "epsilon": 1.8875653598436257, "gamma": 0.4884512346446228}, "datetime": {"datetime": "2021-07-20 20:05:06", "elapsed": 2939.354186, "delta": 1.240964}}
{"target": -44.420811529935186, "params": {"C": 22.3071526639176, "epsilon": 19.42136641464447, "gamma": 0.28557183657013546}, "datetime": {"datetime": "2021-07-20 20:05:16", "elapsed": 2949.172133, "delta": 9.817947}}
{"target": -74.70628370279849, "params": {"C": 6.903473473448177, "epsilon": 3.936279178134261, "gamma": 0.12324332499206408}, "datetime": {"datetime": "2021-07-20 20:05:26", "elapsed": 2959.513851, "delta": 10.341718}}
{"target": -41.67754745710705, "params": {"C": 15.155618437134224, "epsilon": 19.31328208278343, "gamma": 0.2787774268456526}, "datetime": {"datetime": "2021-07-20 20:05:36", "elapsed": 2969.639796, "delta": 10.125945}}
{"target": -13.615965102976075, "params": {"C": 2.6946953543926297, "epsilon": 6.980598878526697, "gamma": 0.24506805772954915}, "datetime": {"datetime": "2021-07-20 20:05:37", "elapsed": 2971.011765, "delta": 1.371969}}
{"target": -47.84304055049191, "params": {"C": 22.933125518037997, "epsilon": 10.206969477091786, "gamma": 0.23875293461557687}, "datetime": {"datetime": "2021-07-20 20:05:47", "elapsed": 2980.271557, "delta": 9.259792}}
{"target": -41.79531038757728, "params": {"C": 4.669781456275204, "epsilon": 13.611428552149894, "gamma": 0.33284149610197794}, "datetime": {"datetime": "2021-07-20 20:05:57", "elapsed": 2990.275548, "delta": 10.003991}}
{"target": -52.82851922020271, "params": {"C": 29.63743444900093, "epsilon": 26.435031042017368, "gamma": 0.21455691878865338}, "datetime": {"datetime": "2021-07-20 20:06:07", "elapsed": 3000.46576, "delta": 10.190212}}
{"target": -66.54232290568804, "params": {"C": 2.3782243997682917, "epsilon": 11.614681394403444, "gamma": 0.13899415220716851}, "datetime": {"datetime": "2021-07-20 20:06:17", "elapsed": 3010.614683, "delta": 10.148923}}
{"target": -12.556395620950642, "params": {"C": 14.465281161243436, "epsilon": 1.1002751492393639, "gamma": 0.117512923863223}, "datetime": {"datetime": "2021-07-20 20:06:19", "elapsed": 3012.178939, "delta": 1.564256}}
{"target": -14.835596792105735, "params": {"C": 19.75385708085409, "epsilon": 3.727372050779181, "gamma": 0.4132364629806028}, "datetime": {"datetime": "2021-07-20 20:06:20", "elapsed": 3013.606569, "delta": 1.42763}}
{"target": -92.08786554637447, "params": {"C": 25.519698821262452, "epsilon": 10.85324933722425, "gamma": 0.051244014876293924}, "datetime": {"datetime": "2021-07-20 20:06:35", "elapsed": 3028.496009, "delta": 14.88944}}
{"target": -38.52209298285768, "params": {"C": 20.357880947167303, "epsilon": 15.293070498639613, "gamma": 0.4038595590190232}, "datetime": {"datetime": "2021-07-20 20:06:45", "elapsed": 3038.204401, "delta": 9.708392}}
{"target": -81.02445902857221, "params": {"C": 25.89303939221658, "epsilon": 17.559544451160896, "gamma": 0.10600513121426343}, "datetime": {"datetime": "2021-07-20 20:07:00", "elapsed": 3053.260687, "delta": 15.056286}}
{"target": -15.172338361303575, "params": {"C": 24.60318704849078, "epsilon": 0.5059876057113936, "gamma": 0.41338405106390413}, "datetime": {"datetime": "2021-07-20 20:07:01", "elapsed": 3054.519703, "delta": 1.259016}}
{"target": -39.52561226721507, "params": {"C": 9.090198812153808, "epsilon": 28.44304920848119, "gamma": 0.38345966452134767}, "datetime": {"datetime": "2021-07-20 20:07:10", "elapsed": 3063.890518, "delta": 9.370815}}
{"target": -51.568980114360066, "params": {"C": 26.24446339184413, "epsilon": 18.955873514501377, "gamma": 0.2213622644981756}, "datetime": {"datetime": "2021-07-20 20:07:19", "elapsed": 3072.950298, "delta": 9.05978}}
{"target": -49.02150707075887, "params": {"C": 20.732718968670405, "epsilon": 20.71389489732818, "gamma": 0.21735189172126324}, "datetime": {"datetime": "2021-07-20 20:07:29", "elapsed": 3082.217309, "delta": 9.267011}}
{"target": -102.20859319237378, "params": {"C": 2.372151621123275, "epsilon": 11.523294531120152, "gamma": 0.04035159920992992}, "datetime": {"datetime": "2021-07-20 20:07:43", "elapsed": 3096.629823, "delta": 14.412514}}
{"target": -97.91946249253407, "params": {"C": 14.443201293989715, "epsilon": 6.986874430541047, "gamma": 0.05182114119606424}, "datetime": {"datetime": "2021-07-20 20:07:57", "elapsed": 3110.745589, "delta": 14.115766}}
{"target": -35.29995506088759, "params": {"C": 29.318349803602338, "epsilon": 11.193415473266082, "gamma": 0.4713225825385338}, "datetime": {"datetime": "2021-07-20 20:08:06", "elapsed": 3119.847158, "delta": 9.101569}}
{"target": -41.24126331878413, "params": {"C": 10.157312339591394, "epsilon": 22.9505539176201, "gamma": 0.3236397962162579}, "datetime": {"datetime": "2021-07-20 20:08:16", "elapsed": 3129.076653, "delta": 9.229495}}
{"target": -40.037801410673154, "params": {"C": 5.791388653556243, "epsilon": 21.481215644541482, "gamma": 0.3341915859089138}, "datetime": {"datetime": "2021-07-20 20:08:25", "elapsed": 3138.806583, "delta": 9.72993}}
{"target": -59.34531298152902, "params": {"C": 11.808650029476382, "epsilon": 23.131801351035325, "gamma": 0.18338213245193993}, "datetime": {"datetime": "2021-07-20 20:08:35", "elapsed": 3148.519536, "delta": 9.712953}}
{"target": -56.68459361385689, "params": {"C": 8.02824591985313, "epsilon": 23.074120312467276, "gamma": 0.18109060153187978}, "datetime": {"datetime": "2021-07-20 20:08:45", "elapsed": 3158.411429, "delta": 9.891893}}
{"target": -70.17098961753267, "params": {"C": 9.322815700146007, "epsilon": 16.467670489745053, "gamma": 0.13064904173541908}, "datetime": {"datetime": "2021-07-20 20:08:54", "elapsed": 3167.70546, "delta": 9.294031}}
{"target": -85.77643025434861, "params": {"C": 6.335553511896156, "epsilon": 4.9464858085626915, "gamma": 0.09296279515946364}, "datetime": {"datetime": "2021-07-20 20:09:04", "elapsed": 3177.248937, "delta": 9.543477}}
{"target": -47.863432230242935, "params": {"C": 19.731477075486975, "epsilon": 11.806190093801476, "gamma": 0.23425141317801468}, "datetime": {"datetime": "2021-07-20 20:09:13", "elapsed": 3186.614, "delta": 9.365063}}
