{"target": -14.631518051932213, "params": {"C": 18.440874253867864, "epsilon": 5.566877199153875, "gamma": 0.28760915643807583}, "datetime": {"datetime": "2021-07-20 19:28:34", "elapsed": 435.87278, "delta": 1.281663}}
{"target": -15.09591766787125, "params": {"C": 9.097119303598157, "epsilon": 7.724116726617142, "gamma": 0.3399147566610701}, "datetime": {"datetime": "2021-07-20 19:28:35", "elapsed": 436.666781, "delta": 0.794001}}
{"target": -12.858124661585943, "params": {"C": 10.17591437534367, "epsilon": 3.164379741973769, "gamma": 0.181632684524183}, "datetime": {"datetime": "2021-07-20 19:28:36", "elapsed": 437.590778, "delta": 0.923997}}
{"target": -12.83807880540277, "params": {"C": 5.575587938818222, "epsilon": 3.4727931311986233, "gamma": 0.16532158683687018}, "datetime": {"datetime": "2021-07-20 19:28:37", "elapsed": 438.571956, "delta": 0.981178}}
{"target": -15.214515180788608, "params": {"C": 25.94507823369498, "epsilon": 6.728755913062982, "gamma": 0.2898745828284851}, "datetime": {"datetime": "2021-07-20 19:28:38", "elapsed": 439.442961, "delta": 0.871005}}
{"target": -13.116809075578683, "params": {"C": 4.253558316919416, "epsilon": 1.3762933643949444, "gamma": 0.14616738603639004}, "datetime": {"datetime": "2021-07-20 19:28:39", "elapsed": 440.36513, "delta": 0.922169}}
{"target": -13.074561580451585, "params": {"C": 25.156002175085433, "epsilon": 4.1875283888300086, "gamma": 0.17102103877523422}, "datetime": {"datetime": "2021-07-20 19:28:40", "elapsed": 441.413769, "delta": 1.048639}}
{"target": -74.34455561603454, "params": {"C": 9.855576913289747, "epsilon": 4.186334610311924, "gamma": 0.035664375807350844}, "datetime": {"datetime": "2021-07-20 19:28:54", "elapsed": 455.931626, "delta": 14.517857}}
{"target": -13.571823556843379, "params": {"C": 3.854262612106613, "epsilon": 0.3694990767892998, "gamma": 0.16578855102287496}, "datetime": {"datetime": "2021-07-20 19:28:55", "elapsed": 456.821882, "delta": 0.890256}}
{"target": -14.904415686137733, "params": {"C": 9.085787226189433, "epsilon": 7.740191780968143, "gamma": 0.32809046673432335}, "datetime": {"datetime": "2021-07-20 19:28:56", "elapsed": 457.825872, "delta": 1.00399}}
{"target": -15.397643736501301, "params": {"C": 29.79203400738885, "epsilon": 1.9174357537009588, "gamma": 0.2924835572049937}, "datetime": {"datetime": "2021-07-20 19:28:57", "elapsed": 458.953357, "delta": 1.127485}}
{"target": -16.6446981598999, "params": {"C": 20.655166733668302, "epsilon": 9.695492666757675, "gamma": 0.458106930420208}, "datetime": {"datetime": "2021-07-20 19:28:58", "elapsed": 459.780358, "delta": 0.827001}}
{"target": -49.55888093471463, "params": {"C": 28.989061708680307, "epsilon": 5.609860500763148, "gamma": 0.11530006928304491}, "datetime": {"datetime": "2021-07-20 19:29:08", "elapsed": 469.605154, "delta": 9.824796}}
{"target": -15.214136212459426, "params": {"C": 24.76578274555881, "epsilon": 1.204777433620795, "gamma": 0.2889510949674247}, "datetime": {"datetime": "2021-07-20 19:29:09", "elapsed": 470.691291, "delta": 1.086137}}
{"target": -15.161936389307495, "params": {"C": 5.086209088478358, "epsilon": 3.0603911313328003, "gamma": 0.2978954298404608}, "datetime": {"datetime": "2021-07-20 19:29:10", "elapsed": 471.810055, "delta": 1.118764}}
{"target": -14.206830740046867, "params": {"C": 27.438808250783215, "epsilon": 0.40915246981269604, "gamma": 0.23530172828544055}, "datetime": {"datetime": "2021-07-20 19:29:11", "elapsed": 472.756453, "delta": 0.946398}}
{"target": -14.745399875389694, "params": {"C": 5.0784868319661545, "epsilon": 3.07792289580573, "gamma": 0.2696188168657971}, "datetime": {"datetime": "2021-07-20 19:29:12", "elapsed": 473.802311, "delta": 1.045858}}
{"target": -10.64724575407545, "params": {"C": 23.30839370856923, "epsilon": 2.5486545454234633, "gamma": 0.018040125384087984}, "datetime": {"datetime": "2021-07-20 19:29:13", "elapsed": 474.850709, "delta": 1.048398}}
{"target": -13.911199895223344, "params": {"C": 20.359876500954424, "epsilon": 5.380984051621804, "gamma": 0.2440495499284945}, "datetime": {"datetime": "2021-07-20 19:29:14", "elapsed": 475.952533, "delta": 1.101824}}
{"target": -13.17672254139048, "params": {"C": 5.592909120579938, "epsilon": 3.4650978403784154, "gamma": 0.18275217806496566}, "datetime": {"datetime": "2021-07-20 19:29:15", "elapsed": 476.876344, "delta": 0.923811}}
{"target": -76.61936945841357, "params": {"C": 22.08309840769147, "epsilon": 9.7753978119219, "gamma": 0.016931315403626756}, "datetime": {"datetime": "2021-07-20 19:29:25", "elapsed": 486.006712, "delta": 9.130368}}
{"target": -15.048934477880696, "params": {"C": 20.138061160315818, "epsilon": 4.201110241225153, "gamma": 0.29920799983692986}, "datetime": {"datetime": "2021-07-20 19:29:26", "elapsed": 487.031408, "delta": 1.024696}}
{"target": -13.250014486178607, "params": {"C": 20.325615095479034, "epsilon": 5.463345661856485, "gamma": 0.1963953323730405}, "datetime": {"datetime": "2021-07-20 19:29:27", "elapsed": 488.088532, "delta": 1.057124}}
{"target": -39.03449373376965, "params": {"C": 28.657483186229076, "epsilon": 6.68316195128028, "gamma": 0.2612914953727132}, "datetime": {"datetime": "2021-07-20 19:29:36", "elapsed": 497.333095, "delta": 9.244563}}
{"target": -15.367436579360497, "params": {"C": 5.087587706321438, "epsilon": 3.138498413707978, "gamma": 0.31479647199986305}, "datetime": {"datetime": "2021-07-20 19:29:37", "elapsed": 498.423303, "delta": 1.090208}}
{"target": -14.634678786429314, "params": {"C": 4.88990454571579, "epsilon": 0.9953931818097236, "gamma": 0.2509294115847839}, "datetime": {"datetime": "2021-07-20 19:29:38", "elapsed": 499.301302, "delta": 0.877999}}
{"target": -15.31751000974885, "params": {"C": 16.11513454534826, "epsilon": 4.186571526832787, "gamma": 0.3311648846810547}, "datetime": {"datetime": "2021-07-20 19:29:39", "elapsed": 500.391784, "delta": 1.090482}}
{"target": -15.893450522675801, "params": {"C": 7.66779796417716, "epsilon": 6.929074331565952, "gamma": 0.3860124014179041}, "datetime": {"datetime": "2021-07-20 19:29:40", "elapsed": 501.489408, "delta": 1.097624}}
{"target": -16.429553268421575, "params": {"C": 7.510269333486269, "epsilon": 2.352087995358222, "gamma": 0.40770994324692966}, "datetime": {"datetime": "2021-07-20 19:29:41", "elapsed": 502.362609, "delta": 0.873201}}
{"target": -17.284597345119007, "params": {"C": 3.2626372986883547, "epsilon": 8.13130292839413, "gamma": 0.46784839957383445}, "datetime": {"datetime": "2021-07-20 19:29:43", "elapsed": 504.000606, "delta": 1.637997}}
{"target": -13.13800052214153, "params": {"C": 4.211273204193247, "epsilon": 1.3457186024024015, "gamma": 0.14599469821760283}, "datetime": {"datetime": "2021-07-20 19:29:44", "elapsed": 505.318807, "delta": 1.318201}}
{"target": -13.603990825232168, "params": {"C": 14.095435217893945, "epsilon": 4.254082449960423, "gamma": 0.23541585049994615}, "datetime": {"datetime": "2021-07-20 19:29:45", "elapsed": 506.390409, "delta": 1.071602}}
{"target": -16.897280554409633, "params": {"C": 29.10025531303344, "epsilon": 3.1383017651494494, "gamma": 0.452164209274516}, "datetime": {"datetime": "2021-07-20 19:29:46", "elapsed": 507.52741, "delta": 1.137001}}
{"target": -11.226744739863904, "params": {"C": 8.833777588936057, "epsilon": 0.1315580130376572, "gamma": 0.07474565866196414}, "datetime": {"datetime": "2021-07-20 19:29:47", "elapsed": 508.621763, "delta": 1.094353}}
{"target": -13.332990327940127, "params": {"C": 25.240564969034324, "epsilon": 4.183407730234593, "gamma": 0.1905072156835133}, "datetime": {"datetime": "2021-07-20 19:29:48", "elapsed": 509.980765, "delta": 1.359002}}
{"target": -15.43005324912762, "params": {"C": 5.090348861765335, "epsilon": 3.141446788633659, "gamma": 0.3202555872768286}, "datetime": {"datetime": "2021-07-20 19:29:50", "elapsed": 511.155571, "delta": 1.174806}}
{"target": -14.370526262246672, "params": {"C": 3.823507218473065, "epsilon": 0.6595083423533645, "gamma": 0.21872222731796512}, "datetime": {"datetime": "2021-07-20 19:29:51", "elapsed": 512.072571, "delta": 0.917}}
{"target": -13.618543585254434, "params": {"C": 25.468078697579745, "epsilon": 1.4542082702226602, "gamma": 0.20525836523543878}, "datetime": {"datetime": "2021-07-20 19:29:52", "elapsed": 513.212232, "delta": 1.139661}}
{"target": -17.55528496195396, "params": {"C": 4.0583979385649185, "epsilon": 0.5721952095820246, "gamma": 0.4514747996169805}, "datetime": {"datetime": "2021-07-20 19:29:53", "elapsed": 514.10123, "delta": 0.888998}}
{"target": -14.249138280663281, "params": {"C": 2.1121303493833805, "epsilon": 9.748711637378642, "gamma": 0.202352978815677}, "datetime": {"datetime": "2021-07-20 19:29:54", "elapsed": 515.015432, "delta": 0.914202}}
{"target": -14.845351048502389, "params": {"C": 7.8062838787354, "epsilon": 2.1664958546738324, "gamma": 0.3074221851252788}, "datetime": {"datetime": "2021-07-20 19:29:54", "elapsed": 515.931012, "delta": 0.91558}}
{"target": -15.450756089227754, "params": {"C": 29.068612627224212, "epsilon": 3.168207122864681, "gamma": 0.3028020099130134}, "datetime": {"datetime": "2021-07-20 19:29:56", "elapsed": 517.077173, "delta": 1.146161}}
{"target": -46.48452242377775, "params": {"C": 22.999611197957766, "epsilon": 7.561247151079819, "gamma": 0.11880293771338368}, "datetime": {"datetime": "2021-07-20 19:30:05", "elapsed": 526.383946, "delta": 9.306773}}
{"target": -66.3750026375725, "params": {"C": 1.537066393423191, "epsilon": 3.0271308474479572, "gamma": 0.050512412715110644}, "datetime": {"datetime": "2021-07-20 19:30:14", "elapsed": 535.786676, "delta": 9.40273}}
{"target": -13.141835850295525, "params": {"C": 4.238365308771865, "epsilon": 1.3790660736822264, "gamma": 0.14776976976355907}, "datetime": {"datetime": "2021-07-20 19:30:16", "elapsed": 536.997435, "delta": 1.210759}}
{"target": -39.589946333982404, "params": {"C": 20.360697644522137, "epsilon": 5.385578884064527, "gamma": 0.1768123039642436}, "datetime": {"datetime": "2021-07-20 19:30:22", "elapsed": 543.538136, "delta": 6.540701}}
{"target": -15.513839731192752, "params": {"C": 5.096510184655298, "epsilon": 3.183100607920518, "gamma": 0.32708523528681127}, "datetime": {"datetime": "2021-07-20 19:30:23", "elapsed": 544.760868, "delta": 1.222732}}
{"target": -14.312022562265273, "params": {"C": 4.796858232774011, "epsilon": 9.067760279891253, "gamma": 0.25915392058774156}, "datetime": {"datetime": "2021-07-20 19:30:24", "elapsed": 545.684865, "delta": 0.923997}}
{"target": -16.32194346652022, "params": {"C": 22.51941722017782, "epsilon": 5.832350401967692, "gamma": 0.4149337648791158}, "datetime": {"datetime": "2021-07-20 19:30:25", "elapsed": 546.679696, "delta": 0.994831}}
{"target": -15.211904638781759, "params": {"C": 9.07881331940696, "epsilon": 7.731855519735153, "gamma": 0.3467265377426584}, "datetime": {"datetime": "2021-07-20 19:30:26", "elapsed": 547.786691, "delta": 1.106995}}
{"target": -14.588714558588665, "params": {"C": 5.2829651905928285, "epsilon": 6.029830649799422, "gamma": 0.2737636547808559}, "datetime": {"datetime": "2021-07-20 19:30:27", "elapsed": 548.95337, "delta": 1.166679}}
{"target": -11.518993167895879, "params": {"C": 26.173710467589245, "epsilon": 1.4924053244778768, "gamma": 0.009273401047838203}, "datetime": {"datetime": "2021-07-20 19:30:29", "elapsed": 550.023371, "delta": 1.070001}}
{"target": -13.400665376101129, "params": {"C": 4.188893289370967, "epsilon": 1.3826896857017266, "gamma": 0.16788705341785518}, "datetime": {"datetime": "2021-07-20 19:30:30", "elapsed": 551.170151, "delta": 1.14678}}
{"target": -13.030552031023667, "params": {"C": 5.581636851532003, "epsilon": 3.452497260122386, "gamma": 0.1750876985839074}, "datetime": {"datetime": "2021-07-20 19:30:31", "elapsed": 552.46756, "delta": 1.297409}}
{"target": -14.106892430604868, "params": {"C": 19.81140113068968, "epsilon": 0.27333165736916487, "gamma": 0.24867439864646423}, "datetime": {"datetime": "2021-07-20 19:30:32", "elapsed": 553.429563, "delta": 0.962003}}
{"target": -16.222493736519198, "params": {"C": 6.184283763148807, "epsilon": 6.225988837426856, "gamma": 0.4018924158098594}, "datetime": {"datetime": "2021-07-20 19:30:33", "elapsed": 554.407737, "delta": 0.978174}}
{"target": -13.326307931138054, "params": {"C": 17.02806632976358, "epsilon": 3.056644528144219, "gamma": 0.20667127148587325}, "datetime": {"datetime": "2021-07-20 19:30:34", "elapsed": 555.643786, "delta": 1.236049}}
{"target": -13.507825338350862, "params": {"C": 20.300087146088586, "epsilon": 5.481158198247951, "gamma": 0.21553362404007506}, "datetime": {"datetime": "2021-07-20 19:30:35", "elapsed": 556.800942, "delta": 1.157156}}
{"target": -13.578606111695986, "params": {"C": 3.1192377846247745, "epsilon": 0.5525595473584395, "gamma": 0.14609354186752538}, "datetime": {"datetime": "2021-07-20 19:30:37", "elapsed": 557.996941, "delta": 1.195999}}
{"target": -14.07349501583402, "params": {"C": 5.059726813548003, "epsilon": 3.7373678532119095, "gamma": 0.22860558390267174}, "datetime": {"datetime": "2021-07-20 19:30:37", "elapsed": 558.963101, "delta": 0.96616}}
{"target": -15.427218674010756, "params": {"C": 16.13645624469049, "epsilon": 4.164148993685677, "gamma": 0.3386706615508991}, "datetime": {"datetime": "2021-07-20 19:30:39", "elapsed": 560.134101, "delta": 1.171}}
{"target": -16.16659820944883, "params": {"C": 3.521031654425233, "epsilon": 7.763301673246705, "gamma": 0.3840939526807342}, "datetime": {"datetime": "2021-07-20 19:30:40", "elapsed": 561.101282, "delta": 0.967181}}
{"target": -14.56153341807791, "params": {"C": 5.6649253270539095, "epsilon": 6.543685311408606, "gamma": 0.2767980310442906}, "datetime": {"datetime": "2021-07-20 19:30:41", "elapsed": 562.160281, "delta": 1.058999}}
{"target": -14.014052416559613, "params": {"C": 5.600139293483253, "epsilon": 3.3995705692062925, "gamma": 0.22793676051446568}, "datetime": {"datetime": "2021-07-20 19:30:42", "elapsed": 563.502109, "delta": 1.341828}}
{"target": -11.108151613125123, "params": {"C": 8.847358142248249, "epsilon": 0.11179862214376403, "gamma": 0.06864591742426325}, "datetime": {"datetime": "2021-07-20 19:30:43", "elapsed": 564.72111, "delta": 1.219001}}
{"target": -15.351269915188903, "params": {"C": 6.95063024659032, "epsilon": 3.1783666348267974, "gamma": 0.3423822481957133}, "datetime": {"datetime": "2021-07-20 19:30:44", "elapsed": 565.711108, "delta": 0.989998}}
{"target": -16.746581773527407, "params": {"C": 16.367295207867688, "epsilon": 4.601429873377775, "gamma": 0.463383739531415}, "datetime": {"datetime": "2021-07-20 19:30:45", "elapsed": 566.703884, "delta": 0.992776}}
{"target": -15.515180395706334, "params": {"C": 5.101488875342012, "epsilon": 3.185160679875813, "gamma": 0.3273095746459714}, "datetime": {"datetime": "2021-07-20 19:30:46", "elapsed": 567.965884, "delta": 1.262}}
{"target": -12.166440851185845, "params": {"C": 5.612932535621347, "epsilon": 3.4523506286516445, "gamma": 0.12158505519195291}, "datetime": {"datetime": "2021-07-20 19:30:48", "elapsed": 569.351215, "delta": 1.385331}}
{"target": -12.82261549784506, "params": {"C": 10.17377255837564, "epsilon": 3.167288181230762, "gamma": 0.17899613190071673}, "datetime": {"datetime": "2021-07-20 19:30:49", "elapsed": 570.822889, "delta": 1.471674}}
{"target": -12.431608523101449, "params": {"C": 5.569101524978021, "epsilon": 3.4680756645489486, "gamma": 0.13943311636627068}, "datetime": {"datetime": "2021-07-20 19:30:51", "elapsed": 572.434057, "delta": 1.611168}}
{"target": -16.269211050946158, "params": {"C": 4.0082723888055805, "epsilon": 8.12642926013782, "gamma": 0.40213087534259606}, "datetime": {"datetime": "2021-07-20 19:30:52", "elapsed": 573.455057, "delta": 1.021}}
{"target": -15.384863348776815, "params": {"C": 5.5369448661719165, "epsilon": 3.4002305221685036, "gamma": 0.32595189597296653}, "datetime": {"datetime": "2021-07-20 19:30:53", "elapsed": 574.763364, "delta": 1.308307}}
{"target": -58.25195148466054, "params": {"C": 6.1249429967084446, "epsilon": 9.040983114246853, "gamma": 0.07376634840545157}, "datetime": {"datetime": "2021-07-20 19:31:03", "elapsed": 584.010717, "delta": 9.247353}}
{"target": -14.283032611043586, "params": {"C": 4.800897645807941, "epsilon": 9.092908462693293, "gamma": 0.2573468489708348}, "datetime": {"datetime": "2021-07-20 19:31:04", "elapsed": 585.739894, "delta": 1.729177}}
{"target": -15.417265174289454, "params": {"C": 6.954233640879212, "epsilon": 3.1822420911340576, "gamma": 0.34679496504515284}, "datetime": {"datetime": "2021-07-20 19:31:06", "elapsed": 587.280794, "delta": 1.5409}}
{"target": -12.938949228982457, "params": {"C": 25.207637192141362, "epsilon": 4.213054963449023, "gamma": 0.1586216723052886}, "datetime": {"datetime": "2021-07-20 19:31:07", "elapsed": 588.589398, "delta": 1.308604}}
{"target": -64.26827016009386, "params": {"C": 29.4155220969108, "epsilon": 4.74572179756479, "gamma": 0.061304691854442504}, "datetime": {"datetime": "2021-07-20 19:31:16", "elapsed": 597.776831, "delta": 9.187433}}
{"target": -16.716074108011323, "params": {"C": 22.619947702104028, "epsilon": 2.371919534589438, "gamma": 0.4445875571520996}, "datetime": {"datetime": "2021-07-20 19:31:18", "elapsed": 599.001323, "delta": 1.224492}}
{"target": -15.2913888666769, "params": {"C": 9.115367285484346, "epsilon": 7.7542952866132575, "gamma": 0.3525779859335027}, "datetime": {"datetime": "2021-07-20 19:31:19", "elapsed": 600.201324, "delta": 1.200001}}
{"target": -13.613691182096968, "params": {"C": 14.117514073526307, "epsilon": 4.249034573394668, "gamma": 0.23608418461854935}, "datetime": {"datetime": "2021-07-20 19:31:20", "elapsed": 601.598343, "delta": 1.397019}}
{"target": -16.424704096544446, "params": {"C": 4.016417936051882, "epsilon": 8.135207072048503, "gamma": 0.41345065210996257}, "datetime": {"datetime": "2021-07-20 19:31:21", "elapsed": 602.834532, "delta": 1.236189}}
{"target": -14.989889483849597, "params": {"C": 7.721365830850572, "epsilon": 7.4291830529510605, "gamma": 0.33320827198778535}, "datetime": {"datetime": "2021-07-20 19:31:23", "elapsed": 604.067535, "delta": 1.233003}}
{"target": -15.908647328328552, "params": {"C": 27.19927204495954, "epsilon": 8.384326126487814, "gamma": 0.37442616819809127}, "datetime": {"datetime": "2021-07-20 19:31:24", "elapsed": 605.1877, "delta": 1.120165}}
{"target": -13.397578355943427, "params": {"C": 17.02056237864379, "epsilon": 3.0204532352362996, "gamma": 0.2116501459026966}, "datetime": {"datetime": "2021-07-20 19:31:25", "elapsed": 606.591735, "delta": 1.404035}}
{"target": -12.987720294225147, "params": {"C": 25.224124880629354, "epsilon": 4.228451652794601, "gamma": 0.16414035710881314}, "datetime": {"datetime": "2021-07-20 19:31:26", "elapsed": 607.967735, "delta": 1.376}}
{"target": -11.520251043147264, "params": {"C": 5.576983747586773, "epsilon": 3.4502687267179946, "gamma": 0.09160561368754734}, "datetime": {"datetime": "2021-07-20 19:31:28", "elapsed": 609.379533, "delta": 1.411798}}
{"target": -10.985574549943303, "params": {"C": 27.142055003435377, "epsilon": 0.5049837606939919, "gamma": 0.05590024563817663}, "datetime": {"datetime": "2021-07-20 19:31:29", "elapsed": 610.701725, "delta": 1.322192}}
{"target": -41.25728317552617, "params": {"C": 20.30975814435204, "epsilon": 5.418606177318507, "gamma": 0.16057135960661167}, "datetime": {"datetime": "2021-07-20 19:31:36", "elapsed": 617.307444, "delta": 6.605719}}
{"target": -76.84014760962341, "params": {"C": 29.68147672806325, "epsilon": 9.341795061264628, "gamma": 0.027700620051680006}, "datetime": {"datetime": "2021-07-20 19:31:50", "elapsed": 631.412448, "delta": 14.105004}}
{"target": -43.52738842451309, "params": {"C": 17.521377327263295, "epsilon": 5.775215003775392, "gamma": 0.13103646091689924}, "datetime": {"datetime": "2021-07-20 19:32:00", "elapsed": 641.00379, "delta": 9.591342}}
{"target": -15.817232824502735, "params": {"C": 6.179389822296113, "epsilon": 6.251952641935532, "gamma": 0.37781417965233294}, "datetime": {"datetime": "2021-07-20 19:32:01", "elapsed": 642.63479, "delta": 1.631}}
{"target": -16.032479524538196, "params": {"C": 27.185236944852754, "epsilon": 8.375846751781733, "gamma": 0.38650531239693886}, "datetime": {"datetime": "2021-07-20 19:32:03", "elapsed": 643.997427, "delta": 1.362637}}
{"target": -12.76925114428228, "params": {"C": 25.92234850313807, "epsilon": 4.327277692666629, "gamma": 0.1401417494385581}, "datetime": {"datetime": "2021-07-20 19:32:04", "elapsed": 645.139246, "delta": 1.141819}}
{"target": -57.46935108486157, "params": {"C": 6.068990108327295, "epsilon": 5.930123489012605, "gamma": 0.07439393111713266}, "datetime": {"datetime": "2021-07-20 19:32:13", "elapsed": 654.371027, "delta": 9.231781}}
{"target": -16.936629099291796, "params": {"C": 14.611273023362871, "epsilon": 8.342972491192507, "gamma": 0.4895293211069244}, "datetime": {"datetime": "2021-07-20 19:32:14", "elapsed": 655.95649, "delta": 1.585463}}
{"target": -14.226952368157573, "params": {"C": 27.434347051553672, "epsilon": 0.4107612210033626, "gamma": 0.236274117701001}, "datetime": {"datetime": "2021-07-20 19:32:16", "elapsed": 657.355643, "delta": 1.399153}}
{"target": -13.694643940769053, "params": {"C": 3.120808301059287, "epsilon": 0.5638879944628239, "gamma": 0.1539812861949369}, "datetime": {"datetime": "2021-07-20 19:32:18", "elapsed": 658.99797, "delta": 1.642327}}
{"target": -53.43073687466696, "params": {"C": 12.40281224614569, "epsilon": 3.1690029404387148, "gamma": 0.07490292142231628}, "datetime": {"datetime": "2021-07-20 19:32:27", "elapsed": 668.278997, "delta": 9.281027}}
{"target": -39.68323183193111, "params": {"C": 29.226521483564987, "epsilon": 7.064120913333585, "gamma": 0.194755933862034}, "datetime": {"datetime": "2021-07-20 19:32:36", "elapsed": 677.067524, "delta": 8.788527}}
