{"target": -10.853806961664572, "params": {"C": 28.035631888665904, "epsilon": 1.0999129075449205, "gamma": 0.02774188371367533}, "datetime": {"datetime": "2021-07-20 21:57:25", "elapsed": 447.730434, "delta": 0.922029}}
{"target": -11.379793014969342, "params": {"C": 24.37243140744436, "epsilon": 0.7428131679433048, "gamma": 0.01115801711956024}, "datetime": {"datetime": "2021-07-20 21:57:26", "elapsed": 448.681914, "delta": 0.95148}}
{"target": -78.38742698667758, "params": {"C": 23.294444280591193, "epsilon": 2.1973646823213393, "gamma": 0.036918205675492255}, "datetime": {"datetime": "2021-07-20 21:57:38", "elapsed": 460.688623, "delta": 12.006709}}
{"target": -11.090603129093195, "params": {"C": 29.779668665141404, "epsilon": 0.6234179563184731, "gamma": 0.013901388456793354}, "datetime": {"datetime": "2021-07-20 21:57:39", "elapsed": 461.513803, "delta": 0.82518}}
{"target": -10.971947614320406, "params": {"C": 24.061290091294765, "epsilon": 0.47906075385582025, "gamma": 0.016213955610988866}, "datetime": {"datetime": "2021-07-20 21:57:40", "elapsed": 462.469724, "delta": 0.955921}}
{"target": -10.775299411579347, "params": {"C": 26.706025284360784, "epsilon": 1.3739727400710333, "gamma": 0.033283814464176116}, "datetime": {"datetime": "2021-07-20 21:57:41", "elapsed": 463.460122, "delta": 0.990398}}
{"target": -10.567671210189102, "params": {"C": 22.173286046236615, "epsilon": 0.9888617038051182, "gamma": 0.02090912918858412}, "datetime": {"datetime": "2021-07-20 21:57:42", "elapsed": 464.352499, "delta": 0.892377}}
{"target": -71.7726572563575, "params": {"C": 22.55111233253613, "epsilon": 2.5650915138109744, "gamma": 0.021554208443444346}, "datetime": {"datetime": "2021-07-20 21:57:53", "elapsed": 476.261116, "delta": 11.908617}}
{"target": -10.857405893479246, "params": {"C": 28.034206592266152, "epsilon": 1.0966577908373167, "gamma": 0.025878882660179924}, "datetime": {"datetime": "2021-07-20 21:57:54", "elapsed": 477.160483, "delta": 0.899367}}
{"target": -72.38558955052916, "params": {"C": 28.22230455611585, "epsilon": 1.5344092628162767, "gamma": 0.038784545602612686}, "datetime": {"datetime": "2021-07-20 21:58:10", "elapsed": 492.65631, "delta": 15.495827}}
{"target": -75.19028872964265, "params": {"C": 24.583378496201433, "epsilon": 2.9139884472649733, "gamma": 0.03233080669163357}, "datetime": {"datetime": "2021-07-20 21:58:23", "elapsed": 505.587194, "delta": 12.930884}}
{"target": -10.841736329495397, "params": {"C": 24.70106942868256, "epsilon": 1.385852883097009, "gamma": 0.027900201010981264}, "datetime": {"datetime": "2021-07-20 21:58:24", "elapsed": 506.662263, "delta": 1.075069}}
{"target": -11.459975616257507, "params": {"C": 21.344676153031617, "epsilon": 2.828185259195156, "gamma": 0.00938832051993389}, "datetime": {"datetime": "2021-07-20 21:58:25", "elapsed": 507.712801, "delta": 1.050538}}
{"target": -72.97496833264142, "params": {"C": 23.18038734944067, "epsilon": 2.457051562529625, "gamma": 0.034727367467944414}, "datetime": {"datetime": "2021-07-20 21:58:37", "elapsed": 519.948547, "delta": 12.235746}}
{"target": -10.769953781338582, "params": {"C": 24.699352249089504, "epsilon": 1.385615114236136, "gamma": 0.0338315829348209}, "datetime": {"datetime": "2021-07-20 21:58:38", "elapsed": 520.922082, "delta": 0.973535}}
{"target": -10.805869742558508, "params": {"C": 28.254129650317783, "epsilon": 0.5356972807937358, "gamma": 0.03189066310981957}, "datetime": {"datetime": "2021-07-20 21:58:39", "elapsed": 521.818354, "delta": 0.896272}}
{"target": -10.748247121308346, "params": {"C": 28.25719531927223, "epsilon": 0.5308986916124282, "gamma": 0.04107567031454684}, "datetime": {"datetime": "2021-07-20 21:58:40", "elapsed": 522.73403, "delta": 0.915676}}
{"target": -11.391067187585637, "params": {"C": 27.238729887258884, "epsilon": 2.253569990017668, "gamma": 0.009976767727581992}, "datetime": {"datetime": "2021-07-20 21:58:41", "elapsed": 523.694826, "delta": 0.960796}}
{"target": -10.750936145383486, "params": {"C": 22.740984415212374, "epsilon": 2.329232924661223, "gamma": 0.017435386344866653}, "datetime": {"datetime": "2021-07-20 21:58:42", "elapsed": 524.714104, "delta": 1.019278}}
{"target": -10.593061321801239, "params": {"C": 23.583892947662292, "epsilon": 0.5771093552904358, "gamma": 0.019273093901056502}, "datetime": {"datetime": "2021-07-20 21:58:43", "elapsed": 525.713361, "delta": 0.999257}}
{"target": -11.284422109022287, "params": {"C": 20.301843325290523, "epsilon": 0.8799199880098658, "gamma": 0.013599843345090176}, "datetime": {"datetime": "2021-07-20 21:58:44", "elapsed": 526.707061, "delta": 0.9937}}
{"target": -70.8774876511164, "params": {"C": 27.92622048750028, "epsilon": 0.5945287556367674, "gamma": 0.041482725630315014}, "datetime": {"datetime": "2021-07-20 21:58:56", "elapsed": 539.249337, "delta": 12.542276}}
{"target": -75.09722350750448, "params": {"C": 29.394943209417818, "epsilon": 2.854809337479051, "gamma": 0.029554097829533423}, "datetime": {"datetime": "2021-07-20 21:59:09", "elapsed": 551.32489, "delta": 12.075553}}
{"target": -11.101033618223907, "params": {"C": 23.900107322342127, "epsilon": 0.29881293091546446, "gamma": 0.015348863380266146}, "datetime": {"datetime": "2021-07-20 21:59:10", "elapsed": 552.34891, "delta": 1.02402}}
{"target": -72.1719253989464, "params": {"C": 26.777715792319814, "epsilon": 1.7348254944754378, "gamma": 0.03261352714554556}, "datetime": {"datetime": "2021-07-20 21:59:22", "elapsed": 564.520139, "delta": 12.171229}}
{"target": -10.782952042390749, "params": {"C": 23.025665314844698, "epsilon": 0.6009598294367763, "gamma": 0.017887395703404002}, "datetime": {"datetime": "2021-07-20 21:59:23", "elapsed": 565.49307, "delta": 0.972931}}
{"target": -71.49832190641216, "params": {"C": 24.776175951646195, "epsilon": 0.79061959486843, "gamma": 0.04243899377322988}, "datetime": {"datetime": "2021-07-20 21:59:35", "elapsed": 577.374176, "delta": 11.881106}}
{"target": -67.57692020042354, "params": {"C": 27.892961144451988, "epsilon": 2.2052499088807256, "gamma": 0.04529488708194705}, "datetime": {"datetime": "2021-07-20 21:59:47", "elapsed": 589.876903, "delta": 12.502727}}
{"target": -75.85250173289224, "params": {"C": 21.517025118642565, "epsilon": 2.8430978349657594, "gamma": 0.030904525593275008}, "datetime": {"datetime": "2021-07-20 21:59:59", "elapsed": 601.48955, "delta": 11.612647}}
{"target": -72.66858515526101, "params": {"C": 24.84108140974229, "epsilon": 1.363289277065709, "gamma": 0.04101200586068781}, "datetime": {"datetime": "2021-07-20 22:00:11", "elapsed": 613.610091, "delta": 12.120541}}
{"target": -10.79336998812262, "params": {"C": 26.549744554581416, "epsilon": 0.8967802840407737, "gamma": 0.03578059432509297}, "datetime": {"datetime": "2021-07-20 22:00:12", "elapsed": 614.641662, "delta": 1.031571}}
{"target": -10.87897920536807, "params": {"C": 23.592975426790957, "epsilon": 0.5718963395382226, "gamma": 0.02838537099598945}, "datetime": {"datetime": "2021-07-20 22:00:13", "elapsed": 615.721122, "delta": 1.07946}}
{"target": -11.068461348156552, "params": {"C": 26.391050616531597, "epsilon": 0.47759210820583736, "gamma": 0.014883485783530444}, "datetime": {"datetime": "2021-07-20 22:00:14", "elapsed": 616.695228, "delta": 0.974106}}
{"target": -10.624632343271475, "params": {"C": 21.865825508497984, "epsilon": 1.174824486559933, "gamma": 0.022478777764542913}, "datetime": {"datetime": "2021-07-20 22:00:15", "elapsed": 617.814226, "delta": 1.118998}}
{"target": -11.28795990619465, "params": {"C": 28.345030097527207, "epsilon": 0.5511174740685465, "gamma": 0.012470427188278451}, "datetime": {"datetime": "2021-07-20 22:00:16", "elapsed": 618.911802, "delta": 1.097576}}
{"target": -10.547368949199216, "params": {"C": 23.985707957000113, "epsilon": 2.0367706534545196, "gamma": 0.020651548390873284}, "datetime": {"datetime": "2021-07-20 22:00:17", "elapsed": 619.887407, "delta": 0.975605}}
{"target": -10.515188670310078, "params": {"C": 20.627595241601547, "epsilon": 2.629325797623679, "gamma": 0.022104622119106056}, "datetime": {"datetime": "2021-07-20 22:00:18", "elapsed": 620.829489, "delta": 0.942082}}
{"target": -10.796217634388498, "params": {"C": 28.25680444414949, "epsilon": 0.5316828826246464, "gamma": 0.03578402087879936}, "datetime": {"datetime": "2021-07-20 22:00:19", "elapsed": 621.876697, "delta": 1.047208}}
{"target": -10.792591641691802, "params": {"C": 28.37710745699723, "epsilon": 1.106979930298286, "gamma": 0.03406096363392651}, "datetime": {"datetime": "2021-07-20 22:00:20", "elapsed": 622.896031, "delta": 1.019334}}
{"target": -11.127057423660203, "params": {"C": 22.94953283052436, "epsilon": 0.2238158661665206, "gamma": 0.01538596091787053}, "datetime": {"datetime": "2021-07-20 22:00:21", "elapsed": 623.892553, "delta": 0.996522}}
{"target": -73.82826930552801, "params": {"C": 29.003101815585296, "epsilon": 2.4817176048985634, "gamma": 0.03643336478388132}, "datetime": {"datetime": "2021-07-20 22:00:33", "elapsed": 636.207246, "delta": 12.314693}}
{"target": -10.801178661869223, "params": {"C": 28.028145086020764, "epsilon": 1.0893263657976506, "gamma": 0.02348195776827092}, "datetime": {"datetime": "2021-07-20 22:00:34", "elapsed": 637.260199, "delta": 1.052953}}
{"target": -69.54295765925032, "params": {"C": 20.772896674569267, "epsilon": 2.5625057219639222, "gamma": 0.04515157995390729}, "datetime": {"datetime": "2021-07-20 22:00:47", "elapsed": 650.1071, "delta": 12.846901}}
{"target": -10.8825747106899, "params": {"C": 21.03851142839548, "epsilon": 0.35964536818859577, "gamma": 0.028620427709563023}, "datetime": {"datetime": "2021-07-20 22:00:48", "elapsed": 651.1537, "delta": 1.0466}}
{"target": -10.810534494799002, "params": {"C": 26.884698541253602, "epsilon": 1.827074255473817, "gamma": 0.02567525642350134}, "datetime": {"datetime": "2021-07-20 22:00:49", "elapsed": 652.1649, "delta": 1.0112}}
{"target": -10.570410800684211, "params": {"C": 29.533226188088307, "epsilon": 1.149950661763315, "gamma": 0.01785005175900782}, "datetime": {"datetime": "2021-07-20 22:00:50", "elapsed": 653.193135, "delta": 1.028235}}
{"target": -11.012529903380264, "params": {"C": 23.88915789903619, "epsilon": 1.539693639831886, "gamma": 0.0155476191012766}, "datetime": {"datetime": "2021-07-20 22:00:51", "elapsed": 654.279943, "delta": 1.086808}}
{"target": -72.89831112098494, "params": {"C": 26.705531344749076, "epsilon": 1.371833899420552, "gamma": 0.035894588982849196}, "datetime": {"datetime": "2021-07-20 22:01:03", "elapsed": 666.222872, "delta": 11.942929}}
{"target": -10.796372729081853, "params": {"C": 26.45336804940021, "epsilon": 0.7728223111562513, "gamma": 0.03599962195561725}, "datetime": {"datetime": "2021-07-20 22:01:04", "elapsed": 667.252992, "delta": 1.03012}}
{"target": -10.967534845559305, "params": {"C": 29.239650753349835, "epsilon": 0.26153793993468555, "gamma": 0.01497225797575219}, "datetime": {"datetime": "2021-07-20 22:01:05", "elapsed": 668.278008, "delta": 1.025016}}
{"target": -11.19096073910791, "params": {"C": 21.76131676835432, "epsilon": 0.7478275962156469, "gamma": 0.0146705216368924}, "datetime": {"datetime": "2021-07-20 22:01:07", "elapsed": 669.331422, "delta": 1.053414}}
{"target": -11.04509608838287, "params": {"C": 29.04204166608121, "epsilon": 0.35037342101042995, "gamma": 0.014489106226241806}, "datetime": {"datetime": "2021-07-20 22:01:08", "elapsed": 670.392438, "delta": 1.061016}}
{"target": -10.637086765773503, "params": {"C": 22.544908054413963, "epsilon": 2.570050554353144, "gamma": 0.018440887194354733}, "datetime": {"datetime": "2021-07-20 22:01:09", "elapsed": 671.544703, "delta": 1.152265}}
{"target": -74.65239919902821, "params": {"C": 29.426596868568918, "epsilon": 1.6659461099960604, "gamma": 0.03693022260675378}, "datetime": {"datetime": "2021-07-20 22:01:20", "elapsed": 682.860612, "delta": 11.315909}}
{"target": -11.109652916068951, "params": {"C": 20.83258220774123, "epsilon": 0.7715310247818354, "gamma": 0.015937292368950577}, "datetime": {"datetime": "2021-07-20 22:01:21", "elapsed": 684.048, "delta": 1.187388}}
{"target": -10.765040215856887, "params": {"C": 29.91610571200352, "epsilon": 1.3231635440031102, "gamma": 0.03437499751834897}, "datetime": {"datetime": "2021-07-20 22:01:22", "elapsed": 685.093097, "delta": 1.045097}}
{"target": -10.855805566930119, "params": {"C": 25.669803664019835, "epsilon": 1.0420553236258383, "gamma": 0.02711756557720226}, "datetime": {"datetime": "2021-07-20 22:01:23", "elapsed": 686.108057, "delta": 1.01496}}
{"target": -73.66585470208108, "params": {"C": 23.188027120386188, "epsilon": 2.4386318674666847, "gamma": 0.037179190212467565}, "datetime": {"datetime": "2021-07-20 22:01:35", "elapsed": 698.081484, "delta": 11.973427}}
{"target": -10.763683145563352, "params": {"C": 21.867274854753372, "epsilon": 1.1666440754605525, "gamma": 0.018215235658290738}, "datetime": {"datetime": "2021-07-20 22:01:37", "elapsed": 699.335189, "delta": 1.253705}}
{"target": -10.515812613677673, "params": {"C": 20.634306027871567, "epsilon": 2.6284565824831163, "gamma": 0.020276000752087422}, "datetime": {"datetime": "2021-07-20 22:01:38", "elapsed": 700.565857, "delta": 1.230668}}
{"target": -10.63726118695454, "params": {"C": 28.13458049598114, "epsilon": 0.4499950579802757, "gamma": 0.017411275605949274}, "datetime": {"datetime": "2021-07-20 22:01:39", "elapsed": 701.643079, "delta": 1.077222}}
{"target": -11.124016091190295, "params": {"C": 24.993641901104784, "epsilon": 0.6497208355249005, "gamma": 0.014607178222692517}, "datetime": {"datetime": "2021-07-20 22:01:40", "elapsed": 702.720612, "delta": 1.077533}}
{"target": -11.155208706052214, "params": {"C": 29.786238000738575, "epsilon": 1.9275854886018478, "gamma": 0.012708824203451593}, "datetime": {"datetime": "2021-07-20 22:01:41", "elapsed": 703.873772, "delta": 1.15316}}
{"target": -10.751430238081742, "params": {"C": 20.40476612123257, "epsilon": 1.6916779036335414, "gamma": 0.026999692631236118}, "datetime": {"datetime": "2021-07-20 22:01:42", "elapsed": 704.936775, "delta": 1.063003}}
{"target": -10.595373421660105, "params": {"C": 25.98814770841622, "epsilon": 0.5140512735099747, "gamma": 0.018778457559939052}, "datetime": {"datetime": "2021-07-20 22:01:43", "elapsed": 706.200796, "delta": 1.264021}}
{"target": -71.10196004743932, "params": {"C": 26.553087600420092, "epsilon": 0.9070471656116086, "gamma": 0.042377497659716906}, "datetime": {"datetime": "2021-07-20 22:02:03", "elapsed": 725.413568, "delta": 19.212772}}
{"target": -10.565386279109715, "params": {"C": 22.163025113991132, "epsilon": 0.9842127379701548, "gamma": 0.02020692479584038}, "datetime": {"datetime": "2021-07-20 22:02:04", "elapsed": 726.63357, "delta": 1.220002}}
{"target": -10.836228093175208, "params": {"C": 21.197491197638623, "epsilon": 2.607562038714732, "gamma": 0.01738882889280608}, "datetime": {"datetime": "2021-07-20 22:02:05", "elapsed": 727.702706, "delta": 1.069136}}
{"target": -73.32401164407729, "params": {"C": 21.99832792456771, "epsilon": 1.040086606621723, "gamma": 0.03933680181821735}, "datetime": {"datetime": "2021-07-20 22:02:13", "elapsed": 735.364262, "delta": 7.661556}}
{"target": -70.87698605237702, "params": {"C": 20.207505681422965, "epsilon": 1.7397673563095621, "gamma": 0.04371985355086431}, "datetime": {"datetime": "2021-07-20 22:02:32", "elapsed": 755.293196, "delta": 19.928934}}
{"target": -10.824836967581312, "params": {"C": 29.554413030358532, "epsilon": 2.0561419033719237, "gamma": 0.027036768517782916}, "datetime": {"datetime": "2021-07-20 22:02:34", "elapsed": 756.523174, "delta": 1.229978}}
{"target": -10.920091645785217, "params": {"C": 22.399481518474044, "epsilon": 0.25028795467361253, "gamma": 0.017248686338604713}, "datetime": {"datetime": "2021-07-20 22:02:35", "elapsed": 757.602425, "delta": 1.079251}}
{"target": -10.792584134187129, "params": {"C": 20.41049092941203, "epsilon": 1.6942257765646889, "gamma": 0.027888779918227732}, "datetime": {"datetime": "2021-07-20 22:02:36", "elapsed": 758.797449, "delta": 1.195024}}
{"target": -10.800879139890347, "params": {"C": 26.698166349838502, "epsilon": 2.075802952347654, "gamma": 0.029049433198698342}, "datetime": {"datetime": "2021-07-20 22:02:37", "elapsed": 759.863035, "delta": 1.065586}}
{"target": -74.44602969215087, "params": {"C": 24.09491965378224, "epsilon": 2.5727805302675493, "gamma": 0.03090703324931269}, "datetime": {"datetime": "2021-07-20 22:02:50", "elapsed": 772.518698, "delta": 12.655663}}
{"target": -10.844183650041602, "params": {"C": 25.671469574945284, "epsilon": 1.0496463863918142, "gamma": 0.028842265919363307}, "datetime": {"datetime": "2021-07-20 22:02:51", "elapsed": 773.874239, "delta": 1.355541}}
{"target": -10.82069016107728, "params": {"C": 25.66710267627558, "epsilon": 1.0376025839531957, "gamma": 0.024948319286758253}, "datetime": {"datetime": "2021-07-20 22:02:52", "elapsed": 775.092862, "delta": 1.218623}}
{"target": -10.771431133914003, "params": {"C": 27.949712049909394, "epsilon": 1.6676340304189563, "gamma": 0.034321482200971844}, "datetime": {"datetime": "2021-07-20 22:02:53", "elapsed": 776.230973, "delta": 1.138111}}
{"target": -10.843411437066301, "params": {"C": 27.948672587934702, "epsilon": 1.6618043756434628, "gamma": 0.027247364403903386}, "datetime": {"datetime": "2021-07-20 22:02:55", "elapsed": 777.447008, "delta": 1.216035}}
{"target": -11.395775612434914, "params": {"C": 29.782170433658223, "epsilon": 1.9263399880143453, "gamma": 0.00984825795214175}, "datetime": {"datetime": "2021-07-20 22:02:56", "elapsed": 778.703549, "delta": 1.256541}}
{"target": -11.388243719685908, "params": {"C": 23.89159254646523, "epsilon": 1.5406312670675761, "gamma": 0.010839632414972327}, "datetime": {"datetime": "2021-07-20 22:02:57", "elapsed": 779.948402, "delta": 1.244853}}
{"target": -74.35392778193263, "params": {"C": 29.965511665175427, "epsilon": 2.8753230321014898, "gamma": 0.02260774131191446}, "datetime": {"datetime": "2021-07-20 22:03:08", "elapsed": 791.027944, "delta": 11.079542}}
{"target": -10.633645851416999, "params": {"C": 20.834157713859117, "epsilon": 0.7681561293565158, "gamma": 0.022781411101032597}, "datetime": {"datetime": "2021-07-20 22:03:09", "elapsed": 792.122428, "delta": 1.094484}}
{"target": -10.83464406468813, "params": {"C": 22.137517371128713, "epsilon": 0.6064251357551256, "gamma": 0.026680627233603545}, "datetime": {"datetime": "2021-07-20 22:03:10", "elapsed": 793.217827, "delta": 1.095399}}
{"target": -72.9735562321182, "params": {"C": 25.758963520890525, "epsilon": 2.5293924219056354, "gamma": 0.04381604863540445}, "datetime": {"datetime": "2021-07-20 22:03:29", "elapsed": 812.252473, "delta": 19.034646}}
{"target": -70.09741776269959, "params": {"C": 22.600145611767687, "epsilon": 2.649720136162166, "gamma": 0.04853283544838887}, "datetime": {"datetime": "2021-07-20 22:03:42", "elapsed": 824.726029, "delta": 12.473556}}
{"target": -10.835894506527728, "params": {"C": 20.40397549887855, "epsilon": 1.6913465934971261, "gamma": 0.030029348058263114}, "datetime": {"datetime": "2021-07-20 22:03:43", "elapsed": 826.049549, "delta": 1.32352}}
{"target": -10.578014889159045, "params": {"C": 24.58334007551362, "epsilon": 2.4988926764001227, "gamma": 0.021247371007385045}, "datetime": {"datetime": "2021-07-20 22:03:44", "elapsed": 827.19576, "delta": 1.146211}}
{"target": -10.568747568526609, "params": {"C": 21.85963694947909, "epsilon": 1.17611216068413, "gamma": 0.01979120781683033}, "datetime": {"datetime": "2021-07-20 22:03:46", "elapsed": 828.595754, "delta": 1.399994}}
{"target": -78.74347551952012, "params": {"C": 28.504727724367477, "epsilon": 2.6398026670555454, "gamma": 0.04000223564799459}, "datetime": {"datetime": "2021-07-20 22:03:58", "elapsed": 840.421883, "delta": 11.826129}}
{"target": -10.589594122270785, "params": {"C": 21.860133180372127, "epsilon": 1.1719115402568536, "gamma": 0.021805459586539726}, "datetime": {"datetime": "2021-07-20 22:03:59", "elapsed": 841.800989, "delta": 1.379106}}
{"target": -75.22331323604504, "params": {"C": 25.331607550095608, "epsilon": 1.9347506505801386, "gamma": 0.03495001030213397}, "datetime": {"datetime": "2021-07-20 22:04:11", "elapsed": 854.295838, "delta": 12.494849}}
{"target": -10.824271310971271, "params": {"C": 28.04080533299406, "epsilon": 1.0969825828589719, "gamma": 0.024521794113739843}, "datetime": {"datetime": "2021-07-20 22:04:13", "elapsed": 855.804751, "delta": 1.508913}}
{"target": -10.76241219014912, "params": {"C": 29.776945855955503, "epsilon": 0.8721343998356195, "gamma": 0.0363172052747153}, "datetime": {"datetime": "2021-07-20 22:04:14", "elapsed": 857.063591, "delta": 1.25884}}
{"target": -10.54398170749451, "params": {"C": 20.666651898647352, "epsilon": 1.62049524746256, "gamma": 0.02049448517296848}, "datetime": {"datetime": "2021-07-20 22:04:16", "elapsed": 858.400003, "delta": 1.336412}}
{"target": -10.869417408468554, "params": {"C": 20.00701395072266, "epsilon": 0.541399858605897, "gamma": 0.029126237915891084}, "datetime": {"datetime": "2021-07-20 22:04:17", "elapsed": 859.6622, "delta": 1.262197}}
{"target": -10.646237008236692, "params": {"C": 20.67389555646651, "epsilon": 1.621199625578603, "gamma": 0.024241489653070606}, "datetime": {"datetime": "2021-07-20 22:04:18", "elapsed": 860.917518, "delta": 1.255318}}
{"target": -10.800500028841013, "params": {"C": 26.697087335943106, "epsilon": 2.0761844398971774, "gamma": 0.025766653668212396}, "datetime": {"datetime": "2021-07-20 22:04:19", "elapsed": 862.205929, "delta": 1.288411}}
{"target": -10.595092916564324, "params": {"C": 22.167212876554018, "epsilon": 0.9898992462864284, "gamma": 0.02162218191884742}, "datetime": {"datetime": "2021-07-20 22:04:21", "elapsed": 863.469931, "delta": 1.264002}}
