{"target": -10.35610975432439, "params": {"C": 12.696662304842487, "epsilon": 3.900467977471103, "gamma": 0.03696570603192729}, "datetime": {"datetime": "2021-07-20 22:51:47", "elapsed": 125.810253, "delta": 1.603675}}
{"target": -10.43596389617984, "params": {"C": 13.150209242566, "epsilon": 3.5684457255884854, "gamma": 0.040557684711268326}, "datetime": {"datetime": "2021-07-20 22:51:48", "elapsed": 126.720243, "delta": 0.90999}}
{"target": -10.303668494095097, "params": {"C": 15.6274168293857, "epsilon": 5.288660141360047, "gamma": 0.03294279265106014}, "datetime": {"datetime": "2021-07-20 22:51:49", "elapsed": 128.070949, "delta": 1.350706}}
{"target": -10.372004787560583, "params": {"C": 12.709427756614195, "epsilon": 3.9009906221622703, "gamma": 0.04001949739455121}, "datetime": {"datetime": "2021-07-20 22:51:50", "elapsed": 129.271287, "delta": 1.200338}}
{"target": -10.352682097652952, "params": {"C": 16.19601988266394, "epsilon": 4.488127244633496, "gamma": 0.034441341260609715}, "datetime": {"datetime": "2021-07-20 22:51:51", "elapsed": 130.116595, "delta": 0.845308}}
{"target": -10.340423646892146, "params": {"C": 15.394186673430353, "epsilon": 4.82158228638496, "gamma": 0.03565307478348946}, "datetime": {"datetime": "2021-07-20 22:51:53", "elapsed": 131.717715, "delta": 1.60112}}
{"target": -10.441361071637287, "params": {"C": 13.149716758504713, "epsilon": 3.581048654682376, "gamma": 0.04074339640155324}, "datetime": {"datetime": "2021-07-20 22:51:54", "elapsed": 133.040198, "delta": 1.322483}}
{"target": -10.57106496600068, "params": {"C": 13.355549741939257, "epsilon": 5.387489704142075, "gamma": 0.030301231090819742}, "datetime": {"datetime": "2021-07-20 22:51:55", "elapsed": 134.345076, "delta": 1.304878}}
{"target": -10.339951500926697, "params": {"C": 15.392536683409269, "epsilon": 4.83104747348779, "gamma": 0.03561519448008925}, "datetime": {"datetime": "2021-07-20 22:51:57", "elapsed": 135.826376, "delta": 1.4813}}
{"target": -98.91419431248917, "params": {"C": 15.390924527445833, "epsilon": 4.825881716319232, "gamma": 0.04414964732717042}, "datetime": {"datetime": "2021-07-20 22:52:18", "elapsed": 156.74363, "delta": 20.917254}}
{"target": -94.80304262313844, "params": {"C": 13.091324951132693, "epsilon": 5.327573625327389, "gamma": 0.038030669018184485}, "datetime": {"datetime": "2021-07-20 22:52:39", "elapsed": 177.574146, "delta": 20.830516}}
{"target": -10.474459463606093, "params": {"C": 12.516006340054174, "epsilon": 3.5485870565533304, "gamma": 0.03554469117316548}, "datetime": {"datetime": "2021-07-20 22:52:40", "elapsed": 178.502098, "delta": 0.927952}}
{"target": -10.553181814420173, "params": {"C": 14.18457803495093, "epsilon": 3.9030285130235125, "gamma": 0.03113648872772991}, "datetime": {"datetime": "2021-07-20 22:52:40", "elapsed": 179.463272, "delta": 0.961174}}
{"target": -10.381590753404701, "params": {"C": 12.21085973319443, "epsilon": 3.703779337969757, "gamma": 0.03752645903006412}, "datetime": {"datetime": "2021-07-20 22:52:41", "elapsed": 180.420151, "delta": 0.956879}}
{"target": -10.335125312077347, "params": {"C": 14.349837378923617, "epsilon": 4.501217020627439, "gamma": 0.03675106007075725}, "datetime": {"datetime": "2021-07-20 22:52:43", "elapsed": 181.496525, "delta": 1.076374}}
{"target": -10.459108787174284, "params": {"C": 12.990495927279945, "epsilon": 4.319680502686521, "gamma": 0.04320055088550609}, "datetime": {"datetime": "2021-07-20 22:52:43", "elapsed": 182.292968, "delta": 0.796443}}
{"target": -10.476473566129307, "params": {"C": 13.143080977333511, "epsilon": 3.8029097653546504, "gamma": 0.04264589278868081}, "datetime": {"datetime": "2021-07-20 22:52:44", "elapsed": 183.452782, "delta": 1.159814}}
{"target": -10.495763722044138, "params": {"C": 16.1694086869942, "epsilon": 3.72247100239057, "gamma": 0.030542973965180492}, "datetime": {"datetime": "2021-07-20 22:52:45", "elapsed": 184.396784, "delta": 0.944002}}
{"target": -10.289237905480602, "params": {"C": 14.659349917676318, "epsilon": 5.436307275181409, "gamma": 0.034203723446617845}, "datetime": {"datetime": "2021-07-20 22:52:46", "elapsed": 185.266249, "delta": 0.869465}}
{"target": -10.47415329990411, "params": {"C": 13.27363505347459, "epsilon": 5.5982742695422605, "gamma": 0.03195985217834811}, "datetime": {"datetime": "2021-07-20 22:52:47", "elapsed": 186.291102, "delta": 1.024853}}
{"target": -10.485505460809238, "params": {"C": 12.705144020001901, "epsilon": 3.9035283145626547, "gamma": 0.04365204056673479}, "datetime": {"datetime": "2021-07-20 22:52:48", "elapsed": 187.352604, "delta": 1.061502}}
{"target": -10.360668659980464, "params": {"C": 14.177509067249117, "epsilon": 3.9029081629647866, "gamma": 0.03684575035968678}, "datetime": {"datetime": "2021-07-20 22:52:49", "elapsed": 188.135901, "delta": 0.783297}}
{"target": -95.73448997880722, "params": {"C": 16.054348602148607, "epsilon": 5.342839771306786, "gamma": 0.04334293496019462}, "datetime": {"datetime": "2021-07-20 22:53:08", "elapsed": 207.315025, "delta": 19.179124}}
{"target": -92.29025798448724, "params": {"C": 13.144270104194373, "epsilon": 3.8017789836396325, "gamma": 0.041268649551661166}, "datetime": {"datetime": "2021-07-20 22:53:28", "elapsed": 226.681983, "delta": 19.366958}}
{"target": -99.97273998397243, "params": {"C": 13.343388745643445, "epsilon": 5.124231510335148, "gamma": 0.03614598934263931}, "datetime": {"datetime": "2021-07-20 22:53:47", "elapsed": 246.430877, "delta": 19.748894}}
{"target": -10.50074326270404, "params": {"C": 12.417567222350733, "epsilon": 3.9258985552601473, "gamma": 0.03446734182588174}, "datetime": {"datetime": "2021-07-20 22:53:48", "elapsed": 247.130696, "delta": 0.699819}}
{"target": -10.616086479059753, "params": {"C": 12.332968786065743, "epsilon": 4.72240332126705, "gamma": 0.031623282931764474}, "datetime": {"datetime": "2021-07-20 22:53:49", "elapsed": 247.920804, "delta": 0.790108}}
{"target": -10.362985190093998, "params": {"C": 13.794316460311618, "epsilon": 3.7438967285485623, "gamma": 0.036660483854952776}, "datetime": {"datetime": "2021-07-20 22:53:50", "elapsed": 248.678109, "delta": 0.757305}}
{"target": -10.438497911873815, "params": {"C": 15.276555574133935, "epsilon": 4.0481900240859465, "gamma": 0.039642757327253926}, "datetime": {"datetime": "2021-07-20 22:53:50", "elapsed": 249.463183, "delta": 0.785074}}
{"target": -98.26097900873766, "params": {"C": 16.95981808850631, "epsilon": 5.630249597081027, "gamma": 0.04357023205187223}, "datetime": {"datetime": "2021-07-20 22:54:05", "elapsed": 263.794949, "delta": 14.331766}}
{"target": -98.00905320798404, "params": {"C": 13.370752467749831, "epsilon": 5.381792475678951, "gamma": 0.034683334421943816}, "datetime": {"datetime": "2021-07-20 22:54:25", "elapsed": 283.597538, "delta": 19.802589}}
{"target": -98.54866603592083, "params": {"C": 12.211019580597744, "epsilon": 5.109865116901779, "gamma": 0.044867550669857384}, "datetime": {"datetime": "2021-07-20 22:54:42", "elapsed": 301.313365, "delta": 17.715827}}
{"target": -10.48899012443654, "params": {"C": 12.293423620560805, "epsilon": 3.4353602850131493, "gamma": 0.042993899435188575}, "datetime": {"datetime": "2021-07-20 22:54:43", "elapsed": 302.43457, "delta": 1.121205}}
{"target": -97.69983809343653, "params": {"C": 12.543197701071655, "epsilon": 5.520072897844512, "gamma": 0.04461944390518143}, "datetime": {"datetime": "2021-07-20 22:55:13", "elapsed": 332.185655, "delta": 29.751085}}
{"target": -10.445487799964383, "params": {"C": 15.277598265131605, "epsilon": 4.048759153984827, "gamma": 0.039965287959663684}, "datetime": {"datetime": "2021-07-20 22:55:14", "elapsed": 333.32249, "delta": 1.136835}}
{"target": -10.37189237531334, "params": {"C": 12.359560772470301, "epsilon": 3.8058788347072485, "gamma": 0.040162242328476615}, "datetime": {"datetime": "2021-07-20 22:55:16", "elapsed": 334.551416, "delta": 1.228926}}
{"target": -10.487423605976788, "params": {"C": 14.99095377343237, "epsilon": 3.6969219447673254, "gamma": 0.03180849863936492}, "datetime": {"datetime": "2021-07-20 22:55:17", "elapsed": 335.513608, "delta": 0.962192}}
{"target": -10.42957650715191, "params": {"C": 12.295510137691641, "epsilon": 3.436054306330877, "gamma": 0.04133334326090627}, "datetime": {"datetime": "2021-07-20 22:55:18", "elapsed": 336.82949, "delta": 1.315882}}
{"target": -10.416457445123436, "params": {"C": 16.762672156566744, "epsilon": 4.046319128628954, "gamma": 0.030819438090666788}, "datetime": {"datetime": "2021-07-20 22:55:19", "elapsed": 337.780926, "delta": 0.951436}}
{"target": -93.47754554104061, "params": {"C": 13.286508889547974, "epsilon": 5.327918682558207, "gamma": 0.039915322617878786}, "datetime": {"datetime": "2021-07-20 22:55:52", "elapsed": 371.02896, "delta": 33.248034}}
{"target": -10.508050353661435, "params": {"C": 12.085052730720472, "epsilon": 4.162637993137614, "gamma": 0.03467399617702502}, "datetime": {"datetime": "2021-07-20 22:55:53", "elapsed": 372.145992, "delta": 1.117032}}
{"target": -10.57748254546929, "params": {"C": 14.18621570372218, "epsilon": 3.9040407988044974, "gamma": 0.030789518458375697}, "datetime": {"datetime": "2021-07-20 22:55:55", "elapsed": 373.550205, "delta": 1.404213}}
{"target": -97.2437578988658, "params": {"C": 13.647222140295597, "epsilon": 5.254695776441244, "gamma": 0.0402139776861557}, "datetime": {"datetime": "2021-07-20 22:56:14", "elapsed": 392.782799, "delta": 19.232594}}
{"target": -10.369064665798316, "params": {"C": 16.8898343325707, "epsilon": 3.7931738165814393, "gamma": 0.03179319089882684}, "datetime": {"datetime": "2021-07-20 22:56:15", "elapsed": 393.819693, "delta": 1.036894}}
{"target": -10.493524265874461, "params": {"C": 14.030645045647383, "epsilon": 3.659127842866119, "gamma": 0.032639252052800806}, "datetime": {"datetime": "2021-07-20 22:56:16", "elapsed": 394.888389, "delta": 1.068696}}
{"target": -10.404431385152924, "params": {"C": 15.353012642180392, "epsilon": 4.490117544351674, "gamma": 0.03888432236494248}, "datetime": {"datetime": "2021-07-20 22:56:17", "elapsed": 396.19098, "delta": 1.302591}}
{"target": -10.43750982078536, "params": {"C": 13.086643023118308, "epsilon": 4.132514439247609, "gamma": 0.03435699848362833}, "datetime": {"datetime": "2021-07-20 22:56:18", "elapsed": 397.168236, "delta": 0.977256}}
{"target": -99.31633339652753, "params": {"C": 13.275556166268064, "epsilon": 5.596156405681619, "gamma": 0.034593003089065}, "datetime": {"datetime": "2021-07-20 22:56:37", "elapsed": 415.954602, "delta": 18.786366}}
{"target": -96.43741404627369, "params": {"C": 14.528612323227062, "epsilon": 5.973866890335999, "gamma": 0.03603671936085216}, "datetime": {"datetime": "2021-07-20 22:56:49", "elapsed": 427.505571, "delta": 11.550969}}
{"target": -97.8590967839592, "params": {"C": 16.111152278057926, "epsilon": 4.639094315472257, "gamma": 0.04089678497656561}, "datetime": {"datetime": "2021-07-20 22:57:01", "elapsed": 439.877945, "delta": 12.372374}}
{"target": -97.02581084777002, "params": {"C": 14.291689248100717, "epsilon": 5.920132129603189, "gamma": 0.038535660984743994}, "datetime": {"datetime": "2021-07-20 22:57:17", "elapsed": 456.233799, "delta": 16.355854}}
{"target": -10.331177120351835, "params": {"C": 14.350534775193047, "epsilon": 4.50114909256211, "gamma": 0.036914717459072606}, "datetime": {"datetime": "2021-07-20 22:57:19", "elapsed": 457.674714, "delta": 1.440915}}
{"target": -10.343118917331138, "params": {"C": 13.084799496886616, "epsilon": 4.1281195704643565, "gamma": 0.03742234610812903}, "datetime": {"datetime": "2021-07-20 22:57:20", "elapsed": 458.876529, "delta": 1.201815}}
{"target": -93.701963865572, "params": {"C": 13.590193674720336, "epsilon": 5.495833593777508, "gamma": 0.03941245151266259}, "datetime": {"datetime": "2021-07-20 22:57:39", "elapsed": 477.489847, "delta": 18.613318}}
{"target": -10.378095495026155, "params": {"C": 14.349676124544752, "epsilon": 4.500928320362126, "gamma": 0.039084725463958865}, "datetime": {"datetime": "2021-07-20 22:57:40", "elapsed": 478.906064, "delta": 1.416217}}
{"target": -87.17331483673118, "params": {"C": 16.12706482515889, "epsilon": 3.7117189035941833, "gamma": 0.038374632845055934}, "datetime": {"datetime": "2021-07-20 22:58:01", "elapsed": 499.822208, "delta": 20.916144}}
{"target": -103.61397288834186, "params": {"C": 15.550878426921598, "epsilon": 4.586378535899486, "gamma": 0.04373575600917839}, "datetime": {"datetime": "2021-07-20 22:58:21", "elapsed": 519.561458, "delta": 19.73925}}
{"target": -10.46641131671068, "params": {"C": 13.135147928163581, "epsilon": 3.8005212370825525, "gamma": 0.042077725737733905}, "datetime": {"datetime": "2021-07-20 22:58:22", "elapsed": 520.668758, "delta": 1.1073}}
{"target": -100.27895523452818, "params": {"C": 12.989593686438782, "epsilon": 4.323850028111892, "gamma": 0.044131723976960274}, "datetime": {"datetime": "2021-07-20 22:58:41", "elapsed": 539.696189, "delta": 19.027431}}
{"target": -96.88844368143388, "params": {"C": 12.702061986080407, "epsilon": 3.779806311074955, "gamma": 0.041294265195203586}, "datetime": {"datetime": "2021-07-20 22:59:02", "elapsed": 561.077589, "delta": 21.3814}}
{"target": -10.665309446071614, "params": {"C": 12.150921662645262, "epsilon": 4.03135427458059, "gamma": 0.031682869516496404}, "datetime": {"datetime": "2021-07-20 22:59:03", "elapsed": 562.276909, "delta": 1.19932}}
{"target": -10.35890977523894, "params": {"C": 12.712729139114824, "epsilon": 3.900833527588711, "gamma": 0.03933587339792813}, "datetime": {"datetime": "2021-07-20 22:59:04", "elapsed": 563.240085, "delta": 0.963176}}
{"target": -10.50933685768611, "params": {"C": 16.891266630381335, "epsilon": 3.7885723508403646, "gamma": 0.03916283032136376}, "datetime": {"datetime": "2021-07-20 22:59:05", "elapsed": 564.318718, "delta": 1.078633}}
{"target": -10.529024409128445, "params": {"C": 13.950053661171063, "epsilon": 3.4917548644215026, "gamma": 0.032322754895219324}, "datetime": {"datetime": "2021-07-20 22:59:07", "elapsed": 565.542936, "delta": 1.224218}}
{"target": -10.44454323560063, "params": {"C": 12.709000114115375, "epsilon": 3.7769700636137515, "gamma": 0.035502345657264296}, "datetime": {"datetime": "2021-07-20 22:59:08", "elapsed": 566.827545, "delta": 1.284609}}
{"target": -10.394297994494913, "params": {"C": 12.294756198143563, "epsilon": 3.438388200353757, "gamma": 0.040347734920612215}, "datetime": {"datetime": "2021-07-20 22:59:09", "elapsed": 567.906742, "delta": 1.079197}}
{"target": -10.477294176743571, "params": {"C": 14.388087975823098, "epsilon": 3.9484324809492564, "gamma": 0.04223377820971824}, "datetime": {"datetime": "2021-07-20 22:59:10", "elapsed": 569.132582, "delta": 1.22584}}
{"target": -97.62233541898053, "params": {"C": 15.946480572225994, "epsilon": 5.2620177725321025, "gamma": 0.043278617225102574}, "datetime": {"datetime": "2021-07-20 22:59:30", "elapsed": 588.982033, "delta": 19.849451}}
{"target": -103.50597294504762, "params": {"C": 12.758512559321282, "epsilon": 5.854305132468205, "gamma": 0.03801385082680793}, "datetime": {"datetime": "2021-07-20 22:59:51", "elapsed": 609.902721, "delta": 20.920688}}
{"target": -98.94007321810209, "params": {"C": 14.420540704871145, "epsilon": 4.4801971858467295, "gamma": 0.041711709461227243}, "datetime": {"datetime": "2021-07-20 23:00:11", "elapsed": 630.204993, "delta": 20.302272}}
{"target": -92.0433833960732, "params": {"C": 16.455634739779764, "epsilon": 5.530527226862303, "gamma": 0.0355155411896586}, "datetime": {"datetime": "2021-07-20 23:00:24", "elapsed": 642.954037, "delta": 12.749044}}
{"target": -10.366737787027724, "params": {"C": 13.796487713395479, "epsilon": 3.7453323152854923, "gamma": 0.03709220890097175}, "datetime": {"datetime": "2021-07-20 23:00:25", "elapsed": 644.344606, "delta": 1.390569}}
{"target": -10.45051198536638, "params": {"C": 15.195525308265799, "epsilon": 3.657764100476849, "gamma": 0.0321524947988526}, "datetime": {"datetime": "2021-07-20 23:00:27", "elapsed": 645.706861, "delta": 1.362255}}
{"target": -10.379422493832093, "params": {"C": 12.081056041853124, "epsilon": 4.163410041923212, "gamma": 0.03730960962016512}, "datetime": {"datetime": "2021-07-20 23:00:28", "elapsed": 646.969167, "delta": 1.262306}}
{"target": -10.354175240729742, "params": {"C": 12.716945852174987, "epsilon": 3.8996071090863027, "gamma": 0.03863807719988691}, "datetime": {"datetime": "2021-07-20 23:00:29", "elapsed": 648.200135, "delta": 1.230968}}
{"target": -10.342302063020256, "params": {"C": 13.992853978500056, "epsilon": 5.105572749636339, "gamma": 0.03426276160641705}, "datetime": {"datetime": "2021-07-20 23:00:30", "elapsed": 649.143829, "delta": 0.943694}}
{"target": -10.289237705884728, "params": {"C": 14.656552203143063, "epsilon": 5.43810163023786, "gamma": 0.034159301411203845}, "datetime": {"datetime": "2021-07-20 23:00:32", "elapsed": 650.508689, "delta": 1.36486}}
{"target": -10.586817567294922, "params": {"C": 12.693982498120919, "epsilon": 3.7890479239777584, "gamma": 0.032544699761094364}, "datetime": {"datetime": "2021-07-20 23:00:33", "elapsed": 651.67871, "delta": 1.170021}}
{"target": -93.59339684091339, "params": {"C": 16.188553728498615, "epsilon": 4.242195649562694, "gamma": 0.03916864523192433}, "datetime": {"datetime": "2021-07-20 23:00:53", "elapsed": 672.458358, "delta": 20.779648}}
{"target": -10.551146250272417, "params": {"C": 13.47476641526218, "epsilon": 3.422114732868912, "gamma": 0.032336327165074584}, "datetime": {"datetime": "2021-07-20 23:00:55", "elapsed": 673.660737, "delta": 1.202379}}
{"target": -10.51836559516899, "params": {"C": 14.08511002351287, "epsilon": 5.798633635278354, "gamma": 0.030001715622260172}, "datetime": {"datetime": "2021-07-20 23:05:50", "elapsed": 0.0, "delta": 0.0}}
{"target": -10.505601208065094, "params": {"C": 13.511662863159199, "epsilon": 5.385664241388322, "gamma": 0.031385078921531966}, "datetime": {"datetime": "2021-07-20 23:05:51", "elapsed": 0.648783, "delta": 0.648783}}
{"target": -101.36049434343082, "params": {"C": 12.931301056888355, "epsilon": 5.528803723470994, "gamma": 0.035951512113460045}, "datetime": {"datetime": "2021-07-20 23:06:08", "elapsed": 17.673595, "delta": 17.024812}}
{"target": -95.89142944049635, "params": {"C": 14.694083670016784, "epsilon": 5.581820050370372, "gamma": 0.04027829250595139}, "datetime": {"datetime": "2021-07-20 23:06:22", "elapsed": 31.787979, "delta": 14.114384}}
{"target": -89.72872789639365, "params": {"C": 13.022261248657587, "epsilon": 5.9122445542014805, "gamma": 0.030410813897968892}, "datetime": {"datetime": "2021-07-20 23:06:35", "elapsed": 44.299516, "delta": 12.511537}}
{"target": -93.51359041414048, "params": {"C": 15.352337550892011, "epsilon": 5.580459457704332, "gamma": 0.03838034742668627}, "datetime": {"datetime": "2021-07-20 23:06:47", "elapsed": 56.69904, "delta": 12.399524}}
{"target": -102.75708152321724, "params": {"C": 12.701934692976169, "epsilon": 5.422633072141113, "gamma": 0.04201116853013305}, "datetime": {"datetime": "2021-07-20 23:06:59", "elapsed": 69.054981, "delta": 12.355941}}
{"target": -94.81711662727544, "params": {"C": 16.841307878596986, "epsilon": 5.5056654082746554, "gamma": 0.04038483923503971}, "datetime": {"datetime": "2021-07-20 23:07:12", "elapsed": 81.929749, "delta": 12.874768}}
{"target": -10.328405874592612, "params": {"C": 16.381945761480193, "epsilon": 5.92411679772277, "gamma": 0.03127566317054667}, "datetime": {"datetime": "2021-07-20 23:07:13", "elapsed": 82.501399, "delta": 0.57165}}
{"target": -103.51426445409702, "params": {"C": 12.195273916164412, "epsilon": 5.40227790208649, "gamma": 0.0431721375514412}, "datetime": {"datetime": "2021-07-20 23:07:24", "elapsed": 93.379225, "delta": 10.877826}}
{"target": -10.510367667215284, "params": {"C": 13.534809245009631, "epsilon": 5.390852616584367, "gamma": 0.03127641369295042}, "datetime": {"datetime": "2021-07-20 23:07:25", "elapsed": 94.344421, "delta": 0.965196}}
{"target": -10.519906922658553, "params": {"C": 14.06065883784231, "epsilon": 5.791954762341864, "gamma": 0.03}, "datetime": {"datetime": "2021-07-20 23:07:26", "elapsed": 95.209862, "delta": 0.865441}}
{"target": -10.351859908459788, "params": {"C": 16.36680704195785, "epsilon": 5.939334955695724, "gamma": 0.030944779178628964}, "datetime": {"datetime": "2021-07-20 23:07:26", "elapsed": 96.121738, "delta": 0.911876}}
{"target": -101.20358881907477, "params": {"C": 13.137574340023347, "epsilon": 5.392024798119516, "gamma": 0.044209551766157505}, "datetime": {"datetime": "2021-07-20 23:07:45", "elapsed": 115.087788, "delta": 18.96605}}
{"target": -10.286616333429336, "params": {"C": 15.6312802594061, "epsilon": 5.804600649972498, "gamma": 0.032920320473734124}, "datetime": {"datetime": "2021-07-20 23:07:46", "elapsed": 115.78005, "delta": 0.692262}}
{"target": -10.30604666379885, "params": {"C": 15.64975928487554, "epsilon": 5.818737694832985, "gamma": 0.03257812028922528}, "datetime": {"datetime": "2021-07-20 23:07:47", "elapsed": 116.682402, "delta": 0.902352}}
{"target": -10.536957844727628, "params": {"C": 13.509926733579627, "epsilon": 5.381837056618864, "gamma": 0.030766508003469254}, "datetime": {"datetime": "2021-07-20 23:07:48", "elapsed": 117.387121, "delta": 0.704719}}
{"target": -99.70518612718988, "params": {"C": 14.443663614374266, "epsilon": 5.885648645087238, "gamma": 0.044686026575468656}, "datetime": {"datetime": "2021-07-20 23:08:04", "elapsed": 133.284307, "delta": 15.897186}}
{"target": -10.307482720301756, "params": {"C": 15.63569237688602, "epsilon": 5.817283966798812, "gamma": 0.03256945311396518}, "datetime": {"datetime": "2021-07-20 23:08:05", "elapsed": 134.391628, "delta": 1.107321}}
{"target": -97.77351707983094, "params": {"C": 15.645192427582286, "epsilon": 5.805254094439824, "gamma": 0.0404034603380223}, "datetime": {"datetime": "2021-07-20 23:08:24", "elapsed": 154.045068, "delta": 19.65344}}
