{"target": -98.5641290107257, "params": {"C": 11.020310488750528, "epsilon": 4.6916562511039945, "gamma": 0.06903835090225036}, "datetime": {"datetime": "2021-07-20 20:55:49", "elapsed": 983.907053, "delta": 17.028704}}
{"target": -93.19161901037944, "params": {"C": 34.35253899564594, "epsilon": 8.765286477529724, "gamma": 0.06005228618409951}, "datetime": {"datetime": "2021-07-20 20:56:03", "elapsed": 997.881501, "delta": 13.974448}}
{"target": -96.00584679809435, "params": {"C": 31.837190747221147, "epsilon": 8.26700797212303, "gamma": 0.05319434752112673}, "datetime": {"datetime": "2021-07-20 20:56:13", "elapsed": 1007.309841, "delta": 9.42834}}
{"target": -59.17423391073161, "params": {"C": 48.00644611516064, "epsilon": 7.465042564454748, "gamma": 0.009244403780267443}, "datetime": {"datetime": "2021-07-20 20:56:22", "elapsed": 1016.482979, "delta": 9.173138}}
{"target": -94.1252476275286, "params": {"C": 18.80667467220298, "epsilon": 22.24780049612332, "gamma": 0.06745806475442426}, "datetime": {"datetime": "2021-07-20 20:56:37", "elapsed": 1031.596354, "delta": 15.113375}}
{"target": -98.55219647463856, "params": {"C": 8.714442938051958, "epsilon": 8.806735928537327, "gamma": 0.03391357553296013}, "datetime": {"datetime": "2021-07-20 20:56:50", "elapsed": 1044.500921, "delta": 12.904567}}
{"target": -78.35230721646845, "params": {"C": 11.622421882294176, "epsilon": 16.42070446069191, "gamma": 0.017923023987063733}, "datetime": {"datetime": "2021-07-20 20:57:04", "elapsed": 1058.39015, "delta": 13.889229}}
{"target": -88.82427825575222, "params": {"C": 21.83666597848302, "epsilon": 21.403202436720346, "gamma": 0.06936945719139649}, "datetime": {"datetime": "2021-07-20 20:57:18", "elapsed": 1072.610794, "delta": 14.220644}}
{"target": -78.40275080032544, "params": {"C": 49.0746083935939, "epsilon": 4.545108753568217, "gamma": 0.015476421752491757}, "datetime": {"datetime": "2021-07-20 20:57:26", "elapsed": 1081.097045, "delta": 8.486251}}
{"target": -10.84714326724258, "params": {"C": 25.057418383438012, "epsilon": 2.9989400029057314, "gamma": 0.020891213137925153}, "datetime": {"datetime": "2021-07-20 20:57:27", "elapsed": 1081.756045, "delta": 0.659}}
{"target": -96.50724138561858, "params": {"C": 15.755794789112663, "epsilon": 26.892209177438623, "gamma": 0.054094654719471155}, "datetime": {"datetime": "2021-07-20 20:57:42", "elapsed": 1096.647923, "delta": 14.891878}}
{"target": -98.38924763863689, "params": {"C": 17.12780139419379, "epsilon": 8.45927232039839, "gamma": 0.03188479029522136}, "datetime": {"datetime": "2021-07-20 20:57:51", "elapsed": 1105.917542, "delta": 9.269619}}
{"target": -11.971252069302732, "params": {"C": 14.439335843965583, "epsilon": 0.46622571932160844, "gamma": 0.09614653225367376}, "datetime": {"datetime": "2021-07-20 20:57:52", "elapsed": 1106.548549, "delta": 0.631007}}
{"target": -96.76884130423981, "params": {"C": 29.240343515107323, "epsilon": 29.69856463122177, "gamma": 0.042635003909453836}, "datetime": {"datetime": "2021-07-20 20:58:06", "elapsed": 1120.6272, "delta": 14.078651}}
{"target": -94.30107008591882, "params": {"C": 42.53367913568658, "epsilon": 14.302476354235765, "gamma": 0.07373942385001994}, "datetime": {"datetime": "2021-07-20 20:58:20", "elapsed": 1135.010888, "delta": 14.383688}}
{"target": -99.83861678424574, "params": {"C": 27.25018968404603, "epsilon": 29.078754833384483, "gamma": 0.05862823030236154}, "datetime": {"datetime": "2021-07-20 20:58:35", "elapsed": 1149.418412, "delta": 14.407524}}
{"target": -80.7968743525049, "params": {"C": 24.514527937526367, "epsilon": 20.499494797630017, "gamma": 0.017266719901863542}, "datetime": {"datetime": "2021-07-20 20:58:45", "elapsed": 1159.30082, "delta": 9.882408}}
{"target": -42.645660285373275, "params": {"C": 13.647639842732799, "epsilon": 28.159741401165256, "gamma": 0.004909238290576916}, "datetime": {"datetime": "2021-07-20 20:58:59", "elapsed": 1173.343236, "delta": 14.042416}}
{"target": -96.22926426959809, "params": {"C": 21.35762686765082, "epsilon": 24.184634414379804, "gamma": 0.06423968968104059}, "datetime": {"datetime": "2021-07-20 20:59:13", "elapsed": 1187.913853, "delta": 14.570617}}
{"target": -95.16620717065616, "params": {"C": 15.42449760828547, "epsilon": 6.284308853286211, "gamma": 0.0549376410634316}, "datetime": {"datetime": "2021-07-20 20:59:26", "elapsed": 1201.035247, "delta": 13.121394}}
{"target": -94.68162391529906, "params": {"C": 42.667344531334685, "epsilon": 3.605557661072906, "gamma": 0.05759765020835801}, "datetime": {"datetime": "2021-07-20 20:59:32", "elapsed": 1206.943156, "delta": 5.907909}}
{"target": -81.83117851495939, "params": {"C": 37.82737878614142, "epsilon": 13.694420112163687, "gamma": 0.09190883845874169}, "datetime": {"datetime": "2021-07-20 20:59:47", "elapsed": 1221.242405, "delta": 14.299249}}
{"target": -83.4970093226175, "params": {"C": 29.478296126056254, "epsilon": 21.325584068640936, "gamma": 0.09357165694671214}, "datetime": {"datetime": "2021-07-20 21:00:01", "elapsed": 1235.558776, "delta": 14.316371}}
{"target": -91.947137967191, "params": {"C": 33.02120083602556, "epsilon": 28.512927744814235, "gamma": 0.06103472597232494}, "datetime": {"datetime": "2021-07-20 21:00:15", "elapsed": 1249.336874, "delta": 13.778098}}
{"target": -97.25118978678327, "params": {"C": 42.906006935960264, "epsilon": 25.21149847959482, "gamma": 0.05559894088579005}, "datetime": {"datetime": "2021-07-20 21:00:28", "elapsed": 1263.135585, "delta": 13.798711}}
{"target": -11.559400678875317, "params": {"C": 9.267741966220196, "epsilon": 7.292428728719956, "gamma": 0.014770364905576998}, "datetime": {"datetime": "2021-07-20 21:00:29", "elapsed": 1263.790123, "delta": 0.654538}}
{"target": -89.75262809221182, "params": {"C": 41.29012604750118, "epsilon": 4.2356847791238055, "gamma": 0.0800571136709815}, "datetime": {"datetime": "2021-07-20 21:00:43", "elapsed": 1277.244499, "delta": 13.454376}}
{"target": -96.23652264472908, "params": {"C": 36.3224275509303, "epsilon": 22.14862115266127, "gamma": 0.042222751308829506}, "datetime": {"datetime": "2021-07-20 21:00:56", "elapsed": 1290.499596, "delta": 13.255097}}
{"target": -11.103072904504408, "params": {"C": 24.38045075383693, "epsilon": 1.0683570707695638, "gamma": 0.018865631329403665}, "datetime": {"datetime": "2021-07-20 21:00:56", "elapsed": 1291.178632, "delta": 0.679036}}
{"target": -12.78553823619985, "params": {"C": 9.067604520492285, "epsilon": 1.0930307258498777, "gamma": 0.006863193460077592}, "datetime": {"datetime": "2021-07-20 21:00:57", "elapsed": 1291.837819, "delta": 0.659187}}
{"target": -64.87981165892442, "params": {"C": 24.41348758970045, "epsilon": 5.54982012089837, "gamma": 0.012030932548867107}, "datetime": {"datetime": "2021-07-20 21:01:05", "elapsed": 1300.094351, "delta": 8.256532}}
{"target": -82.518110224438, "params": {"C": 28.059938996914024, "epsilon": 6.335957732180078, "gamma": 0.0822961805421968}, "datetime": {"datetime": "2021-07-20 21:01:20", "elapsed": 1314.87685, "delta": 14.782499}}
{"target": -85.58847151185361, "params": {"C": 41.150436806698345, "epsilon": 21.48765884547606, "gamma": 0.0889831502406565}, "datetime": {"datetime": "2021-07-20 21:01:34", "elapsed": 1329.124475, "delta": 14.247625}}
{"target": -99.51475359774369, "params": {"C": 14.371505498298774, "epsilon": 28.31946573950826, "gamma": 0.05528864529157075}, "datetime": {"datetime": "2021-07-20 21:01:48", "elapsed": 1343.149849, "delta": 14.025374}}
{"target": -92.59435259718319, "params": {"C": 28.33254192091762, "epsilon": 12.469659078285934, "gamma": 0.07895494055185438}, "datetime": {"datetime": "2021-07-20 21:02:02", "elapsed": 1356.925594, "delta": 13.775745}}
{"target": -94.15153922898301, "params": {"C": 45.427331814150016, "epsilon": 24.584812128307878, "gamma": 0.03929946361381503}, "datetime": {"datetime": "2021-07-20 21:02:15", "elapsed": 1369.581902, "delta": 12.656308}}
{"target": -96.48583486371794, "params": {"C": 19.690423479239424, "epsilon": 23.43740200205117, "gamma": 0.05281940215389011}, "datetime": {"datetime": "2021-07-20 21:02:29", "elapsed": 1383.353121, "delta": 13.771219}}
{"target": -76.90773797212059, "params": {"C": 34.842412589432705, "epsilon": 2.9832097589618076, "gamma": 0.017775966712656653}, "datetime": {"datetime": "2021-07-20 21:02:37", "elapsed": 1392.023333, "delta": 8.670212}}
{"target": -103.19499707427528, "params": {"C": 35.80944749810829, "epsilon": 25.865262312796457, "gamma": 0.056328378848428146}, "datetime": {"datetime": "2021-07-20 21:02:51", "elapsed": 1405.553373, "delta": 13.53004}}
{"target": -88.15909535861097, "params": {"C": 42.25643300368871, "epsilon": 12.883513087386255, "gamma": 0.08833304507046744}, "datetime": {"datetime": "2021-07-20 21:03:05", "elapsed": 1419.435122, "delta": 13.881749}}
{"target": -92.07164571825534, "params": {"C": 24.73997341940047, "epsilon": 19.683125677536086, "gamma": 0.03128167428106915}, "datetime": {"datetime": "2021-07-20 21:03:18", "elapsed": 1432.780864, "delta": 13.345742}}
{"target": -93.2183039456507, "params": {"C": 10.635900014726499, "epsilon": 26.02981452526219, "gamma": 0.03468399325449223}, "datetime": {"datetime": "2021-07-20 21:03:32", "elapsed": 1446.896717, "delta": 14.115853}}
{"target": -82.4977007116561, "params": {"C": 25.06337289605877, "epsilon": 15.7068092238183, "gamma": 0.09535736701231848}, "datetime": {"datetime": "2021-07-20 21:03:47", "elapsed": 1461.348231, "delta": 14.451514}}
{"target": -93.49898163443703, "params": {"C": 43.18385131938836, "epsilon": 9.724402896302, "gamma": 0.06267932948431572}, "datetime": {"datetime": "2021-07-20 21:04:00", "elapsed": 1474.684169, "delta": 13.335938}}
{"target": -11.25266370790802, "params": {"C": 20.388037888202312, "epsilon": 0.26508493797641175, "gamma": 0.01895249385647734}, "datetime": {"datetime": "2021-07-20 21:04:01", "elapsed": 1475.461169, "delta": 0.777}}
{"target": -95.37959664252081, "params": {"C": 45.81302762545824, "epsilon": 24.44882534675283, "gamma": 0.06823421998177089}, "datetime": {"datetime": "2021-07-20 21:04:14", "elapsed": 1488.797827, "delta": 13.336658}}
{"target": -91.97030984171964, "params": {"C": 10.364502374916357, "epsilon": 20.20366257404566, "gamma": 0.08731874578388335}, "datetime": {"datetime": "2021-07-20 21:04:29", "elapsed": 1503.289165, "delta": 14.491338}}
{"target": -82.23391173859974, "params": {"C": 11.24616603319093, "epsilon": 25.314123786320724, "gamma": 0.08864760184329512}, "datetime": {"datetime": "2021-07-20 21:04:43", "elapsed": 1518.148224, "delta": 14.859059}}
{"target": -87.87309591674031, "params": {"C": 42.37722091512973, "epsilon": 26.013171856856182, "gamma": 0.09530979000212535}, "datetime": {"datetime": "2021-07-20 21:04:57", "elapsed": 1532.155131, "delta": 14.006907}}
{"target": -101.0108824634513, "params": {"C": 36.915733873265125, "epsilon": 17.43712747202135, "gamma": 0.043044502845271435}, "datetime": {"datetime": "2021-07-20 21:05:11", "elapsed": 1545.207035, "delta": 13.051904}}
{"target": -89.95059541026335, "params": {"C": 48.039549989970894, "epsilon": 10.184650123672077, "gamma": 0.024722072411335384}, "datetime": {"datetime": "2021-07-20 21:05:19", "elapsed": 1553.817609, "delta": 8.610574}}
{"target": -86.67558962516513, "params": {"C": 24.33446317595199, "epsilon": 14.35907580662795, "gamma": 0.019331010578598873}, "datetime": {"datetime": "2021-07-20 21:05:28", "elapsed": 1562.604364, "delta": 8.786755}}
{"target": -85.49366518376593, "params": {"C": 40.710367569051776, "epsilon": 28.35371751050156, "gamma": 0.06824338205263521}, "datetime": {"datetime": "2021-07-20 21:05:42", "elapsed": 1576.505763, "delta": 13.901399}}
{"target": -94.16356205839728, "params": {"C": 35.10414580748089, "epsilon": 6.145336111277135, "gamma": 0.06721862701803064}, "datetime": {"datetime": "2021-07-20 21:05:56", "elapsed": 1590.412639, "delta": 13.906876}}
{"target": -11.03718673508845, "params": {"C": 46.806533164069315, "epsilon": 0.6691152923718641, "gamma": 0.01798382355298074}, "datetime": {"datetime": "2021-07-20 21:05:56", "elapsed": 1591.136164, "delta": 0.723525}}
{"target": -11.259096350819908, "params": {"C": 15.397530427088146, "epsilon": 5.877624860895447, "gamma": 0.017277318954674888}, "datetime": {"datetime": "2021-07-20 21:05:57", "elapsed": 1591.920161, "delta": 0.783997}}
{"target": -11.051678614668239, "params": {"C": 45.97657499754108, "epsilon": 1.6206067486081406, "gamma": 0.016852541407785693}, "datetime": {"datetime": "2021-07-20 21:05:58", "elapsed": 1592.70116, "delta": 0.780999}}
{"target": -84.75463436140977, "params": {"C": 38.0949299428479, "epsilon": 16.957920828982495, "gamma": 0.08723335207847467}, "datetime": {"datetime": "2021-07-20 21:06:13", "elapsed": 1607.293171, "delta": 14.592011}}
{"target": -91.91320470801988, "params": {"C": 47.59170684798946, "epsilon": 15.71132994242209, "gamma": 0.06939759439630153}, "datetime": {"datetime": "2021-07-20 21:06:26", "elapsed": 1620.981817, "delta": 13.688646}}
{"target": -89.89720301880236, "params": {"C": 36.225305742304556, "epsilon": 6.07174432704101, "gamma": 0.07589568552814543}, "datetime": {"datetime": "2021-07-20 21:06:40", "elapsed": 1634.67122, "delta": 13.689403}}
{"target": -87.66516789719488, "params": {"C": 49.64764399041479, "epsilon": 12.039883815947599, "gamma": 0.06341462833564639}, "datetime": {"datetime": "2021-07-20 21:06:53", "elapsed": 1648.159032, "delta": 13.487812}}
{"target": -96.07248868965488, "params": {"C": 31.8131753888833, "epsilon": 9.029013984121033, "gamma": 0.046421616961254075}, "datetime": {"datetime": "2021-07-20 21:07:02", "elapsed": 1657.040794, "delta": 8.881762}}
{"target": -95.71716033752985, "params": {"C": 21.38971390562199, "epsilon": 23.98734632333067, "gamma": 0.06998054293650942}, "datetime": {"datetime": "2021-07-20 21:07:16", "elapsed": 1671.141359, "delta": 14.100565}}
{"target": -91.99170234481376, "params": {"C": 18.19007161385104, "epsilon": 26.582567087219644, "gamma": 0.03555072058757376}, "datetime": {"datetime": "2021-07-20 21:07:30", "elapsed": 1684.894788, "delta": 13.753429}}
{"target": -89.11452057296722, "params": {"C": 37.78608081005414, "epsilon": 4.824380082156574, "gamma": 0.09298206197319221}, "datetime": {"datetime": "2021-07-20 21:07:45", "elapsed": 1699.4041, "delta": 14.509312}}
{"target": -86.83598029899903, "params": {"C": 42.1652380831208, "epsilon": 2.68762563886731, "gamma": 0.023694694101734887}, "datetime": {"datetime": "2021-07-20 21:07:53", "elapsed": 1708.150522, "delta": 8.746422}}
{"target": -10.946230248615755, "params": {"C": 28.97329598464009, "epsilon": 4.826831377639916, "gamma": 0.017129002667767845}, "datetime": {"datetime": "2021-07-20 21:07:54", "elapsed": 1708.967123, "delta": 0.816601}}
{"target": -66.34112669028033, "params": {"C": 49.10219960310201, "epsilon": 18.513674572560507, "gamma": 0.012684076183691535}, "datetime": {"datetime": "2021-07-20 21:08:03", "elapsed": 1718.103308, "delta": 9.136185}}
{"target": -98.22198958740398, "params": {"C": 9.700017709176791, "epsilon": 15.986935832132112, "gamma": 0.0461456217706992}, "datetime": {"datetime": "2021-07-20 21:08:17", "elapsed": 1732.085112, "delta": 13.981804}}
{"target": -87.32038430692354, "params": {"C": 28.04835548855077, "epsilon": 29.276030301042535, "gamma": 0.0913130866414061}, "datetime": {"datetime": "2021-07-20 21:08:32", "elapsed": 1746.514462, "delta": 14.42935}}
{"target": -92.81227345807636, "params": {"C": 17.14381745545473, "epsilon": 26.157431859657844, "gamma": 0.024862731579064615}, "datetime": {"datetime": "2021-07-20 21:08:46", "elapsed": 1760.259883, "delta": 13.745421}}
{"target": -84.67214142033285, "params": {"C": 40.70904827105931, "epsilon": 16.63938789547569, "gamma": 0.0854283233020682}, "datetime": {"datetime": "2021-07-20 21:09:00", "elapsed": 1774.395086, "delta": 14.135203}}
{"target": -87.64780007499787, "params": {"C": 13.02946303008222, "epsilon": 25.79670912180529, "gamma": 0.023642135944131316}, "datetime": {"datetime": "2021-07-20 21:09:14", "elapsed": 1788.508633, "delta": 14.113547}}
{"target": -90.37252571690111, "params": {"C": 16.39297728318438, "epsilon": 9.007927618780524, "gamma": 0.07503251157436258}, "datetime": {"datetime": "2021-07-20 21:09:28", "elapsed": 1802.994079, "delta": 14.485446}}
{"target": -92.9458805010393, "params": {"C": 8.871523861976456, "epsilon": 16.50200821990135, "gamma": 0.08529526685080423}, "datetime": {"datetime": "2021-07-20 21:09:43", "elapsed": 1817.384756, "delta": 14.390677}}
{"target": -71.58792257117398, "params": {"C": 25.086866538276915, "epsilon": 22.025100564421646, "gamma": 0.014028523069062986}, "datetime": {"datetime": "2021-07-20 21:09:52", "elapsed": 1826.18472, "delta": 8.799964}}
{"target": -11.038735637402624, "params": {"C": 18.077822377590977, "epsilon": 0.5486199145220142, "gamma": 0.023313997280635424}, "datetime": {"datetime": "2021-07-20 21:09:52", "elapsed": 1826.954726, "delta": 0.770006}}
{"target": -91.12393109903564, "params": {"C": 19.09817055196664, "epsilon": 14.79753749654275, "gamma": 0.06246439144242358}, "datetime": {"datetime": "2021-07-20 21:10:07", "elapsed": 1841.495808, "delta": 14.541082}}
{"target": -95.7052816662053, "params": {"C": 36.13229866932171, "epsilon": 20.101189478895055, "gamma": 0.05094501431890344}, "datetime": {"datetime": "2021-07-20 21:10:20", "elapsed": 1854.73504, "delta": 13.239232}}
{"target": -95.12085821561357, "params": {"C": 25.198662545885405, "epsilon": 25.424174322401356, "gamma": 0.055294516876439465}, "datetime": {"datetime": "2021-07-20 21:10:34", "elapsed": 1868.785978, "delta": 14.050938}}
{"target": -62.054435285245944, "params": {"C": 11.519971600007231, "epsilon": 27.54633196355383, "gamma": 0.01079493709632812}, "datetime": {"datetime": "2021-07-20 21:10:48", "elapsed": 1882.751296, "delta": 13.965318}}
{"target": -82.9509025135851, "params": {"C": 30.22250534339787, "epsilon": 4.253222520838718, "gamma": 0.09319873647558834}, "datetime": {"datetime": "2021-07-20 21:10:57", "elapsed": 1891.814589, "delta": 9.063293}}
{"target": -97.64630279069634, "params": {"C": 41.38879060961946, "epsilon": 15.72940877580875, "gamma": 0.06328932417788528}, "datetime": {"datetime": "2021-07-20 21:11:10", "elapsed": 1904.855229, "delta": 13.04064}}
{"target": -84.74877624634208, "params": {"C": 32.51121495742391, "epsilon": 16.148379886062415, "gamma": 0.024240314616898934}, "datetime": {"datetime": "2021-07-20 21:11:19", "elapsed": 1913.774344, "delta": 8.919115}}
{"target": -97.22438110121135, "params": {"C": 36.553789642245036, "epsilon": 13.35123793070725, "gamma": 0.03582793373111638}, "datetime": {"datetime": "2021-07-20 21:11:28", "elapsed": 1922.689891, "delta": 8.915547}}
{"target": -65.46979672755835, "params": {"C": 9.281728334754835, "epsilon": 22.66766860892137, "gamma": 0.011861724001465302}, "datetime": {"datetime": "2021-07-20 21:11:42", "elapsed": 1936.38302, "delta": 13.693129}}
{"target": -92.37058847521934, "params": {"C": 49.85514899373678, "epsilon": 28.664620618829886, "gamma": 0.03586202843765336}, "datetime": {"datetime": "2021-07-20 21:11:55", "elapsed": 1949.21888, "delta": 12.83586}}
{"target": -98.80008497855871, "params": {"C": 10.202872576998102, "epsilon": 23.633860632172226, "gamma": 0.03647189252296075}, "datetime": {"datetime": "2021-07-20 21:12:09", "elapsed": 1963.327529, "delta": 14.108649}}
{"target": -99.71932571947306, "params": {"C": 16.97757295874059, "epsilon": 4.363103507605792, "gamma": 0.04539854181526684}, "datetime": {"datetime": "2021-07-20 21:12:18", "elapsed": 1972.218608, "delta": 8.891079}}
{"target": -88.71341841620266, "params": {"C": 32.187646787740206, "epsilon": 24.959456690339287, "gamma": 0.08552050412192261}, "datetime": {"datetime": "2021-07-20 21:12:32", "elapsed": 1986.538649, "delta": 14.320041}}
{"target": -80.89310747590751, "params": {"C": 18.92061156942429, "epsilon": 26.248252458394052, "gamma": 0.09656468787915443}, "datetime": {"datetime": "2021-07-20 21:12:46", "elapsed": 2000.996414, "delta": 14.457765}}
{"target": -95.41721854605329, "params": {"C": 47.44559550522347, "epsilon": 5.304763816674455, "gamma": 0.026786899322883147}, "datetime": {"datetime": "2021-07-20 21:12:55", "elapsed": 2009.508697, "delta": 8.512283}}
{"target": -92.68617175754358, "params": {"C": 27.25002831715721, "epsilon": 24.63278263044274, "gamma": 0.032676771139243034}, "datetime": {"datetime": "2021-07-20 21:13:09", "elapsed": 2023.888592, "delta": 14.379895}}
{"target": -83.09271758595196, "params": {"C": 26.006858824025986, "epsilon": 22.259016307597534, "gamma": 0.08967812589360487}, "datetime": {"datetime": "2021-07-20 21:13:24", "elapsed": 2038.410214, "delta": 14.521622}}
{"target": -87.29764890829811, "params": {"C": 43.71985644234341, "epsilon": 26.142029280355647, "gamma": 0.07659060054164588}, "datetime": {"datetime": "2021-07-20 21:13:38", "elapsed": 2052.602748, "delta": 14.192534}}
{"target": -11.274667921224786, "params": {"C": 29.983696607888355, "epsilon": 0.4122399603937884, "gamma": 0.01568002408257911}, "datetime": {"datetime": "2021-07-20 21:13:39", "elapsed": 2053.483995, "delta": 0.881247}}
{"target": -94.08745898142978, "params": {"C": 30.39275171040155, "epsilon": 18.590418575320843, "gamma": 0.06476099973182588}, "datetime": {"datetime": "2021-07-20 21:13:53", "elapsed": 2067.681685, "delta": 14.19769}}
{"target": -93.96143547073152, "params": {"C": 15.39112793244997, "epsilon": 18.137486606012054, "gamma": 0.05509329262626965}, "datetime": {"datetime": "2021-07-20 21:14:07", "elapsed": 2082.05792, "delta": 14.376235}}
{"target": -87.50002386064753, "params": {"C": 49.06317259501311, "epsilon": 7.209039518239367, "gamma": 0.0679622367407968}, "datetime": {"datetime": "2021-07-20 21:14:21", "elapsed": 2095.280439, "delta": 13.222519}}
