{"target": -69.63570943152952, "params": {"C": 6.527684852663612, "epsilon": 8.45927232039839, "gamma": 0.145942816222036}, "datetime": {"datetime": "2021-07-20 19:27:55", "elapsed": 708.913832, "delta": 8.833395}}
{"target": -15.851722936264121, "params": {"C": 4.607992427631616, "epsilon": 0.46622571932160844, "gamma": 0.47996999577690835}, "datetime": {"datetime": "2021-07-20 19:27:56", "elapsed": 709.447832, "delta": 0.534}}
{"target": -55.37781093857001, "params": {"C": 15.17661671471592, "epsilon": 29.69856463122177, "gamma": 0.2018215307376819}, "datetime": {"datetime": "2021-07-20 19:28:05", "elapsed": 718.478849, "delta": 9.031017}}
{"target": -38.29409310485379, "params": {"C": 24.668691363791446, "epsilon": 14.302476354235765, "gamma": 0.3634997135537495}, "datetime": {"datetime": "2021-07-20 19:28:11", "elapsed": 724.758498, "delta": 6.279649}}
{"target": -46.98599326735571, "params": {"C": 13.755552110108106, "epsilon": 29.078754833384483, "gamma": 0.2849529887591501}, "datetime": {"datetime": "2021-07-20 19:28:20", "elapsed": 733.679323, "delta": 8.920825}}
{"target": -91.1086167493869, "params": {"C": 11.80215935348609, "epsilon": 20.499494797630017, "gamma": 0.06995930448989487}, "datetime": {"datetime": "2021-07-20 19:28:35", "elapsed": 748.239755, "delta": 14.560432}}
{"target": -45.11039069337534, "params": {"C": 4.042683782941824, "epsilon": 28.159741401165256, "gamma": 0.005726144864561259}, "datetime": {"datetime": "2021-07-20 19:28:48", "elapsed": 761.945711, "delta": 13.705956}}
{"target": -42.990287731201065, "params": {"C": 9.547981660972571, "epsilon": 24.184634414379804, "gamma": 0.31412088698790885}, "datetime": {"datetime": "2021-07-20 19:28:58", "elapsed": 771.076336, "delta": 9.130625}}
{"target": -13.706915531915126, "params": {"C": 5.3114448398209815, "epsilon": 6.284308853286211, "gamma": 0.2657696134442955}, "datetime": {"datetime": "2021-07-20 19:28:58", "elapsed": 771.648338, "delta": 0.572002}}
{"target": -13.907292310766394, "params": {"C": 24.764134821303028, "epsilon": 3.605557661072906, "gamma": 0.27959611931219425}, "datetime": {"datetime": "2021-07-20 19:28:59", "elapsed": 772.21101, "delta": 0.562672}}
{"target": -35.95665510911893, "params": {"C": 21.30816880467574, "epsilon": 13.694420112163687, "gamma": 0.45794281657200103}, "datetime": {"datetime": "2021-07-20 19:29:07", "elapsed": 780.902133, "delta": 8.691123}}
{"target": -36.13469610929792, "params": {"C": 15.346526210010166, "epsilon": 21.325584068640936, "gamma": 0.4665860085042642}, "datetime": {"datetime": "2021-07-20 19:29:16", "elapsed": 789.843322, "delta": 8.941189}}
{"target": -43.620530885569465, "params": {"C": 17.876328882676347, "epsilon": 28.512927744814235, "gamma": 0.297461752710314}, "datetime": {"datetime": "2021-07-20 19:29:25", "elapsed": 798.680386, "delta": 8.837064}}
{"target": -49.09750991485573, "params": {"C": 24.934551143082103, "epsilon": 25.21149847959482, "gamma": 0.2692069948125962}, "datetime": {"datetime": "2021-07-20 19:29:34", "elapsed": 807.420067, "delta": 8.739681}}
{"target": -99.85075356056598, "params": {"C": 0.9152281325462779, "epsilon": 7.292428728719956, "gamma": 0.056983459248780434}, "datetime": {"datetime": "2021-07-20 19:29:49", "elapsed": 822.08574, "delta": 14.665673}}
{"target": -14.866681909218862, "params": {"C": 23.780735242013346, "epsilon": 4.2356847791238055, "gamma": 0.39633853876895586}, "datetime": {"datetime": "2021-07-20 19:29:49", "elapsed": 822.6869, "delta": 0.60116}}
{"target": -55.53862114078824, "params": {"C": 20.233561958390467, "epsilon": 22.14862115266127, "gamma": 0.19967867607402004}, "datetime": {"datetime": "2021-07-20 19:29:58", "elapsed": 831.731353, "delta": 9.044453}}
{"target": -90.92900720699105, "params": {"C": 11.706421859704035, "epsilon": 1.0683570707695638, "gamma": 0.07827031284762945}, "datetime": {"datetime": "2021-07-20 19:30:12", "elapsed": 845.545652, "delta": 13.814299}}
{"target": -15.549982393102454, "params": {"C": 0.772320465941991, "epsilon": 1.0930307258498777, "gamma": 0.01588264100602832}, "datetime": {"datetime": "2021-07-20 19:30:13", "elapsed": 846.217689, "delta": 0.672037}}
{"target": -98.20257593047337, "params": {"C": 11.73001173369325, "epsilon": 5.54982012089837, "gamma": 0.042744118144632144}, "datetime": {"datetime": "2021-07-20 19:30:25", "elapsed": 858.42467, "delta": 12.206981}}
{"target": -14.45819477855735, "params": {"C": 14.333751678986943, "epsilon": 6.335957732180078, "gamma": 0.40797702177662704}, "datetime": {"datetime": "2021-07-20 19:30:25", "elapsed": 859.028669, "delta": 0.603999}}
{"target": -36.5648973544327, "params": {"C": 23.68099047221151, "epsilon": 21.48765884547606, "gamma": 0.4427353330217458}, "datetime": {"datetime": "2021-07-20 19:30:34", "elapsed": 867.888367, "delta": 8.859698}}
{"target": -45.50944206063773, "params": {"C": 4.559558330809053, "epsilon": 28.31946573950826, "gamma": 0.26759410417181045}, "datetime": {"datetime": "2021-07-20 19:30:43", "elapsed": 877.031087, "delta": 9.14272}}
{"target": -39.34274035754552, "params": {"C": 14.528403147817128, "epsilon": 12.469659078285934, "gamma": 0.3906095347434931}, "datetime": {"datetime": "2021-07-20 19:30:53", "elapsed": 886.148035, "delta": 9.116948}}
{"target": -58.59652622928525, "params": {"C": 26.734897169199023, "epsilon": 24.584812128307878, "gamma": 0.18448367024264273}, "datetime": {"datetime": "2021-07-20 19:31:01", "elapsed": 895.046696, "delta": 8.898661}}
{"target": -45.63760504880074, "params": {"C": 8.357519051009293, "epsilon": 23.43740200205117, "gamma": 0.254759184112408}, "datetime": {"datetime": "2021-07-20 19:31:11", "elapsed": 904.072152, "delta": 9.025456}}
{"target": -93.07272513268632, "params": {"C": 19.176760798978258, "epsilon": 2.9832097589618076, "gamma": 0.07260632697516321}, "datetime": {"datetime": "2021-07-20 19:31:24", "elapsed": 917.851312, "delta": 13.77916}}
{"target": -47.724825364135484, "params": {"C": 19.867269773053994, "epsilon": 25.865262312796457, "gamma": 0.2729985525558921}, "datetime": {"datetime": "2021-07-20 19:31:33", "elapsed": 926.970072, "delta": 9.11876}}
{"target": -37.312104760281905, "params": {"C": 24.4707244233482, "epsilon": 12.883513087386255, "gamma": 0.43935614052253386}, "datetime": {"datetime": "2021-07-20 19:31:42", "elapsed": 935.584952, "delta": 8.61488}}
{"target": -69.74794295236426, "params": {"C": 11.963138163043334, "epsilon": 19.683125677536086, "gamma": 0.14280786944014068}, "datetime": {"datetime": "2021-07-20 19:31:51", "elapsed": 944.545427, "delta": 8.960475}}
{"target": -65.99768937138441, "params": {"C": 1.8921581295630403, "epsilon": 26.02981452526219, "gamma": 0.1604928399374127}, "datetime": {"datetime": "2021-07-20 19:32:00", "elapsed": 953.767768, "delta": 9.222341}}
{"target": -36.056352721528775, "params": {"C": 12.19406078935244, "epsilon": 15.7068092238183, "gamma": 0.47586798061611374}, "datetime": {"datetime": "2021-07-20 19:32:09", "elapsed": 962.904758, "delta": 9.13699}}
{"target": -42.396225560046716, "params": {"C": 25.13294526353469, "epsilon": 9.724402896302, "gamma": 0.3060102647153494}, "datetime": {"datetime": "2021-07-20 19:32:18", "elapsed": 971.872943, "delta": 8.968185}}
{"target": -89.37614691485832, "params": {"C": 8.855648958742558, "epsilon": 0.26508493797641175, "gamma": 0.0787218170248145}, "datetime": {"datetime": "2021-07-20 19:32:27", "elapsed": 980.369969, "delta": 8.497026}}
{"target": -42.33409855420719, "params": {"C": 27.010302344940303, "epsilon": 24.44882534675283, "gamma": 0.3348841226135799}, "datetime": {"datetime": "2021-07-20 19:32:36", "elapsed": 989.261498, "delta": 8.891529}}
{"target": -35.83097481066496, "params": {"C": 1.6983672910414658, "epsilon": 20.20366257404566, "gamma": 0.4340838973558103}, "datetime": {"datetime": "2021-07-20 19:32:45", "elapsed": 998.547583, "delta": 9.286085}}
{"target": -37.02631297824231, "params": {"C": 2.327917127033237, "epsilon": 25.314123786320724, "gamma": 0.44099118041462776}, "datetime": {"datetime": "2021-07-20 19:32:55", "elapsed": 1008.165948, "delta": 9.618365}}
{"target": -37.57715431388385, "params": {"C": 24.556972743922397, "epsilon": 26.013171856856182, "gamma": 0.4756206792818807}, "datetime": {"datetime": "2021-07-20 19:33:03", "elapsed": 1016.952436, "delta": 8.786488}}
{"target": -54.25964774975252, "params": {"C": 20.65721092521955, "epsilon": 17.43712747202135, "gamma": 0.20395007208115043}, "datetime": {"datetime": "2021-07-20 19:33:12", "elapsed": 1025.853001, "delta": 8.900565}}
{"target": -82.30956474985257, "params": {"C": 28.60014533807684, "epsilon": 10.184650123672077, "gamma": 0.1087116055547537}, "datetime": {"datetime": "2021-07-20 19:33:21", "elapsed": 1034.987105, "delta": 9.134104}}
{"target": -88.33010371840355, "params": {"C": 11.673584539209525, "epsilon": 14.35907580662795, "gamma": 0.08068931540334205}, "datetime": {"datetime": "2021-07-20 19:33:36", "elapsed": 1049.515949, "delta": 14.528844}}
{"target": -42.588814816407385, "params": {"C": 23.366760080853876, "epsilon": 28.35371751050156, "gamma": 0.33493174629442674}, "datetime": {"datetime": "2021-07-20 19:33:45", "elapsed": 1058.495874, "delta": 8.979925}}
{"target": -41.97722605684697, "params": {"C": 19.363650780151236, "epsilon": 6.145336111277135, "gamma": 0.329605155020805}, "datetime": {"datetime": "2021-07-20 19:33:54", "elapsed": 1067.663255, "delta": 9.167381}}
{"target": -11.65782958476815, "params": {"C": 27.719712609296163, "epsilon": 0.6691152923718641, "gamma": 0.07368674950976446}, "datetime": {"datetime": "2021-07-20 19:33:55", "elapsed": 1068.367908, "delta": 0.704653}}
{"target": -87.1092788133781, "params": {"C": 5.292188988294607, "epsilon": 5.877624860895447, "gamma": 0.07001439748315386}, "datetime": {"datetime": "2021-07-20 19:34:09", "elapsed": 1082.97462, "delta": 14.606712}}
{"target": -11.315208340853344, "params": {"C": 27.127082956577546, "epsilon": 1.6206067486081406, "gamma": 0.06780643919255272}, "datetime": {"datetime": "2021-07-20 19:34:10", "elapsed": 1083.724828, "delta": 0.750208}}
{"target": -34.88178154275463, "params": {"C": 21.49921307109544, "epsilon": 16.957920828982495, "gamma": 0.4336400279912381}, "datetime": {"datetime": "2021-07-20 19:34:19", "elapsed": 1092.705222, "delta": 8.980394}}
{"target": -41.75287329168484, "params": {"C": 28.280364008838188, "epsilon": 15.71132994242209, "gamma": 0.3409312458724423}, "datetime": {"datetime": "2021-07-20 19:34:28", "elapsed": 1101.640546, "delta": 8.935324}}
{"target": -38.564354283148184, "params": {"C": 20.164212362183655, "epsilon": 6.07174432704101, "gamma": 0.37470778206817257}, "datetime": {"datetime": "2021-07-20 19:34:37", "elapsed": 1110.767083, "delta": 9.126537}}
{"target": -42.290899465329595, "params": {"C": 29.748401030298563, "epsilon": 12.039883815947599, "gamma": 0.3098322868696619}, "datetime": {"datetime": "2021-07-20 19:34:46", "elapsed": 1120.041143, "delta": 9.27406}}
{"target": -47.84740700479701, "params": {"C": 17.013741188395482, "epsilon": 9.029013984121033, "gamma": 0.22150402982985193}, "datetime": {"datetime": "2021-07-20 19:34:55", "elapsed": 1128.880881, "delta": 8.839738}}
{"target": -41.4535778006767, "params": {"C": 9.570893334038177, "epsilon": 23.98734632333067, "gamma": 0.3439613638053979}, "datetime": {"datetime": "2021-07-20 19:35:06", "elapsed": 1139.656366, "delta": 10.775485}}
{"target": -62.4929055776748, "params": {"C": 7.286196373795063, "epsilon": 26.582567087219644, "gamma": 0.16499801638749276}, "datetime": {"datetime": "2021-07-20 19:35:16", "elapsed": 1149.745125, "delta": 10.088759}}
{"target": -15.38549170109106, "params": {"C": 21.278680083179133, "epsilon": 4.824380082156574, "gamma": 0.46352134296482195}, "datetime": {"datetime": "2021-07-20 19:35:17", "elapsed": 1150.58715, "delta": 0.842025}}
{"target": -80.06832570906244, "params": {"C": 24.405606907447446, "epsilon": 2.68762563886731, "gamma": 0.10337137871630946}, "datetime": {"datetime": "2021-07-20 19:35:26", "elapsed": 1160.036581, "delta": 9.449431}}
{"target": -94.3042627858886, "params": {"C": 14.985932061413243, "epsilon": 4.826831377639916, "gamma": 0.06924346178350162}, "datetime": {"datetime": "2021-07-20 19:35:41", "elapsed": 1174.141646, "delta": 14.105065}}
{"target": -94.2946223489149, "params": {"C": 29.358927764214982, "epsilon": 18.513674572560507, "gamma": 0.04613910432981329}, "datetime": {"datetime": "2021-07-20 19:35:54", "elapsed": 1188.035842, "delta": 13.894196}}
{"target": -49.59640209691637, "params": {"C": 1.2238935975764753, "epsilon": 15.986935832132112, "gamma": 0.2200694298289469}, "datetime": {"datetime": "2021-07-20 19:36:04", "elapsed": 1197.334062, "delta": 9.29822}}
{"target": -39.101769446406195, "params": {"C": 14.325480502419941, "epsilon": 29.276030301042535, "gamma": 0.4548461482714754}, "datetime": {"datetime": "2021-07-20 19:36:13", "elapsed": 1206.302719, "delta": 8.968657}}
{"target": -76.97829395338492, "params": {"C": 6.539121083073508, "epsilon": 26.157431859657844, "gamma": 0.10944274018701294}, "datetime": {"datetime": "2021-07-20 19:36:28", "elapsed": 1221.219386, "delta": 14.916667}}
{"target": -36.42223421231813, "params": {"C": 23.365818039263537, "epsilon": 16.63938789547569, "gamma": 0.424257638830542}, "datetime": {"datetime": "2021-07-20 19:36:37", "elapsed": 1230.159028, "delta": 8.939642}}
{"target": -78.8683811126045, "params": {"C": 3.6012761017182324, "epsilon": 25.79670912180529, "gamma": 0.10309818579293256}, "datetime": {"datetime": "2021-07-20 19:36:52", "elapsed": 1245.447088, "delta": 15.28806}}
{"target": -41.72709444352565, "params": {"C": 6.002985445778561, "epsilon": 9.007927618780524, "gamma": 0.37022107578757213}, "datetime": {"datetime": "2021-07-20 19:37:01", "elapsed": 1254.608851, "delta": 9.161763}}
{"target": -36.37300351322027, "params": {"C": 0.6323095385874746, "epsilon": 16.50200821990135, "gamma": 0.4235660224849095}, "datetime": {"datetime": "2021-07-20 19:37:10", "elapsed": 1263.845115, "delta": 9.236264}}
{"target": -98.89918848898309, "params": {"C": 12.210836368641063, "epsilon": 22.025100564421646, "gamma": 0.05312742720273364}, "datetime": {"datetime": "2021-07-20 19:37:25", "elapsed": 1278.104818, "delta": 14.259703}}
{"target": -87.14573906190166, "params": {"C": 7.2060450739036535, "epsilon": 0.5486199145220142, "gamma": 0.10139254836496954}, "datetime": {"datetime": "2021-07-20 19:37:34", "elapsed": 1287.101866, "delta": 8.997048}}
{"target": -39.31222402397857, "params": {"C": 7.9346222584161765, "epsilon": 14.79753749654275, "gamma": 0.30489303468509754}, "datetime": {"datetime": "2021-07-20 19:37:43", "elapsed": 1296.076175, "delta": 8.974309}}
{"target": -47.8383749395901, "params": {"C": 20.097800883165668, "epsilon": 20.101189478895055, "gamma": 0.2450162723451335}, "datetime": {"datetime": "2021-07-20 19:37:52", "elapsed": 1305.154846, "delta": 9.078671}}
{"target": -45.63924059844893, "params": {"C": 12.290664041692937, "epsilon": 25.424174322401356, "gamma": 0.26762462418065935}, "datetime": {"datetime": "2021-07-20 19:38:01", "elapsed": 1314.304063, "delta": 9.149217}}
{"target": -103.07690768525748, "params": {"C": 2.5234273401004015, "epsilon": 27.54633196355383, "gamma": 0.03631951678195554}, "datetime": {"datetime": "2021-07-20 19:38:16", "elapsed": 1329.195381, "delta": 14.891318}}
{"target": -15.206346230419005, "params": {"C": 15.877927029726239, "epsilon": 4.253222520838718, "gamma": 0.46464759897206853}, "datetime": {"datetime": "2021-07-20 19:38:16", "elapsed": 1329.94438, "delta": 0.748999}}
{"target": -41.41965561638106, "params": {"C": 23.851186437678276, "epsilon": 15.72940877580875, "gamma": 0.3091809662996329}, "datetime": {"datetime": "2021-07-20 19:38:25", "elapsed": 1339.019336, "delta": 9.074956}}
{"target": -78.98321972965499, "params": {"C": 17.51217468031293, "epsilon": 16.148379886062415, "gamma": 0.10620746868575591}, "datetime": {"datetime": "2021-07-20 19:38:41", "elapsed": 1354.145636, "delta": 15.1263}}
{"target": -64.90007840117897, "params": {"C": 20.398765508831634, "epsilon": 13.35123793070725, "gamma": 0.16643894720653202}, "datetime": {"datetime": "2021-07-20 19:38:49", "elapsed": 1362.935554, "delta": 8.789918}}
{"target": -94.55463367998168, "params": {"C": 0.9252150656975596, "epsilon": 22.66766860892137, "gamma": 0.04186458621594985}, "datetime": {"datetime": "2021-07-20 19:39:04", "elapsed": 1377.563311, "delta": 14.627757}}
{"target": -66.26232014401724, "params": {"C": 29.8965694838611, "epsilon": 28.664620618829886, "gamma": 0.16661616864988574}, "datetime": {"datetime": "2021-07-20 19:39:13", "elapsed": 1386.33741, "delta": 8.774099}}
{"target": -61.39496547819993, "params": {"C": 1.5829559186707876, "epsilon": 23.633860632172226, "gamma": 0.1697861913433064}, "datetime": {"datetime": "2021-07-20 19:39:22", "elapsed": 1395.222285, "delta": 8.884875}}
{"target": -13.212699572314545, "params": {"C": 6.420414596015007, "epsilon": 4.363103507605792, "gamma": 0.21618617047727243}, "datetime": {"datetime": "2021-07-20 19:39:22", "elapsed": 1395.989283, "delta": 0.766998}}
{"target": -39.46951091104232, "params": {"C": 17.28113159915069, "epsilon": 24.959456690339287, "gamma": 0.4247367870504102}, "datetime": {"datetime": "2021-07-20 19:39:31", "elapsed": 1404.322252, "delta": 8.332969}}
{"target": -37.005312821975295, "params": {"C": 7.807836689691296, "epsilon": 26.248252458394052, "gamma": 0.4821435338718547}, "datetime": {"datetime": "2021-07-20 19:39:39", "elapsed": 1412.815216, "delta": 8.492964}}
{"target": -69.2523803444387, "params": {"C": 28.176033552420286, "epsilon": 5.304763816674455, "gamma": 0.11944440377206969}, "datetime": {"datetime": "2021-07-20 19:39:48", "elapsed": 1421.385165, "delta": 8.569949}}
{"target": -68.5624687227137, "params": {"C": 13.755436886465349, "epsilon": 24.63278263044274, "gamma": 0.150059466650857}, "datetime": {"datetime": "2021-07-20 19:39:56", "elapsed": 1430.005618, "delta": 8.620453}}
{"target": -36.84573844192483, "params": {"C": 12.867754669822364, "epsilon": 22.259016307597534, "gamma": 0.44634775855113357}, "datetime": {"datetime": "2021-07-20 19:40:05", "elapsed": 1438.483791, "delta": 8.478173}}
{"target": -40.72030005258328, "params": {"C": 25.51567844537807, "epsilon": 26.142029280355647, "gamma": 0.3783198923987634}, "datetime": {"datetime": "2021-07-20 19:40:13", "elapsed": 1446.782352, "delta": 8.298561}}
{"target": -10.97462639101116, "params": {"C": 15.707406220727897, "epsilon": 0.4122399603937884, "gamma": 0.061711791845906014}, "datetime": {"datetime": "2021-07-20 19:40:14", "elapsed": 1447.510995, "delta": 0.728643}}
{"target": -43.35681741812648, "params": {"C": 15.999491042736725, "epsilon": 18.590418575320843, "gamma": 0.3168306131893866}, "datetime": {"datetime": "2021-07-20 19:40:22", "elapsed": 1456.048558, "delta": 8.537563}}
{"target": -47.36486557568808, "params": {"C": 5.287617302242253, "epsilon": 18.137486606012054, "gamma": 0.26657867729696416}, "datetime": {"datetime": "2021-07-20 19:40:31", "elapsed": 1464.648337, "delta": 8.599779}}
{"target": -41.280555974522215, "params": {"C": 29.33106062201055, "epsilon": 7.209039518239367, "gamma": 0.3334703763922667}, "datetime": {"datetime": "2021-07-20 19:40:40", "elapsed": 1473.130893, "delta": 8.482556}}
{"target": -48.35182694954258, "params": {"C": 29.79293682081911, "epsilon": 7.370933813415193, "gamma": 0.22219447655899058}, "datetime": {"datetime": "2021-07-20 19:40:48", "elapsed": 1481.733483, "delta": 8.60259}}
{"target": -29.285359155565, "params": {"C": 0.031034838217249616, "epsilon": 3.6666363427110182, "gamma": 0.2459510419519427}, "datetime": {"datetime": "2021-07-20 19:40:49", "elapsed": 1482.511842, "delta": 0.778359}}
{"target": -15.246813194940852, "params": {"C": 4.062863164355121, "epsilon": 9.186055559636698, "gamma": 0.46267038221075096}, "datetime": {"datetime": "2021-07-20 19:40:50", "elapsed": 1483.256175, "delta": 0.744333}}
{"target": -63.76882029530936, "params": {"C": 21.48681871730494, "epsilon": 12.027023084229217, "gamma": 0.1511698719270681}, "datetime": {"datetime": "2021-07-20 19:40:58", "elapsed": 1491.696094, "delta": 8.439919}}
{"target": -13.742128460956385, "params": {"C": 14.684270998163788, "epsilon": 1.2743546944865192, "gamma": 0.298125941373814}, "datetime": {"datetime": "2021-07-20 19:40:59", "elapsed": 1492.476098, "delta": 0.780004}}
{"target": -94.03230821696908, "params": {"C": 20.966345413342633, "epsilon": 9.216525169221766, "gamma": 0.06621315047493531}, "datetime": {"datetime": "2021-07-20 19:41:12", "elapsed": 1505.364897, "delta": 12.888799}}
{"target": -69.91052430839976, "params": {"C": 14.980777752658355, "epsilon": 6.540425053770958, "gamma": 0.12756538519665636}, "datetime": {"datetime": "2021-07-20 19:41:20", "elapsed": 1513.77243, "delta": 8.407533}}
{"target": -65.86513801494218, "params": {"C": 12.19436670413425, "epsilon": 18.509240877483265, "gamma": 0.14065395333119085}, "datetime": {"datetime": "2021-07-20 19:41:29", "elapsed": 1522.384368, "delta": 8.611938}}
{"target": -39.389916245197035, "params": {"C": 7.7064819312643325, "epsilon": 20.761238811214476, "gamma": 0.3680479947607179}, "datetime": {"datetime": "2021-07-20 19:41:37", "elapsed": 1530.847703, "delta": 8.463335}}
{"target": -39.95801681181857, "params": {"C": 7.036970475586619, "epsilon": 7.037644835444947, "gamma": 0.3219740963773542}, "datetime": {"datetime": "2021-07-20 19:41:46", "elapsed": 1539.174632, "delta": 8.326929}}
{"target": -44.94788098610083, "params": {"C": 29.77161073796616, "epsilon": 5.783598626325521, "gamma": 0.2641380720636024}, "datetime": {"datetime": "2021-07-20 19:41:54", "elapsed": 1547.618711, "delta": 8.444079}}
{"target": -63.07056898243603, "params": {"C": 17.78484889729403, "epsilon": 24.809219746213074, "gamma": 0.1673412909484967}, "datetime": {"datetime": "2021-07-20 19:42:03", "elapsed": 1556.16896, "delta": 8.550249}}
