{"target": -16.364662593098476, "params": {"C": 12.516489921030193, "epsilon": 7.20604168948716, "gamma": 0.001243736735967132}, "datetime": {"datetime": "2021-07-20 18:38:14", "elapsed": 0.0, "delta": 0.0}}
{"target": -19.25409233737291, "params": {"C": 9.076953853228874, "epsilon": 1.4760913492629593, "gamma": 0.9234767138285012}, "datetime": {"datetime": "2021-07-20 18:38:14", "elapsed": 0.348034, "delta": 0.348034}}
{"target": -29.225513651019376, "params": {"C": 5.59594373921635, "epsilon": 3.462151663160047, "gamma": 3.9677350655592765}, "datetime": {"datetime": "2021-07-20 18:38:14", "elapsed": 0.730919, "delta": 0.382885}}
{"target": -31.821272889755225, "params": {"C": 16.169113852760674, "epsilon": 4.197753198888915, "gamma": 6.852226482017556}, "datetime": {"datetime": "2021-07-20 18:38:15", "elapsed": 1.084887, "delta": 0.353968}}
{"target": -44.6974887092842, "params": {"C": 6.141522969448207, "epsilon": 8.782393189545544, "gamma": 0.27397319321994185}, "datetime": {"datetime": "2021-07-20 18:38:24", "elapsed": 10.018894, "delta": 8.934007}}
{"target": -30.754206046546717, "params": {"C": 20.117320630250283, "epsilon": 4.178874975647599, "gamma": 5.586942415474672}, "datetime": {"datetime": "2021-07-20 18:38:24", "elapsed": 10.409886, "delta": 0.390992}}
{"target": -33.13555164860445, "params": {"C": 4.22020428847106, "epsilon": 1.9890338759579391, "gamma": 8.0074656122985}, "datetime": {"datetime": "2021-07-20 18:38:24", "elapsed": 10.770311, "delta": 0.360425}}
{"target": -31.9439734434074, "params": {"C": 29.04816465582473, "epsilon": 3.141107539810836, "gamma": 6.923256924431573}, "datetime": {"datetime": "2021-07-20 18:38:25", "elapsed": 11.126304, "delta": 0.355993}}
{"target": -18.18582737157018, "params": {"C": 26.29291067735819, "epsilon": 8.947120568403435, "gamma": 0.8505336092766421}, "datetime": {"datetime": "2021-07-20 18:38:25", "elapsed": 11.572341, "delta": 0.446037}}
{"target": -34.18761765176667, "params": {"C": 1.181252949154142, "epsilon": 1.7066058914500433, "gamma": 8.781437220043788}, "datetime": {"datetime": "2021-07-20 18:38:26", "elapsed": 11.983971, "delta": 0.41163}}
{"target": -11.939806277782802, "params": {"C": 12.67853753633621, "epsilon": 6.957408441412805, "gamma": 0.0068423631030042655}, "datetime": {"datetime": "2021-07-20 18:38:27", "elapsed": 13.159974, "delta": 1.176003}}
{"target": -20.100422568501195, "params": {"C": 12.634219300714529, "epsilon": 6.923972005911726, "gamma": 0.0001}, "datetime": {"datetime": "2021-07-20 18:38:27", "elapsed": 13.781979, "delta": 0.622005}}
{"target": -16.032935034622472, "params": {"C": 26.130058900020575, "epsilon": 9.06168373765977, "gamma": 0.5519513751201887}, "datetime": {"datetime": "2021-07-20 18:38:28", "elapsed": 14.2272, "delta": 0.445221}}
{"target": -33.581125170347704, "params": {"C": 6.833170891460036, "epsilon": 1.5643440739082923, "gamma": 9.473039780426566}, "datetime": {"datetime": "2021-07-20 18:38:28", "elapsed": 14.623203, "delta": 0.396003}}
{"target": -23.66252709466952, "params": {"C": 21.790418995917793, "epsilon": 7.288834018368413, "gamma": 1.9469608470195938}, "datetime": {"datetime": "2021-07-20 18:38:29", "elapsed": 15.058205, "delta": 0.435002}}
{"target": -29.715118208973113, "params": {"C": 14.112698253375477, "epsilon": 4.2406921865376805, "gamma": 4.7191795118023006}, "datetime": {"datetime": "2021-07-20 18:38:29", "elapsed": 15.521206, "delta": 0.463001}}
{"target": -29.529233291329188, "params": {"C": 28.663812810480447, "epsilon": 6.644073444262056, "gamma": 4.70725932722783}, "datetime": {"datetime": "2021-07-20 18:38:30", "elapsed": 16.025824, "delta": 0.504618}}
{"target": -33.01406675082032, "params": {"C": 14.667094359016849, "epsilon": 8.413374950585418, "gamma": 9.790686476801936}, "datetime": {"datetime": "2021-07-20 18:38:30", "elapsed": 16.433837, "delta": 0.408013}}
{"target": -32.606179080121144, "params": {"C": 9.680958055511235, "epsilon": 7.63771913328533, "gamma": 8.56963095960159}, "datetime": {"datetime": "2021-07-20 18:38:31", "elapsed": 16.856831, "delta": 0.422994}}
{"target": -32.84527217023503, "params": {"C": 25.649871727730268, "epsilon": 7.196327031050554, "gamma": 9.11971803900704}, "datetime": {"datetime": "2021-07-20 18:38:31", "elapsed": 17.307828, "delta": 0.450997}}
{"target": -28.27308233134688, "params": {"C": 20.316574672767082, "epsilon": 5.483631316610355, "gamma": 3.8321533504703345}, "datetime": {"datetime": "2021-07-20 18:38:31", "elapsed": 17.719828, "delta": 0.412}}
{"target": -28.31963752440409, "params": {"C": 4.2312754690825285, "epsilon": 1.4024017734137937, "gamma": 3.168391435280958}, "datetime": {"datetime": "2021-07-20 18:38:32", "elapsed": 18.121064, "delta": 0.401236}}
{"target": -17.035104883960674, "params": {"C": 8.227274025847294, "epsilon": 7.645840554218786, "gamma": 0.6687987695485843}, "datetime": {"datetime": "2021-07-20 18:38:33", "elapsed": 18.799067, "delta": 0.678003}}
{"target": -89.7285284440987, "params": {"C": 12.593686698594967, "epsilon": 6.859081007884841, "gamma": 0.09310894832790546}, "datetime": {"datetime": "2021-07-20 18:38:49", "elapsed": 35.116155, "delta": 16.317088}}
{"target": -20.361926710893275, "params": {"C": 17.950078531658797, "epsilon": 1.1358935525219096, "gamma": 1.1678634190933095}, "datetime": {"datetime": "2021-07-20 18:38:49", "elapsed": 35.578529, "delta": 0.462374}}
{"target": -31.502003675967483, "params": {"C": 18.412603574929328, "epsilon": 5.5783450374551835, "gamma": 6.536103842325768}, "datetime": {"datetime": "2021-07-20 18:38:50", "elapsed": 36.034342, "delta": 0.455813}}
{"target": -18.88762785511398, "params": {"C": 9.129964804645835, "epsilon": 1.4354159303867888, "gamma": 0.8717527779955301}, "datetime": {"datetime": "2021-07-20 18:38:50", "elapsed": 36.56934, "delta": 0.534998}}
{"target": -72.57675207598052, "params": {"C": 12.543245446818718, "epsilon": 7.37238365656073, "gamma": 0.13207780192408053}, "datetime": {"datetime": "2021-07-20 18:39:01", "elapsed": 47.31674, "delta": 10.7474}}
{"target": -28.25445827283795, "params": {"C": 20.37525039209335, "epsilon": 5.521015694984218, "gamma": 3.826258759657036}, "datetime": {"datetime": "2021-07-20 18:39:02", "elapsed": 47.797738, "delta": 0.480998}}
{"target": -19.154716071564394, "params": {"C": 9.114157344929215, "epsilon": 1.4168905583332172, "gamma": 0.9098667841740179}, "datetime": {"datetime": "2021-07-20 18:39:02", "elapsed": 48.434341, "delta": 0.636603}}
{"target": -18.39014164828607, "params": {"C": 9.137729192751781, "epsilon": 1.2302698979227418, "gamma": 0.80447240902645}, "datetime": {"datetime": "2021-07-20 18:39:03", "elapsed": 48.896337, "delta": 0.461996}}
{"target": -32.52519571792213, "params": {"C": 6.908955036910867, "epsilon": 0.6572203071649878, "gamma": 7.0384860896141435}, "datetime": {"datetime": "2021-07-20 18:39:03", "elapsed": 49.325336, "delta": 0.428999}}
{"target": -20.233352449283913, "params": {"C": 17.900938680944677, "epsilon": 1.103828198562617, "gamma": 1.1448976684192251}, "datetime": {"datetime": "2021-07-20 18:39:03", "elapsed": 49.770336, "delta": 0.445}}
{"target": -29.009011281787327, "params": {"C": 17.958021367616684, "epsilon": 1.1601617459107254, "gamma": 4.091771597300992}, "datetime": {"datetime": "2021-07-20 18:39:04", "elapsed": 50.26268, "delta": 0.492344}}
{"target": -26.650674479132718, "params": {"C": 25.177727256218322, "epsilon": 4.1909196822648545, "gamma": 2.9609645647980747}, "datetime": {"datetime": "2021-07-20 18:39:05", "elapsed": 50.89791, "delta": 0.63523}}
{"target": -15.679433728775493, "params": {"C": 26.1428004724745, "epsilon": 9.071666618863196, "gamma": 0.49911553829134375}, "datetime": {"datetime": "2021-07-20 18:39:05", "elapsed": 51.634905, "delta": 0.736995}}
{"target": -17.775705370215462, "params": {"C": 8.90206379466926, "epsilon": 1.340019017222321, "gamma": 0.7255836746119478}, "datetime": {"datetime": "2021-07-20 18:39:06", "elapsed": 52.146682, "delta": 0.511777}}
{"target": -12.567584001767257, "params": {"C": 1.2993299985871227, "epsilon": 4.1544809215208085, "gamma": 0.05301520095337419}, "datetime": {"datetime": "2021-07-20 18:39:06", "elapsed": 52.741681, "delta": 0.594999}}
{"target": -17.03846276540191, "params": {"C": 8.985964312837263, "epsilon": 1.4518742926012218, "gamma": 0.6416055709418119}, "datetime": {"datetime": "2021-07-20 18:39:07", "elapsed": 53.315686, "delta": 0.574005}}
{"target": -18.016193182941468, "params": {"C": 26.42885147456303, "epsilon": 8.893948523377611, "gamma": 0.8237917905245633}, "datetime": {"datetime": "2021-07-20 18:39:08", "elapsed": 54.036851, "delta": 0.721165}}
{"target": -26.32845727675384, "params": {"C": 25.090518315056244, "epsilon": 4.295512657558139, "gamma": 2.822960144695471}, "datetime": {"datetime": "2021-07-20 18:39:08", "elapsed": 54.556849, "delta": 0.519998}}
{"target": -29.79709040444154, "params": {"C": 3.10500602764494, "epsilon": 0.5809171903722196, "gamma": 3.6965238175024973}, "datetime": {"datetime": "2021-07-20 18:39:09", "elapsed": 55.034848, "delta": 0.477999}}
{"target": -17.578782785569942, "params": {"C": 13.113099053635676, "epsilon": 1.942790325040343, "gamma": 0.7577515752284245}, "datetime": {"datetime": "2021-07-20 18:39:09", "elapsed": 55.559522, "delta": 0.524674}}
{"target": -20.50608640440693, "params": {"C": 17.99243678391158, "epsilon": 1.1707011602083492, "gamma": 1.1947553394265746}, "datetime": {"datetime": "2021-07-20 18:39:10", "elapsed": 56.142135, "delta": 0.582613}}
{"target": -32.20049770455228, "params": {"C": 15.618941571150948, "epsilon": 8.268035124632423, "gamma": 7.893820261137675}, "datetime": {"datetime": "2021-07-20 18:39:10", "elapsed": 56.677133, "delta": 0.534998}}
{"target": -18.04207295014169, "params": {"C": 8.977750121607517, "epsilon": 1.411267339741328, "gamma": 0.7594251015723261}, "datetime": {"datetime": "2021-07-20 18:39:11", "elapsed": 57.256136, "delta": 0.579003}}
{"target": -18.142261341374276, "params": {"C": 8.296276305651903, "epsilon": 7.531969050049032, "gamma": 0.7961087235860018}, "datetime": {"datetime": "2021-07-20 18:39:12", "elapsed": 57.844133, "delta": 0.587997}}
{"target": -18.638886994399005, "params": {"C": 9.155067348159077, "epsilon": 0.9612318288976225, "gamma": 0.8359756400205673}, "datetime": {"datetime": "2021-07-20 18:39:12", "elapsed": 58.425431, "delta": 0.581298}}
{"target": -38.185955023884006, "params": {"C": 14.847182806647151, "epsilon": 8.5339848502596, "gamma": 0.39099658452171276}, "datetime": {"datetime": "2021-07-20 18:39:22", "elapsed": 68.564556, "delta": 10.139125}}
{"target": -21.4871734270862, "params": {"C": 7.64926305074059, "epsilon": 8.456446135664303, "gamma": 1.306655053217551}, "datetime": {"datetime": "2021-07-20 18:39:23", "elapsed": 69.080557, "delta": 0.516001}}
{"target": -33.02002154619693, "params": {"C": 22.643538089713765, "epsilon": 2.371401527071588, "gamma": 8.751917538759411}, "datetime": {"datetime": "2021-07-20 18:39:24", "elapsed": 69.888553, "delta": 0.807996}}
{"target": -77.70923914818795, "params": {"C": 1.2862301208406774, "epsilon": 4.045301587020451, "gamma": 0.11161423923104653}, "datetime": {"datetime": "2021-07-20 18:39:34", "elapsed": 80.638578, "delta": 10.750025}}
{"target": -32.73362881274246, "params": {"C": 24.32798291568734, "epsilon": 7.474988198213383, "gamma": 8.895301020563346}, "datetime": {"datetime": "2021-07-20 18:39:35", "elapsed": 81.137575, "delta": 0.498997}}
{"target": -33.30013393628384, "params": {"C": 17.896003246811556, "epsilon": 4.664242479587611, "gamma": 9.886696873818927}, "datetime": {"datetime": "2021-07-20 18:39:35", "elapsed": 81.674578, "delta": 0.537003}}
{"target": -18.01583799935173, "params": {"C": 8.899277783823036, "epsilon": 1.4353225415685864, "gamma": 0.7550645050712591}, "datetime": {"datetime": "2021-07-20 18:39:36", "elapsed": 82.199791, "delta": 0.525213}}
{"target": -28.505137875893897, "params": {"C": 2.5145681996597005, "epsilon": 2.030664064249567, "gamma": 2.9782981016423173}, "datetime": {"datetime": "2021-07-20 18:39:36", "elapsed": 82.739794, "delta": 0.540003}}
{"target": -21.823688430426948, "params": {"C": 2.0071467788223307, "epsilon": 5.091080453637626, "gamma": 1.0822777992901058}, "datetime": {"datetime": "2021-07-20 18:39:37", "elapsed": 83.272796, "delta": 0.533002}}
{"target": -29.69041502481385, "params": {"C": 10.772310128949087, "epsilon": 1.3313570454615915, "gamma": 4.440378166742818}, "datetime": {"datetime": "2021-07-20 18:39:37", "elapsed": 83.771791, "delta": 0.498995}}
{"target": -31.61889948248438, "params": {"C": 19.662780333655345, "epsilon": 2.5005455156225396, "gamma": 6.428540599787102}, "datetime": {"datetime": "2021-07-20 18:39:38", "elapsed": 84.280857, "delta": 0.509066}}
{"target": -21.34522137609994, "params": {"C": 7.83037681610278, "epsilon": 8.428159213807408, "gamma": 1.285331483865946}, "datetime": {"datetime": "2021-07-20 18:39:39", "elapsed": 84.794861, "delta": 0.514004}}
{"target": -25.215257027477673, "params": {"C": 13.661386288021712, "epsilon": 5.090529880537497, "gamma": 2.425629326911281}, "datetime": {"datetime": "2021-07-20 18:39:39", "elapsed": 85.262782, "delta": 0.467921}}
{"target": -33.37946122447358, "params": {"C": 1.2756954444252742, "epsilon": 6.5798278914802975, "gamma": 9.911701329567126}, "datetime": {"datetime": "2021-07-20 18:39:39", "elapsed": 85.779426, "delta": 0.516644}}
{"target": -18.94368018867592, "params": {"C": 9.09600850740623, "epsilon": 1.0619904557343567, "gamma": 0.8771307419057559}, "datetime": {"datetime": "2021-07-20 18:39:40", "elapsed": 86.461549, "delta": 0.682123}}
{"target": -33.039880109334426, "params": {"C": 3.2680998110277857, "epsilon": 8.15597240364103, "gamma": 9.746298473828256}, "datetime": {"datetime": "2021-07-20 18:39:41", "elapsed": 86.987548, "delta": 0.525999}}
{"target": -29.110103709467673, "params": {"C": 26.15369258482079, "epsilon": 1.794165767810376, "gamma": 4.187920140332539}, "datetime": {"datetime": "2021-07-20 18:39:41", "elapsed": 87.57755, "delta": 0.590002}}
{"target": -33.067415406980366, "params": {"C": 2.1666455132768645, "epsilon": 1.569511368740544, "gamma": 6.7748604707022215}, "datetime": {"datetime": "2021-07-20 18:39:42", "elapsed": 88.135548, "delta": 0.557998}}
{"target": -20.562603099385726, "params": {"C": 17.949740733047353, "epsilon": 1.1508654723944542, "gamma": 1.2057537029190162}, "datetime": {"datetime": "2021-07-20 18:39:42", "elapsed": 88.675524, "delta": 0.539976}}
{"target": -30.33536982342652, "params": {"C": 17.030889297837195, "epsilon": 2.76050048821304, "gamma": 5.124459956005365}, "datetime": {"datetime": "2021-07-20 18:39:43", "elapsed": 89.23652, "delta": 0.560996}}
{"target": -16.648103439440465, "params": {"C": 8.95136528355878, "epsilon": 1.5324138918660672, "gamma": 0.5967370978721679}, "datetime": {"datetime": "2021-07-20 18:39:44", "elapsed": 89.855516, "delta": 0.618996}}
{"target": -31.524468228252395, "params": {"C": 7.726480319508746, "epsilon": 7.417656784137111, "gamma": 6.610248976435074}, "datetime": {"datetime": "2021-07-20 18:39:44", "elapsed": 90.481211, "delta": 0.625695}}
{"target": -31.52610313034953, "params": {"C": 0.5201462788613866, "epsilon": 2.940289827478756, "gamma": 3.1160662913755}, "datetime": {"datetime": "2021-07-20 18:39:45", "elapsed": 90.9859, "delta": 0.504689}}
{"target": -23.491032664948, "params": {"C": 2.59658172023815, "epsilon": 5.476586781004073, "gamma": 1.4504004955024856}, "datetime": {"datetime": "2021-07-20 18:39:45", "elapsed": 91.525897, "delta": 0.539997}}
{"target": -26.81176836933437, "params": {"C": 25.23887772974097, "epsilon": 3.978595408212061, "gamma": 3.025564622493019}, "datetime": {"datetime": "2021-07-20 18:39:46", "elapsed": 92.103895, "delta": 0.577998}}
{"target": -18.496809191352966, "params": {"C": 13.034186227276281, "epsilon": 2.0370521231506213, "gamma": 0.8704832705589711}, "datetime": {"datetime": "2021-07-20 18:39:47", "elapsed": 92.843524, "delta": 0.739629}}
{"target": -18.31915959811245, "params": {"C": 13.06300204514629, "epsilon": 1.923420990234457, "gamma": 0.847750814858397}, "datetime": {"datetime": "2021-07-20 18:39:47", "elapsed": 93.516525, "delta": 0.673001}}
{"target": -18.057808237458094, "params": {"C": 9.173002304689902, "epsilon": 1.1207583322471757, "gamma": 0.7624835329113243}, "datetime": {"datetime": "2021-07-20 18:39:48", "elapsed": 94.209122, "delta": 0.692597}}
{"target": -16.37083886182392, "params": {"C": 26.148294105177627, "epsilon": 9.216847005222824, "gamma": 0.6140647766081936}, "datetime": {"datetime": "2021-07-20 18:39:49", "elapsed": 94.917125, "delta": 0.708003}}
{"target": -20.85337621132887, "params": {"C": 18.073054242036395, "epsilon": 1.20855073736267, "gamma": 1.2635119074218795}, "datetime": {"datetime": "2021-07-20 18:39:49", "elapsed": 95.603884, "delta": 0.686759}}
{"target": -28.339289736687178, "params": {"C": 15.17661671471592, "epsilon": 9.899588551714087, "gamma": 4.024539329105702}, "datetime": {"datetime": "2021-07-20 18:39:50", "elapsed": 96.185645, "delta": 0.581761}}
{"target": -17.121550155981268, "params": {"C": 26.382044159646, "epsilon": 9.03098323921125, "gamma": 0.7074769371095126}, "datetime": {"datetime": "2021-07-20 18:39:51", "elapsed": 96.903546, "delta": 0.717901}}
{"target": -30.50392067582002, "params": {"C": 13.755552110108106, "epsilon": 9.693123067206102, "gamma": 5.690483752089429}, "datetime": {"datetime": "2021-07-20 18:39:51", "elapsed": 97.637547, "delta": 0.734001}}
{"target": -21.46465507805367, "params": {"C": 11.80215935348609, "epsilon": 6.835276859897427, "gamma": 1.3820361702775545}, "datetime": {"datetime": "2021-07-20 18:39:52", "elapsed": 98.33505, "delta": 0.697503}}
{"target": -90.83875226839308, "params": {"C": 4.042683782941824, "epsilon": 9.386989549771288, "gamma": 0.09481137481187603}, "datetime": {"datetime": "2021-07-20 18:40:09", "elapsed": 115.636054, "delta": 17.301004}}
{"target": -18.399541833594242, "params": {"C": 26.232214807418043, "epsilon": 8.920243633382503, "gamma": 0.8854548692948649}, "datetime": {"datetime": "2021-07-20 18:40:10", "elapsed": 116.474193, "delta": 0.838139}}
{"target": -31.15075405338495, "params": {"C": 5.3114448398209815, "epsilon": 2.1000415286538594, "gamma": 5.306051217398017}, "datetime": {"datetime": "2021-07-20 18:40:11", "elapsed": 117.108191, "delta": 0.633998}}
{"target": -30.959870009762504, "params": {"C": 24.764134821303028, "epsilon": 1.2077199411176502, "gamma": 5.583132732484993}, "datetime": {"datetime": "2021-07-20 18:40:12", "elapsed": 117.832195, "delta": 0.724004}}
{"target": -33.03957652124668, "params": {"C": 21.30816880467574, "epsilon": 4.568431374475334, "gamma": 9.157179101078864}, "datetime": {"datetime": "2021-07-20 18:40:12", "elapsed": 118.457444, "delta": 0.625249}}
{"target": -32.93369608417743, "params": {"C": 15.346526210010166, "epsilon": 7.1104563136286405, "gamma": 9.330387628139862}, "datetime": {"datetime": "2021-07-20 18:40:13", "elapsed": 119.033439, "delta": 0.575995}}
{"target": -18.952618563601643, "params": {"C": 13.036854236142215, "epsilon": 2.095244154949418, "gamma": 0.9307068874798958}, "datetime": {"datetime": "2021-07-20 18:40:13", "elapsed": 119.635442, "delta": 0.602003}}
{"target": -30.21966500851453, "params": {"C": 24.934551143082103, "epsilon": 8.404897292802675, "gamma": 5.3749359267063745}, "datetime": {"datetime": "2021-07-20 18:40:14", "elapsed": 120.243441, "delta": 0.607999}}
{"target": -21.083918273560606, "params": {"C": 7.57272312609046, "epsilon": 8.305860922121338, "gamma": 1.2333392318912613}, "datetime": {"datetime": "2021-07-20 18:40:15", "elapsed": 121.061618, "delta": 0.818177}}
{"target": -32.681158150436126, "params": {"C": 23.780735242013346, "epsilon": 1.417622238861181, "gamma": 7.922636781233831}, "datetime": {"datetime": "2021-07-20 18:40:15", "elapsed": 121.672621, "delta": 0.611003}}
{"target": -16.129806569978296, "params": {"C": 26.315569549737436, "epsilon": 9.298434484694194, "gamma": 0.5704939608021494}, "datetime": {"datetime": "2021-07-20 18:40:16", "elapsed": 122.418014, "delta": 0.745393}}
{"target": -22.463830285610754, "params": {"C": 11.706421859704035, "epsilon": 0.3625504213733892, "gamma": 1.5485877784469133}, "datetime": {"datetime": "2021-07-20 18:40:17", "elapsed": 123.028013, "delta": 0.609999}}
{"target": -18.535054627820596, "params": {"C": 0.772320465941991, "epsilon": 0.37076948820407735, "gamma": 0.298346336264895}, "datetime": {"datetime": "2021-07-20 18:40:17", "elapsed": 123.664014, "delta": 0.636001}}
{"target": -17.957080292456297, "params": {"C": 8.386939159199638, "epsilon": 7.302602632728253, "gamma": 0.7755075496878888}, "datetime": {"datetime": "2021-07-20 18:40:18", "elapsed": 124.349273, "delta": 0.685259}}
{"target": -17.885997216354077, "params": {"C": 26.376654589744813, "epsilon": 8.89903718797054, "gamma": 0.803529474556632}, "datetime": {"datetime": "2021-07-20 18:40:19", "elapsed": 125.104275, "delta": 0.755002}}
{"target": -17.28597185775132, "params": {"C": 0.90396641099271, "epsilon": 0.2344002878392741, "gamma": 0.25154717964120915}, "datetime": {"datetime": "2021-07-20 18:40:20", "elapsed": 125.867495, "delta": 0.76322}}
{"target": -17.543966158812374, "params": {"C": 26.270635473610913, "epsilon": 8.896423138728823, "gamma": 0.7556014051944808}, "datetime": {"datetime": "2021-07-20 18:40:20", "elapsed": 126.588734, "delta": 0.721239}}
{"target": -16.359512229741526, "params": {"C": 8.943604422460972, "epsilon": 1.6042536663453817, "gamma": 0.5692969650851526}, "datetime": {"datetime": "2021-07-20 18:40:21", "elapsed": 127.423738, "delta": 0.835004}}
{"target": -23.579693948752855, "params": {"C": 2.6188032209258005, "epsilon": 5.478884643059103, "gamma": 1.4678141552342756}, "datetime": {"datetime": "2021-07-20 18:40:22", "elapsed": 128.306454, "delta": 0.882716}}
