{"target": -89.14831337998757, "params": {"C": 13.599447826936792, "epsilon": 24.375536888041367, "gamma": 0.08120536913960637}, "datetime": {"datetime": "2021-07-20 21:31:50", "elapsed": 3144.969588, "delta": 14.113821}}
{"target": -81.13104254670512, "params": {"C": 10.648742930230641, "epsilon": 26.582244462246813, "gamma": 0.02067462706919968}, "datetime": {"datetime": "2021-07-20 21:32:04", "elapsed": 3158.219235, "delta": 13.249647}}
{"target": -82.75485316015282, "params": {"C": 16.563774786987487, "epsilon": 27.121029389015327, "gamma": 0.0181467682474962}, "datetime": {"datetime": "2021-07-20 21:32:17", "elapsed": 3171.538262, "delta": 13.319027}}
{"target": -103.19311387963958, "params": {"C": 42.23082242607769, "epsilon": 16.096004133149222, "gamma": 0.04405833460608714}, "datetime": {"datetime": "2021-07-20 21:32:26", "elapsed": 3180.252368, "delta": 8.714106}}
{"target": -12.473385453919688, "params": {"C": 17.970318861889716, "epsilon": 5.747022066680156, "gamma": 0.004080612179062218}, "datetime": {"datetime": "2021-07-20 21:32:27", "elapsed": 3181.284326, "delta": 1.031958}}
{"target": -95.22307058675608, "params": {"C": 30.891821824509382, "epsilon": 2.6047860913974725, "gamma": 0.04757305464070427}, "datetime": {"datetime": "2021-07-20 21:32:35", "elapsed": 3189.687628, "delta": 8.403302}}
{"target": -74.38843505178467, "params": {"C": 49.181458088371244, "epsilon": 14.22664631721402, "gamma": 0.015753651566366232}, "datetime": {"datetime": "2021-07-20 21:32:43", "elapsed": 3197.985367, "delta": 8.297739}}
{"target": -100.90281061268816, "params": {"C": 11.817586478321775, "epsilon": 24.337278042385808, "gamma": 0.04779830091356209}, "datetime": {"datetime": "2021-07-20 21:32:57", "elapsed": 3211.736247, "delta": 13.75088}}
{"target": -75.18659458318324, "params": {"C": 49.03477311864805, "epsilon": 14.483742624362133, "gamma": 0.016123891836434666}, "datetime": {"datetime": "2021-07-20 21:33:06", "elapsed": 3220.495563, "delta": 8.759316}}
{"target": -90.6957563943258, "params": {"C": 32.77001685321393, "epsilon": 26.992320615774123, "gamma": 0.07681576604832496}, "datetime": {"datetime": "2021-07-20 21:33:20", "elapsed": 3234.628059, "delta": 14.132496}}
{"target": -97.20476405887078, "params": {"C": 42.8768033336627, "epsilon": 5.008969312781282, "gamma": 0.057281356856300064}, "datetime": {"datetime": "2021-07-20 21:33:29", "elapsed": 3243.721667, "delta": 9.093608}}
{"target": -10.421985076349321, "params": {"C": 17.76930006346523, "epsilon": 3.04321933792643, "gamma": 0.032513457760607496}, "datetime": {"datetime": "2021-07-20 21:33:30", "elapsed": 3244.789307, "delta": 1.06764}}
{"target": -93.54056028968012, "params": {"C": 46.07767342075027, "epsilon": 25.14974379713409, "gamma": 0.07588500129429239}, "datetime": {"datetime": "2021-07-20 21:33:43", "elapsed": 3258.139232, "delta": 13.349925}}
{"target": -87.29421721145908, "params": {"C": 39.774087485131474, "epsilon": 7.814787400287074, "gamma": 0.08459448259209108}, "datetime": {"datetime": "2021-07-20 21:33:57", "elapsed": 3271.585426, "delta": 13.446194}}
{"target": -90.72061376465724, "params": {"C": 12.928919522651313, "epsilon": 5.222526573415187, "gamma": 0.06897794355308082}, "datetime": {"datetime": "2021-07-20 21:34:11", "elapsed": 3285.361533, "delta": 13.776107}}
{"target": -93.65453115005052, "params": {"C": 38.83142945495252, "epsilon": 29.57960995490701, "gamma": 0.05968293335694509}, "datetime": {"datetime": "2021-07-20 21:34:25", "elapsed": 3299.21575, "delta": 13.854217}}
{"target": -84.55866309804694, "params": {"C": 22.2921906900569, "epsilon": 5.621832661826884, "gamma": 0.09601252244458137}, "datetime": {"datetime": "2021-07-20 21:34:33", "elapsed": 3308.033333, "delta": 8.817583}}
{"target": -92.41665916978752, "params": {"C": 45.469537852789934, "epsilon": 18.919003521260578, "gamma": 0.07732301244559255}, "datetime": {"datetime": "2021-07-20 21:34:46", "elapsed": 3321.045194, "delta": 13.011861}}
{"target": -58.68011145947104, "params": {"C": 49.553918725530394, "epsilon": 28.024067456188806, "gamma": 0.009300379125747712}, "datetime": {"datetime": "2021-07-20 21:34:55", "elapsed": 3330.021955, "delta": 8.976761}}
{"target": -92.19415999327602, "params": {"C": 32.524102959154995, "epsilon": 17.317186983305707, "gamma": 0.029144829461937048}, "datetime": {"datetime": "2021-07-20 21:35:04", "elapsed": 3338.683209, "delta": 8.661254}}
{"target": -87.02942266316764, "params": {"C": 29.98245199808711, "epsilon": 1.4460789958608413, "gamma": 0.08598717252197123}, "datetime": {"datetime": "2021-07-20 21:35:17", "elapsed": 3352.103731, "delta": 13.420522}}
{"target": -12.064522099427313, "params": {"C": 24.765259836933275, "epsilon": 5.469869203357337, "gamma": 0.007049980906438023}, "datetime": {"datetime": "2021-07-20 21:35:19", "elapsed": 3353.187011, "delta": 1.08328}}
{"target": -96.0908036168564, "params": {"C": 44.28938436584858, "epsilon": 12.970476276583804, "gamma": 0.030893394571117377}, "datetime": {"datetime": "2021-07-20 21:35:27", "elapsed": 3361.652016, "delta": 8.465005}}
{"target": -82.57100559212058, "params": {"C": 16.48541462319928, "epsilon": 17.782222566114918, "gamma": 0.018267288232135897}, "datetime": {"datetime": "2021-07-20 21:35:40", "elapsed": 3374.763756, "delta": 13.11174}}
{"target": -99.78734872321832, "params": {"C": 29.787935531629152, "epsilon": 7.020465359503079, "gamma": 0.060573816196956384}, "datetime": {"datetime": "2021-07-20 21:35:47", "elapsed": 3382.011157, "delta": 7.247401}}
{"target": -97.05209694686158, "params": {"C": 45.978266884196664, "epsilon": 1.6250301973505707, "gamma": 0.06533426028275403}, "datetime": {"datetime": "2021-07-20 21:35:56", "elapsed": 3390.484385, "delta": 8.473228}}
{"target": -93.7778892848381, "params": {"C": 31.31890604030868, "epsilon": 16.3300252319444, "gamma": 0.04504455400542687}, "datetime": {"datetime": "2021-07-20 21:36:08", "elapsed": 3403.069673, "delta": 12.585288}}
{"target": -81.22037569145864, "params": {"C": 25.355722385399098, "epsilon": 9.493333151527231, "gamma": 0.018365033919868698}, "datetime": {"datetime": "2021-07-20 21:36:17", "elapsed": 3411.686912, "delta": 8.617239}}
{"target": -95.0091918159778, "params": {"C": 48.91676899999098, "epsilon": 21.186485104191615, "gamma": 0.04138141558462745}, "datetime": {"datetime": "2021-07-20 21:36:26", "elapsed": 3420.59202, "delta": 8.905108}}
{"target": -89.51692859514488, "params": {"C": 40.54900191498275, "epsilon": 28.054290722928837, "gamma": 0.0715932371486284}, "datetime": {"datetime": "2021-07-20 21:36:39", "elapsed": 3433.804323, "delta": 13.212303}}
{"target": -96.83924545676619, "params": {"C": 34.5818667851017, "epsilon": 25.067003358826405, "gamma": 0.031633926062291456}, "datetime": {"datetime": "2021-07-20 21:36:52", "elapsed": 3446.795335, "delta": 12.991012}}
{"target": -93.38787223029031, "params": {"C": 31.909358977245617, "epsilon": 13.723307785665641, "gamma": 0.07293387497537507}, "datetime": {"datetime": "2021-07-20 21:37:06", "elapsed": 3460.225106, "delta": 13.429771}}
{"target": -11.769283635882323, "params": {"C": 15.88284041299105, "epsilon": 6.073375029317083, "gamma": 0.010472165289658185}, "datetime": {"datetime": "2021-07-20 21:37:07", "elapsed": 3461.375008, "delta": 1.149902}}
{"target": -85.96624979867703, "params": {"C": 16.336748220257142, "epsilon": 19.520216731188402, "gamma": 0.07850938832810203}, "datetime": {"datetime": "2021-07-20 21:37:21", "elapsed": 3475.292599, "delta": 13.917591}}
{"target": -94.5720581322021, "params": {"C": 27.51448964828915, "epsilon": 14.780581122221708, "gamma": 0.034624979279825205}, "datetime": {"datetime": "2021-07-20 21:37:28", "elapsed": 3482.861752, "delta": 7.569153}}
{"target": -70.73186541644738, "params": {"C": 48.97178102033009, "epsilon": 8.343713618958803, "gamma": 0.013116160089075993}, "datetime": {"datetime": "2021-07-20 21:37:37", "elapsed": 3491.269276, "delta": 8.407524}}
{"target": -40.830891824375605, "params": {"C": 30.33854717753903, "epsilon": 10.068062948859557, "gamma": 0.004468896390383858}, "datetime": {"datetime": "2021-07-20 21:37:45", "elapsed": 3500.122129, "delta": 8.852853}}
{"target": -87.34716605658323, "params": {"C": 24.09043778869416, "epsilon": 22.382753019392087, "gamma": 0.07162769622921342}, "datetime": {"datetime": "2021-07-20 21:37:59", "elapsed": 3514.035878, "delta": 13.913749}}
{"target": -81.66388754798268, "params": {"C": 25.3608629141495, "epsilon": 9.584623163567235, "gamma": 0.09696897007294153}, "datetime": {"datetime": "2021-07-20 21:38:14", "elapsed": 3528.753414, "delta": 14.717536}}
{"target": -94.30769905520255, "params": {"C": 32.40088124861194, "epsilon": 18.172246908676726, "gamma": 0.03306456467641955}, "datetime": {"datetime": "2021-07-20 21:38:23", "elapsed": 3537.662539, "delta": 8.909125}}
{"target": -103.66791748043343, "params": {"C": 36.10402442586704, "epsilon": 25.66095467905004, "gamma": 0.05509332225448242}, "datetime": {"datetime": "2021-07-20 21:38:36", "elapsed": 3551.081501, "delta": 13.418962}}
{"target": -11.456519408493486, "params": {"C": 30.337954845768106, "epsilon": 3.977679428185998, "gamma": 0.010969598586408922}, "datetime": {"datetime": "2021-07-20 21:38:38", "elapsed": 3552.252818, "delta": 1.171317}}
{"target": -101.79678715942633, "params": {"C": 30.120563027569997, "epsilon": 19.593299696347817, "gamma": 0.04607126975149067}, "datetime": {"datetime": "2021-07-20 21:38:51", "elapsed": 3565.47471, "delta": 13.221892}}
{"target": -88.10139768405737, "params": {"C": 23.67384981110823, "epsilon": 23.341288706319965, "gamma": 0.021445923521886488}, "datetime": {"datetime": "2021-07-20 21:39:02", "elapsed": 3577.161239, "delta": 11.686529}}
{"target": -88.59430702428523, "params": {"C": 8.769575161485857, "epsilon": 21.66886233337943, "gamma": 0.08740770900907602}, "datetime": {"datetime": "2021-07-20 21:39:17", "elapsed": 3591.538132, "delta": 14.376893}}
{"target": -89.95684783858782, "params": {"C": 45.829818347037744, "epsilon": 6.999269670768081, "gamma": 0.030251778834605322}, "datetime": {"datetime": "2021-07-20 21:39:26", "elapsed": 3600.203255, "delta": 8.665123}}
{"target": -90.63687756496682, "params": {"C": 36.25886893433512, "epsilon": 7.560541198295594, "gamma": 0.028206463924496734}, "datetime": {"datetime": "2021-07-20 21:39:34", "elapsed": 3608.796329, "delta": 8.593074}}
{"target": -90.2055928365183, "params": {"C": 37.68150951558964, "epsilon": 23.861019693039413, "gamma": 0.09013801433034958}, "datetime": {"datetime": "2021-07-20 21:39:48", "elapsed": 3622.550324, "delta": 13.753995}}
{"target": -99.5131576718148, "params": {"C": 15.978059719461765, "epsilon": 11.441920477276064, "gamma": 0.046776448828792894}, "datetime": {"datetime": "2021-07-20 21:40:01", "elapsed": 3635.813484, "delta": 13.26316}}
{"target": -83.32227228439126, "params": {"C": 23.03845176131115, "epsilon": 24.714406432254957, "gamma": 0.0811949650883248}, "datetime": {"datetime": "2021-07-20 21:40:15", "elapsed": 3650.061399, "delta": 14.247915}}
{"target": -10.811958501237935, "params": {"C": 37.92795806389742, "epsilon": 3.8682520011626527, "gamma": 0.023484257141224294}, "datetime": {"datetime": "2021-07-20 21:40:17", "elapsed": 3651.215399, "delta": 1.154}}
{"target": -63.480577930139944, "params": {"C": 30.047136597702092, "epsilon": 24.4427567328633, "gamma": 0.01235663526580132}, "datetime": {"datetime": "2021-07-20 21:40:25", "elapsed": 3660.018781, "delta": 8.803382}}
{"target": -96.97754544895257, "params": {"C": 17.13303531674027, "epsilon": 4.256925237464753, "gamma": 0.06330349618081257}, "datetime": {"datetime": "2021-07-20 21:40:38", "elapsed": 3673.013991, "delta": 12.99521}}
{"target": -11.92344911174531, "params": {"C": 13.901803093192106, "epsilon": 5.919223176830533, "gamma": 0.008601360811325634}, "datetime": {"datetime": "2021-07-20 21:40:40", "elapsed": 3674.18535, "delta": 1.171359}}
{"target": -75.18409041034178, "params": {"C": 39.1887061159094, "epsilon": 5.9420148390224625, "gamma": 0.014598653324845725}, "datetime": {"datetime": "2021-07-20 21:40:48", "elapsed": 3683.099982, "delta": 8.914632}}
{"target": -87.40010185535745, "params": {"C": 49.96833255124117, "epsilon": 7.329249322200025, "gamma": 0.07026090499666324}, "datetime": {"datetime": "2021-07-20 21:41:01", "elapsed": 3696.092397, "delta": 12.992415}}
{"target": -97.60045969837509, "params": {"C": 26.85886146887647, "epsilon": 9.907500743233914, "gamma": 0.057607318797816234}, "datetime": {"datetime": "2021-07-20 21:41:15", "elapsed": 3709.389852, "delta": 13.297455}}
{"target": -82.00421126363122, "params": {"C": 39.135728273338046, "epsilon": 27.275829796242036, "gamma": 0.09937214942525698}, "datetime": {"datetime": "2021-07-20 21:41:29", "elapsed": 3723.473239, "delta": 14.083387}}
{"target": -91.08566341226062, "params": {"C": 46.860842617351146, "epsilon": 23.31331927121922, "gamma": 0.06206540069934563}, "datetime": {"datetime": "2021-07-20 21:41:42", "elapsed": 3736.528904, "delta": 13.055665}}
{"target": -97.29532976305612, "params": {"C": 16.41208975183855, "epsilon": 21.57755841422746, "gamma": 0.0316864485439395}, "datetime": {"datetime": "2021-07-20 21:41:55", "elapsed": 3749.903947, "delta": 13.375043}}
{"target": -81.14133971250452, "params": {"C": 26.034348569994208, "epsilon": 23.40015267877035, "gamma": 0.09081011708695168}, "datetime": {"datetime": "2021-07-20 21:42:09", "elapsed": 3763.986833, "delta": 14.082886}}
{"target": -51.163223713642104, "params": {"C": 26.39289028917353, "epsilon": 16.2810772175796, "gamma": 0.00717662565399446}, "datetime": {"datetime": "2021-07-20 21:42:18", "elapsed": 3772.864696, "delta": 8.877863}}
{"target": -98.36398170334625, "params": {"C": 35.08260091881151, "epsilon": 29.460726243086484, "gamma": 0.06506600457397214}, "datetime": {"datetime": "2021-07-20 21:42:32", "elapsed": 3786.317601, "delta": 13.452905}}
{"target": -86.57102653062637, "params": {"C": 33.15337043564607, "epsilon": 8.388268007444841, "gamma": 0.0842927860172935}, "datetime": {"datetime": "2021-07-20 21:42:46", "elapsed": 3800.225745, "delta": 13.908144}}
{"target": -98.4755185394826, "params": {"C": 10.448784172627109, "epsilon": 13.823274690743151, "gamma": 0.04472365594094413}, "datetime": {"datetime": "2021-07-20 21:42:59", "elapsed": 3814.041348, "delta": 13.815603}}
{"target": -90.70532003378112, "params": {"C": 15.123371380773683, "epsilon": 24.705968551346427, "gamma": 0.03873284887641287}, "datetime": {"datetime": "2021-07-20 21:43:13", "elapsed": 3827.60193, "delta": 13.560582}}
{"target": -90.20143471070863, "params": {"C": 37.090783809015825, "epsilon": 16.034756192513058, "gamma": 0.06915963940440914}, "datetime": {"datetime": "2021-07-20 21:43:27", "elapsed": 3841.742875, "delta": 14.140945}}
{"target": -92.8051352153673, "params": {"C": 48.76880168875354, "epsilon": 25.22506386055068, "gamma": 0.03313902376386989}, "datetime": {"datetime": "2021-07-20 21:43:37", "elapsed": 3851.545793, "delta": 9.802918}}
{"target": -86.66626066112441, "params": {"C": 14.136556610275097, "epsilon": 0.6158167291217421, "gamma": 0.07237341739465772}, "datetime": {"datetime": "2021-07-20 21:43:43", "elapsed": 3858.086415, "delta": 6.540622}}
{"target": -91.64856636570792, "params": {"C": 23.961024885691227, "epsilon": 2.3749327807218874, "gamma": 0.07111475146850711}, "datetime": {"datetime": "2021-07-20 21:43:54", "elapsed": 3868.723691, "delta": 10.637276}}
{"target": -52.02278635023356, "params": {"C": 38.47363751619898, "epsilon": 13.388324208785416, "gamma": 0.007572190930925508}, "datetime": {"datetime": "2021-07-20 21:44:03", "elapsed": 3877.663762, "delta": 8.940071}}
{"target": -92.51280860092417, "params": {"C": 44.59357206867374, "epsilon": 14.621903510722952, "gamma": 0.026853697415376014}, "datetime": {"datetime": "2021-07-20 21:44:14", "elapsed": 3888.599895, "delta": 10.936133}}
{"target": -97.95230352586061, "params": {"C": 44.52838067657458, "epsilon": 21.450843113913347, "gamma": 0.07425297384501633}, "datetime": {"datetime": "2021-07-20 21:44:31", "elapsed": 3905.300571, "delta": 16.700676}}
{"target": -91.4281997385739, "params": {"C": 45.453090624245505, "epsilon": 18.481388582665144, "gamma": 0.022397591282069744}, "datetime": {"datetime": "2021-07-20 21:44:42", "elapsed": 3916.269088, "delta": 10.968517}}
{"target": -86.82517617401304, "params": {"C": 28.552234026347914, "epsilon": 26.03998379024734, "gamma": 0.07919101478757111}, "datetime": {"datetime": "2021-07-20 21:44:58", "elapsed": 3932.973114, "delta": 16.704026}}
{"target": -54.14626206754763, "params": {"C": 15.37181492433081, "epsilon": 14.111828581855477, "gamma": 0.00796189426578698}, "datetime": {"datetime": "2021-07-20 21:45:09", "elapsed": 3943.24323, "delta": 10.270116}}
{"target": -94.01605988183131, "params": {"C": 41.01136054593252, "epsilon": 28.38057442802633, "gamma": 0.030969196512132865}, "datetime": {"datetime": "2021-07-20 21:45:24", "elapsed": 3958.606098, "delta": 15.362868}}
{"target": -91.90966354609775, "params": {"C": 15.078702616978166, "epsilon": 12.411620312999169, "gamma": 0.06153088846918443}, "datetime": {"datetime": "2021-07-20 21:45:40", "elapsed": 3974.284497, "delta": 15.678399}}
{"target": -98.7496200702838, "params": {"C": 44.86636508215501, "epsilon": 7.007957075111809, "gamma": 0.0628881020507862}, "datetime": {"datetime": "2021-07-20 21:45:56", "elapsed": 3990.394042, "delta": 16.109545}}
{"target": -78.83048857027045, "params": {"C": 24.119947238298657, "epsilon": 8.285716475373073, "gamma": 0.09394730397705003}, "datetime": {"datetime": "2021-07-20 21:46:12", "elapsed": 4006.873208, "delta": 16.479166}}
{"target": -91.71666465274232, "params": {"C": 22.474239668051737, "epsilon": 6.381014654168191, "gamma": 0.048532486590223176}, "datetime": {"datetime": "2021-07-20 21:46:31", "elapsed": 4026.030679, "delta": 19.157471}}
{"target": -51.57313462952929, "params": {"C": 40.24139105383512, "epsilon": 8.549671630809812, "gamma": 0.0069864206897944925}, "datetime": {"datetime": "2021-07-20 21:46:44", "elapsed": 4038.894521, "delta": 12.863842}}
{"target": -84.7907963851609, "params": {"C": 25.90505091864436, "epsilon": 23.83650166023232, "gamma": 0.019251320981811815}, "datetime": {"datetime": "2021-07-20 21:46:58", "elapsed": 4052.524711, "delta": 13.63019}}
{"target": -78.53921665179179, "params": {"C": 24.07009554846896, "epsilon": 2.3364980649007068, "gamma": 0.09897682652738046}, "datetime": {"datetime": "2021-07-20 21:47:14", "elapsed": 4068.20655, "delta": 15.681839}}
{"target": -78.98717203494898, "params": {"C": 20.486265112787308, "epsilon": 1.8875653598436257, "gamma": 0.09777819343864487}, "datetime": {"datetime": "2021-07-20 21:47:29", "elapsed": 4084.174397, "delta": 15.967847}}
{"target": -100.94288516485285, "params": {"C": 39.22642253699697, "epsilon": 19.42136641464447, "gamma": 0.05874728719585773}, "datetime": {"datetime": "2021-07-20 21:47:52", "elapsed": 4106.477668, "delta": 22.303271}}
{"target": -10.602376081737567, "params": {"C": 17.654080889790713, "epsilon": 3.936279178134261, "gamma": 0.027517753906288883}, "datetime": {"datetime": "2021-07-20 21:47:54", "elapsed": 4108.536437, "delta": 2.058769}}
{"target": -101.38241042648623, "params": {"C": 29.21093612402926, "epsilon": 19.31328208278343, "gamma": 0.05744014624685902}, "datetime": {"datetime": "2021-07-20 21:48:19", "elapsed": 4133.54936, "delta": 25.012923}}
{"target": -100.25631298939352, "params": {"C": 11.759826771740261, "epsilon": 6.980598878526697, "gamma": 0.05095497703814973}, "datetime": {"datetime": "2021-07-20 21:48:39", "elapsed": 4153.425554, "delta": 19.876194}}
{"target": -97.78185714597717, "params": {"C": 40.103076750836806, "epsilon": 10.206969477091786, "gamma": 0.04974004353325727}, "datetime": {"datetime": "2021-07-20 21:48:52", "elapsed": 4166.65716, "delta": 13.231606}}
{"target": -92.9934854034322, "params": {"C": 14.525869328561473, "epsilon": 13.611428552149894, "gamma": 0.06784124975108194}, "datetime": {"datetime": "2021-07-20 21:49:13", "elapsed": 4187.428766, "delta": 20.771606}}
{"target": -101.3134204125133, "params": {"C": 49.49223897492628, "epsilon": 26.435031042017368, "gamma": 0.04508509860463071}, "datetime": {"datetime": "2021-07-20 21:49:33", "elapsed": 4207.394519, "delta": 19.965753}}
{"target": -94.18163383505949, "params": {"C": 11.316619699575467, "epsilon": 11.614681394403444, "gamma": 0.03054797317011659}, "datetime": {"datetime": "2021-07-20 21:49:52", "elapsed": 4226.805257, "delta": 19.410738}}
{"target": -10.666725710072418, "params": {"C": 28.244141672965135, "epsilon": 1.1002751492393639, "gamma": 0.026415312005750317}, "datetime": {"datetime": "2021-07-20 21:49:54", "elapsed": 4228.70108, "delta": 1.895823}}
{"target": -87.44330242231759, "params": {"C": 35.650616785457544, "epsilon": 3.727372050779181, "gamma": 0.08330801692612799}, "datetime": {"datetime": "2021-07-20 21:50:14", "elapsed": 4248.64997, "delta": 19.94889}}
{"target": -72.71456955322928, "params": {"C": 43.725486845382555, "epsilon": 10.85324933722425, "gamma": 0.013666183222693822}, "datetime": {"datetime": "2021-07-20 21:50:28", "elapsed": 4262.44685, "delta": 13.79688}}
{"target": -79.59679444051011, "params": {"C": 19.08937407994376, "epsilon": 21.61253155833032, "gamma": 0.020004574992693796}, "datetime": {"datetime": "2021-07-20 22:00:04", "elapsed": 0.0, "delta": 0.0}}
{"target": -10.859656720401274, "params": {"C": 17.139653734741277, "epsilon": 4.41120916560522, "gamma": 0.023693543790751913}, "datetime": {"datetime": "2021-07-20 22:00:05", "elapsed": 0.599597, "delta": 0.599597}}
{"target": -97.10716811552163, "params": {"C": 15.166423593420404, "epsilon": 10.373366204021002, "gamma": 0.035870698969226796}, "datetime": {"datetime": "2021-07-20 22:00:24", "elapsed": 19.494556, "delta": 18.894959}}
