{"target": -59.04786332940466, "params": {"C": 21.013035597371413, "epsilon": 3.325343311995225, "gamma": 0.05979349148342342}, "datetime": {"datetime": "2021-07-20 21:01:32", "elapsed": 1650.342117, "delta": 9.146977}}
{"target": -10.525044744792893, "params": {"C": 20.83029884955256, "epsilon": 1.7809216911471073, "gamma": 0.020920518097427634}, "datetime": {"datetime": "2021-07-20 21:01:33", "elapsed": 1651.337769, "delta": 0.995652}}
{"target": -55.17432211127024, "params": {"C": 31.4518909131813, "epsilon": 3.8195876328150047, "gamma": 0.0813553524040072}, "datetime": {"datetime": "2021-07-20 21:01:42", "elapsed": 1660.268561, "delta": 8.930792}}
{"target": -68.50017413229703, "params": {"C": 20.018916847445155, "epsilon": 2.0504379454001196, "gamma": 0.053133261190986825}, "datetime": {"datetime": "2021-07-20 21:01:51", "elapsed": 1669.076069, "delta": 8.807508}}
{"target": -72.86916311807519, "params": {"C": 39.77819087946957, "epsilon": 1.7451009295423023, "gamma": 0.03524218194889543}, "datetime": {"datetime": "2021-07-20 21:02:00", "elapsed": 1677.831256, "delta": 8.755187}}
{"target": -61.33731582434425, "params": {"C": 46.63795569254208, "epsilon": 5.24435696873328, "gamma": 0.057880954306894}, "datetime": {"datetime": "2021-07-20 21:02:09", "elapsed": 1687.17934, "delta": 9.348084}}
{"target": -50.93252469308753, "params": {"C": 14.315074608492303, "epsilon": 3.1188540340025566, "gamma": 0.07893533382023962}, "datetime": {"datetime": "2021-07-20 21:02:18", "elapsed": 1696.087505, "delta": 8.908165}}
{"target": -66.54537131207645, "params": {"C": 35.020210723726905, "epsilon": 6.180394925777749, "gamma": 0.06371086863826415}, "datetime": {"datetime": "2021-07-20 21:02:27", "elapsed": 1705.041477, "delta": 8.953972}}
{"target": -77.15922308635355, "params": {"C": 47.94541160518863, "epsilon": 3.455265806789348, "gamma": 0.03369093242184771}, "datetime": {"datetime": "2021-07-20 21:02:36", "elapsed": 1713.916224, "delta": 8.874747}}
{"target": -76.15691642247025, "params": {"C": 5.62481824143362, "epsilon": 5.272511952616425, "gamma": 0.016904393138314426}, "datetime": {"datetime": "2021-07-20 21:02:50", "elapsed": 1727.720273, "delta": 13.804049}}
{"target": -11.013702813007582, "params": {"C": 24.357382868698284, "epsilon": 0.5500711653235694, "gamma": 0.06091817386833125}, "datetime": {"datetime": "2021-07-20 21:02:51", "elapsed": 1728.610275, "delta": 0.890002}}
{"target": -60.100452334269185, "params": {"C": 18.63522403007393, "epsilon": 5.450850224323981, "gamma": 0.07085865744380353}, "datetime": {"datetime": "2021-07-20 21:03:00", "elapsed": 1737.635634, "delta": 9.025359}}
{"target": -71.77210430843931, "params": {"C": 20.2539562150872, "epsilon": 2.347125349892055, "gamma": 0.0420455576949403}, "datetime": {"datetime": "2021-07-20 21:03:14", "elapsed": 1751.840473, "delta": 14.204839}}
{"target": -10.974736129684066, "params": {"C": 7.2467817041843485, "epsilon": 0.8247475601364183, "gamma": 0.031350856447609536}, "datetime": {"datetime": "2021-07-20 21:03:15", "elapsed": 1752.772197, "delta": 0.931724}}
{"target": -58.09911308282602, "params": {"C": 43.91558921361367, "epsilon": 4.773327348231059, "gamma": 0.061749523979580216}, "datetime": {"datetime": "2021-07-20 21:03:24", "elapsed": 1762.074368, "delta": 9.302171}}
{"target": -72.28533433830965, "params": {"C": 7.2419855036821135, "epsilon": 1.232458336736996, "gamma": 0.047303650258000284}, "datetime": {"datetime": "2021-07-20 21:03:38", "elapsed": 1776.20724, "delta": 14.132872}}
{"target": -10.95731434325992, "params": {"C": 28.14799783586231, "epsilon": 0.659673413104104, "gamma": 0.06081488647453004}, "datetime": {"datetime": "2021-07-20 21:03:39", "elapsed": 1777.103234, "delta": 0.895994}}
{"target": -11.052531932552338, "params": {"C": 19.77328979986791, "epsilon": 3.042750285297406, "gamma": 0.01547401119917769}, "datetime": {"datetime": "2021-07-20 21:03:40", "elapsed": 1778.047548, "delta": 0.944314}}
{"target": -10.939712769362398, "params": {"C": 10.76831669039005, "epsilon": 0.4447040762930169, "gamma": 0.03916134855587442}, "datetime": {"datetime": "2021-07-20 21:03:41", "elapsed": 1778.951551, "delta": 0.904003}}
{"target": -10.879845277721596, "params": {"C": 11.116708131516468, "epsilon": 0.25895290048005964, "gamma": 0.025604760409966995}, "datetime": {"datetime": "2021-07-20 21:03:42", "elapsed": 1779.823729, "delta": 0.872178}}
{"target": -67.47796296527387, "params": {"C": 45.3677538812859, "epsilon": 5.808607817524689, "gamma": 0.012400917779785333}, "datetime": {"datetime": "2021-07-20 21:03:51", "elapsed": 1788.639382, "delta": 8.815653}}
{"target": -51.46063904483977, "params": {"C": 35.97807612587775, "epsilon": 6.792727741136355, "gamma": 0.0923739361237026}, "datetime": {"datetime": "2021-07-20 21:04:00", "elapsed": 1797.720069, "delta": 9.080687}}
{"target": -77.5597927263391, "params": {"C": 48.483086925328905, "epsilon": 4.0117168573763164, "gamma": 0.02997060673086035}, "datetime": {"datetime": "2021-07-20 21:04:09", "elapsed": 1806.60391, "delta": 8.883841}}
{"target": -59.75199287505335, "params": {"C": 42.30100940183691, "epsilon": 0.9883563779741007, "gamma": 0.055641425022658814}, "datetime": {"datetime": "2021-07-20 21:04:18", "elapsed": 1815.703756, "delta": 9.099846}}
{"target": -67.62609374696994, "params": {"C": 15.54371569878809, "epsilon": 1.661312883548308, "gamma": 0.05242060222337867}, "datetime": {"datetime": "2021-07-20 21:04:27", "elapsed": 1824.608401, "delta": 8.904645}}
{"target": -10.825973590789967, "params": {"C": 46.156931353292585, "epsilon": 0.47169537484748075, "gamma": 0.051815277603470884}, "datetime": {"datetime": "2021-07-20 21:04:28", "elapsed": 1825.548401, "delta": 0.94}}
{"target": -55.83554805318125, "params": {"C": 48.88079614242548, "epsilon": 3.407779336442786, "gamma": 0.07262264473441384}, "datetime": {"datetime": "2021-07-20 21:04:37", "elapsed": 1834.750934, "delta": 9.202533}}
{"target": -11.060000532849957, "params": {"C": 39.95924364406853, "epsilon": 1.928013103991947, "gamma": 0.012265755971098233}, "datetime": {"datetime": "2021-07-20 21:04:38", "elapsed": 1835.682938, "delta": 0.932004}}
{"target": -60.16493555940903, "params": {"C": 14.119537068988915, "epsilon": 3.6129358144888593, "gamma": 0.06629751694884461}, "datetime": {"datetime": "2021-07-20 21:04:47", "elapsed": 1844.803949, "delta": 9.121011}}
{"target": -76.4563266812295, "params": {"C": 19.04707334677014, "epsilon": 5.662875212175896, "gamma": 0.02284607113593254}, "datetime": {"datetime": "2021-07-20 21:04:56", "elapsed": 1854.081022, "delta": 9.277073}}
{"target": -70.07024545278904, "params": {"C": 38.12068784081748, "epsilon": 6.847117629736629, "gamma": 0.012063912185897249}, "datetime": {"datetime": "2021-07-20 21:05:05", "elapsed": 1863.110226, "delta": 9.029204}}
{"target": -73.64616475138374, "params": {"C": 26.303233390990812, "epsilon": 4.716450469496374, "gamma": 0.04104938279061533}, "datetime": {"datetime": "2021-07-20 21:05:19", "elapsed": 1876.932501, "delta": 13.822275}}
{"target": -11.041141937768389, "params": {"C": 9.372943376856266, "epsilon": 0.9680775534729007, "gamma": 0.06765741126589668}, "datetime": {"datetime": "2021-07-20 21:05:20", "elapsed": 1877.871173, "delta": 0.938672}}
{"target": -52.54258185969935, "params": {"C": 42.42982700075415, "epsilon": 3.736109542472873, "gamma": 0.08620336459307988}, "datetime": {"datetime": "2021-07-20 21:05:29", "elapsed": 1887.035656, "delta": 9.164483}}
{"target": -54.065726175609484, "params": {"C": 8.333784591313336, "epsilon": 5.098933354470211, "gamma": 0.08701110086560215}, "datetime": {"datetime": "2021-07-20 21:05:38", "elapsed": 1895.928122, "delta": 8.892466}}
{"target": -65.78385313454467, "params": {"C": 12.322297584435166, "epsilon": 0.8707381017323443, "gamma": 0.054660084925415756}, "datetime": {"datetime": "2021-07-20 21:05:47", "elapsed": 1904.970942, "delta": 9.04282}}
{"target": -71.2385111414322, "params": {"C": 33.173007197007934, "epsilon": 5.704907911473414, "gamma": 0.043489420837977744}, "datetime": {"datetime": "2021-07-20 21:06:02", "elapsed": 1919.41024, "delta": 14.439298}}
{"target": -10.99248515271776, "params": {"C": 31.739800690088515, "epsilon": 0.29293338659327584, "gamma": 0.06400827094096746}, "datetime": {"datetime": "2021-07-20 21:06:03", "elapsed": 1920.374261, "delta": 0.964021}}
{"target": -11.14398652986403, "params": {"C": 16.254155385357855, "epsilon": 1.7942140508944857, "gamma": 0.08319984964086938}, "datetime": {"datetime": "2021-07-20 21:06:03", "elapsed": 1921.305261, "delta": 0.931}}
{"target": -63.50528794594591, "params": {"C": 44.008563142779785, "epsilon": 2.5485992473359125, "gamma": 0.01023091001098919}, "datetime": {"datetime": "2021-07-20 21:06:12", "elapsed": 1930.269079, "delta": 8.963818}}
{"target": -11.225850785066052, "params": {"C": 13.331760550676579, "epsilon": 3.1239202123327305, "gamma": 0.09635484867766575}, "datetime": {"datetime": "2021-07-20 21:06:13", "elapsed": 1931.254074, "delta": 0.984995}}
{"target": -63.94813122451548, "params": {"C": 10.235446829900294, "epsilon": 4.680267502416282, "gamma": 0.058269903697143244}, "datetime": {"datetime": "2021-07-20 21:06:22", "elapsed": 1940.100659, "delta": 8.846585}}
{"target": -10.990908476178046, "params": {"C": 33.12121991360844, "epsilon": 1.0745569441164489, "gamma": 0.06993413290879472}, "datetime": {"datetime": "2021-07-20 21:06:23", "elapsed": 1941.085255, "delta": 0.984596}}
{"target": -11.155945809607323, "params": {"C": 17.449979596176806, "epsilon": 2.7187712619034667, "gamma": 0.014888265744688944}, "datetime": {"datetime": "2021-07-20 21:06:24", "elapsed": 1942.102256, "delta": 1.017001}}
{"target": -65.34934470735406, "params": {"C": 26.388604988366538, "epsilon": 3.3659709759550633, "gamma": 0.060010587786100134}, "datetime": {"datetime": "2021-07-20 21:06:33", "elapsed": 1951.100645, "delta": 8.998389}}
{"target": -66.13064723882216, "params": {"C": 28.734879806795814, "epsilon": 5.847778378345556, "gamma": 0.0506711386345086}, "datetime": {"datetime": "2021-07-20 21:06:43", "elapsed": 1960.398027, "delta": 9.297382}}
{"target": -70.47185053151465, "params": {"C": 10.722168217115303, "epsilon": 0.6421077805808688, "gamma": 0.04879720481283223}, "datetime": {"datetime": "2021-07-20 21:06:52", "elapsed": 1969.585952, "delta": 9.187925}}
{"target": -79.74402120426276, "params": {"C": 28.031096478217187, "epsilon": 2.937606798174658, "gamma": 0.02544740121448348}, "datetime": {"datetime": "2021-07-20 21:07:01", "elapsed": 1978.370694, "delta": 8.784742}}
{"target": -11.440883086589631, "params": {"C": 11.074621781774637, "epsilon": 0.5826754179337105, "gamma": 0.09116664685966239}, "datetime": {"datetime": "2021-07-20 21:07:01", "elapsed": 1979.317698, "delta": 0.947004}}
{"target": -72.44915214044211, "params": {"C": 8.154246939721645, "epsilon": 6.828952866283761, "gamma": 0.04581740562557834}, "datetime": {"datetime": "2021-07-20 21:07:16", "elapsed": 1994.170267, "delta": 14.852569}}
{"target": -11.008894674629287, "params": {"C": 16.698325259856386, "epsilon": 1.6678850662444504, "gamma": 0.06494382645809237}, "datetime": {"datetime": "2021-07-20 21:07:17", "elapsed": 1995.10244, "delta": 0.932173}}
{"target": -76.65796760347423, "params": {"C": 41.30272999448872, "epsilon": 2.6826633955489414, "gamma": 0.0260773045031482}, "datetime": {"datetime": "2021-07-20 21:07:26", "elapsed": 2004.270813, "delta": 9.168373}}
{"target": -73.59459510771748, "params": {"C": 39.49591543541512, "epsilon": 5.339988050785062, "gamma": 0.03060825631509885}, "datetime": {"datetime": "2021-07-20 21:07:35", "elapsed": 2013.333633, "delta": 9.06282}}
{"target": -11.41158280575162, "params": {"C": 7.2913633779274285, "epsilon": 2.253702678943555, "gamma": 0.018176894493048747}, "datetime": {"datetime": "2021-07-20 21:07:36", "elapsed": 2014.293633, "delta": 0.96}}
{"target": -71.41944753063186, "params": {"C": 33.66239699056881, "epsilon": 2.4922179418691934, "gamma": 0.031130430084103003}, "datetime": {"datetime": "2021-07-20 21:07:46", "elapsed": 2023.576993, "delta": 9.28336}}
{"target": -11.155915057926794, "params": {"C": 7.0848737290794155, "epsilon": 1.0265733597221123, "gamma": 0.06020495419292432}, "datetime": {"datetime": "2021-07-20 21:07:47", "elapsed": 2024.616859, "delta": 1.039866}}
{"target": -73.59531441770271, "params": {"C": 5.988965635869088, "epsilon": 3.9881091326786406, "gamma": 0.04219348680094622}, "datetime": {"datetime": "2021-07-20 21:08:01", "elapsed": 2039.274011, "delta": 14.657152}}
{"target": -61.881382544643856, "params": {"C": 12.182681576353135, "epsilon": 6.365442432758811, "gamma": 0.05615724499596817}, "datetime": {"datetime": "2021-07-20 21:08:11", "elapsed": 2048.668327, "delta": 9.394316}}
{"target": -57.237643632126144, "params": {"C": 38.7753842916973, "epsilon": 4.163161434772803, "gamma": 0.0845148481776346}, "datetime": {"datetime": "2021-07-20 21:08:20", "elapsed": 2057.86891, "delta": 9.200583}}
{"target": -78.43024679630707, "params": {"C": 24.053366996132453, "epsilon": 5.428983196272862, "gamma": 0.023702614724789118}, "datetime": {"datetime": "2021-07-20 21:08:29", "elapsed": 2066.759521, "delta": 8.890611}}
{"target": -72.90218021262203, "params": {"C": 44.50320249181696, "epsilon": 5.963085953442998, "gamma": 0.01501923400750061}, "datetime": {"datetime": "2021-07-20 21:08:38", "elapsed": 2075.796744, "delta": 9.037223}}
{"target": -11.22874651686043, "params": {"C": 44.2586519186901, "epsilon": 1.2090446653102662, "gamma": 0.010669892969300413}, "datetime": {"datetime": "2021-07-20 21:08:39", "elapsed": 2076.872035, "delta": 1.075291}}
{"target": -68.24716198442414, "params": {"C": 21.442543933710834, "epsilon": 4.005031886362564, "gamma": 0.05514924422901663}, "datetime": {"datetime": "2021-07-20 21:08:48", "elapsed": 2086.085961, "delta": 9.213926}}
{"target": -71.198336751578, "params": {"C": 27.23689722093714, "epsilon": 4.64966909539302, "gamma": 0.017022840679445705}, "datetime": {"datetime": "2021-07-20 21:08:57", "elapsed": 2094.650451, "delta": 8.56449}}
{"target": -10.894901566174427, "params": {"C": 34.71200569793383, "epsilon": 0.3792447717828149, "gamma": 0.05424959047175085}, "datetime": {"datetime": "2021-07-20 21:08:58", "elapsed": 2095.711812, "delta": 1.061361}}
{"target": -50.84305482059604, "params": {"C": 14.26451381599521, "epsilon": 4.431103512963225, "gamma": 0.08214084784696381}, "datetime": {"datetime": "2021-07-20 21:09:07", "elapsed": 2105.139062, "delta": 9.42725}}
{"target": -10.753599490890767, "params": {"C": 28.58509297698495, "epsilon": 1.2997956259372, "gamma": 0.02170258514099007}, "datetime": {"datetime": "2021-07-20 21:09:08", "elapsed": 2106.222061, "delta": 1.082999}}
{"target": -74.25732331751264, "params": {"C": 15.668717441724095, "epsilon": 6.278478363096758, "gamma": 0.027023710242568333}, "datetime": {"datetime": "2021-07-20 21:09:22", "elapsed": 2119.758834, "delta": 13.536773}}
{"target": -11.380733411624355, "params": {"C": 6.255292823724302, "epsilon": 1.7199329136015986, "gamma": 0.08303505413661352}, "datetime": {"datetime": "2021-07-20 21:09:23", "elapsed": 2120.777025, "delta": 1.018191}}
{"target": -67.46859696699428, "params": {"C": 12.577115925630547, "epsilon": 2.7371472874715703, "gamma": 0.05059633553739374}, "datetime": {"datetime": "2021-07-20 21:09:32", "elapsed": 2130.135296, "delta": 9.358271}}
{"target": -11.361902052356006, "params": {"C": 11.62344373904824, "epsilon": 0.8337542504558915, "gamma": 0.08727744575083114}, "datetime": {"datetime": "2021-07-20 21:09:33", "elapsed": 2131.136218, "delta": 1.000922}}
{"target": -52.87130791850166, "params": {"C": 10.268303582832127, "epsilon": 5.477522660468228, "gamma": 0.07890087956380638}, "datetime": {"datetime": "2021-07-20 21:09:42", "elapsed": 2140.143655, "delta": 9.007437}}
{"target": -63.544725589467156, "params": {"C": 13.485216396046214, "epsilon": 4.647353365122975, "gamma": 0.05936911547315553}, "datetime": {"datetime": "2021-07-20 21:09:51", "elapsed": 2149.319628, "delta": 9.175973}}
{"target": -74.36714852208412, "params": {"C": 43.42711323577833, "epsilon": 4.352856571954952, "gamma": 0.029097940945671766}, "datetime": {"datetime": "2021-07-20 21:10:01", "elapsed": 2158.516838, "delta": 9.19721}}
{"target": -62.94715364596411, "params": {"C": 20.15635442854358, "epsilon": 2.4373846880554453, "gamma": 0.05870564720986371}, "datetime": {"datetime": "2021-07-20 21:10:10", "elapsed": 2167.787737, "delta": 9.270899}}
{"target": -11.049949177422134, "params": {"C": 15.414416842166203, "epsilon": 2.356645957639862, "gamma": 0.07130783073776738}, "datetime": {"datetime": "2021-07-20 21:10:11", "elapsed": 2168.831745, "delta": 1.044008}}
{"target": -11.606861071199086, "params": {"C": 29.544124186530375, "epsilon": 3.3252976115083954, "gamma": 0.09333450749621677}, "datetime": {"datetime": "2021-07-20 21:10:12", "elapsed": 2169.887952, "delta": 1.056207}}
{"target": -10.751147661528524, "params": {"C": 12.89348725213332, "epsilon": 1.3797678857357794, "gamma": 0.024357507227032213}, "datetime": {"datetime": "2021-07-20 21:10:13", "elapsed": 2170.971945, "delta": 1.083993}}
{"target": -76.42971032786313, "params": {"C": 28.141007761651533, "epsilon": 4.900137243814623, "gamma": 0.03884737327738087}, "datetime": {"datetime": "2021-07-20 21:10:27", "elapsed": 2185.110435, "delta": 14.13849}}
{"target": -73.47757478998874, "params": {"C": 36.8663404439842, "epsilon": 4.855537330425938, "gamma": 0.01840240300895222}, "datetime": {"datetime": "2021-07-20 21:10:36", "elapsed": 2194.322351, "delta": 9.211916}}
{"target": -77.71263294497625, "params": {"C": 45.59123362871247, "epsilon": 3.8826186626990355, "gamma": 0.03645046096676533}, "datetime": {"datetime": "2021-07-20 21:10:46", "elapsed": 2203.365209, "delta": 9.042858}}
{"target": -58.09756523540979, "params": {"C": 10.999408386003706, "epsilon": 5.724696593487205, "gamma": 0.08218425616358521}, "datetime": {"datetime": "2021-07-20 21:10:55", "elapsed": 2212.770603, "delta": 9.405394}}
{"target": -78.75960989172592, "params": {"C": 7.837938853818544, "epsilon": 6.225050428252028, "gamma": 0.024806156909345532}, "datetime": {"datetime": "2021-07-20 21:11:09", "elapsed": 2226.984712, "delta": 14.214109}}
{"target": -81.13856219964894, "params": {"C": 14.17547298605802, "epsilon": 6.347215733421281, "gamma": 0.02240995740127244}, "datetime": {"datetime": "2021-07-20 21:11:19", "elapsed": 2236.37825, "delta": 9.393538}}
{"target": -70.57803363164109, "params": {"C": 41.675881170797524, "epsilon": 3.847376729090187, "gamma": 0.046971963012020106}, "datetime": {"datetime": "2021-07-20 21:11:33", "elapsed": 2251.067338, "delta": 14.689088}}
{"target": -11.616758110825558, "params": {"C": 15.68248449488184, "epsilon": 1.5008252768731265, "gamma": 0.009076413628069394}, "datetime": {"datetime": "2021-07-20 21:11:34", "elapsed": 2252.146158, "delta": 1.07882}}
{"target": -66.41385757703735, "params": {"C": 29.526951954831482, "epsilon": 0.788347629926736, "gamma": 0.05030362471150093}, "datetime": {"datetime": "2021-07-20 21:11:43", "elapsed": 2261.303926, "delta": 9.157768}}
{"target": -76.62370259473968, "params": {"C": 49.12299080896919, "epsilon": 3.4235143366807383, "gamma": 0.020141482213951324}, "datetime": {"datetime": "2021-07-20 21:11:52", "elapsed": 2270.002918, "delta": 8.698992}}
{"target": -71.34267704237261, "params": {"C": 9.090271226773332, "epsilon": 5.7160216968397295, "gamma": 0.050517139407647405}, "datetime": {"datetime": "2021-07-20 21:12:07", "elapsed": 2284.908497, "delta": 14.905579}}
{"target": -77.04144507482413, "params": {"C": 48.965828341408624, "epsilon": 3.481808931165806, "gamma": 0.020492439136620362}, "datetime": {"datetime": "2021-07-20 21:12:16", "elapsed": 2293.811507, "delta": 8.90301}}
{"target": -59.93881725340637, "params": {"C": 31.53930377130064, "epsilon": 6.318032016914439, "gamma": 0.07802327823330804}, "datetime": {"datetime": "2021-07-20 21:12:25", "elapsed": 2303.031974, "delta": 9.220467}}
{"target": -66.21190308161728, "params": {"C": 42.368003571781465, "epsilon": 1.3334775367426717, "gamma": 0.059506286186701104}, "datetime": {"datetime": "2021-07-20 21:12:34", "elapsed": 2312.233426, "delta": 9.201452}}
{"target": -10.850835144999534, "params": {"C": 15.467107210855605, "epsilon": 0.8877589695865198, "gamma": 0.03602838183557586}, "datetime": {"datetime": "2021-07-20 21:12:35", "elapsed": 2313.349428, "delta": 1.116002}}
{"target": -58.29628864005202, "params": {"C": 45.79750723651814, "epsilon": 5.900242008019733, "gamma": 0.07714099081021465}, "datetime": {"datetime": "2021-07-20 21:12:45", "elapsed": 2322.464088, "delta": 9.11466}}
{"target": -11.60922108640405, "params": {"C": 39.04366516264086, "epsilon": 1.9696750357436514, "gamma": 0.08539685329041967}, "datetime": {"datetime": "2021-07-20 21:12:46", "elapsed": 2323.545091, "delta": 1.081003}}
{"target": -11.07775831538883, "params": {"C": 10.280985202840693, "epsilon": 1.381899989970766, "gamma": 0.0705936756596912}, "datetime": {"datetime": "2021-07-20 21:12:47", "elapsed": 2324.699277, "delta": 1.154186}}
{"target": -60.97439375012396, "params": {"C": 38.03367441602056, "epsilon": 6.904679816384383, "gamma": 0.061782780577937534}, "datetime": {"datetime": "2021-07-20 21:12:57", "elapsed": 2334.86997, "delta": 10.170693}}
{"target": -11.49230051509967, "params": {"C": 20.313061453632393, "epsilon": 1.4724395498640486, "gamma": 0.09622020356725942}, "datetime": {"datetime": "2021-07-20 21:12:58", "elapsed": 2336.057921, "delta": 1.187951}}
{"target": -55.041252742693025, "params": {"C": 45.145933413703496, "epsilon": 4.487469954803999, "gamma": 0.0785041055473846}, "datetime": {"datetime": "2021-07-20 21:13:08", "elapsed": 2345.805495, "delta": 9.747574}}
