{"target": -10.810294527243318, "params": {"C": 22.254262957818458, "epsilon": 1.5919737627185828, "gamma": 0.027203189395879984}, "datetime": {"datetime": "2021-07-20 22:39:59", "elapsed": 73.287406, "delta": 0.686}}
{"target": -11.251930820568756, "params": {"C": 28.395144107326338, "epsilon": 1.9144943878280292, "gamma": 0.012217324120521802}, "datetime": {"datetime": "2021-07-20 22:40:00", "elapsed": 73.928947, "delta": 0.641541}}
