{"target": -14.17714294365718, "params": {"C": 8.196845607002823, "epsilon": 7.510521061975097, "gamma": 0.2693913112935777}, "datetime": {"datetime": "2021-07-20 18:45:24", "elapsed": 418.112011, "delta": 2.057694}}
{"target": -19.26639846979182, "params": {"C": 12.422416541865262, "epsilon": 7.238998189485593, "gamma": 0.719330569612376}, "datetime": {"datetime": "2021-07-20 18:45:26", "elapsed": 420.468578, "delta": 2.356567}}
{"target": -19.14221889557868, "params": {"C": 26.152252385247937, "epsilon": 8.761426541606836, "gamma": 0.6998228488125358}, "datetime": {"datetime": "2021-07-20 18:45:28", "elapsed": 422.08872, "delta": 1.620142}}
{"target": -14.218563049182437, "params": {"C": 12.782027862711447, "epsilon": 6.982137087942367, "gamma": 0.2880718810234859}, "datetime": {"datetime": "2021-07-20 18:45:30", "elapsed": 424.066788, "delta": 1.978068}}
{"target": -21.734781630472998, "params": {"C": 8.010976905499431, "epsilon": 7.569923714019313, "gamma": 0.9953584622011664}, "datetime": {"datetime": "2021-07-20 18:45:32", "elapsed": 425.749986, "delta": 1.683198}}
{"target": -19.04625988882083, "params": {"C": 8.422323411968673, "epsilon": 7.472428445734808, "gamma": 0.6546857140840366}, "datetime": {"datetime": "2021-07-20 18:45:34", "elapsed": 427.62524, "delta": 1.875254}}
{"target": -20.611727244866508, "params": {"C": 9.119435204738238, "epsilon": 1.3759091093674503, "gamma": 0.8192856265282813}, "datetime": {"datetime": "2021-07-20 18:45:35", "elapsed": 429.197922, "delta": 1.572682}}
{"target": -18.680003442979963, "params": {"C": 26.561443867476694, "epsilon": 8.69995396543377, "gamma": 0.6365967835859826}, "datetime": {"datetime": "2021-07-20 18:45:37", "elapsed": 430.726917, "delta": 1.528995}}
{"target": -27.19341912038647, "params": {"C": 20.18817807954072, "epsilon": 2.5251686085686225, "gamma": 2.5215814437351556}, "datetime": {"datetime": "2021-07-20 18:45:38", "elapsed": 431.71492, "delta": 0.988003}}
{"target": -20.890414079764263, "params": {"C": 9.177179471453668, "epsilon": 1.4169426770838862, "gamma": 0.8590098202727069}, "datetime": {"datetime": "2021-07-20 18:45:39", "elapsed": 433.344148, "delta": 1.629228}}
{"target": -30.830133315201575, "params": {"C": 5.706714547301388, "epsilon": 3.818098885228005, "gamma": 4.45593552753173}, "datetime": {"datetime": "2021-07-20 18:45:41", "elapsed": 434.525604, "delta": 1.181456}}
{"target": -32.848659200499704, "params": {"C": 10.748170674326701, "epsilon": 8.239310445422708, "gamma": 8.041161785278533}, "datetime": {"datetime": "2021-07-20 18:45:42", "elapsed": 435.786771, "delta": 1.261167}}
{"target": -25.86085773453968, "params": {"C": 21.379987198482947, "epsilon": 1.2952263251622176, "gamma": 2.029689822776342}, "datetime": {"datetime": "2021-07-20 18:45:43", "elapsed": 436.879392, "delta": 1.092621}}
{"target": -13.917488601201317, "params": {"C": 12.038777915780743, "epsilon": 1.6864407458787163, "gamma": 0.2600140207997456}, "datetime": {"datetime": "2021-07-20 18:45:45", "elapsed": 438.553027, "delta": 1.673635}}
{"target": -19.093096076559014, "params": {"C": 8.375458933736784, "epsilon": 7.401592964678871, "gamma": 0.6590357077144423}, "datetime": {"datetime": "2021-07-20 18:45:46", "elapsed": 440.119344, "delta": 1.566317}}
{"target": -16.740215435890047, "params": {"C": 26.2462559580658, "epsilon": 8.966231058274158, "gamma": 0.45224540704516425}, "datetime": {"datetime": "2021-07-20 18:45:48", "elapsed": 441.917112, "delta": 1.797768}}
{"target": -18.30467963209145, "params": {"C": 25.972908852663963, "epsilon": 9.044808517365217, "gamma": 0.5902160893928758}, "datetime": {"datetime": "2021-07-20 18:45:50", "elapsed": 443.856284, "delta": 1.939172}}
{"target": -19.66327137576501, "params": {"C": 13.045470195343988, "epsilon": 1.9507660909759112, "gamma": 0.7525393712640779}, "datetime": {"datetime": "2021-07-20 18:45:52", "elapsed": 445.632242, "delta": 1.775958}}
{"target": -19.82265959382729, "params": {"C": 26.402950442390527, "epsilon": 9.057805005777453, "gamma": 0.7951200937385481}, "datetime": {"datetime": "2021-07-20 18:45:53", "elapsed": 447.169269, "delta": 1.537027}}
{"target": -33.46521041233914, "params": {"C": 22.242392640890667, "epsilon": 9.092548838428073, "gamma": 9.934599552475284}, "datetime": {"datetime": "2021-07-20 18:45:54", "elapsed": 448.341915, "delta": 1.172646}}
{"target": -31.800525806812136, "params": {"C": 27.758492145103833, "epsilon": 7.772592848265423, "gamma": 6.048518754722775}, "datetime": {"datetime": "2021-07-20 18:45:55", "elapsed": 449.424148, "delta": 1.082233}}
{"target": -28.08965426465922, "params": {"C": 6.016632658515193, "epsilon": 7.1943917491874725, "gamma": 2.8840762166097975}, "datetime": {"datetime": "2021-07-20 18:45:56", "elapsed": 450.496769, "delta": 1.072621}}
{"target": -33.27957620095383, "params": {"C": 12.887383657479196, "epsilon": 7.8015180147020935, "gamma": 9.0427301026855}, "datetime": {"datetime": "2021-07-20 18:45:58", "elapsed": 451.673891, "delta": 1.177122}}
{"target": -17.864874217430646, "params": {"C": 12.607898350777429, "epsilon": 7.4553023231644495, "gamma": 0.5726288995836486}, "datetime": {"datetime": "2021-07-20 18:46:00", "elapsed": 453.800929, "delta": 2.127038}}
{"target": -14.64533720145211, "params": {"C": 8.325477647709839, "epsilon": 7.547802211125231, "gamma": 0.31033629729312756}, "datetime": {"datetime": "2021-07-20 18:46:02", "elapsed": 455.648586, "delta": 1.847657}}
{"target": -13.619303892949624, "params": {"C": 12.805385296572918, "epsilon": 6.943034563272944, "gamma": 0.24498111081369392}, "datetime": {"datetime": "2021-07-20 18:46:04", "elapsed": 457.573198, "delta": 1.924612}}
{"target": -31.536960851585714, "params": {"C": 1.7585485080258805, "epsilon": 4.611354256769726, "gamma": 4.242105073373408}, "datetime": {"datetime": "2021-07-20 18:46:05", "elapsed": 458.628288, "delta": 1.05509}}
{"target": -17.732236179968833, "params": {"C": 12.458144235107943, "epsilon": 7.364694386898763, "gamma": 0.5584588924109921}, "datetime": {"datetime": "2021-07-20 18:46:06", "elapsed": 460.506572, "delta": 1.878284}}
{"target": -18.48467476435624, "params": {"C": 12.606436772009777, "epsilon": 7.282126898257516, "gamma": 0.6336399336865418}, "datetime": {"datetime": "2021-07-20 18:46:08", "elapsed": 462.185938, "delta": 1.679366}}
{"target": -27.852643188091598, "params": {"C": 29.12086577727902, "epsilon": 8.40941607092035, "gamma": 3.035384622253359}, "datetime": {"datetime": "2021-07-20 18:46:09", "elapsed": 463.296863, "delta": 1.110925}}
{"target": -18.302891497595674, "params": {"C": 8.144506838234877, "epsilon": 7.770637985232036, "gamma": 0.5742479364272614}, "datetime": {"datetime": "2021-07-20 18:46:11", "elapsed": 465.044453, "delta": 1.74759}}
{"target": -17.891356642348697, "params": {"C": 8.385042274463682, "epsilon": 7.430281731788648, "gamma": 0.5320396551229122}, "datetime": {"datetime": "2021-07-20 18:46:13", "elapsed": 466.767445, "delta": 1.722992}}
{"target": -21.176910436951104, "params": {"C": 26.15500092918953, "epsilon": 8.95215733040904, "gamma": 1.0055866083838978}, "datetime": {"datetime": "2021-07-20 18:46:15", "elapsed": 468.589352, "delta": 1.821907}}
{"target": -15.621095746599032, "params": {"C": 12.809741611679078, "epsilon": 6.862465864989765, "gamma": 0.3719864275345204}, "datetime": {"datetime": "2021-07-20 18:46:17", "elapsed": 470.816832, "delta": 2.22748}}
{"target": -18.23408929800544, "params": {"C": 7.962971144422156, "epsilon": 7.925023409329787, "gamma": 0.5654480276069561}, "datetime": {"datetime": "2021-07-20 18:46:19", "elapsed": 472.537123, "delta": 1.720291}}
{"target": -18.62381220083336, "params": {"C": 9.881242020298371, "epsilon": 4.244779537951741, "gamma": 0.6095398684460257}, "datetime": {"datetime": "2021-07-20 18:46:20", "elapsed": 474.363873, "delta": 1.82675}}
{"target": -32.743882450330474, "params": {"C": 14.685273772623189, "epsilon": 8.680874893783626, "gamma": 7.832419049731586}, "datetime": {"datetime": "2021-07-20 18:46:22", "elapsed": 475.522035, "delta": 1.158162}}
{"target": -19.454288392644568, "params": {"C": 8.432266806610457, "epsilon": 7.387085059988155, "gamma": 0.7021474479330971}, "datetime": {"datetime": "2021-07-20 18:46:23", "elapsed": 477.470435, "delta": 1.9484}}
{"target": -27.379697406717202, "params": {"C": 23.581683399345625, "epsilon": 9.460551468355552, "gamma": 2.80936321043414}, "datetime": {"datetime": "2021-07-20 18:46:25", "elapsed": 478.546012, "delta": 1.075577}}
{"target": -18.657267871622548, "params": {"C": 26.148204409963252, "epsilon": 9.096972563304575, "gamma": 0.6345270167842265}, "datetime": {"datetime": "2021-07-20 18:46:26", "elapsed": 480.212875, "delta": 1.666863}}
{"target": -32.22032685344304, "params": {"C": 26.33434020985307, "epsilon": 2.3410967382583188, "gamma": 6.134215955183926}, "datetime": {"datetime": "2021-07-20 18:46:27", "elapsed": 481.354738, "delta": 1.141863}}
{"target": -33.75331404540716, "params": {"C": 11.520409944680399, "epsilon": 2.7667324971316107, "gamma": 9.369517135834402}, "datetime": {"datetime": "2021-07-20 18:46:29", "elapsed": 482.592899, "delta": 1.238161}}
{"target": -17.897787896987303, "params": {"C": 26.128417502616664, "epsilon": 9.042601967307986, "gamma": 0.5526810819079583}, "datetime": {"datetime": "2021-07-20 18:46:30", "elapsed": 484.336595, "delta": 1.743696}}
{"target": -15.493751092056641, "params": {"C": 23.031888516774174, "epsilon": 2.8546588726838955, "gamma": 0.31118237766537443}, "datetime": {"datetime": "2021-07-20 18:46:31", "elapsed": 485.495061, "delta": 1.158466}}
{"target": -20.432387127888006, "params": {"C": 26.15730167253597, "epsilon": 8.8255745437244, "gamma": 0.8872171935436798}, "datetime": {"datetime": "2021-07-20 18:46:33", "elapsed": 487.280635, "delta": 1.785574}}
{"target": -34.054137056055175, "params": {"C": 11.484813464252001, "epsilon": 0.784982183006271, "gamma": 9.893420495741166}, "datetime": {"datetime": "2021-07-20 18:46:35", "elapsed": 488.552275, "delta": 1.27164}}
{"target": -34.105976731530845, "params": {"C": 8.925787874583127, "epsilon": 0.6354377440759528, "gamma": 9.768564130907341}, "datetime": {"datetime": "2021-07-20 18:46:36", "elapsed": 489.825531, "delta": 1.273256}}
{"target": -31.599348351810043, "params": {"C": 22.3071526639176, "epsilon": 6.476140396208677, "gamma": 5.702885387811017}, "datetime": {"datetime": "2021-07-20 18:46:37", "elapsed": 490.961647, "delta": 1.136116}}
{"target": -22.579348137764047, "params": {"C": 0.6861879899216274, "epsilon": 0.2708820466429992, "gamma": 0.42496976064921166}, "datetime": {"datetime": "2021-07-20 18:46:39", "elapsed": 492.642978, "delta": 1.681331}}
{"target": -31.50277117567355, "params": {"C": 15.155618437134224, "epsilon": 6.440136312337661, "gamma": 5.566726233895474}, "datetime": {"datetime": "2021-07-20 18:46:40", "elapsed": 493.78822, "delta": 1.145242}}
{"target": -32.04904707854405, "params": {"C": 2.6946953543926297, "epsilon": 2.3319834210230646, "gamma": 4.891194530039516}, "datetime": {"datetime": "2021-07-20 18:46:41", "elapsed": 494.906217, "delta": 1.117997}}
{"target": -19.19082726933056, "params": {"C": 8.020740292417763, "epsilon": 7.8633827809764325, "gamma": 0.6670428958390513}, "datetime": {"datetime": "2021-07-20 18:46:43", "elapsed": 496.842541, "delta": 1.936324}}
{"target": -32.61937474880427, "params": {"C": 4.669781456275204, "epsilon": 4.540785969855867, "gamma": 6.650163681102544}, "datetime": {"datetime": "2021-07-20 18:46:44", "elapsed": 498.128904, "delta": 1.286363}}
{"target": -29.848502773139092, "params": {"C": 29.63743444900093, "epsilon": 8.812469493489612, "gamma": 4.279754974337986}, "datetime": {"datetime": "2021-07-20 18:46:45", "elapsed": 499.306517, "delta": 1.177613}}
{"target": -19.156763558135705, "params": {"C": 8.139086407049042, "epsilon": 7.887208045223023, "gamma": 0.6655898845160024}, "datetime": {"datetime": "2021-07-20 18:46:47", "elapsed": 501.182487, "delta": 1.87597}}
{"target": -16.738466116572575, "params": {"C": 8.394529686148742, "epsilon": 7.6689555462626045, "gamma": 0.44343019034933123}, "datetime": {"datetime": "2021-07-20 18:46:50", "elapsed": 503.824116, "delta": 2.641629}}
{"target": -17.258825806253373, "params": {"C": 26.12729453530679, "epsilon": 8.965676035303881, "gamma": 0.4960691947510628}, "datetime": {"datetime": "2021-07-20 18:46:52", "elapsed": 505.796356, "delta": 1.97224}}
{"target": -14.469015878022212, "params": {"C": 12.639128339852295, "epsilon": 6.788082790578195, "gamma": 0.30308811571798244}, "datetime": {"datetime": "2021-07-20 18:46:54", "elapsed": 508.297421, "delta": 2.501065}}
{"target": -33.09005600230758, "params": {"C": 20.357880947167303, "epsilon": 5.100959462534503, "gamma": 8.07335712271409}, "datetime": {"datetime": "2021-07-20 18:46:56", "elapsed": 509.552535, "delta": 1.255114}}
{"target": -25.843453825200275, "params": {"C": 25.89303939221658, "epsilon": 5.855946951220318, "gamma": 2.1043902036663584}, "datetime": {"datetime": "2021-07-20 18:46:57", "elapsed": 510.777536, "delta": 1.225001}}
{"target": -17.320909735902713, "params": {"C": 8.393497340446455, "epsilon": 7.757506419971561, "gamma": 0.4808182005883029}, "datetime": {"datetime": "2021-07-20 18:46:59", "elapsed": 512.709157, "delta": 1.931621}}
{"target": -21.197768179414904, "params": {"C": 8.912235400223345, "epsilon": 1.4119092788935592, "gamma": 0.896150147259942}, "datetime": {"datetime": "2021-07-20 18:47:01", "elapsed": 514.605957, "delta": 1.8968}}
{"target": -30.20698249442537, "params": {"C": 26.24446339184413, "epsilon": 6.321079573520131, "gamma": 4.41613328407877}, "datetime": {"datetime": "2021-07-20 18:47:02", "elapsed": 515.919149, "delta": 1.313192}}
{"target": -18.040027800167167, "params": {"C": 12.578269959447518, "epsilon": 7.257656086174496, "gamma": 0.5900798405646535}, "datetime": {"datetime": "2021-07-20 18:47:04", "elapsed": 518.029312, "delta": 2.110163}}
{"target": -21.812342036330328, "params": {"C": 2.372151621123275, "epsilon": 3.8452054806899074, "gamma": 0.78870131651178}, "datetime": {"datetime": "2021-07-20 18:47:05", "elapsed": 519.347135, "delta": 1.317823}}
{"target": -19.72382883830958, "params": {"C": 8.471836891901308, "epsilon": 7.464903204780245, "gamma": 0.7383089292580883}, "datetime": {"datetime": "2021-07-20 18:47:07", "elapsed": 521.33029, "delta": 1.983155}}
{"target": -15.102808077182766, "params": {"C": 8.454328672553029, "epsilon": 7.7748684090172, "gamma": 0.340682351927046}, "datetime": {"datetime": "2021-07-20 18:47:10", "elapsed": 523.679809, "delta": 2.349519}}
{"target": -32.097580958600275, "params": {"C": 10.157312339591394, "epsilon": 7.6517517051358706, "gamma": 6.465762721809534}, "datetime": {"datetime": "2021-07-20 18:47:11", "elapsed": 525.033811, "delta": 1.354002}}
{"target": -32.303275017802726, "params": {"C": 5.791388653556243, "epsilon": 7.162298909268736, "gamma": 6.67721931849809}, "datetime": {"datetime": "2021-07-20 18:47:12", "elapsed": 526.342455, "delta": 1.308644}}
{"target": -17.58468565812525, "params": {"C": 12.41174164773461, "epsilon": 7.368918252817324, "gamma": 0.5431609135446986}, "datetime": {"datetime": "2021-07-20 18:47:14", "elapsed": 528.301462, "delta": 1.959007}}
{"target": -17.56417198268431, "params": {"C": 26.20721964276596, "epsilon": 8.834183540573463, "gamma": 0.5227789243941404}, "datetime": {"datetime": "2021-07-20 18:47:16", "elapsed": 530.437625, "delta": 2.136163}}
{"target": -14.178866546165878, "params": {"C": 12.552149191061588, "epsilon": 6.704061136027945, "gamma": 0.2865460647715837}, "datetime": {"datetime": "2021-07-20 18:47:19", "elapsed": 532.923444, "delta": 2.485819}}
{"target": -18.54952910559672, "params": {"C": 25.936364857008446, "epsilon": 9.030503664171055, "gamma": 0.6205323211514187}, "datetime": {"datetime": "2021-07-20 18:47:21", "elapsed": 535.032494, "delta": 2.10905}}
{"target": -30.71949026600328, "params": {"C": 19.731477075486975, "epsilon": 3.939441114940872, "gamma": 4.674430273825308}, "datetime": {"datetime": "2021-07-20 18:47:22", "elapsed": 536.421687, "delta": 1.389193}}
{"target": -16.326986687298753, "params": {"C": 23.061529539120546, "epsilon": 2.8183705112927564, "gamma": 0.4062142871805693}, "datetime": {"datetime": "2021-07-20 18:47:25", "elapsed": 539.029984, "delta": 2.608297}}
{"target": -14.701468404262572, "params": {"C": 12.768016930997053, "epsilon": 6.956655928799254, "gamma": 0.31640440314457197}, "datetime": {"datetime": "2021-07-20 18:47:27", "elapsed": 541.016338, "delta": 1.986354}}
{"target": -33.119279357977184, "params": {"C": 27.915461141353024, "epsilon": 9.292309653473623, "gamma": 8.90353384556207}, "datetime": {"datetime": "2021-07-20 18:47:28", "elapsed": 542.481327, "delta": 1.464989}}
{"target": -19.527036335571847, "params": {"C": 12.549972201697502, "epsilon": 7.437769435578866, "gamma": 0.748375992157866}, "datetime": {"datetime": "2021-07-20 18:47:31", "elapsed": 545.002765, "delta": 2.521438}}
{"target": -18.32766720447423, "params": {"C": 0.6330200350671951, "epsilon": 0.4350151507603451, "gamma": 0.13956954282765527}, "datetime": {"datetime": "2021-07-20 18:47:33", "elapsed": 547.136405, "delta": 2.13364}}
{"target": -17.606600274535207, "params": {"C": 26.30012922936092, "epsilon": 9.02760089256605, "gamma": 0.5268726598315825}, "datetime": {"datetime": "2021-07-20 18:47:35", "elapsed": 549.318458, "delta": 2.182053}}
{"target": -26.71900436391662, "params": {"C": 19.36467096128143, "epsilon": 8.959692973706696, "gamma": 2.4682110902299605}, "datetime": {"datetime": "2021-07-20 18:47:37", "elapsed": 550.637459, "delta": 1.319001}}
{"target": -15.775192330522215, "params": {"C": 22.952708014038066, "epsilon": 2.922055330148031, "gamma": 0.3459399663402879}, "datetime": {"datetime": "2021-07-20 18:47:39", "elapsed": 553.161657, "delta": 2.524198}}
{"target": -33.36289824444542, "params": {"C": 11.32215202599048, "epsilon": 3.3126574173142833, "gamma": 8.332186064917886}, "datetime": {"datetime": "2021-07-20 18:47:41", "elapsed": 554.522373, "delta": 1.360716}}
{"target": -17.276436846782335, "params": {"C": 12.398085163235779, "epsilon": 6.911927506006668, "gamma": 0.5112557385756629}, "datetime": {"datetime": "2021-07-20 18:47:43", "elapsed": 557.162122, "delta": 2.639749}}
{"target": -19.091608219453903, "params": {"C": 13.036765757425375, "epsilon": 1.9971507517282079, "gamma": 0.6865135634095747}, "datetime": {"datetime": "2021-07-20 18:47:45", "elapsed": 559.085432, "delta": 1.92331}}
{"target": -21.01585381699722, "params": {"C": 13.0575901512127, "epsilon": 1.8987415145022253, "gamma": 0.9398299773243699}, "datetime": {"datetime": "2021-07-20 18:47:47", "elapsed": 561.488669, "delta": 2.403237}}
{"target": -18.922955350897656, "params": {"C": 12.58713178336948, "epsilon": 7.30690648385303, "gamma": 0.6826785366605169}, "datetime": {"datetime": "2021-07-20 18:47:50", "elapsed": 564.239575, "delta": 2.750906}}
{"target": -32.648830388118235, "params": {"C": 4.920249516593625, "epsilon": 1.0263018782920195, "gamma": 5.985680555763828}, "datetime": {"datetime": "2021-07-20 18:47:52", "elapsed": 565.574842, "delta": 1.335267}}
{"target": -17.631440608986413, "params": {"C": 26.4585646230266, "epsilon": 8.732721250438262, "gamma": 0.5283461005169342}, "datetime": {"datetime": "2021-07-20 18:47:55", "elapsed": 568.534744, "delta": 2.959902}}
{"target": -15.453672882059413, "params": {"C": 22.979971424139364, "epsilon": 2.847284343014068, "gamma": 0.30785618446672663}, "datetime": {"datetime": "2021-07-20 18:47:57", "elapsed": 571.340304, "delta": 2.80556}}
{"target": -17.525791474832833, "params": {"C": 26.101717678009308, "epsilon": 9.064892783154146, "gamma": 0.5200150692262963}, "datetime": {"datetime": "2021-07-20 18:48:00", "elapsed": 573.542681, "delta": 2.202377}}
{"target": -13.755633734304443, "params": {"C": 8.380918285301373, "epsilon": 7.58065838923373, "gamma": 0.23587582964177883}, "datetime": {"datetime": "2021-07-20 18:48:02", "elapsed": 576.015594, "delta": 2.472913}}
{"target": -18.406311753251618, "params": {"C": 26.168545266662225, "epsilon": 9.18956181294626, "gamma": 0.6025437580873646}, "datetime": {"datetime": "2021-07-20 18:48:05", "elapsed": 579.231445, "delta": 3.215851}}
{"target": -18.130500684094237, "params": {"C": 8.293767865615655, "epsilon": 7.441648479675032, "gamma": 0.5572622865695729}, "datetime": {"datetime": "2021-07-20 18:48:08", "elapsed": 581.812129, "delta": 2.580684}}
{"target": -16.08595023038351, "params": {"C": 25.91113504183924, "epsilon": 8.764901813306675, "gamma": 0.3953174749190186}, "datetime": {"datetime": "2021-07-20 18:48:11", "elapsed": 585.014244, "delta": 3.202115}}
{"target": -17.265004917330902, "params": {"C": 26.184744665987566, "epsilon": 9.188415189797947, "gamma": 0.49669338437608584}, "datetime": {"datetime": "2021-07-20 18:48:13", "elapsed": 587.239072, "delta": 2.224828}}
{"target": -32.0844920375673, "params": {"C": 25.5442491946954, "epsilon": 2.278694725582092, "gamma": 5.947196772693086}, "datetime": {"datetime": "2021-07-20 18:48:15", "elapsed": 588.687275, "delta": 1.448203}}
{"target": -33.1905322595481, "params": {"C": 8.062767193841436, "epsilon": 5.565071893657424, "gamma": 8.155292347684982}, "datetime": {"datetime": "2021-07-20 18:48:16", "elapsed": 590.273521, "delta": 1.586246}}
{"target": -20.919050531081673, "params": {"C": 29.226788033799867, "epsilon": 2.709772323364204, "gamma": 0.945483837323684}, "datetime": {"datetime": "2021-07-20 18:48:19", "elapsed": 592.628566, "delta": 2.355045}}
{"target": -29.673049798222568, "params": {"C": 5.393820442819738, "epsilon": 8.343214526446388, "gamma": 3.9055341798937473}, "datetime": {"datetime": "2021-07-20 18:48:20", "elapsed": 593.991557, "delta": 1.362991}}
{"target": -18.33243324436073, "params": {"C": 12.384671999538728, "epsilon": 7.4148834382064575, "gamma": 0.617896957097387}, "datetime": {"datetime": "2021-07-20 18:48:22", "elapsed": 596.263608, "delta": 2.272051}}
