{"target": -60.19818897803233, "params": {"C": 15.434056379206348, "epsilon": 6.380261483539827, "gamma": 0.06370632793862666}, "datetime": {"datetime": "2021-07-20 21:25:47", "elapsed": 3105.284357, "delta": 9.818262}}
{"target": -71.26010442123395, "params": {"C": 34.04168700425689, "epsilon": 6.2918831052257795, "gamma": 0.031460035521447854}, "datetime": {"datetime": "2021-07-20 21:26:02", "elapsed": 3119.899528, "delta": 14.615171}}
{"target": -52.12889258626255, "params": {"C": 35.232403963415095, "epsilon": 5.464125781624876, "gamma": 0.09569597860707098}, "datetime": {"datetime": "2021-07-20 21:26:12", "elapsed": 3129.737246, "delta": 9.837718}}
{"target": -11.204164451288548, "params": {"C": 21.97388600098605, "epsilon": 2.4480550988725853, "gamma": 0.08482274141816695}, "datetime": {"datetime": "2021-07-20 21:26:13", "elapsed": 3131.256933, "delta": 1.519687}}
{"target": -57.19848935973907, "params": {"C": 19.34399515990051, "epsilon": 3.954091811353642, "gamma": 0.06922970130066441}, "datetime": {"datetime": "2021-07-20 21:26:23", "elapsed": 3141.237135, "delta": 9.980202}}
{"target": -81.20866961128816, "params": {"C": 46.61554445900983, "epsilon": 4.974446270563922, "gamma": 0.029304744382192438}, "datetime": {"datetime": "2021-07-20 21:26:33", "elapsed": 3150.955028, "delta": 9.717893}}
{"target": -55.427281445385326, "params": {"C": 22.272160539261417, "epsilon": 4.403262153730622, "gamma": 0.09140051397517429}, "datetime": {"datetime": "2021-07-20 21:26:43", "elapsed": 3161.175156, "delta": 10.220128}}
{"target": -12.039202528130495, "params": {"C": 35.31316909713527, "epsilon": 1.5240660309573837, "gamma": 0.09712594142624678}, "datetime": {"datetime": "2021-07-20 21:26:45", "elapsed": 3162.833771, "delta": 1.658615}}
{"target": -10.988634474773002, "params": {"C": 12.367830218296536, "epsilon": 0.8917770542928662, "gamma": 0.06346932775072835}, "datetime": {"datetime": "2021-07-20 21:26:47", "elapsed": 3164.371365, "delta": 1.537594}}
{"target": -66.03143445629709, "params": {"C": 11.570450646524232, "epsilon": 2.680255315094271, "gamma": 0.05604098001196228}, "datetime": {"datetime": "2021-07-20 21:26:56", "elapsed": 3174.247596, "delta": 9.876231}}
{"target": -51.10005531701902, "params": {"C": 46.9971326316871, "epsilon": 5.553801613107974, "gamma": 0.08988094779590346}, "datetime": {"datetime": "2021-07-20 21:27:06", "elapsed": 3183.770234, "delta": 9.522638}}
{"target": -72.64814335568911, "params": {"C": 9.204898298545281, "epsilon": 3.8477265102057676, "gamma": 0.042915387968206646}, "datetime": {"datetime": "2021-07-20 21:27:21", "elapsed": 3199.07302, "delta": 15.302786}}
{"target": -62.178482610939724, "params": {"C": 23.705798211108018, "epsilon": 3.054006833977837, "gamma": 0.05970442293214349}, "datetime": {"datetime": "2021-07-20 21:27:31", "elapsed": 3208.920005, "delta": 9.846985}}
{"target": -11.92808093430721, "params": {"C": 43.47710349295477, "epsilon": 0.3543149986999875, "gamma": 0.08807760459443514}, "datetime": {"datetime": "2021-07-20 21:27:33", "elapsed": 3210.586255, "delta": 1.66625}}
{"target": -57.639211018749926, "params": {"C": 15.044531188829826, "epsilon": 4.60123063718221, "gamma": 0.07544388211015975}, "datetime": {"datetime": "2021-07-20 21:27:43", "elapsed": 3220.60809, "delta": 10.021835}}
{"target": -12.042327381799504, "params": {"C": 39.315926751206916, "epsilon": 1.9345704620982693, "gamma": 0.09463106224442555}, "datetime": {"datetime": "2021-07-20 21:27:44", "elapsed": 3222.339233, "delta": 1.731143}}
{"target": -72.35347954774234, "params": {"C": 35.37592482021813, "epsilon": 3.04920368024623, "gamma": 0.04367005487153549}, "datetime": {"datetime": "2021-07-20 21:27:58", "elapsed": 3236.318984, "delta": 13.979751}}
{"target": -60.67574024102651, "params": {"C": 43.31414517376769, "epsilon": 1.7442566700658886, "gamma": 0.06311912182272532}, "datetime": {"datetime": "2021-07-20 21:28:08", "elapsed": 3246.176159, "delta": 9.857175}}
{"target": -53.651801763298465, "params": {"C": 17.083178516934467, "epsilon": 3.981230117804853, "gamma": 0.08321299249385827}, "datetime": {"datetime": "2021-07-20 21:28:18", "elapsed": 3256.206799, "delta": 10.03064}}
{"target": -63.31391648193132, "params": {"C": 42.428478642116744, "epsilon": 4.775996369598479, "gamma": 0.0622375370836302}, "datetime": {"datetime": "2021-07-20 21:28:28", "elapsed": 3265.864129, "delta": 9.65733}}
{"target": -70.469481162174, "params": {"C": 13.078423472053625, "epsilon": 5.872258136119664, "gamma": 0.04453980643509745}, "datetime": {"datetime": "2021-07-20 21:28:43", "elapsed": 3281.017505, "delta": 15.153376}}
{"target": -75.7568405635073, "params": {"C": 46.92925275387049, "epsilon": 3.7403543865349134, "gamma": 0.029797777894117493}, "datetime": {"datetime": "2021-07-20 21:28:52", "elapsed": 3290.179165, "delta": 9.16166}}
{"target": -58.67513149606663, "params": {"C": 38.8896104817968, "epsilon": 4.454301796355818, "gamma": 0.06560271625674995}, "datetime": {"datetime": "2021-07-20 21:29:02", "elapsed": 3300.332978, "delta": 10.153813}}
{"target": -11.21763517215468, "params": {"C": 7.141656788865312, "epsilon": 0.8169795989354434, "gamma": 0.07383167302083309}, "datetime": {"datetime": "2021-07-20 21:29:04", "elapsed": 3301.982169, "delta": 1.649191}}
{"target": -11.494607564516242, "params": {"C": 9.519879545976105, "epsilon": 0.5514943073525904, "gamma": 0.014988972950851732}, "datetime": {"datetime": "2021-07-20 21:29:06", "elapsed": 3303.688282, "delta": 1.706113}}
{"target": -71.1477412551167, "params": {"C": 20.06113806409136, "epsilon": 5.34537644087607, "gamma": 0.019981570701013536}, "datetime": {"datetime": "2021-07-20 21:29:16", "elapsed": 3313.606015, "delta": 9.917733}}
{"target": -61.46173563373378, "params": {"C": 5.817241785234975, "epsilon": 3.194357919388359, "gamma": 0.06196224253846441}, "datetime": {"datetime": "2021-07-20 21:29:26", "elapsed": 3323.693614, "delta": 10.087599}}
{"target": -10.84623200727024, "params": {"C": 14.180060884638305, "epsilon": 3.5834033571659814, "gamma": 0.020528644969547663}, "datetime": {"datetime": "2021-07-20 21:29:28", "elapsed": 3325.407443, "delta": 1.713829}}
{"target": -70.6035188529682, "params": {"C": 31.788653911863896, "epsilon": 3.0368106696613766, "gamma": 0.041732961512557495}, "datetime": {"datetime": "2021-07-20 21:29:42", "elapsed": 3340.168378, "delta": 14.760935}}
{"target": -11.714133350845302, "params": {"C": 23.396744991547155, "epsilon": 0.28624898184940606, "gamma": 0.09875364477249793}, "datetime": {"datetime": "2021-07-20 21:29:44", "elapsed": 3341.814378, "delta": 1.646}}
{"target": -11.518672882551789, "params": {"C": 24.17022004702574, "epsilon": 2.2169085816380427, "gamma": 0.00900468936751114}, "datetime": {"datetime": "2021-07-20 21:49:57", "elapsed": 0.0, "delta": 0.0}}
{"target": -11.321235837272932, "params": {"C": 23.023325726318397, "epsilon": 0.6109164942879165, "gamma": 0.01278588238552071}, "datetime": {"datetime": "2021-07-20 21:49:58", "elapsed": 0.583886, "delta": 0.583886}}
{"target": -10.750322684093701, "params": {"C": 21.86260211377671, "epsilon": 1.1675700357205336, "gamma": 0.025267466443457468}, "datetime": {"datetime": "2021-07-20 21:49:58", "elapsed": 1.140312, "delta": 0.556426}}
{"target": -73.8998177598487, "params": {"C": 25.38816734003357, "epsilon": 1.3737446403292253, "gamma": 0.03709399951626714}, "datetime": {"datetime": "2021-07-20 21:50:06", "elapsed": 8.424154, "delta": 7.283842}}
{"target": -11.393015259272984, "params": {"C": 22.044522497315175, "epsilon": 2.658728821894647, "gamma": 0.010122891321114972}, "datetime": {"datetime": "2021-07-20 21:50:06", "elapsed": 8.972975, "delta": 0.548821}}
{"target": -10.772593764380126, "params": {"C": 26.704675101784023, "epsilon": 1.3684534466279554, "gamma": 0.03190628296627582}, "datetime": {"datetime": "2021-07-20 21:50:07", "elapsed": 9.482928, "delta": 0.509953}}
{"target": -70.10376277517449, "params": {"C": 21.403869385952337, "epsilon": 0.7546841694376605, "gamma": 0.041830527315697}, "datetime": {"datetime": "2021-07-20 21:50:25", "elapsed": 28.290569, "delta": 18.807641}}
{"target": -72.75273723532536, "params": {"C": 29.682615757193975, "epsilon": 1.07758769884588, "gamma": 0.03738522724244188}, "datetime": {"datetime": "2021-07-20 21:50:37", "elapsed": 40.063558, "delta": 11.772989}}
{"target": -11.169855528593246, "params": {"C": 28.763891522960385, "epsilon": 2.7048986578107725, "gamma": 0.012486812666160894}, "datetime": {"datetime": "2021-07-20 21:50:38", "elapsed": 40.643854, "delta": 0.580296}}
{"target": -74.16022167424482, "params": {"C": 20.390547832328824, "epsilon": 0.6755251747807929, "gamma": 0.04500384264060594}, "datetime": {"datetime": "2021-07-20 21:50:56", "elapsed": 58.429334, "delta": 17.78548}}
{"target": -71.99200883211843, "params": {"C": 23.758403807643333, "epsilon": 2.411659898072872, "gamma": 0.04075232298590679}, "datetime": {"datetime": "2021-07-20 21:51:14", "elapsed": 77.114777, "delta": 18.685443}}
{"target": -10.825580899985821, "params": {"C": 25.32297920317417, "epsilon": 2.4046752246481704, "gamma": 0.016170890766010665}, "datetime": {"datetime": "2021-07-20 21:51:15", "elapsed": 77.851358, "delta": 0.736581}}
{"target": -71.93443602435853, "params": {"C": 25.958444450626523, "epsilon": 0.9308697432418713, "gamma": 0.03961588719670058}, "datetime": {"datetime": "2021-07-20 21:51:27", "elapsed": 89.8517, "delta": 12.000342}}
{"target": -74.15146914454039, "params": {"C": 22.275148680046694, "epsilon": 0.6356519926870088, "gamma": 0.04783944149416386}, "datetime": {"datetime": "2021-07-20 21:51:47", "elapsed": 109.70281, "delta": 19.85111}}
{"target": -10.641667305692456, "params": {"C": 27.2625605188122, "epsilon": 2.2401136387819376, "gamma": 0.016982209294873284}, "datetime": {"datetime": "2021-07-20 21:51:48", "elapsed": 110.460946, "delta": 0.758136}}
{"target": -10.842026448099755, "params": {"C": 24.702466906760748, "epsilon": 1.385779591822373, "gamma": 0.028348419482584264}, "datetime": {"datetime": "2021-07-20 21:51:48", "elapsed": 111.162233, "delta": 0.701287}}
{"target": -10.815404841993903, "params": {"C": 29.554455755411954, "epsilon": 2.059399964357733, "gamma": 0.028299546237096476}, "datetime": {"datetime": "2021-07-20 21:51:49", "elapsed": 111.848168, "delta": 0.685935}}
{"target": -69.41339147228265, "params": {"C": 24.887327228748532, "epsilon": 2.555300286450367, "gamma": 0.049141805972947664}, "datetime": {"datetime": "2021-07-20 21:52:01", "elapsed": 124.049005, "delta": 12.200837}}
{"target": -71.30031465445833, "params": {"C": 23.224727594368535, "epsilon": 2.3378992565764687, "gamma": 0.0441354282886494}, "datetime": {"datetime": "2021-07-20 21:52:23", "elapsed": 145.893428, "delta": 21.844423}}
{"target": -70.81132695057906, "params": {"C": 28.549473733821365, "epsilon": 2.2141857544486037, "gamma": 0.04639080786800755}, "datetime": {"datetime": "2021-07-20 21:52:43", "elapsed": 165.38997, "delta": 19.496542}}
{"target": -10.794169256441537, "params": {"C": 26.771115262676588, "epsilon": 1.7341509195704699, "gamma": 0.024711575852686893}, "datetime": {"datetime": "2021-07-20 21:52:43", "elapsed": 166.202161, "delta": 0.812191}}
{"target": -10.61283946129426, "params": {"C": 21.407561010030854, "epsilon": 0.5902627593151774, "gamma": 0.021990124785899786}, "datetime": {"datetime": "2021-07-20 21:52:44", "elapsed": 166.922981, "delta": 0.72082}}
{"target": -11.254516741358152, "params": {"C": 22.74000467684138, "epsilon": 2.340175530711972, "gamma": 0.011741692372072916}, "datetime": {"datetime": "2021-07-20 21:52:45", "elapsed": 167.661295, "delta": 0.738314}}
{"target": -10.645051761267835, "params": {"C": 29.393295593586217, "epsilon": 2.8598573544882564, "gamma": 0.020444388373373062}, "datetime": {"datetime": "2021-07-20 21:52:46", "elapsed": 168.36568, "delta": 0.704385}}
{"target": -11.189942054235031, "params": {"C": 25.982020183947583, "epsilon": 0.5155657604666013, "gamma": 0.01378787789706154}, "datetime": {"datetime": "2021-07-20 21:52:46", "elapsed": 169.075928, "delta": 0.710248}}
{"target": -73.1546851796928, "params": {"C": 26.136246607178837, "epsilon": 1.7606973077952466, "gamma": 0.03579788373237297}, "datetime": {"datetime": "2021-07-20 21:52:58", "elapsed": 181.005795, "delta": 11.929867}}
{"target": -69.28383078693223, "params": {"C": 20.168126650292624, "epsilon": 0.9233991435935178, "gamma": 0.04182397293346476}, "datetime": {"datetime": "2021-07-20 21:53:20", "elapsed": 202.42393, "delta": 21.418135}}
{"target": -70.2061762682959, "params": {"C": 23.123260382292724, "epsilon": 1.7295234100496992, "gamma": 0.04289708878168205}, "datetime": {"datetime": "2021-07-20 21:53:45", "elapsed": 228.122509, "delta": 25.698579}}
{"target": -10.809876632716028, "params": {"C": 24.639616291412604, "epsilon": 0.5803752613113828, "gamma": 0.03226066550610444}, "datetime": {"datetime": "2021-07-20 21:53:46", "elapsed": 228.80449, "delta": 0.681981}}
{"target": -71.47609503477942, "params": {"C": 29.114014479870278, "epsilon": 1.9434887639555583, "gamma": 0.04874055222687294}, "datetime": {"datetime": "2021-07-20 21:54:01", "elapsed": 243.374982, "delta": 14.570492}}
{"target": -10.795676137336594, "params": {"C": 28.04045804591501, "epsilon": 1.0902865937887225, "gamma": 0.03386770618260731}, "datetime": {"datetime": "2021-07-20 21:54:01", "elapsed": 244.129861, "delta": 0.754879}}
{"target": -10.806973020966726, "params": {"C": 22.300418485132, "epsilon": 0.38140308909529186, "gamma": 0.037857671544133435}, "datetime": {"datetime": "2021-07-20 21:54:02", "elapsed": 244.981921, "delta": 0.85206}}
{"target": -66.82567612098963, "params": {"C": 28.58087386154496, "epsilon": 2.5894803498639245, "gamma": 0.045169594654521986}, "datetime": {"datetime": "2021-07-20 21:54:15", "elapsed": 257.752848, "delta": 12.770927}}
{"target": -10.863224909714274, "params": {"C": 25.98466867876515, "epsilon": 0.5223676565115146, "gamma": 0.025776021309147162}, "datetime": {"datetime": "2021-07-20 21:54:16", "elapsed": 258.570886, "delta": 0.818038}}
{"target": -10.713712420690321, "params": {"C": 28.392039765327883, "epsilon": 1.3718293403745336, "gamma": 0.021139666112333227}, "datetime": {"datetime": "2021-07-20 21:54:16", "elapsed": 259.285563, "delta": 0.714677}}
{"target": -10.799543539091298, "params": {"C": 24.639518487411067, "epsilon": 0.577667333346437, "gamma": 0.03377585522295799}, "datetime": {"datetime": "2021-07-20 21:54:17", "elapsed": 260.168215, "delta": 0.882652}}
{"target": -10.73525561142437, "params": {"C": 28.394921328860757, "epsilon": 1.370511165531127, "gamma": 0.021543566703602732}, "datetime": {"datetime": "2021-07-20 21:54:18", "elapsed": 261.114818, "delta": 0.946603}}
{"target": -10.718190837595005, "params": {"C": 26.769185998784465, "epsilon": 1.735064413506244, "gamma": 0.022184602591310817}, "datetime": {"datetime": "2021-07-20 21:54:19", "elapsed": 262.062281, "delta": 0.947463}}
{"target": -10.652404835409772, "params": {"C": 27.260034104271433, "epsilon": 2.237861431821488, "gamma": 0.016906899465339693}, "datetime": {"datetime": "2021-07-20 21:54:21", "elapsed": 263.322591, "delta": 1.26031}}
{"target": -75.76239247460313, "params": {"C": 29.395269598026044, "epsilon": 2.8627358838981958, "gamma": 0.0203400703274339}, "datetime": {"datetime": "2021-07-20 21:54:32", "elapsed": 275.03018, "delta": 11.707589}}
{"target": -77.09547331841577, "params": {"C": 22.182649902265386, "epsilon": 2.2758485195833424, "gamma": 0.030950495316370938}, "datetime": {"datetime": "2021-07-20 21:54:44", "elapsed": 286.896814, "delta": 11.866634}}
{"target": -10.71647103467375, "params": {"C": 21.03201268010835, "epsilon": 0.3600168301343558, "gamma": 0.0241554892066523}, "datetime": {"datetime": "2021-07-20 21:54:45", "elapsed": 287.670114, "delta": 0.7733}}
{"target": -11.324748799249408, "params": {"C": 24.36915606990186, "epsilon": 0.7417230140253213, "gamma": 0.012106402522461764}, "datetime": {"datetime": "2021-07-20 21:54:46", "elapsed": 288.426653, "delta": 0.756539}}
{"target": -10.890991746562403, "params": {"C": 20.42171946638886, "epsilon": 0.5271469793520459, "gamma": 0.029572321348841933}, "datetime": {"datetime": "2021-07-20 21:54:46", "elapsed": 289.202192, "delta": 0.775539}}
{"target": -10.833704597100798, "params": {"C": 24.699674757847234, "epsilon": 1.3859260222141652, "gamma": 0.0274528975267365}, "datetime": {"datetime": "2021-07-20 21:54:47", "elapsed": 289.978838, "delta": 0.776646}}
{"target": -67.67514160670076, "params": {"C": 21.98099185455989, "epsilon": 1.1904251567393298, "gamma": 0.04508150575371665}, "datetime": {"datetime": "2021-07-20 21:54:59", "elapsed": 302.153892, "delta": 12.175054}}
{"target": -10.715918824829233, "params": {"C": 27.28183709574658, "epsilon": 2.2355942141483633, "gamma": 0.022306009356059725}, "datetime": {"datetime": "2021-07-20 21:55:00", "elapsed": 303.145383, "delta": 0.991491}}
{"target": -11.411533034047668, "params": {"C": 28.338817373988398, "epsilon": 0.5472764641129219, "gamma": 0.01048412883816002}, "datetime": {"datetime": "2021-07-20 21:55:01", "elapsed": 303.955834, "delta": 0.810451}}
{"target": -10.79660695079288, "params": {"C": 24.64842750059496, "epsilon": 0.5815277208179901, "gamma": 0.037672920133113956}, "datetime": {"datetime": "2021-07-20 21:55:02", "elapsed": 304.736695, "delta": 0.780861}}
{"target": -11.103496937752858, "params": {"C": 22.54727010694918, "epsilon": 2.567372290276281, "gamma": 0.014356929287484832}, "datetime": {"datetime": "2021-07-20 21:55:03", "elapsed": 305.700493, "delta": 0.963798}}
{"target": -11.116620056662144, "params": {"C": 27.252326367036666, "epsilon": 2.2452973273190264, "gamma": 0.013357383762880648}, "datetime": {"datetime": "2021-07-20 21:55:04", "elapsed": 306.61988, "delta": 0.919387}}
{"target": -71.99241170139062, "params": {"C": 20.15528037851595, "epsilon": 2.3717207234652324, "gamma": 0.04676665447396092}, "datetime": {"datetime": "2021-07-20 21:55:26", "elapsed": 329.243972, "delta": 22.624092}}
{"target": -71.15655131878613, "params": {"C": 28.10869720429721, "epsilon": 2.2922889844842316, "gamma": 0.04547068889119863}, "datetime": {"datetime": "2021-07-20 21:55:56", "elapsed": 358.831084, "delta": 29.587112}}
{"target": -11.349439870832256, "params": {"C": 22.7391635477568, "epsilon": 2.3316831877260866, "gamma": 0.010810060865537433}, "datetime": {"datetime": "2021-07-20 21:55:57", "elapsed": 359.946414, "delta": 1.11533}}
{"target": -10.740901482138598, "params": {"C": 22.68677749128689, "epsilon": 2.0568647034378524, "gamma": 0.02579903753654745}, "datetime": {"datetime": "2021-07-20 21:55:58", "elapsed": 360.742322, "delta": 0.795908}}
{"target": -10.571693519410386, "params": {"C": 20.835134444701467, "epsilon": 0.7663522902801589, "gamma": 0.02121073432407674}, "datetime": {"datetime": "2021-07-20 21:55:59", "elapsed": 361.617055, "delta": 0.874733}}
{"target": -11.244268475362833, "params": {"C": 20.665937572131487, "epsilon": 1.6241266536722072, "gamma": 0.013436973346822902}, "datetime": {"datetime": "2021-07-20 21:56:00", "elapsed": 362.540247, "delta": 0.923192}}
{"target": -10.865833720135198, "params": {"C": 23.588632920623237, "epsilon": 0.5703503230522979, "gamma": 0.02720532253687092}, "datetime": {"datetime": "2021-07-20 21:56:01", "elapsed": 363.394637, "delta": 0.85439}}
{"target": -10.796713710381594, "params": {"C": 26.55311114826787, "epsilon": 0.8980507951694805, "gamma": 0.0353568700278274}, "datetime": {"datetime": "2021-07-20 21:56:01", "elapsed": 364.278696, "delta": 0.884059}}
{"target": -75.02792069910112, "params": {"C": 29.919636177012617, "epsilon": 2.601807258394952, "gamma": 0.046091967608450767}, "datetime": {"datetime": "2021-07-20 21:56:23", "elapsed": 386.220405, "delta": 21.941709}}
{"target": -10.568508112072184, "params": {"C": 22.741504935499663, "epsilon": 2.334238050731178, "gamma": 0.02180111408664643}, "datetime": {"datetime": "2021-07-20 21:56:24", "elapsed": 387.072458, "delta": 0.852053}}
{"target": -70.75555449960534, "params": {"C": 20.42203916119549, "epsilon": 2.0413932028173005, "gamma": 0.04963797183094353}, "datetime": {"datetime": "2021-07-20 21:56:37", "elapsed": 399.321614, "delta": 12.249156}}
{"target": -72.73429442631576, "params": {"C": 24.640663263448243, "epsilon": 0.5795277996701604, "gamma": 0.04096343304975572}, "datetime": {"datetime": "2021-07-20 21:56:49", "elapsed": 411.400718, "delta": 12.079104}}
{"target": -65.0357600954534, "params": {"C": 21.08639540214331, "epsilon": 2.4831554284479367, "gamma": 0.04895981334082926}, "datetime": {"datetime": "2021-07-20 21:57:01", "elapsed": 423.886172, "delta": 12.485454}}
{"target": -10.787669975217987, "params": {"C": 26.55519653026321, "epsilon": 0.8986637042913519, "gamma": 0.03623845375641407}, "datetime": {"datetime": "2021-07-20 21:57:02", "elapsed": 424.784533, "delta": 0.898361}}
{"target": -10.807467627572905, "params": {"C": 20.719121544940602, "epsilon": 0.6371002835308832, "gamma": 0.03677679569783609}, "datetime": {"datetime": "2021-07-20 21:57:03", "elapsed": 425.666768, "delta": 0.882235}}
{"target": -11.174795873863683, "params": {"C": 25.98190754686474, "epsilon": 0.519762094364812, "gamma": 0.013943229614264108}, "datetime": {"datetime": "2021-07-20 21:57:04", "elapsed": 426.635688, "delta": 0.96892}}
{"target": -11.366067444774641, "params": {"C": 24.360805267008708, "epsilon": 0.7424357268790105, "gamma": 0.01129378580147582}, "datetime": {"datetime": "2021-07-20 21:57:05", "elapsed": 427.486311, "delta": 0.850623}}
{"target": -10.680021254763753, "params": {"C": 21.861001931751545, "epsilon": 1.1664255769503267, "gamma": 0.023701680795064975}, "datetime": {"datetime": "2021-07-20 21:57:06", "elapsed": 428.32067, "delta": 0.834359}}
{"target": -73.88849926274999, "params": {"C": 22.57301777909595, "epsilon": 2.276220119678069, "gamma": 0.036101881822202024}, "datetime": {"datetime": "2021-07-20 21:57:24", "elapsed": 446.808405, "delta": 18.487735}}
