{"target": -10.537475705235437, "params": {"C": 14.319303285302462, "epsilon": 2.0690979990448066, "gamma": 0.040356206284924236}, "datetime": {"datetime": "2021-07-20 22:43:25", "elapsed": 56.185082, "delta": 1.398576}}
{"target": -10.519344389056878, "params": {"C": 13.135213948119185, "epsilon": 1.6714466037153812, "gamma": 0.03554469117316548}, "datetime": {"datetime": "2021-07-20 22:43:25", "elapsed": 56.730335, "delta": 0.545253}}
{"target": -10.623092892527856, "params": {"C": 13.212936858313963, "epsilon": 1.7459386968016197, "gamma": 0.03334499891145221}, "datetime": {"datetime": "2021-07-20 22:43:26", "elapsed": 57.736333, "delta": 1.005998}}
{"target": -10.468869057002651, "params": {"C": 14.137606538593207, "epsilon": 2.086873492664693, "gamma": 0.03460132342290328}, "datetime": {"datetime": "2021-07-20 22:43:27", "elapsed": 58.770221, "delta": 1.033888}}
{"target": -10.601081652856832, "params": {"C": 13.46007447047173, "epsilon": 1.9786408751778404, "gamma": 0.044181370826487446}, "datetime": {"datetime": "2021-07-20 22:43:29", "elapsed": 59.89123, "delta": 1.121009}}
{"target": -10.616969864841383, "params": {"C": 14.214264595154912, "epsilon": 2.1452372946413427, "gamma": 0.03181007570355379}, "datetime": {"datetime": "2021-07-20 22:43:29", "elapsed": 60.796107, "delta": 0.904877}}
{"target": -10.548528162336583, "params": {"C": 13.22334810011873, "epsilon": 1.633676160667001, "gamma": 0.04075108207754148}, "datetime": {"datetime": "2021-07-20 22:43:30", "elapsed": 61.754115, "delta": 0.958008}}
{"target": -10.518405646321764, "params": {"C": 16.509534205266327, "epsilon": 3.6252752200098315, "gamma": 0.03}, "datetime": {"datetime": "2021-07-20 22:43:31", "elapsed": 62.697875, "delta": 0.94376}}
{"target": -10.599063919511535, "params": {"C": 13.402347004729503, "epsilon": 1.8108343147801422, "gamma": 0.043156570824746034}, "datetime": {"datetime": "2021-07-20 22:43:32", "elapsed": 63.707833, "delta": 1.009958}}
{"target": -10.460511301169417, "params": {"C": 14.801997117644099, "epsilon": 4.0364703110103015, "gamma": 0.03195985217834811}, "datetime": {"datetime": "2021-07-20 22:43:33", "elapsed": 64.261842, "delta": 0.554009}}
{"target": -10.639651502773411, "params": {"C": 20.301731209965034, "epsilon": 2.2091295877091857, "gamma": 0.04312785758671498}, "datetime": {"datetime": "2021-07-20 22:43:34", "elapsed": 64.842903, "delta": 0.581061}}
{"target": -10.349945716487571, "params": {"C": 14.9004475608834, "epsilon": 3.9257554335694103, "gamma": 0.0345696220024575}, "datetime": {"datetime": "2021-07-20 22:43:34", "elapsed": 65.835448, "delta": 0.992545}}
{"target": -93.5214759684855, "params": {"C": 20.919566924726933, "epsilon": 3.7417381976616766, "gamma": 0.04334293496019462}, "datetime": {"datetime": "2021-07-20 22:43:44", "elapsed": 74.904633, "delta": 9.069185}}
{"target": -10.587884980698252, "params": {"C": 14.89934499582841, "epsilon": 3.81694809558194, "gamma": 0.03}, "datetime": {"datetime": "2021-07-20 22:43:44", "elapsed": 75.743257, "delta": 0.838624}}
{"target": -10.565632358081773, "params": {"C": 14.785618477872585, "epsilon": 3.952217932618547, "gamma": 0.030368694558616665}, "datetime": {"datetime": "2021-07-20 22:43:45", "elapsed": 76.606976, "delta": 0.863719}}
{"target": -10.47310323706966, "params": {"C": 14.981680215339733, "epsilon": 3.8693662430143476, "gamma": 0.045}, "datetime": {"datetime": "2021-07-20 22:43:46", "elapsed": 77.488981, "delta": 0.882005}}
{"target": -93.08794200567083, "params": {"C": 21.693938863525638, "epsilon": 4.247337976874212, "gamma": 0.03652611933370404}, "datetime": {"datetime": "2021-07-20 22:43:56", "elapsed": 87.024318, "delta": 9.535337}}
{"target": -10.390886513245565, "params": {"C": 16.58715484196647, "epsilon": 3.6530133896204813, "gamma": 0.0354216876855739}, "datetime": {"datetime": "2021-07-20 22:43:56", "elapsed": 87.712312, "delta": 0.687994}}
{"target": -10.496182074758192, "params": {"C": 13.145434205497953, "epsilon": 1.670709581201179, "gamma": 0.035919936738966554}, "datetime": {"datetime": "2021-07-20 22:43:57", "elapsed": 88.45196, "delta": 0.739648}}
{"target": -10.45218710213801, "params": {"C": 21.63232834402013, "epsilon": 4.174406371407303, "gamma": 0.030497523863244943}, "datetime": {"datetime": "2021-07-20 22:43:58", "elapsed": 89.19468, "delta": 0.74272}}
{"target": -10.443635177777749, "params": {"C": 13.61107073309443, "epsilon": 2.001664219180817, "gamma": 0.03673523072197332}, "datetime": {"datetime": "2021-07-20 22:43:59", "elapsed": 89.90168, "delta": 0.707}}
{"target": -10.529285414432321, "params": {"C": 12.46424307731504, "epsilon": 3.472921288732822, "gamma": 0.044867550669857384}, "datetime": {"datetime": "2021-07-20 22:43:59", "elapsed": 90.51157, "delta": 0.60989}}
{"target": -10.557638287907425, "params": {"C": 14.788548561020786, "epsilon": 3.962721881373306, "gamma": 0.030601546854178267}, "datetime": {"datetime": "2021-07-20 22:44:00", "elapsed": 91.262256, "delta": 0.750686}}
{"target": -98.99001063921435, "params": {"C": 13.19503494235764, "epsilon": 3.9462379590513605, "gamma": 0.04461944390518143}, "datetime": {"datetime": "2021-07-20 22:44:09", "elapsed": 100.659002, "delta": 9.396746}}
{"target": -10.714009980293818, "params": {"C": 21.589217020107657, "epsilon": 2.0357855158589717, "gamma": 0.03628179302842909}, "datetime": {"datetime": "2021-07-20 22:44:10", "elapsed": 101.255008, "delta": 0.596006}}
{"target": -10.488874701466937, "params": {"C": 12.791033699434662, "epsilon": 1.9683217323545177, "gamma": 0.040162242328476615}, "datetime": {"datetime": "2021-07-20 22:44:11", "elapsed": 101.855, "delta": 0.599992}}
{"target": -10.549094917191951, "params": {"C": 14.071933198907853, "epsilon": 2.470864493160574, "gamma": 0.04209356368772936}, "datetime": {"datetime": "2021-07-20 22:44:11", "elapsed": 102.623349, "delta": 0.768349}}
{"target": -97.72052046786371, "params": {"C": 21.636304936976636, "epsilon": 4.183451170285537, "gamma": 0.04044178443065352}, "datetime": {"datetime": "2021-07-20 22:44:20", "elapsed": 111.729656, "delta": 9.106307}}
{"target": -10.557740106171797, "params": {"C": 22.477878744446834, "epsilon": 2.245752840725717, "gamma": 0.030819438090666788}, "datetime": {"datetime": "2021-07-20 22:44:21", "elapsed": 112.335656, "delta": 0.606}}
{"target": -10.44874717336874, "params": {"C": 14.830319557005541, "epsilon": 3.724521556797931, "gamma": 0.039915322617878786}, "datetime": {"datetime": "2021-07-20 22:44:22", "elapsed": 113.080213, "delta": 0.744557}}
{"target": -10.606562051610602, "params": {"C": 12.187116007585036, "epsilon": 2.3799669151587857, "gamma": 0.03467399617702502}, "datetime": {"datetime": "2021-07-20 22:44:22", "elapsed": 113.771212, "delta": 0.690999}}
{"target": -10.62622728414628, "params": {"C": 12.948729540600855, "epsilon": 3.141617651953175, "gamma": 0.03217547249797871}, "datetime": {"datetime": "2021-07-20 22:44:23", "elapsed": 114.486749, "delta": 0.715537}}
{"target": -10.484459325462659, "params": {"C": 15.623888708650314, "epsilon": 3.640033588201435, "gamma": 0.0402139776861557}, "datetime": {"datetime": "2021-07-20 22:44:24", "elapsed": 115.143362, "delta": 0.656613}}
{"target": -10.6138553996588, "params": {"C": 22.757635531655545, "epsilon": 1.953662096055507, "gamma": 0.03179319089882684}, "datetime": {"datetime": "2021-07-20 22:44:24", "elapsed": 115.763023, "delta": 0.619661}}
{"target": -10.457866681516185, "params": {"C": 16.46741910042424, "epsilon": 1.7989936648455216, "gamma": 0.032639252052800806}, "datetime": {"datetime": "2021-07-20 22:44:25", "elapsed": 116.45475, "delta": 0.691727}}
{"target": -10.35557141616555, "params": {"C": 14.031279587624745, "epsilon": 4.18911729017392, "gamma": 0.03782728979991737}, "datetime": {"datetime": "2021-07-20 22:44:26", "elapsed": 117.098764, "delta": 0.644014}}
{"target": -10.449571136761989, "params": {"C": 14.390614650860279, "epsilon": 2.345208968362627, "gamma": 0.03435699848362833}, "datetime": {"datetime": "2021-07-20 22:44:26", "elapsed": 117.782765, "delta": 0.684001}}
{"target": -10.62268085541862, "params": {"C": 13.686492721038606, "epsilon": 1.545637784527003, "gamma": 0.04439789566463652}, "datetime": {"datetime": "2021-07-20 22:44:27", "elapsed": 118.429766, "delta": 0.647001}}
{"target": -88.25979866683372, "params": {"C": 17.562947111099536, "epsilon": 4.469846411926152, "gamma": 0.03603671936085216}, "datetime": {"datetime": "2021-07-20 22:44:36", "elapsed": 127.61259, "delta": 9.182824}}
{"target": -10.605964221935588, "params": {"C": 21.04453501172744, "epsilon": 2.9297242101602965, "gamma": 0.04089678497656561}, "datetime": {"datetime": "2021-07-20 22:44:37", "elapsed": 128.243589, "delta": 0.630999}}
{"target": -10.4716705379155, "params": {"C": 17.04171634582158, "epsilon": 4.407844764926757, "gamma": 0.038535660984743994}, "datetime": {"datetime": "2021-07-20 22:44:38", "elapsed": 128.846031, "delta": 0.602442}}
{"target": -10.49872750891036, "params": {"C": 16.464666312389294, "epsilon": 1.799185922574954, "gamma": 0.03173849149449518}, "datetime": {"datetime": "2021-07-20 22:44:38", "elapsed": 129.475031, "delta": 0.629}}
{"target": -10.629568380419913, "params": {"C": 13.479143768334781, "epsilon": 4.315912777709095, "gamma": 0.030142068482902643}, "datetime": {"datetime": "2021-07-20 22:44:39", "elapsed": 130.09703, "delta": 0.621999}}
{"target": -10.442220073667649, "params": {"C": 15.498426084384738, "epsilon": 3.918269531281741, "gamma": 0.03941245151266259}, "datetime": {"datetime": "2021-07-20 22:44:39", "elapsed": 130.714897, "delta": 0.617867}}
{"target": -10.624699609372804, "params": {"C": 19.447805209756172, "epsilon": 3.137495179624472, "gamma": 0.03771563405503067}, "datetime": {"datetime": "2021-07-20 22:44:40", "elapsed": 131.360901, "delta": 0.646004}}
{"target": -10.682629601738233, "params": {"C": 21.07954261534956, "epsilon": 1.8596756579932885, "gamma": 0.038374632845055934}, "datetime": {"datetime": "2021-07-20 22:44:41", "elapsed": 131.964895, "delta": 0.603994}}
{"target": -10.65471650176686, "params": {"C": 21.082914851199455, "epsilon": 1.8545343124418874, "gamma": 0.04173500133459031}, "datetime": {"datetime": "2021-07-20 22:44:41", "elapsed": 132.665035, "delta": 0.70014}}
{"target": -10.610806529822476, "params": {"C": 13.405513320666513, "epsilon": 1.8124024592311732, "gamma": 0.04497194366928243}, "datetime": {"datetime": "2021-07-20 22:44:42", "elapsed": 133.334036, "delta": 0.669001}}
{"target": -10.430339941609153, "params": {"C": 14.074648981739411, "epsilon": 2.4749793885818416, "gamma": 0.0375753012557653}, "datetime": {"datetime": "2021-07-20 22:44:43", "elapsed": 133.987032, "delta": 0.652996}}
{"target": -10.597911985486261, "params": {"C": 19.44562362295817, "epsilon": 3.1403559250240276, "gamma": 0.04169172126104913}, "datetime": {"datetime": "2021-07-20 22:44:43", "elapsed": 134.667226, "delta": 0.680194}}
{"target": -10.756267314124171, "params": {"C": 12.332027657819575, "epsilon": 2.228485701439142, "gamma": 0.031682869516496404}, "datetime": {"datetime": "2021-07-20 22:44:44", "elapsed": 135.333222, "delta": 0.665996}}
{"target": -10.65019925547714, "params": {"C": 20.71884253625031, "epsilon": 1.9227093810393936, "gamma": 0.04188392401109085}, "datetime": {"datetime": "2021-07-20 22:44:45", "elapsed": 135.973225, "delta": 0.640003}}
{"target": -10.601370665616894, "params": {"C": 13.458698926902542, "epsilon": 1.9751116839259248, "gamma": 0.04491789094282385}, "datetime": {"datetime": "2021-07-20 22:44:45", "elapsed": 136.696642, "delta": 0.723417}}
{"target": -10.484854872763332, "params": {"C": 16.29011805457634, "epsilon": 1.605870997409426, "gamma": 0.032322754895219324}, "datetime": {"datetime": "2021-07-20 22:44:46", "elapsed": 137.412643, "delta": 0.716001}}
{"target": -95.37429270700981, "params": {"C": 14.987565526874592, "epsilon": 3.8662205853951153, "gamma": 0.043592003373358286}, "datetime": {"datetime": "2021-07-20 22:44:55", "elapsed": 146.115351, "delta": 8.702708}}
{"target": -10.534487140600755, "params": {"C": 13.82611491442483, "epsilon": 2.34304576714778, "gamma": 0.0411998488274129}, "datetime": {"datetime": "2021-07-20 22:44:55", "elapsed": 146.791531, "delta": 0.67618}}
{"target": -10.612550720429164, "params": {"C": 17.253793546810815, "epsilon": 2.1328067087876037, "gamma": 0.04223377820971824}, "datetime": {"datetime": "2021-07-20 22:44:56", "elapsed": 147.477534, "delta": 0.686003}}
{"target": -10.561991310128729, "params": {"C": 20.682257258897184, "epsilon": 3.6484820452293487, "gamma": 0.043278617225102574}, "datetime": {"datetime": "2021-07-20 22:44:57", "elapsed": 148.156535, "delta": 0.679001}}
{"target": -10.34488557149679, "params": {"C": 13.668727630506822, "epsilon": 4.331890537463313, "gamma": 0.03801385082680793}, "datetime": {"datetime": "2021-07-20 22:44:57", "elapsed": 148.804426, "delta": 0.647891}}
{"target": -10.57692941086475, "params": {"C": 17.32518955071652, "epsilon": 2.7463813682846885, "gamma": 0.041711709461227243}, "datetime": {"datetime": "2021-07-20 22:44:58", "elapsed": 149.462424, "delta": 0.657998}}
{"target": -10.625146257157155, "params": {"C": 21.80239642751548, "epsilon": 3.958300646379581, "gamma": 0.0355155411896586}, "datetime": {"datetime": "2021-07-20 22:44:59", "elapsed": 150.160419, "delta": 0.697995}}
{"target": -10.430168708990706, "params": {"C": 14.021503727214014, "epsilon": 2.3767453461054924, "gamma": 0.0372894198631531}, "datetime": {"datetime": "2021-07-20 22:45:00", "elapsed": 151.005288, "delta": 0.844869}}
{"target": -10.489116191253533, "params": {"C": 19.030155678184755, "epsilon": 1.7974201159348258, "gamma": 0.0321524947988526}, "datetime": {"datetime": "2021-07-20 22:45:00", "elapsed": 151.719289, "delta": 0.714001}}
{"target": -94.91007579016944, "params": {"C": 19.28342672569503, "epsilon": 4.086388360733224, "gamma": 0.0381763091950669}, "datetime": {"datetime": "2021-07-20 22:45:06", "elapsed": 157.650771, "delta": 5.931482}}
{"target": -10.511847129933802, "params": {"C": 14.151941262273517, "epsilon": 2.230986445822808, "gamma": 0.03979025215693466}, "datetime": {"datetime": "2021-07-20 22:45:07", "elapsed": 158.3798, "delta": 0.729029}}
{"target": -10.39494176986401, "params": {"C": 16.384278752700123, "epsilon": 3.4679685572726995, "gamma": 0.03426276160641705}, "datetime": {"datetime": "2021-07-20 22:45:08", "elapsed": 159.108957, "delta": 0.729157}}
{"target": -10.455631761449514, "params": {"C": 12.690354765761702, "epsilon": 4.102849068882513, "gamma": 0.03479437394601441}, "datetime": {"datetime": "2021-07-20 22:45:08", "elapsed": 159.784941, "delta": 0.675984}}
{"target": -10.662149655294142, "params": {"C": 21.082484888564437, "epsilon": 1.8553745170978355, "gamma": 0.039799032028829034}, "datetime": {"datetime": "2021-07-20 22:45:09", "elapsed": 160.512953, "delta": 0.728012}}
{"target": -10.633423988150854, "params": {"C": 21.214818202696954, "epsilon": 2.471764211033878, "gamma": 0.03916864523192433}, "datetime": {"datetime": "2021-07-20 22:45:10", "elapsed": 161.188048, "delta": 0.675095}}
{"target": -10.552172352581412, "params": {"C": 15.244486113576796, "epsilon": 1.5255169994641293, "gamma": 0.032336327165074584}, "datetime": {"datetime": "2021-07-20 22:45:11", "elapsed": 161.850056, "delta": 0.662008}}
{"target": -10.545304849062003, "params": {"C": 14.08511002351287, "epsilon": 5.2728436829496115, "gamma": 0.030001715622260172}, "datetime": {"datetime": "2021-07-20 22:49:41", "elapsed": 0.0, "delta": 0.0}}
{"target": -10.59247018210517, "params": {"C": 13.511662863159199, "epsilon": 3.7815653161244938, "gamma": 0.031385078921531966}, "datetime": {"datetime": "2021-07-20 22:49:41", "elapsed": 0.423966, "delta": 0.423966}}
{"target": -10.371773888413847, "params": {"C": 12.931301056888355, "epsilon": 4.298457890311924, "gamma": 0.035951512113460045}, "datetime": {"datetime": "2021-07-20 22:49:42", "elapsed": 0.846994, "delta": 0.423028}}
{"target": -10.412463892140568, "params": {"C": 14.694083670016784, "epsilon": 4.4899057374485665, "gamma": 0.04027829250595139}, "datetime": {"datetime": "2021-07-20 22:49:42", "elapsed": 1.332963, "delta": 0.485969}}
{"target": -10.576371015484884, "params": {"C": 13.022261248657587, "epsilon": 5.683105334616458, "gamma": 0.030410813897968892}, "datetime": {"datetime": "2021-07-20 22:49:43", "elapsed": 1.82716, "delta": 0.494197}}
{"target": -10.396541325518236, "params": {"C": 15.352337550892011, "epsilon": 4.48499248615453, "gamma": 0.03838034742668627}, "datetime": {"datetime": "2021-07-20 22:49:43", "elapsed": 2.301166, "delta": 0.474006}}
{"target": -10.449902362890887, "params": {"C": 12.701934692976169, "epsilon": 3.915063871620685, "gamma": 0.04201116853013305}, "datetime": {"datetime": "2021-07-20 22:49:44", "elapsed": 2.751176, "delta": 0.45001}}
{"target": -89.48117315763963, "params": {"C": 16.841307878596986, "epsilon": 4.214902863214031, "gamma": 0.04038483923503971}, "datetime": {"datetime": "2021-07-20 22:49:49", "elapsed": 8.105148, "delta": 5.353972}}
{"target": -10.335854611107031, "params": {"C": 16.381945761480193, "epsilon": 5.725977325110003, "gamma": 0.03127566317054667}, "datetime": {"datetime": "2021-07-20 22:49:50", "elapsed": 8.489756, "delta": 0.384608}}
{"target": -95.30368703679824, "params": {"C": 12.195273916164412, "epsilon": 3.841559090867879, "gamma": 0.0431721375514412}, "datetime": {"datetime": "2021-07-20 22:49:58", "elapsed": 16.942715, "delta": 8.452959}}
{"target": -97.26667241187613, "params": {"C": 13.879201903821667, "epsilon": 5.4536841910676666, "gamma": 0.04161670353142931}, "datetime": {"datetime": "2021-07-20 22:50:06", "elapsed": 25.400806, "delta": 8.458091}}
{"target": -10.361936978805272, "params": {"C": 14.661489601587085, "epsilon": 5.4471984228875865, "gamma": 0.03262349662171122}, "datetime": {"datetime": "2021-07-20 22:50:07", "elapsed": 25.844803, "delta": 0.443997}}
{"target": -91.52199062101309, "params": {"C": 14.979222225313261, "epsilon": 4.078664761581738, "gamma": 0.04120093434025631}, "datetime": {"datetime": "2021-07-20 22:50:16", "elapsed": 34.550571, "delta": 8.705768}}
{"target": -10.50586454433376, "params": {"C": 13.137574340023347, "epsilon": 3.804533993209365, "gamma": 0.044209551766157505}, "datetime": {"datetime": "2021-07-20 22:50:16", "elapsed": 35.017115, "delta": 0.466544}}
{"target": -10.304359516444917, "params": {"C": 15.6312802594061, "epsilon": 5.2943912360117995, "gamma": 0.032920320473734124}, "datetime": {"datetime": "2021-07-20 22:50:16", "elapsed": 35.464994, "delta": 0.447879}}
{"target": -10.339443575136066, "params": {"C": 14.351233453380374, "epsilon": 4.501081049549346, "gamma": 0.037078690054604}, "datetime": {"datetime": "2021-07-20 22:50:17", "elapsed": 35.931293, "delta": 0.466299}}
{"target": -97.36656751963892, "params": {"C": 16.777227877705975, "epsilon": 5.126585681189324, "gamma": 0.03706080959893773}, "datetime": {"datetime": "2021-07-20 22:50:33", "elapsed": 51.99505, "delta": 16.063757}}
{"target": -96.86807994325352, "params": {"C": 14.443663614374266, "epsilon": 5.587064551703913, "gamma": 0.044686026575468656}, "datetime": {"datetime": "2021-07-20 22:50:58", "elapsed": 77.298696, "delta": 25.303646}}
{"target": -96.45736984711387, "params": {"C": 13.612363797184267, "epsilon": 5.385192166821007, "gamma": 0.04285442498365222}, "datetime": {"datetime": "2021-07-20 22:51:09", "elapsed": 87.906614, "delta": 10.607918}}
{"target": -98.93286533253087, "params": {"C": 16.274736866910683, "epsilon": 5.270315343416561, "gamma": 0.043679563854149096}, "datetime": {"datetime": "2021-07-20 22:51:22", "elapsed": 100.493148, "delta": 12.586534}}
{"target": -10.340516881630219, "params": {"C": 15.385557631338294, "epsilon": 4.8245687110297215, "gamma": 0.03574813750708057}, "datetime": {"datetime": "2021-07-20 22:51:22", "elapsed": 101.227371, "delta": 0.734223}}
{"target": -10.475537870791593, "params": {"C": 12.703780505015427, "epsilon": 3.7623868479355216, "gamma": 0.03475248467776822}, "datetime": {"datetime": "2021-07-20 22:51:23", "elapsed": 101.896737, "delta": 0.669366}}
{"target": -10.534769377577264, "params": {"C": 13.37000233842069, "epsilon": 5.387305849946832, "gamma": 0.031003058184904723}, "datetime": {"datetime": "2021-07-20 22:51:24", "elapsed": 102.666493, "delta": 0.769756}}
{"target": -10.392011878145704, "params": {"C": 12.7023971369569, "epsilon": 3.885002715356279, "gamma": 0.040581166420352886}, "datetime": {"datetime": "2021-07-20 22:51:25", "elapsed": 103.957073, "delta": 1.29058}}
{"target": -10.491360436598884, "params": {"C": 14.991010091973791, "epsilon": 3.693025349004701, "gamma": 0.03175166264526642}, "datetime": {"datetime": "2021-07-20 22:51:26", "elapsed": 104.723491, "delta": 0.766418}}
{"target": -98.91540568481349, "params": {"C": 15.068123303589418, "epsilon": 4.849218928667015, "gamma": 0.039804103804526696}, "datetime": {"datetime": "2021-07-20 22:51:39", "elapsed": 117.691758, "delta": 12.968267}}
{"target": -10.39628480355347, "params": {"C": 12.694703807282433, "epsilon": 3.7877848323277146, "gamma": 0.036310182310551886}, "datetime": {"datetime": "2021-07-20 22:51:40", "elapsed": 119.299762, "delta": 1.608004}}
{"target": -10.449745195881745, "params": {"C": 12.708502616132323, "epsilon": 3.7801592774009696, "gamma": 0.0354038980366959}, "datetime": {"datetime": "2021-07-20 22:51:42", "elapsed": 121.199599, "delta": 1.899837}}
{"target": -10.365089457816744, "params": {"C": 12.698943989471026, "epsilon": 3.7757372170843952, "gamma": 0.03890495004630011}, "datetime": {"datetime": "2021-07-20 22:51:44", "elapsed": 122.667219, "delta": 1.46762}}
{"target": -10.383835677422756, "params": {"C": 14.668250862748048, "epsilon": 5.4428561678583325, "gamma": 0.03224870352149545}, "datetime": {"datetime": "2021-07-20 22:51:45", "elapsed": 124.206578, "delta": 1.539359}}
