{"target": -72.24309418636747, "params": {"C": 49.52205577735399, "epsilon": 6.551972614274221, "gamma": 0.014024317712948351}, "datetime": {"datetime": "2021-07-20 21:13:17", "elapsed": 2355.009942, "delta": 9.204447}}
{"target": -75.08253460367352, "params": {"C": 31.275824599094637, "epsilon": 4.124270473040307, "gamma": 0.032835202927461164}, "datetime": {"datetime": "2021-07-20 21:13:26", "elapsed": 2364.236029, "delta": 9.226087}}
{"target": -11.466196164607078, "params": {"C": 28.55262714080762, "epsilon": 0.5256197789881201, "gamma": 0.0867170072864519}, "datetime": {"datetime": "2021-07-20 21:13:28", "elapsed": 2365.399025, "delta": 1.162996}}
{"target": -11.285021105429793, "params": {"C": 22.96277839671422, "epsilon": 1.437983013765585, "gamma": 0.01189112773422771}, "datetime": {"datetime": "2021-07-20 21:13:29", "elapsed": 2366.537172, "delta": 1.138147}}
{"target": -71.78276611496828, "params": {"C": 43.881483249123484, "epsilon": 3.1386875185318397, "gamma": 0.03449269693720502}, "datetime": {"datetime": "2021-07-20 21:13:38", "elapsed": 2375.916897, "delta": 9.379725}}
{"target": -10.640298797732054, "params": {"C": 14.091515667713514, "epsilon": 4.229713686214786, "gamma": 0.02252420030337882}, "datetime": {"datetime": "2021-07-20 21:13:39", "elapsed": 2377.0599, "delta": 1.143003}}
{"target": -58.49368738439783, "params": {"C": 28.344216641031235, "epsilon": 1.7895686710443792, "gamma": 0.06262726327003157}, "datetime": {"datetime": "2021-07-20 21:13:48", "elapsed": 2386.322497, "delta": 9.262597}}
{"target": -11.023811439306208, "params": {"C": 45.691000233067854, "epsilon": 0.56619557659166, "gamma": 0.06713976755969393}, "datetime": {"datetime": "2021-07-20 21:13:50", "elapsed": 2387.463399, "delta": 1.140902}}
{"target": -65.38118142182185, "params": {"C": 29.98454218604501, "epsilon": 3.900439198973722, "gamma": 0.047906816817644214}, "datetime": {"datetime": "2021-07-20 21:13:59", "elapsed": 2396.812112, "delta": 9.348713}}
{"target": -10.623405051647081, "params": {"C": 23.595416841499034, "epsilon": 2.350272271770096, "gamma": 0.022616855069875538}, "datetime": {"datetime": "2021-07-20 21:14:00", "elapsed": 2397.978859, "delta": 1.166747}}
{"target": -76.39405140022413, "params": {"C": 48.83939535713319, "epsilon": 5.001603824891729, "gamma": 0.04443446685626144}, "datetime": {"datetime": "2021-07-20 21:14:14", "elapsed": 2412.12848, "delta": 14.149621}}
{"target": -56.94784049397681, "params": {"C": 39.87393062319581, "epsilon": 6.558825505699103, "gamma": 0.07307275604713734}, "datetime": {"datetime": "2021-07-20 21:14:24", "elapsed": 2421.715356, "delta": 9.586876}}
{"target": -79.33469855167424, "params": {"C": 33.48057155546611, "epsilon": 5.88148125508568, "gamma": 0.035194659079880446}, "datetime": {"datetime": "2021-07-20 21:14:33", "elapsed": 2430.969839, "delta": 9.254483}}
{"target": -55.64647868313417, "params": {"C": 30.61717033276316, "epsilon": 3.309386226826488, "gamma": 0.07434356898707428}, "datetime": {"datetime": "2021-07-20 21:14:42", "elapsed": 2440.342311, "delta": 9.372472}}
{"target": -11.235009008552401, "params": {"C": 13.445900442490409, "epsilon": 1.5748232810722296, "gamma": 0.015135073347488488}, "datetime": {"datetime": "2021-07-20 21:14:44", "elapsed": 2441.534304, "delta": 1.191993}}
{"target": -57.67532948744621, "params": {"C": 13.932230235989795, "epsilon": 4.623790389199105, "gamma": 0.0796286910193467}, "datetime": {"datetime": "2021-07-20 21:14:53", "elapsed": 2450.92532, "delta": 9.391016}}
{"target": -76.13689908972746, "params": {"C": 25.90838176602409, "epsilon": 3.5491147592900174, "gamma": 0.038029928275667646}, "datetime": {"datetime": "2021-07-20 21:15:07", "elapsed": 2465.042634, "delta": 14.117314}}
{"target": -72.45972605812267, "params": {"C": 48.89833680749653, "epsilon": 2.089604955282423, "gamma": 0.01764136008443662}, "datetime": {"datetime": "2021-07-20 21:15:16", "elapsed": 2474.067969, "delta": 9.025335}}
{"target": -11.418136713156724, "params": {"C": 28.93415769022039, "epsilon": 2.480587797674058, "gamma": 0.009444474703384697}, "datetime": {"datetime": "2021-07-20 21:15:17", "elapsed": 2475.244311, "delta": 1.176342}}
{"target": -63.23658661459157, "params": {"C": 22.239754773600886, "epsilon": 5.2728483004957045, "gamma": 0.07310542038394188}, "datetime": {"datetime": "2021-07-20 21:15:27", "elapsed": 2484.433131, "delta": 9.18882}}
{"target": -11.564063635802672, "params": {"C": 23.600924550874463, "epsilon": 2.370971574266662, "gamma": 0.09712683621497582}, "datetime": {"datetime": "2021-07-20 21:15:28", "elapsed": 2485.730136, "delta": 1.297005}}
{"target": -75.00619912436079, "params": {"C": 31.143801337798507, "epsilon": 4.318148682194122, "gamma": 0.03655078526618937}, "datetime": {"datetime": "2021-07-20 21:15:38", "elapsed": 2495.364044, "delta": 9.633908}}
{"target": -64.21973600124731, "params": {"C": 35.1114547420004, "epsilon": 6.016155112288772, "gamma": 0.0574322117203948}, "datetime": {"datetime": "2021-07-20 21:15:47", "elapsed": 2504.633372, "delta": 9.269328}}
{"target": -10.835050520619387, "params": {"C": 28.93352304903726, "epsilon": 1.0996405505723506, "gamma": 0.015606598660033458}, "datetime": {"datetime": "2021-07-20 21:15:48", "elapsed": 2505.896373, "delta": 1.263001}}
{"target": -67.66027508781093, "params": {"C": 28.700603243824997, "epsilon": 4.640361384967161, "gamma": 0.0488800577852672}, "datetime": {"datetime": "2021-07-20 21:15:58", "elapsed": 2515.403876, "delta": 9.507503}}
{"target": -77.08468805461412, "params": {"C": 21.793410511901673, "epsilon": 5.4901888363779845, "gamma": 0.025537281671788238}, "datetime": {"datetime": "2021-07-20 21:16:07", "elapsed": 2525.235457, "delta": 9.831581}}
{"target": -52.87496094519234, "params": {"C": 5.8245448158777045, "epsilon": 5.110979121939985, "gamma": 0.08806355749818665}, "datetime": {"datetime": "2021-07-20 21:16:17", "elapsed": 2534.566707, "delta": 9.33125}}
{"target": -74.35801386159733, "params": {"C": 45.531948228969014, "epsilon": 1.78476271294508, "gamma": 0.03388449868696963}, "datetime": {"datetime": "2021-07-20 21:16:26", "elapsed": 2543.845797, "delta": 9.27909}}
{"target": -77.03603300564275, "params": {"C": 35.27735957250191, "epsilon": 1.9120266805071704, "gamma": 0.031945710595095864}, "datetime": {"datetime": "2021-07-20 21:16:35", "elapsed": 2553.286628, "delta": 9.440831}}
{"target": -54.08395482307519, "params": {"C": 36.80161733813176, "epsilon": 5.608033808358386, "gamma": 0.09065165941731054}, "datetime": {"datetime": "2021-07-20 21:16:45", "elapsed": 2562.816924, "delta": 9.530296}}
{"target": -71.91637463365156, "params": {"C": 13.547921127994748, "epsilon": 2.79209934129634, "gamma": 0.049548508785626603}, "datetime": {"datetime": "2021-07-20 21:16:55", "elapsed": 2572.505688, "delta": 9.688764}}
{"target": -54.597381511668644, "params": {"C": 21.11262688711909, "epsilon": 5.801532635522965, "gamma": 0.08217439398997455}, "datetime": {"datetime": "2021-07-20 21:17:04", "elapsed": 2582.051116, "delta": 9.545428}}
{"target": -10.825145200320433, "params": {"C": 37.06566935417581, "epsilon": 1.074828729840148, "gamma": 0.027469452081785528}, "datetime": {"datetime": "2021-07-20 21:17:05", "elapsed": 2583.289913, "delta": 1.238797}}
{"target": -76.71856683965513, "params": {"C": 28.62193206896653, "epsilon": 5.739938172173073, "gamma": 0.0169213938457075}, "datetime": {"datetime": "2021-07-20 21:17:15", "elapsed": 2592.543417, "delta": 9.253504}}
{"target": -11.032344685748265, "params": {"C": 14.78539498222172, "epsilon": 1.1629573729496605, "gamma": 0.06521477242139526}, "datetime": {"datetime": "2021-07-20 21:17:16", "elapsed": 2593.779263, "delta": 1.235846}}
{"target": -11.45212436021303, "params": {"C": 11.32336045699154, "epsilon": 1.5398705435961195, "gamma": 0.013361706602402424}, "datetime": {"datetime": "2021-07-20 21:17:17", "elapsed": 2595.06244, "delta": 1.283177}}
{"target": -10.760543382846045, "params": {"C": 38.41647083847435, "epsilon": 1.5450383763038595, "gamma": 0.019046640130843343}, "datetime": {"datetime": "2021-07-20 21:17:19", "elapsed": 2596.365443, "delta": 1.303003}}
{"target": -11.238592450980756, "params": {"C": 49.96607059061554, "epsilon": 1.8595830407122431, "gamma": 0.07180981619475368}, "datetime": {"datetime": "2021-07-20 21:17:20", "elapsed": 2597.609255, "delta": 1.243812}}
{"target": -60.30156816386481, "params": {"C": 25.205923002367644, "epsilon": 2.4441815623204612, "gamma": 0.05981527094376331}, "datetime": {"datetime": "2021-07-20 21:17:29", "elapsed": 2607.085314, "delta": 9.476059}}
{"target": -50.3765332893504, "params": {"C": 38.35970886429076, "epsilon": 6.382315525656747, "gamma": 0.09940484997602483}, "datetime": {"datetime": "2021-07-20 21:17:41", "elapsed": 2618.679867, "delta": 11.594553}}
{"target": -61.97023885054001, "params": {"C": 46.63661709001909, "epsilon": 5.483846983804292, "gamma": 0.06404116107958804}, "datetime": {"datetime": "2021-07-20 21:17:51", "elapsed": 2628.724727, "delta": 10.04486}}
{"target": -72.48339604711379, "params": {"C": 14.012953305541304, "epsilon": 5.090276666113596, "gamma": 0.03524444601560931}, "datetime": {"datetime": "2021-07-20 21:18:05", "elapsed": 2643.065794, "delta": 14.341067}}
{"target": -55.4965888019273, "params": {"C": 24.322516324993792, "epsilon": 5.503535785783207, "gamma": 0.09128875682200627}, "datetime": {"datetime": "2021-07-20 21:18:15", "elapsed": 2652.633758, "delta": 9.567964}}
{"target": -11.160942979999252, "params": {"C": 24.70666816697164, "epsilon": 3.8893406161901063, "gamma": 0.012011176401182249}, "datetime": {"datetime": "2021-07-20 21:18:16", "elapsed": 2653.970981, "delta": 1.337223}}
{"target": -60.781711625237165, "params": {"C": 34.01707241301233, "epsilon": 6.877723856385065, "gamma": 0.06688548350241111}, "datetime": {"datetime": "2021-07-20 21:18:26", "elapsed": 2663.414922, "delta": 9.443941}}
{"target": -11.429334193897592, "params": {"C": 31.95003975247793, "epsilon": 2.099707317459984, "gamma": 0.08511087007889279}, "datetime": {"datetime": "2021-07-20 21:18:27", "elapsed": 2664.761927, "delta": 1.347005}}
{"target": -66.90705775240255, "params": {"C": 7.623697327814759, "epsilon": 3.332052947550965, "gamma": 0.04760263219401996}, "datetime": {"datetime": "2021-07-20 21:18:37", "elapsed": 2674.445358, "delta": 9.683431}}
{"target": -74.09222489045283, "params": {"C": 12.632183622257518, "epsilon": 5.799619411442337, "gamma": 0.04192384633076637}, "datetime": {"datetime": "2021-07-20 21:18:51", "elapsed": 2689.320321, "delta": 14.874963}}
{"target": -59.27541640132554, "params": {"C": 36.16869693823124, "epsilon": 3.833489233380753, "gamma": 0.0707659081854295}, "datetime": {"datetime": "2021-07-20 21:19:01", "elapsed": 2698.795804, "delta": 9.475483}}
{"target": -73.52487496640026, "params": {"C": 48.68085895223594, "epsilon": 5.917320248474312, "gamma": 0.03662136627616833}, "datetime": {"datetime": "2021-07-20 21:19:10", "elapsed": 2708.169544, "delta": 9.37374}}
{"target": -11.211857484744192, "params": {"C": 11.574882082437604, "epsilon": 0.33736424668315595, "gamma": 0.07381230190535262}, "datetime": {"datetime": "2021-07-20 21:19:12", "elapsed": 2709.406408, "delta": 1.236864}}
{"target": -11.040392412351911, "params": {"C": 22.10109809181203, "epsilon": 0.7362301736881907, "gamma": 0.07261919149618903}, "datetime": {"datetime": "2021-07-20 21:19:13", "elapsed": 2710.723402, "delta": 1.316994}}
{"target": -71.02845809413688, "params": {"C": 37.65032591021318, "epsilon": 3.23343129775728, "gamma": 0.012386139319939805}, "datetime": {"datetime": "2021-07-20 21:19:22", "elapsed": 2719.763282, "delta": 9.03988}}
{"target": -80.28117949252683, "params": {"C": 44.20739864500757, "epsilon": 3.5131358410442175, "gamma": 0.030663400674991848}, "datetime": {"datetime": "2021-07-20 21:19:31", "elapsed": 2729.080791, "delta": 9.317509}}
{"target": -56.16025303286693, "params": {"C": 44.13755072490133, "epsilon": 5.061544954138405, "gamma": 0.0755939647905884}, "datetime": {"datetime": "2021-07-20 21:19:41", "elapsed": 2738.477854, "delta": 9.397063}}
{"target": -73.60669671750854, "params": {"C": 45.12831138312018, "epsilon": 4.388244160124141, "gamma": 0.02643938340279528}, "datetime": {"datetime": "2021-07-20 21:19:50", "elapsed": 2747.759546, "delta": 9.281692}}
{"target": -54.43069224287432, "params": {"C": 27.020250742515625, "epsilon": 6.102097024797663, "gamma": 0.08027481610071845}, "datetime": {"datetime": "2021-07-20 21:20:00", "elapsed": 2757.492935, "delta": 9.733389}}
{"target": -11.318662096865467, "params": {"C": 12.898373133211582, "epsilon": 3.397480305322349, "gamma": 0.012755545606110575}, "datetime": {"datetime": "2021-07-20 21:20:01", "elapsed": 2758.968943, "delta": 1.476008}}
{"target": -73.27744197755534, "params": {"C": 40.369314870641986, "epsilon": 6.6328078062880635, "gamma": 0.03456455086045928}, "datetime": {"datetime": "2021-07-20 21:20:15", "elapsed": 2773.207112, "delta": 14.238169}}
{"target": -61.46263458197006, "params": {"C": 12.584324232476607, "epsilon": 3.0119712613669343, "gamma": 0.06353448802808108}, "datetime": {"datetime": "2021-07-20 21:20:25", "elapsed": 2782.617617, "delta": 9.410505}}
{"target": -58.06076539388364, "params": {"C": 44.49967687373752, "epsilon": 1.7867325145301869, "gamma": 0.06482101340230775}, "datetime": {"datetime": "2021-07-20 21:20:34", "elapsed": 2792.068464, "delta": 9.450847}}
{"target": -11.454986446452594, "params": {"C": 22.271372041034276, "epsilon": 2.0764545526020974, "gamma": 0.09426254856157867}, "datetime": {"datetime": "2021-07-20 21:20:35", "elapsed": 2793.345065, "delta": 1.276601}}
{"target": -66.8956783118814, "params": {"C": 20.50811393005543, "epsilon": 1.644578181005125, "gamma": 0.051213086246982384}, "datetime": {"datetime": "2021-07-20 21:20:45", "elapsed": 2803.183081, "delta": 9.838016}}
{"target": -65.6811210848412, "params": {"C": 39.54434755768049, "epsilon": 2.136304337762812, "gamma": 0.011830877945534363}, "datetime": {"datetime": "2021-07-20 21:20:54", "elapsed": 2812.180643, "delta": 8.997562}}
{"target": -75.77391576121431, "params": {"C": 24.183983127118957, "epsilon": 5.6024745344974916, "gamma": 0.02345698134734245}, "datetime": {"datetime": "2021-07-20 21:21:04", "elapsed": 2821.737859, "delta": 9.557216}}
{"target": -11.65708928639056, "params": {"C": 22.217959516216744, "epsilon": 0.7275153998441084, "gamma": 0.09903011681241274}, "datetime": {"datetime": "2021-07-20 21:21:05", "elapsed": 2823.056463, "delta": 1.318604}}
{"target": -11.524177358288428, "params": {"C": 18.378141192272118, "epsilon": 0.6257233893610088, "gamma": 0.09789391253038213}, "datetime": {"datetime": "2021-07-20 21:21:07", "elapsed": 2824.367635, "delta": 1.311172}}
{"target": -61.05471174951978, "params": {"C": 38.45688128963961, "epsilon": 4.6013768462681695, "gamma": 0.06089586598774015}, "datetime": {"datetime": "2021-07-20 21:21:17", "elapsed": 2834.8044, "delta": 10.436765}}
{"target": -10.813150181490627, "params": {"C": 15.343658096204335, "epsilon": 1.0902533648320434, "gamma": 0.03129287089033634}, "datetime": {"datetime": "2021-07-20 21:21:18", "elapsed": 2836.137009, "delta": 1.332609}}
{"target": -62.925798616515195, "params": {"C": 27.72600299003135, "epsilon": 4.576869561951561, "gamma": 0.05965680529650178}, "datetime": {"datetime": "2021-07-20 21:21:28", "elapsed": 2845.673439, "delta": 9.53643}}
{"target": -65.68452431568319, "params": {"C": 9.028385826864566, "epsilon": 1.780529255551235, "gamma": 0.05350940531741278}, "datetime": {"datetime": "2021-07-20 21:21:37", "elapsed": 2855.078787, "delta": 9.405348}}
{"target": -70.81932858346343, "params": {"C": 39.39615366161087, "epsilon": 2.5120837760661607, "gamma": 0.052357749599233463}, "datetime": {"datetime": "2021-07-20 21:21:47", "elapsed": 2864.744561, "delta": 9.665774}}
{"target": -55.70209305693269, "params": {"C": 11.99200285203015, "epsilon": 3.28401847797997, "gamma": 0.06951618465987976}, "datetime": {"datetime": "2021-07-20 21:21:57", "elapsed": 2874.755646, "delta": 10.011085}}
{"target": -68.58827533314015, "params": {"C": 49.455970330278156, "epsilon": 6.1916709264994365, "gamma": 0.04794524971897287}, "datetime": {"datetime": "2021-07-20 21:22:12", "elapsed": 2889.953596, "delta": 15.19795}}
{"target": -70.25195527093851, "params": {"C": 8.553521106688, "epsilon": 2.8312715399114183, "gamma": 0.03416526623417302}, "datetime": {"datetime": "2021-07-20 21:22:27", "elapsed": 2905.270888, "delta": 15.317292}}
{"target": -10.84953257552254, "params": {"C": 26.690151792462643, "epsilon": 0.44721143764013593, "gamma": 0.030247847838784155}, "datetime": {"datetime": "2021-07-20 21:22:29", "elapsed": 2906.597156, "delta": 1.326268}}
{"target": -11.497211855718053, "params": {"C": 34.625660841561654, "epsilon": 1.0428852932743726, "gamma": 0.08417739104455882}, "datetime": {"datetime": "2021-07-20 21:22:30", "elapsed": 2907.99085, "delta": 1.393694}}
{"target": -76.35763689282507, "params": {"C": 43.27730733433845, "epsilon": 2.658622724012168, "gamma": 0.018162736179845186}, "datetime": {"datetime": "2021-07-20 21:22:40", "elapsed": 2917.386109, "delta": 9.395259}}
{"target": -51.92818291508915, "params": {"C": 35.531998753668844, "epsilon": 3.665317752275738, "gamma": 0.08246737449044311}, "datetime": {"datetime": "2021-07-20 21:22:49", "elapsed": 2927.140502, "delta": 9.754393}}
{"target": -73.20234191485756, "params": {"C": 43.8375049232993, "epsilon": 4.179223149979796, "gamma": 0.028149232345687322}, "datetime": {"datetime": "2021-07-20 21:22:56", "elapsed": 2933.587548, "delta": 6.447046}}
{"target": -11.691859224659911, "params": {"C": 41.90208126649167, "epsilon": 0.31246134440938567, "gamma": 0.08420430590544144}, "datetime": {"datetime": "2021-07-20 21:22:57", "elapsed": 2934.995941, "delta": 1.408393}}
{"target": -57.17792972814804, "params": {"C": 18.624839831507884, "epsilon": 6.646973478415208, "gamma": 0.07874715324938406}, "datetime": {"datetime": "2021-07-20 21:23:07", "elapsed": 2944.885615, "delta": 9.889674}}
{"target": -66.5466030451817, "params": {"C": 44.36481669333064, "epsilon": 4.495829939933623, "gamma": 0.04918630474816429}, "datetime": {"datetime": "2021-07-20 21:23:17", "elapsed": 2954.65297, "delta": 9.767355}}
{"target": -74.07134684856715, "params": {"C": 36.09444326742808, "epsilon": 4.894447659280814, "gamma": 0.04845495420167326}, "datetime": {"datetime": "2021-07-20 21:23:32", "elapsed": 2969.579379, "delta": 14.926409}}
{"target": -11.352537976499681, "params": {"C": 8.544408901318686, "epsilon": 2.810550277146284, "gamma": 0.016176343743694636}, "datetime": {"datetime": "2021-07-20 21:23:33", "elapsed": 2971.081593, "delta": 1.502214}}
{"target": -10.542934826559168, "params": {"C": 26.65702094796723, "epsilon": 1.7819521883187435, "gamma": 0.01826798366501372}, "datetime": {"datetime": "2021-07-20 21:23:35", "elapsed": 2972.668799, "delta": 1.587206}}
{"target": -12.314828191797334, "params": {"C": 48.97718376665906, "epsilon": 2.735752758193043, "gamma": 0.09477025052305928}, "datetime": {"datetime": "2021-07-20 21:23:36", "elapsed": 2974.217798, "delta": 1.548999}}
{"target": -57.768750345886964, "params": {"C": 20.22604385733954, "epsilon": 5.401592752244637, "gamma": 0.06783811914965826}, "datetime": {"datetime": "2021-07-20 21:23:46", "elapsed": 2984.154906, "delta": 9.937108}}
{"target": -59.34255219741449, "params": {"C": 13.674974638547214, "epsilon": 5.0684316899927335, "gamma": 0.06976239342226685}, "datetime": {"datetime": "2021-07-20 21:23:56", "elapsed": 2993.828402, "delta": 9.673496}}
{"target": -74.38281569205066, "params": {"C": 22.703876336326683, "epsilon": 5.442689202635552, "gamma": 0.04226006824273855}, "datetime": {"datetime": "2021-07-20 21:24:11", "elapsed": 3008.413863, "delta": 14.585461}}
{"target": -70.79725046725729, "params": {"C": 17.03137933955955, "epsilon": 5.429610474317355, "gamma": 0.04184217382645503}, "datetime": {"datetime": "2021-07-20 21:24:25", "elapsed": 3023.314491, "delta": 14.900628}}
{"target": -79.57325559781454, "params": {"C": 18.973881510722585, "epsilon": 3.93164919407357, "gamma": 0.03264341242068765}, "datetime": {"datetime": "2021-07-20 21:24:35", "elapsed": 3033.207654, "delta": 9.893163}}
{"target": -10.621368684941057, "params": {"C": 14.49149409921064, "epsilon": 1.3193098865697332, "gamma": 0.02577077025954147}, "datetime": {"datetime": "2021-07-20 21:24:37", "elapsed": 3034.702883, "delta": 1.495229}}
{"target": -69.13275067596814, "params": {"C": 34.592079639777054, "epsilon": 2.8746946528126056, "gamma": 0.05153683086011892}, "datetime": {"datetime": "2021-07-20 21:24:47", "elapsed": 3044.397377, "delta": 9.694494}}
{"target": -52.27972388745364, "params": {"C": 25.038727198150916, "epsilon": 5.745048744684131, "gamma": 0.09720509119543229}, "datetime": {"datetime": "2021-07-20 21:24:56", "elapsed": 3054.189247, "delta": 9.79187}}
{"target": -11.443052961622255, "params": {"C": 18.922209285366073, "epsilon": 3.5556651515464415, "gamma": 0.09952441191240793}, "datetime": {"datetime": "2021-07-20 21:24:58", "elapsed": 3055.747941, "delta": 1.558694}}
{"target": -53.252319244517686, "params": {"C": 46.872149095061225, "epsilon": 6.51828885321528, "gamma": 0.09002205821519699}, "datetime": {"datetime": "2021-07-20 21:25:07", "elapsed": 3065.351356, "delta": 9.603415}}
{"target": -69.66385871022354, "params": {"C": 24.846809115667025, "epsilon": 5.804821849223469, "gamma": 0.044498073061808474}, "datetime": {"datetime": "2021-07-20 21:25:23", "elapsed": 3080.460634, "delta": 15.109278}}
{"target": -72.95130581714166, "params": {"C": 47.12302215389764, "epsilon": 5.649629969155577, "gamma": 0.046302749318243804}, "datetime": {"datetime": "2021-07-20 21:25:38", "elapsed": 3095.466095, "delta": 15.005461}}
