{"target": -17.906803276022277, "params": {"C": 7.9896174234313495, "epsilon": 7.725595773912495, "gamma": 0.5305668629365725}, "datetime": {"datetime": "2021-07-20 18:48:25", "elapsed": 599.126074, "delta": 2.862466}}
{"target": -13.759912652387483, "params": {"C": 12.045184197887483, "epsilon": 1.8223856963176168, "gamma": 0.24835824328131717}, "datetime": {"datetime": "2021-07-20 18:48:28", "elapsed": 601.539504, "delta": 2.41343}}
{"target": -18.672329557884908, "params": {"C": 8.054941422035503, "epsilon": 7.8916052369216425, "gamma": 0.6142401189861812}, "datetime": {"datetime": "2021-07-20 18:48:30", "elapsed": 603.908123, "delta": 2.368619}}
{"target": -18.65200505830912, "params": {"C": 8.102015437506429, "epsilon": 7.448736214462371, "gamma": 0.6094240344528499}, "datetime": {"datetime": "2021-07-20 18:48:32", "elapsed": 606.334835, "delta": 2.426712}}
{"target": -33.54861656889636, "params": {"C": 0.5546462475377089, "epsilon": 4.409064060983781, "gamma": 5.82006845231198}, "datetime": {"datetime": "2021-07-20 18:48:34", "elapsed": 607.839496, "delta": 1.504661}}
{"target": -23.5279729533692, "params": {"C": 6.128000576228949, "epsilon": 4.980617579130611, "gamma": 1.2669713937470295}, "datetime": {"datetime": "2021-07-20 18:48:35", "elapsed": 609.350696, "delta": 1.5112}}
{"target": -16.534829832535102, "params": {"C": 12.64747446077833, "epsilon": 6.8863339905965155, "gamma": 0.44717544939066595}, "datetime": {"datetime": "2021-07-20 18:48:38", "elapsed": 611.565321, "delta": 2.214625}}
{"target": -34.08011578912249, "params": {"C": 12.270408495477758, "epsilon": 0.1367099012758186, "gamma": 9.863039256708813}, "datetime": {"datetime": "2021-07-20 18:48:39", "elapsed": 613.15054, "delta": 1.585219}}
{"target": -18.291066462280863, "params": {"C": 12.516489921030193, "epsilon": 7.20604168948716, "gamma": 0.00015717597119070884}, "datetime": {"datetime": "2021-07-20 19:21:19", "elapsed": 0.0, "delta": 0.0}}
{"target": -65.35342837948036, "params": {"C": 9.076953853228874, "epsilon": 1.4760913492629593, "gamma": 0.04626006352492203}, "datetime": {"datetime": "2021-07-20 19:21:31", "elapsed": 12.585526, "delta": 12.585526}}
{"target": -13.445433807393634, "params": {"C": 5.59594373921635, "epsilon": 3.462151663160047, "gamma": 0.1984440603679119}, "datetime": {"datetime": "2021-07-20 19:21:32", "elapsed": 13.0903, "delta": 0.504774}}
{"target": -15.47914737152462, "params": {"C": 16.169113852760674, "epsilon": 4.197753198888915, "gamma": 0.3426412282483401}, "datetime": {"datetime": "2021-07-20 19:21:32", "elapsed": 13.558533, "delta": 0.468233}}
{"target": -76.63986439283639, "params": {"C": 6.141522969448207, "epsilon": 8.782393189545544, "gamma": 0.01379105783964329}, "datetime": {"datetime": "2021-07-20 19:21:50", "elapsed": 31.261058, "delta": 17.702525}}
{"target": -14.599643124730544, "params": {"C": 20.117320630250283, "epsilon": 4.178874975647599, "gamma": 0.2793890452400313}, "datetime": {"datetime": "2021-07-20 19:21:50", "elapsed": 31.769058, "delta": 0.508}}
{"target": -16.6954436643545, "params": {"C": 4.22020428847106, "epsilon": 1.9890338759579391, "gamma": 0.4003922098809008}, "datetime": {"datetime": "2021-07-20 19:21:51", "elapsed": 32.285385, "delta": 0.516327}}
{"target": -15.819539050797044, "params": {"C": 29.04816465582473, "epsilon": 3.141107539810836, "gamma": 0.3461920755730901}, "datetime": {"datetime": "2021-07-20 19:21:51", "elapsed": 32.899649, "delta": 0.614264}}
{"target": -71.8653343244702, "params": {"C": 26.29291067735819, "epsilon": 8.947120568403435, "gamma": 0.04261360126375198}, "datetime": {"datetime": "2021-07-20 19:22:10", "elapsed": 51.209478, "delta": 18.309829}}
{"target": -20.083401067193062, "params": {"C": 1.181252949154142, "epsilon": 1.7066058914500433, "gamma": 0.4390834374643636}, "datetime": {"datetime": "2021-07-20 19:22:10", "elapsed": 51.678278, "delta": 0.4688}}
{"target": -14.44643891570896, "params": {"C": 5.1287045310048684, "epsilon": 3.1598854923716977, "gamma": 0.25049833169500246}, "datetime": {"datetime": "2021-07-20 19:22:11", "elapsed": 52.596944, "delta": 0.918666}}
{"target": -15.759009102755087, "params": {"C": 5.514931873822962, "epsilon": 3.412835078118893, "gamma": 0.35492917773108335}, "datetime": {"datetime": "2021-07-20 19:22:12", "elapsed": 53.864082, "delta": 1.267138}}
{"target": -70.84427042301172, "params": {"C": 5.319572677401669, "epsilon": 3.2543528420210603, "gamma": 0.0533662092225025}, "datetime": {"datetime": "2021-07-20 19:22:26", "elapsed": 67.684843, "delta": 13.820761}}
{"target": -17.508265675177494, "params": {"C": 6.833170891460036, "epsilon": 1.5643440739082923, "gamma": 0.4736569951934759}, "datetime": {"datetime": "2021-07-20 19:22:27", "elapsed": 68.21063, "delta": 0.525787}}
{"target": -51.28202290180831, "params": {"C": 21.790418995917793, "epsilon": 7.288834018368413, "gamma": 0.09742454698797938}, "datetime": {"datetime": "2021-07-20 19:22:38", "elapsed": 79.795733, "delta": 11.585103}}
{"target": -13.612673225005526, "params": {"C": 14.112698253375477, "epsilon": 4.2406921865376805, "gamma": 0.2360091438864359}, "datetime": {"datetime": "2021-07-20 19:22:39", "elapsed": 80.355245, "delta": 0.559512}}
{"target": -14.132094808356674, "params": {"C": 28.663812810480447, "epsilon": 6.644073444262056, "gamma": 0.23541324790059825}, "datetime": {"datetime": "2021-07-20 19:22:39", "elapsed": 80.936997, "delta": 0.581752}}
{"target": -16.93727991696629, "params": {"C": 14.667094359016849, "epsilon": 8.413374950585418, "gamma": 0.48953631233845213}, "datetime": {"datetime": "2021-07-20 19:22:40", "elapsed": 81.464401, "delta": 0.527404}}
{"target": -16.526641655437484, "params": {"C": 9.680958055511235, "epsilon": 7.63771913328533, "gamma": 0.4284951366218496}, "datetime": {"datetime": "2021-07-20 19:22:41", "elapsed": 82.019245, "delta": 0.554844}}
{"target": -16.782975092685607, "params": {"C": 25.649871727730268, "epsilon": 7.196327031050554, "gamma": 0.455994264712609}, "datetime": {"datetime": "2021-07-20 19:22:41", "elapsed": 82.621562, "delta": 0.602317}}
{"target": -13.177767637286083, "params": {"C": 20.316574672767082, "epsilon": 5.483631316610355, "gamma": 0.1916662626526385}, "datetime": {"datetime": "2021-07-20 19:22:42", "elapsed": 83.290684, "delta": 0.669122}}
{"target": -13.264600033235299, "params": {"C": 4.2312754690825285, "epsilon": 1.4024017734137937, "gamma": 0.158484472694422}, "datetime": {"datetime": "2021-07-20 19:22:42", "elapsed": 83.892764, "delta": 0.60208}}
{"target": -77.06984457411191, "params": {"C": 8.227274025847294, "epsilon": 7.645840554218786, "gamma": 0.033528585775591487}, "datetime": {"datetime": "2021-07-20 19:23:02", "elapsed": 103.741504, "delta": 19.84874}}
{"target": -17.065290603179015, "params": {"C": 14.659046186917076, "epsilon": 8.412529348813054, "gamma": 0.5}, "datetime": {"datetime": "2021-07-20 19:23:03", "elapsed": 104.365821, "delta": 0.624317}}
{"target": -43.60683917457073, "params": {"C": 20.368769590721783, "epsilon": 5.520161831417566, "gamma": 0.14783337162861124}, "datetime": {"datetime": "2021-07-20 19:23:16", "elapsed": 117.223794, "delta": 12.857973}}
{"target": -15.391853328773223, "params": {"C": 18.412603574929328, "epsilon": 5.5783450374551835, "gamma": 0.3268380994588597}, "datetime": {"datetime": "2021-07-20 19:23:16", "elapsed": 117.835792, "delta": 0.611998}}
{"target": -16.249707187767, "params": {"C": 29.09103471085487, "epsilon": 3.1281258469246254, "gamma": 0.39302889545650105}, "datetime": {"datetime": "2021-07-20 19:23:17", "elapsed": 118.462931, "delta": 0.627139}}
{"target": -17.01716028545142, "params": {"C": 14.665139234402092, "epsilon": 8.409006318746961, "gamma": 0.49546051731131724}, "datetime": {"datetime": "2021-07-20 19:23:18", "elapsed": 119.137222, "delta": 0.674291}}
{"target": -14.777532424746498, "params": {"C": 18.440703913502634, "epsilon": 5.576002525886588, "gamma": 0.2944388419509994}, "datetime": {"datetime": "2021-07-20 19:23:18", "elapsed": 119.810364, "delta": 0.673142}}
{"target": -17.017367553395033, "params": {"C": 14.666740474944687, "epsilon": 8.424213973270307, "gamma": 0.49551523593492997}, "datetime": {"datetime": "2021-07-20 19:23:19", "elapsed": 120.480343, "delta": 0.669979}}
{"target": -15.29361481658976, "params": {"C": 5.157180220734449, "epsilon": 3.175886234187984, "gamma": 0.3097863099186123}, "datetime": {"datetime": "2021-07-20 19:23:20", "elapsed": 121.156611, "delta": 0.676268}}
{"target": -15.675132247817135, "params": {"C": 6.908955036910867, "epsilon": 0.6572203071649878, "gamma": 0.3519524391442025}, "datetime": {"datetime": "2021-07-20 19:23:20", "elapsed": 121.793932, "delta": 0.637321}}
{"target": -13.302802604722972, "params": {"C": 4.207528595260786, "epsilon": 1.3652708713510628, "gamma": 0.1605210502130276}, "datetime": {"datetime": "2021-07-20 19:23:21", "elapsed": 122.476296, "delta": 0.682364}}
{"target": -13.418527627789448, "params": {"C": 20.32419917944592, "epsilon": 5.487769648256989, "gamma": 0.20860480004424511}, "datetime": {"datetime": "2021-07-20 19:23:22", "elapsed": 123.149372, "delta": 0.673076}}
{"target": -12.846096776499655, "params": {"C": 25.177727256218322, "epsilon": 4.1909196822648545, "gamma": 0.1481150997452532}, "datetime": {"datetime": "2021-07-20 19:23:22", "elapsed": 123.857897, "delta": 0.708525}}
{"target": -14.895274020879459, "params": {"C": 5.094047190207975, "epsilon": 3.140888500491113, "gamma": 0.27961590803982717}, "datetime": {"datetime": "2021-07-20 19:23:23", "elapsed": 124.632339, "delta": 0.774442}}
{"target": -16.858550292310483, "params": {"C": 29.07295498037716, "epsilon": 3.1434807644006946, "gamma": 0.44855460012064724}, "datetime": {"datetime": "2021-07-20 19:23:24", "elapsed": 125.383422, "delta": 0.751083}}
{"target": -12.842455869355307, "params": {"C": 4.2301089384847135, "epsilon": 1.2992616700889819, "gamma": 0.12813644689924925}, "datetime": {"datetime": "2021-07-20 19:23:25", "elapsed": 126.206854, "delta": 0.823432}}
{"target": -15.57478836068052, "params": {"C": 29.101205240232545, "epsilon": 3.131904542401464, "gamma": 0.3171916964191126}, "datetime": {"datetime": "2021-07-20 19:23:26", "elapsed": 127.134039, "delta": 0.927185}}
{"target": -15.422997704765978, "params": {"C": 29.069227576733475, "epsilon": 3.1782379478983587, "gamma": 0.29905778419135903}, "datetime": {"datetime": "2021-07-20 19:23:26", "elapsed": 127.884863, "delta": 0.750824}}
{"target": -13.35352975009641, "params": {"C": 20.348442985724084, "epsilon": 5.484827672661928, "gamma": 0.2042267093365765}, "datetime": {"datetime": "2021-07-20 19:23:27", "elapsed": 128.571753, "delta": 0.68689}}
{"target": -14.141314335835748, "params": {"C": 3.10500602764494, "epsilon": 0.5809171903722196, "gamma": 0.18488607449769479}, "datetime": {"datetime": "2021-07-20 19:23:28", "elapsed": 129.185396, "delta": 0.613643}}
{"target": -75.690829273317, "params": {"C": 13.113099053635676, "epsilon": 1.942790325040343, "gamma": 0.03797538099947894}, "datetime": {"datetime": "2021-07-20 19:23:46", "elapsed": 147.377929, "delta": 18.192533}}
{"target": -12.93498443853203, "params": {"C": 25.19437732940143, "epsilon": 4.1513834284411, "gamma": 0.1581649759080249}, "datetime": {"datetime": "2021-07-20 19:23:47", "elapsed": 148.072867, "delta": 0.694938}}
{"target": -13.440981175886254, "params": {"C": 14.104324598783847, "epsilon": 4.241214629256969, "gamma": 0.2250903286247701}, "datetime": {"datetime": "2021-07-20 19:23:47", "elapsed": 148.803527, "delta": 0.73066}}
{"target": -11.761593664542062, "params": {"C": 4.232708566492188, "epsilon": 1.3094462621079832, "gamma": 0.07799073555513356}, "datetime": {"datetime": "2021-07-20 19:23:48", "elapsed": 149.439891, "delta": 0.636364}}
{"target": -14.915596212976045, "params": {"C": 5.086049219252786, "epsilon": 3.096070667748111, "gamma": 0.2807251070971385}, "datetime": {"datetime": "2021-07-20 19:23:49", "elapsed": 150.096671, "delta": 0.65678}}
{"target": -14.034342863706485, "params": {"C": 4.277158394915273, "epsilon": 1.3617038290522594, "gamma": 0.20898642472069426}, "datetime": {"datetime": "2021-07-20 19:23:49", "elapsed": 150.659976, "delta": 0.563305}}
{"target": -14.313577939502476, "params": {"C": 3.0658802104422715, "epsilon": 0.6181393513567838, "gamma": 0.19482958049462798}, "datetime": {"datetime": "2021-07-20 19:23:50", "elapsed": 151.264571, "delta": 0.604595}}
{"target": -62.925463712977745, "params": {"C": 7.64926305074059, "epsilon": 8.456446135664303, "gamma": 0.06541534026374801}, "datetime": {"datetime": "2021-07-20 19:24:00", "elapsed": 161.632582, "delta": 10.368011}}
{"target": -16.649131192783848, "params": {"C": 22.643538089713765, "epsilon": 2.371401527071588, "gamma": 0.43760773383992135}, "datetime": {"datetime": "2021-07-20 19:24:01", "elapsed": 162.206634, "delta": 0.574052}}
{"target": -12.964653315069787, "params": {"C": 20.317532883252465, "epsilon": 5.428014345633712, "gamma": 0.1738285053821682}, "datetime": {"datetime": "2021-07-20 19:24:01", "elapsed": 162.908138, "delta": 0.701504}}
{"target": -16.633147375352472, "params": {"C": 24.32798291568734, "epsilon": 7.474988198213383, "gamma": 0.44477554577341943}, "datetime": {"datetime": "2021-07-20 19:24:02", "elapsed": 163.519174, "delta": 0.611036}}
{"target": -15.584894722602385, "params": {"C": 16.10979921025804, "epsilon": 4.1804961661717135, "gamma": 0.3494315853530258}, "datetime": {"datetime": "2021-07-20 19:24:03", "elapsed": 164.15764, "delta": 0.638466}}
{"target": -15.457566043610294, "params": {"C": 5.541118073981469, "epsilon": 3.4010635532739544, "gamma": 0.3322897686112222}, "datetime": {"datetime": "2021-07-20 19:24:03", "elapsed": 164.762822, "delta": 0.605182}}
{"target": -13.301181586184994, "params": {"C": 20.33028966731993, "epsilon": 5.456538640888847, "gamma": 0.20070516638676775}, "datetime": {"datetime": "2021-07-20 19:24:04", "elapsed": 165.511024, "delta": 0.748202}}
{"target": -12.88816966282714, "params": {"C": 25.18591259705229, "epsilon": 4.171483244437881, "gamma": 0.15305572174687512}, "datetime": {"datetime": "2021-07-20 19:24:05", "elapsed": 166.207234, "delta": 0.69621}}
{"target": -16.47370181291048, "params": {"C": 29.10238780484821, "epsilon": 3.1002277758585457, "gamma": 0.4130415196296128}, "datetime": {"datetime": "2021-07-20 19:24:05", "elapsed": 166.888382, "delta": 0.681148}}
{"target": -14.224939456741986, "params": {"C": 3.08606275451949, "epsilon": 0.5989387749449632, "gamma": 0.18970034480556666}, "datetime": {"datetime": "2021-07-20 19:24:06", "elapsed": 167.539772, "delta": 0.65139}}
{"target": -15.448425603812968, "params": {"C": 5.110842791023767, "epsilon": 3.1995079944373117, "gamma": 0.32242823924515174}, "datetime": {"datetime": "2021-07-20 19:24:07", "elapsed": 168.210043, "delta": 0.670271}}
{"target": -16.748010320448824, "params": {"C": 9.670899296028697, "epsilon": 7.633895190561643, "gamma": 0.4429943975712377}, "datetime": {"datetime": "2021-07-20 19:24:07", "elapsed": 168.955292, "delta": 0.745249}}
{"target": -19.688520304288794, "params": {"C": 1.2756954444252742, "epsilon": 6.5798278914802975, "gamma": 0.4955859053241139}, "datetime": {"datetime": "2021-07-20 19:24:08", "elapsed": 169.698524, "delta": 0.743232}}
{"target": -60.059469344217256, "params": {"C": 4.255454760920199, "epsilon": 1.3918997021827118, "gamma": 0.056971993995000914}, "datetime": {"datetime": "2021-07-20 19:24:19", "elapsed": 180.354158, "delta": 10.655634}}
{"target": -17.521478473848543, "params": {"C": 3.2680998110277857, "epsilon": 8.15597240364103, "gamma": 0.4873173338800133}, "datetime": {"datetime": "2021-07-20 19:24:20", "elapsed": 181.110816, "delta": 0.756658}}
{"target": -13.680297606096484, "params": {"C": 26.15369258482079, "epsilon": 1.794165767810376, "gamma": 0.20945122232744687}, "datetime": {"datetime": "2021-07-20 19:24:20", "elapsed": 181.665818, "delta": 0.555002}}
{"target": -17.07545955855672, "params": {"C": 2.1666455132768645, "epsilon": 1.569511368740544, "gamma": 0.3387736626670307}, "datetime": {"datetime": "2021-07-20 19:24:21", "elapsed": 182.210816, "delta": 0.544998}}
{"target": -15.662347625693004, "params": {"C": 29.13514630654338, "epsilon": 3.0601656385512572, "gamma": 0.32715098224687694}, "datetime": {"datetime": "2021-07-20 19:24:21", "elapsed": 182.887995, "delta": 0.677179}}
{"target": -13.14887371215145, "params": {"C": 25.219718439806964, "epsilon": 4.243908843034532, "gamma": 0.17691167324759877}, "datetime": {"datetime": "2021-07-20 19:24:22", "elapsed": 183.564984, "delta": 0.676989}}
{"target": -13.110413105649208, "params": {"C": 5.591144793322878, "epsilon": 3.4580683977620588, "gamma": 0.17935293242568243}, "datetime": {"datetime": "2021-07-20 19:24:23", "elapsed": 184.305983, "delta": 0.740999}}
{"target": -14.944441313424486, "params": {"C": 7.726480319508746, "epsilon": 7.417656784137111, "gamma": 0.3305446517785071}, "datetime": {"datetime": "2021-07-20 19:24:23", "elapsed": 184.952346, "delta": 0.646363}}
{"target": -17.116319592039186, "params": {"C": 25.633294733828148, "epsilon": 7.214405558326717, "gamma": 0.4836319167527911}, "datetime": {"datetime": "2021-07-20 19:24:24", "elapsed": 185.507343, "delta": 0.554997}}
{"target": -59.95330923221284, "params": {"C": 2.59658172023815, "epsilon": 5.476586781004073, "gamma": 0.07260124678263709}, "datetime": {"datetime": "2021-07-20 19:24:33", "elapsed": 194.475478, "delta": 8.968135}}
{"target": -14.93814868536587, "params": {"C": 5.126520259943457, "epsilon": 3.1649525611815457, "gamma": 0.2834083043392936}, "datetime": {"datetime": "2021-07-20 19:24:34", "elapsed": 195.083686, "delta": 0.608208}}
{"target": -13.749322982795462, "params": {"C": 3.1129769132381653, "epsilon": 0.5820187236464578, "gamma": 0.15769757671412638}, "datetime": {"datetime": "2021-07-20 19:24:34", "elapsed": 195.665683, "delta": 0.581997}}
{"target": -13.697548126487419, "params": {"C": 26.107339770045638, "epsilon": 1.7534202459001276, "gamma": 0.21076428656778817}, "datetime": {"datetime": "2021-07-20 19:24:35", "elapsed": 196.327298, "delta": 0.661615}}
{"target": -14.974760388778288, "params": {"C": 20.12136982779799, "epsilon": 4.198567026182008, "gamma": 0.29618485001564976}, "datetime": {"datetime": "2021-07-20 19:24:35", "elapsed": 196.967603, "delta": 0.640305}}
{"target": -12.864939572936754, "params": {"C": 25.206904799291532, "epsilon": 4.132769615327761, "gamma": 0.15004283209439337}, "datetime": {"datetime": "2021-07-20 19:24:36", "elapsed": 197.6036, "delta": 0.635997}}
{"target": -15.362967628373344, "params": {"C": 29.036537020767547, "epsilon": 3.126571936843967, "gamma": 0.2915755964393627}, "datetime": {"datetime": "2021-07-20 19:24:37", "elapsed": 198.194601, "delta": 0.591001}}
{"target": -12.930164655302317, "params": {"C": 25.196827871826702, "epsilon": 4.1991172472072416, "gamma": 0.15756120376192168}, "datetime": {"datetime": "2021-07-20 19:24:37", "elapsed": 198.880782, "delta": 0.686181}}
{"target": -17.03753807867915, "params": {"C": 25.64160633064481, "epsilon": 7.1956597441534464, "gamma": 0.4773399341047101}, "datetime": {"datetime": "2021-07-20 19:24:38", "elapsed": 199.494781, "delta": 0.613999}}
{"target": -37.89382134730513, "params": {"C": 13.755552110108106, "epsilon": 9.693123067206102, "gamma": 0.2845651284182347}, "datetime": {"datetime": "2021-07-20 19:24:47", "elapsed": 208.566091, "delta": 9.07131}}
{"target": -13.59036180191151, "params": {"C": 14.100541136645154, "epsilon": 4.239701422221801, "gamma": 0.234704432314887}, "datetime": {"datetime": "2021-07-20 19:24:48", "elapsed": 209.186375, "delta": 0.620284}}
{"target": -46.71326186517974, "params": {"C": 4.042683782941824, "epsilon": 9.386989549771288, "gamma": 0.004834668973535418}, "datetime": {"datetime": "2021-07-20 19:25:01", "elapsed": 222.875253, "delta": 13.688878}}
{"target": -13.27890608683028, "params": {"C": 20.344073379414308, "epsilon": 5.404006299202067, "gamma": 0.19905521969302803}, "datetime": {"datetime": "2021-07-20 19:25:02", "elapsed": 223.578655, "delta": 0.703402}}
{"target": -14.724721634338417, "params": {"C": 5.3114448398209815, "epsilon": 2.1000415286538594, "gamma": 0.26534715382926516}, "datetime": {"datetime": "2021-07-20 19:25:03", "elapsed": 224.169656, "delta": 0.591001}}
{"target": -15.007097951866545, "params": {"C": 24.764134821303028, "epsilon": 1.2077199411176502, "gamma": 0.2791985972828976}, "datetime": {"datetime": "2021-07-20 19:25:03", "elapsed": 224.744653, "delta": 0.574997}}
{"target": -14.740857186059348, "params": {"C": 7.759730224158591, "epsilon": 7.402969570026922, "gamma": 0.3144392101077491}, "datetime": {"datetime": "2021-07-20 19:25:04", "elapsed": 225.333921, "delta": 0.589268}}
{"target": -16.700126434985975, "params": {"C": 15.346526210010166, "epsilon": 7.1104563136286405, "gamma": 0.4665257427881396}, "datetime": {"datetime": "2021-07-20 19:25:04", "elapsed": 225.885529, "delta": 0.551608}}
{"target": -14.241950171451489, "params": {"C": 4.322130414989683, "epsilon": 1.4138324662344406, "gamma": 0.22291852428893696}, "datetime": {"datetime": "2021-07-20 19:25:05", "elapsed": 226.51953, "delta": 0.634001}}
{"target": -39.85172884223514, "params": {"C": 24.934551143082103, "epsilon": 8.404897292802675, "gamma": 0.2687907348834005}, "datetime": {"datetime": "2021-07-20 19:25:14", "elapsed": 235.237073, "delta": 8.717543}}
{"target": -13.946146718025082, "params": {"C": 4.295605191960719, "epsilon": 1.3810414130855706, "gamma": 0.2046733188017686}, "datetime": {"datetime": "2021-07-20 19:25:14", "elapsed": 235.827963, "delta": 0.59089}}
{"target": -16.279235148075475, "params": {"C": 23.780735242013346, "epsilon": 1.417622238861181, "gamma": 0.3961515742096213}, "datetime": {"datetime": "2021-07-20 19:25:15", "elapsed": 236.393965, "delta": 0.566002}}
