{"target": -10.728684236016917, "params": {"C": 20.676089189611968, "epsilon": 1.6332171747054605, "gamma": 0.026059381708127757}, "datetime": {"datetime": "2021-07-20 22:10:53", "elapsed": 1255.805894, "delta": 2.220226}}
{"target": -11.034057419918557, "params": {"C": 29.805109068659817, "epsilon": 1.527329432750892, "gamma": 0.014019788689802245}, "datetime": {"datetime": "2021-07-20 22:10:55", "elapsed": 1257.426702, "delta": 1.620808}}
{"target": -72.4267741537114, "params": {"C": 20.908949161505184, "epsilon": 2.4713030516398886, "gamma": 0.027705524348500474}, "datetime": {"datetime": "2021-07-20 22:11:03", "elapsed": 1265.650358, "delta": 8.223656}}
{"target": -11.014529013113536, "params": {"C": 29.770184075868585, "epsilon": 1.5513330893035668, "gamma": 0.014177912138477305}, "datetime": {"datetime": "2021-07-20 22:11:04", "elapsed": 1267.284025, "delta": 1.633667}}
{"target": -10.841994779248228, "params": {"C": 24.704072715413908, "epsilon": 1.3881177983488557, "gamma": 0.028354574053531756}, "datetime": {"datetime": "2021-07-20 22:11:07", "elapsed": 1269.463524, "delta": 2.179499}}
{"target": -10.825598088084282, "params": {"C": 24.631732954901594, "epsilon": 0.5750218354712358, "gamma": 0.03167884168795813}, "datetime": {"datetime": "2021-07-20 22:11:09", "elapsed": 1271.53186, "delta": 2.068336}}
{"target": -11.23421953798639, "params": {"C": 24.16533626557432, "epsilon": 2.2188573673945604, "gamma": 0.012848377699496347}, "datetime": {"datetime": "2021-07-20 22:11:11", "elapsed": 1273.409318, "delta": 1.877458}}
{"target": -73.10179933101382, "params": {"C": 29.066112719226254, "epsilon": 2.5471584738904784, "gamma": 0.039700885969437376}, "datetime": {"datetime": "2021-07-20 22:11:24", "elapsed": 1286.684774, "delta": 13.275456}}
{"target": -10.846238837698419, "params": {"C": 25.671501394979515, "epsilon": 1.0492626919775045, "gamma": 0.028638850047178897}, "datetime": {"datetime": "2021-07-20 22:11:26", "elapsed": 1288.66398, "delta": 1.979206}}
{"target": -10.802998144365505, "params": {"C": 21.173552267297932, "epsilon": 0.6866647017526684, "gamma": 0.03675099672579493}, "datetime": {"datetime": "2021-07-20 22:11:27", "elapsed": 1290.290254, "delta": 1.626274}}
{"target": -11.278144437922117, "params": {"C": 23.889778003086548, "epsilon": 1.5385950377528055, "gamma": 0.01199596220838993}, "datetime": {"datetime": "2021-07-20 22:11:29", "elapsed": 1292.224062, "delta": 1.933808}}
{"target": -10.908179348732583, "params": {"C": 22.044033997858378, "epsilon": 2.6590115568693, "gamma": 0.01651208820169918}, "datetime": {"datetime": "2021-07-20 22:11:31", "elapsed": 1294.194506, "delta": 1.970444}}
{"target": -73.31695119538793, "params": {"C": 28.921318536378557, "epsilon": 1.9654288049192936, "gamma": 0.04031503656530515}, "datetime": {"datetime": "2021-07-20 22:11:45", "elapsed": 1307.748603, "delta": 13.554097}}
{"target": -10.793264207451998, "params": {"C": 22.684204933422983, "epsilon": 2.0590561765822226, "gamma": 0.03127856033613053}, "datetime": {"datetime": "2021-07-20 22:11:47", "elapsed": 1309.724375, "delta": 1.975772}}
{"target": -10.679849219935585, "params": {"C": 20.839480264630875, "epsilon": 0.7704655742925985, "gamma": 0.023945885563818815}, "datetime": {"datetime": "2021-07-20 22:11:49", "elapsed": 1311.929519, "delta": 2.205144}}
{"target": -10.834307418464363, "params": {"C": 22.16599090576471, "epsilon": 0.9821008180314024, "gamma": 0.027173272489725973}, "datetime": {"datetime": "2021-07-20 22:11:51", "elapsed": 1314.021306, "delta": 2.091787}}
{"target": -10.812313177991403, "params": {"C": 26.69669907603032, "epsilon": 2.079019101520699, "gamma": 0.02656569674342154}, "datetime": {"datetime": "2021-07-20 22:11:53", "elapsed": 1316.036488, "delta": 2.015182}}
{"target": -10.849223225622211, "params": {"C": 21.630723738921525, "epsilon": 0.4747836889209543, "gamma": 0.03270292782837156}, "datetime": {"datetime": "2021-07-20 22:11:55", "elapsed": 1318.035911, "delta": 1.999423}}
{"target": -11.08607635497304, "params": {"C": 22.020336815047447, "epsilon": 1.8592938707943234, "gamma": 0.015093321015808039}, "datetime": {"datetime": "2021-07-20 22:11:57", "elapsed": 1319.713359, "delta": 1.677448}}
{"target": -10.806704977874748, "params": {"C": 21.170299641577074, "epsilon": 0.6884287654171881, "gamma": 0.03567448448890832}, "datetime": {"datetime": "2021-07-20 22:11:59", "elapsed": 1321.652144, "delta": 1.938785}}
{"target": -11.07412256126843, "params": {"C": 29.04178287893039, "epsilon": 0.3503651492256684, "gamma": 0.014298121828083645}, "datetime": {"datetime": "2021-07-20 22:12:01", "elapsed": 1323.738461, "delta": 2.086317}}
{"target": -10.601232239385904, "params": {"C": 21.03728186097342, "epsilon": 0.3552438823319226, "gamma": 0.021620789625910006}, "datetime": {"datetime": "2021-07-20 22:12:03", "elapsed": 1326.068991, "delta": 2.33053}}
{"target": -11.238336443095308, "params": {"C": 27.25886319239753, "epsilon": 2.2376035323739107, "gamma": 0.012381251658247619}, "datetime": {"datetime": "2021-07-20 22:12:05", "elapsed": 1328.07082, "delta": 2.001829}}
{"target": -74.10416615767134, "params": {"C": 29.74208785714071, "epsilon": 2.177130986720124, "gamma": 0.024964979572601305}, "datetime": {"datetime": "2021-07-20 22:12:18", "elapsed": 1340.35305, "delta": 12.28223}}
{"target": -10.618223580636561, "params": {"C": 23.85177896744682, "epsilon": 1.0638700472216012, "gamma": 0.018701471670386556}, "datetime": {"datetime": "2021-07-20 22:12:20", "elapsed": 1342.616545, "delta": 2.263495}}
{"target": -10.762878636317263, "params": {"C": 23.026832122546445, "epsilon": 0.6106442601063762, "gamma": 0.018091232473579185}, "datetime": {"datetime": "2021-07-20 22:12:22", "elapsed": 1344.955781, "delta": 2.339236}}
{"target": -71.31722148612411, "params": {"C": 25.692704518391814, "epsilon": 1.4803355051638478, "gamma": 0.038440509104066434}, "datetime": {"datetime": "2021-07-20 22:12:35", "elapsed": 1357.872841, "delta": 12.91706}}
{"target": -10.619386747253783, "params": {"C": 29.536923943619662, "epsilon": 1.1564564341085222, "gamma": 0.019020056488927517}, "datetime": {"datetime": "2021-07-20 22:12:37", "elapsed": 1360.109447, "delta": 2.236606}}
{"target": -10.843715569687143, "params": {"C": 22.740275999618664, "epsilon": 2.3359398537593896, "gamma": 0.016881533707890063}, "datetime": {"datetime": "2021-07-20 22:12:39", "elapsed": 1362.065038, "delta": 1.955591}}
{"target": -10.757987219847399, "params": {"C": 22.753734818762887, "epsilon": 2.32396525740964, "gamma": 0.02632729333829005}, "datetime": {"datetime": "2021-07-20 22:12:42", "elapsed": 1364.74326, "delta": 2.678222}}
{"target": -11.182117173171372, "params": {"C": 29.75518595722145, "epsilon": 0.9780726286457035, "gamma": 0.012893360038042872}, "datetime": {"datetime": "2021-07-20 22:12:44", "elapsed": 1366.602547, "delta": 1.859287}}
{"target": -71.59070559051536, "params": {"C": 22.301359044206283, "epsilon": 0.38188409717583094, "gamma": 0.0430005596167463}, "datetime": {"datetime": "2021-07-20 22:12:58", "elapsed": 1380.469063, "delta": 13.866516}}
{"target": -10.517440981429466, "params": {"C": 27.663142347753144, "epsilon": 2.3129479910622006, "gamma": 0.01811551303141084}, "datetime": {"datetime": "2021-07-20 22:13:00", "elapsed": 1382.591916, "delta": 2.122853}}
{"target": -64.85698748818722, "params": {"C": 24.133538789083214, "epsilon": 1.0939294717568608, "gamma": 0.04870549763531878}, "datetime": {"datetime": "2021-07-20 22:13:13", "elapsed": 1395.408499, "delta": 12.816583}}
{"target": -11.05374708057017, "params": {"C": 28.971540496597306, "epsilon": 2.5108796441124133, "gamma": 0.013508317382048274}, "datetime": {"datetime": "2021-07-20 22:13:15", "elapsed": 1397.50904, "delta": 2.100541}}
{"target": -10.812605682442259, "params": {"C": 28.254528738510306, "epsilon": 0.5274039448464645, "gamma": 0.031089471674369734}, "datetime": {"datetime": "2021-07-20 22:13:17", "elapsed": 1399.712712, "delta": 2.203672}}
{"target": -11.342932508494167, "params": {"C": 25.318560677563834, "epsilon": 0.5704402267062619, "gamma": 0.01197659939627881}, "datetime": {"datetime": "2021-07-20 22:13:19", "elapsed": 1401.484293, "delta": 1.771581}}
{"target": -10.835593682934864, "params": {"C": 20.4126012678188, "epsilon": 1.6938159272862112, "gamma": 0.030005619972168357}, "datetime": {"datetime": "2021-07-20 22:13:21", "elapsed": 1403.687728, "delta": 2.203435}}
{"target": -10.786264652983633, "params": {"C": 26.71215499655972, "epsilon": 1.3770365579536552, "gamma": 0.03455444499640075}, "datetime": {"datetime": "2021-07-20 22:13:23", "elapsed": 1406.20632, "delta": 2.518592}}
{"target": -10.601846999273471, "params": {"C": 28.346356210748947, "epsilon": 0.5405137776691539, "gamma": 0.01785934795556794}, "datetime": {"datetime": "2021-07-20 22:13:26", "elapsed": 1408.601759, "delta": 2.395439}}
{"target": -11.324818924839581, "params": {"C": 29.770251169866604, "epsilon": 1.5504291041917233, "gamma": 0.011311898720025197}, "datetime": {"datetime": "2021-07-20 22:13:28", "elapsed": 1411.161978, "delta": 2.560219}}
{"target": -10.67444909033625, "params": {"C": 20.83104492045881, "epsilon": 0.7713912726550118, "gamma": 0.02379557991289373}, "datetime": {"datetime": "2021-07-20 22:13:31", "elapsed": 1413.970966, "delta": 2.808988}}
{"target": -11.355515358049843, "params": {"C": 24.17022004702574, "epsilon": 3.1609734803264744, "gamma": 0.010002287496346898}, "datetime": {"datetime": "2021-07-20 22:26:08", "elapsed": 0.0, "delta": 0.0}}
{"target": -11.287738979399832, "params": {"C": 23.023325726318397, "epsilon": 1.440267672451339, "gamma": 0.011846771895375956}, "datetime": {"datetime": "2021-07-20 22:26:09", "elapsed": 0.433998, "delta": 0.433998}}
{"target": -10.748286917798543, "params": {"C": 21.86260211377671, "epsilon": 2.036682181129143, "gamma": 0.017935349484613398}, "datetime": {"datetime": "2021-07-20 22:26:09", "elapsed": 0.879913, "delta": 0.445915}}
{"target": -10.718223208325513, "params": {"C": 25.38816734003357, "epsilon": 2.2575835432098845, "gamma": 0.023704390007935186}, "datetime": {"datetime": "2021-07-20 22:26:10", "elapsed": 1.413546, "delta": 0.533633}}
{"target": -11.293139003250142, "params": {"C": 22.044522497315175, "epsilon": 3.6343523091728365, "gamma": 0.010547751863958524}, "datetime": {"datetime": "2021-07-20 22:26:10", "elapsed": 1.861544, "delta": 0.447998}}
{"target": -10.776819577061987, "params": {"C": 29.38300801917077, "epsilon": 2.0314460073480323, "gamma": 0.03}, "datetime": {"datetime": "2021-07-20 22:26:11", "elapsed": 2.550403, "delta": 0.688859}}
{"target": -10.8682706948566, "params": {"C": 20.0, "epsilon": 1.0, "gamma": 0.03}, "datetime": {"datetime": "2021-07-20 22:26:11", "elapsed": 3.209193, "delta": 0.65879}}
{"target": -77.77647241881446, "params": {"C": 27.6123875470405, "epsilon": 4.0, "gamma": 0.03}, "datetime": {"datetime": "2021-07-20 22:26:21", "elapsed": 13.205997, "delta": 9.996804}}
{"target": -11.114885181722087, "params": {"C": 22.44171690742043, "epsilon": 1.9784828852787426, "gamma": 0.014594132454280803}, "datetime": {"datetime": "2021-07-20 22:26:22", "elapsed": 13.956001, "delta": 0.750004}}
{"target": -10.51534996350403, "params": {"C": 24.941127772976273, "epsilon": 2.420051214719426, "gamma": 0.019693102984671505}, "datetime": {"datetime": "2021-07-20 22:26:23", "elapsed": 14.819792, "delta": 0.863791}}
{"target": -10.667342230541736, "params": {"C": 25.08956249343587, "epsilon": 2.1220705513024525, "gamma": 0.022368747492032368}, "datetime": {"datetime": "2021-07-20 22:26:24", "elapsed": 15.602793, "delta": 0.783001}}
{"target": -11.058761057552964, "params": {"C": 22.035829338781316, "epsilon": 2.5299933177778535, "gamma": 0.014998735081879041}, "datetime": {"datetime": "2021-07-20 22:26:25", "elapsed": 16.417347, "delta": 0.814554}}
{"target": -10.9665271384703, "params": {"C": 24.396017119947143, "epsilon": 2.630352332813536, "gamma": 0.015356231795620049}, "datetime": {"datetime": "2021-07-20 22:26:25", "elapsed": 17.218626, "delta": 0.801279}}
{"target": -10.783973584673804, "params": {"C": 29.58839221589236, "epsilon": 1.8017924062167647, "gamma": 0.02999779106172799}, "datetime": {"datetime": "2021-07-20 22:26:26", "elapsed": 17.999631, "delta": 0.781005}}
{"target": -75.04513954929054, "params": {"C": 24.726778334607577, "epsilon": 2.8656073838636, "gamma": 0.03}, "datetime": {"datetime": "2021-07-20 22:26:35", "elapsed": 27.186495, "delta": 9.186864}}
{"target": -10.544925876498668, "params": {"C": 26.771115262676588, "epsilon": 2.6437331281112177, "gamma": 0.017664183342774094}, "datetime": {"datetime": "2021-07-20 22:26:36", "elapsed": 27.737501, "delta": 0.551006}}
{"target": -11.022630052358858, "params": {"C": 21.407561010030854, "epsilon": 1.418138670694833, "gamma": 0.016336646237024285}, "datetime": {"datetime": "2021-07-20 22:26:37", "elapsed": 28.290496, "delta": 0.552995}}
{"target": -11.246543394323508, "params": {"C": 22.74000467684138, "epsilon": 3.293045211477113, "gamma": 0.011337410913206301}, "datetime": {"datetime": "2021-07-20 22:26:37", "elapsed": 28.830734, "delta": 0.540238}}
{"target": -10.706600463535572, "params": {"C": 24.94520599574887, "epsilon": 2.387321197824103, "gamma": 0.02370428593964776}, "datetime": {"datetime": "2021-07-20 22:26:38", "elapsed": 29.715737, "delta": 0.885003}}
{"target": -11.299126103542719, "params": {"C": 25.982020183947583, "epsilon": 1.3381061719285015, "gamma": 0.012335550193688555}, "datetime": {"datetime": "2021-07-20 22:26:39", "elapsed": 30.264737, "delta": 0.549}}
{"target": -76.45007127214184, "params": {"C": 26.136246607178837, "epsilon": 2.6721756869234787, "gamma": 0.023072138406035593}, "datetime": {"datetime": "2021-07-20 22:26:47", "elapsed": 39.002123, "delta": 8.737386}}
{"target": -11.09891052808897, "params": {"C": 24.968740074432926, "epsilon": 2.41056444735776, "gamma": 0.013994114235464263}, "datetime": {"datetime": "2021-07-20 22:26:48", "elapsed": 39.939125, "delta": 0.937002}}
{"target": -68.93902587973561, "params": {"C": 26.795129898783337, "epsilon": 2.642696574226602, "gamma": 0.01744258273066077}, "datetime": {"datetime": "2021-07-20 22:26:58", "elapsed": 49.480959, "delta": 9.541834}}
{"target": -10.629622651742288, "params": {"C": 24.639616291412604, "epsilon": 1.4075449228336243, "gamma": 0.021346666100538748}, "datetime": {"datetime": "2021-07-20 22:26:58", "elapsed": 50.024959, "delta": 0.544}}
{"target": -78.31732221755536, "params": {"C": 29.114014479870278, "epsilon": 2.8680236756666697, "gamma": 0.029385635232620944}, "datetime": {"datetime": "2021-07-20 22:27:07", "elapsed": 58.996914, "delta": 8.971955}}
{"target": -10.73016302860717, "params": {"C": 28.04045804591501, "epsilon": 1.95387849334506, "gamma": 0.022130588381759658}, "datetime": {"datetime": "2021-07-20 22:27:08", "elapsed": 59.571918, "delta": 0.575004}}
{"target": -10.711471937334009, "params": {"C": 22.300418485132, "epsilon": 1.1943604526020986, "gamma": 0.02407691294835777}, "datetime": {"datetime": "2021-07-20 22:27:08", "elapsed": 60.127915, "delta": 0.555997}}
{"target": -74.68580878876516, "params": {"C": 28.58087386154496, "epsilon": 3.560157517711348, "gamma": 0.027643704709522918}, "datetime": {"datetime": "2021-07-20 22:27:17", "elapsed": 69.075421, "delta": 8.947506}}
{"target": -10.56896413177053, "params": {"C": 25.98466867876515, "epsilon": 1.3453939176909087, "gamma": 0.01818342502885227}, "datetime": {"datetime": "2021-07-20 22:27:18", "elapsed": 69.664412, "delta": 0.588991}}
{"target": -10.750744724564306, "params": {"C": 28.392039765327883, "epsilon": 2.255531436115572, "gamma": 0.015921788347479624}, "datetime": {"datetime": "2021-07-20 22:27:18", "elapsed": 70.228412, "delta": 0.564}}
{"target": -11.343660102952628, "params": {"C": 22.04466879635606, "epsilon": 3.635383159136265, "gamma": 0.01}, "datetime": {"datetime": "2021-07-20 22:27:19", "elapsed": 70.830848, "delta": 0.602436}}
{"target": -11.396994234062852, "params": {"C": 22.4449394057115, "epsilon": 1.9777618394833543, "gamma": 0.010645478284739227}, "datetime": {"datetime": "2021-07-20 22:27:20", "elapsed": 71.418867, "delta": 0.588019}}
{"target": -74.71266873101492, "params": {"C": 24.94860522185556, "epsilon": 2.4210068848312365, "gamma": 0.023110372935835375}, "datetime": {"datetime": "2021-07-20 22:27:29", "elapsed": 80.4156, "delta": 8.996733}}
{"target": -10.566365585686436, "params": {"C": 25.983762731459123, "epsilon": 1.3322491900468774, "gamma": 0.018272484152380718}, "datetime": {"datetime": "2021-07-20 22:27:29", "elapsed": 81.062352, "delta": 0.646752}}
{"target": -11.178692735518581, "params": {"C": 22.73969301593244, "epsilon": 3.2943713602093103, "gamma": 0.011988380039387247}, "datetime": {"datetime": "2021-07-20 22:27:30", "elapsed": 81.760353, "delta": 0.698001}}
{"target": -73.724643704207, "params": {"C": 22.182649902265386, "epsilon": 3.2241234138392953, "gamma": 0.02070755869091265}, "datetime": {"datetime": "2021-07-20 22:27:39", "elapsed": 90.365182, "delta": 8.604829}}
{"target": -10.922726787216593, "params": {"C": 21.03201268010835, "epsilon": 1.1714466037153812, "gamma": 0.017392921564220634}, "datetime": {"datetime": "2021-07-20 22:27:39", "elapsed": 90.955362, "delta": 0.59018}}
{"target": -11.293333961879366, "params": {"C": 24.36915606990186, "epsilon": 1.58041751502713, "gamma": 0.011515318303639886}, "datetime": {"datetime": "2021-07-20 22:27:40", "elapsed": 91.556975, "delta": 0.601613}}
{"target": -11.203390608524137, "params": {"C": 22.03704422043294, "epsilon": 2.538598052271623, "gamma": 0.013418143403916883}, "datetime": {"datetime": "2021-07-20 22:27:40", "elapsed": 92.209974, "delta": 0.652999}}
{"target": -10.544292297833834, "params": {"C": 28.395128214121137, "epsilon": 2.2575606503113477, "gamma": 0.017294638669576548}, "datetime": {"datetime": "2021-07-20 22:27:41", "elapsed": 92.838144, "delta": 0.62817}}
{"target": -10.798843851520926, "params": {"C": 21.98099185455989, "epsilon": 2.0611698107921392, "gamma": 0.027600734514008116}, "datetime": {"datetime": "2021-07-20 22:27:42", "elapsed": 93.407143, "delta": 0.568999}}
{"target": -10.710267262136949, "params": {"C": 24.933010179461146, "epsilon": 2.4216653419442062, "gamma": 0.02380797535704819}, "datetime": {"datetime": "2021-07-20 22:27:42", "elapsed": 94.022143, "delta": 0.615}}
{"target": -11.339370717853066, "params": {"C": 28.338817373988398, "epsilon": 1.3720819258352734, "gamma": 0.010723965286907326}, "datetime": {"datetime": "2021-07-20 22:27:43", "elapsed": 94.655136, "delta": 0.632993}}
{"target": -10.927761783537022, "params": {"C": 22.039145901972635, "epsilon": 2.5374268130318742, "gamma": 0.016407575881989628}, "datetime": {"datetime": "2021-07-20 22:27:44", "elapsed": 95.313334, "delta": 0.658198}}
{"target": -11.15990681577452, "params": {"C": 22.54727010694918, "epsilon": 3.536470311010301, "gamma": 0.01261313623779748}, "datetime": {"datetime": "2021-07-20 22:27:44", "elapsed": 95.950337, "delta": 0.637003}}
{"target": -10.7036639864628, "params": {"C": 28.051224087683195, "epsilon": 1.954755595332864, "gamma": 0.016346856533578286}, "datetime": {"datetime": "2021-07-20 22:27:45", "elapsed": 96.589925, "delta": 0.639588}}
{"target": -10.856141563236969, "params": {"C": 24.940153240846904, "epsilon": 2.4215029164198776, "gamma": 0.01608052657885601}, "datetime": {"datetime": "2021-07-20 22:27:46", "elapsed": 97.253644, "delta": 0.663719}}
{"target": -75.02800049765092, "params": {"C": 28.10869720429721, "epsilon": 3.2417381976616766, "gamma": 0.02779057994692616}, "datetime": {"datetime": "2021-07-20 22:27:54", "elapsed": 105.923328, "delta": 8.669684}}
{"target": -11.282715640595525, "params": {"C": 22.7391635477568, "epsilon": 3.283946272563664, "gamma": 0.010882956519774358}, "datetime": {"datetime": "2021-07-20 22:27:55", "elapsed": 106.512926, "delta": 0.589598}}
{"target": -10.633911667633168, "params": {"C": 22.68677749128689, "epsilon": 2.9894978965405565, "gamma": 0.018194652456852412}, "datetime": {"datetime": "2021-07-20 22:27:55", "elapsed": 107.111175, "delta": 0.598249}}
{"target": -10.75272505619715, "params": {"C": 25.984510889954304, "epsilon": 1.3480128837037384, "gamma": 0.02328563093258433}, "datetime": {"datetime": "2021-07-20 22:27:56", "elapsed": 107.703174, "delta": 0.591999}}
{"target": -10.624389179896868, "params": {"C": 21.03475890619183, "epsilon": 1.1695297595077774, "gamma": 0.02294095407760951}, "datetime": {"datetime": "2021-07-20 22:27:57", "elapsed": 108.296173, "delta": 0.592999}}
{"target": -10.613183078002198, "params": {"C": 22.682369751295237, "epsilon": 2.984351298385031, "gamma": 0.023609114772483848}, "datetime": {"datetime": "2021-07-20 22:27:57", "elapsed": 108.888875, "delta": 0.592702}}
{"target": -10.717097667619662, "params": {"C": 25.094864411113686, "epsilon": 2.122793928257396, "gamma": 0.023545756500423377}, "datetime": {"datetime": "2021-07-20 22:27:58", "elapsed": 109.514875, "delta": 0.626}}
{"target": -75.46204591226683, "params": {"C": 29.919636177012617, "epsilon": 3.5733649197088773, "gamma": 0.028093642735829635}, "datetime": {"datetime": "2021-07-20 22:28:06", "elapsed": 118.086162, "delta": 8.571287}}
{"target": -10.8847547445394, "params": {"C": 22.741504935499663, "epsilon": 3.286683625783405, "gamma": 0.016244445895925087}, "datetime": {"datetime": "2021-07-20 22:28:07", "elapsed": 118.747159, "delta": 0.660997}}
{"target": -77.24118142481879, "params": {"C": 20.42203916119549, "epsilon": 2.972921288732822, "gamma": 0.029823400893143184}, "datetime": {"datetime": "2021-07-20 22:28:16", "elapsed": 127.523218, "delta": 8.776059}}
{"target": -10.810974356419987, "params": {"C": 24.640663263448243, "epsilon": 1.4066369282180289, "gamma": 0.025591918560856446}, "datetime": {"datetime": "2021-07-20 22:28:16", "elapsed": 128.111217, "delta": 0.587999}}
